running egg_info
creating ../../../build/my_environment_pkg/my_environment_pkg.egg-info
writing ../../../build/my_environment_pkg/my_environment_pkg.egg-info/PKG-INFO
writing dependency_links to ../../../build/my_environment_pkg/my_environment_pkg.egg-info/dependency_links.txt
writing entry points to ../../../build/my_environment_pkg/my_environment_pkg.egg-info/entry_points.txt
writing requirements to ../../../build/my_environment_pkg/my_environment_pkg.egg-info/requires.txt
writing top-level names to ../../../build/my_environment_pkg/my_environment_pkg.egg-info/top_level.txt
writing manifest file '../../../build/my_environment_pkg/my_environment_pkg.egg-info/SOURCES.txt'
reading manifest file '../../../build/my_environment_pkg/my_environment_pkg.egg-info/SOURCES.txt'
writing manifest file '../../../build/my_environment_pkg/my_environment_pkg.egg-info/SOURCES.txt'
running build
running build_py
creating /workspaces/citros_example_robotic_arm/ros2_ws/build/my_environment_pkg/build
creating /workspaces/citros_example_robotic_arm/ros2_ws/build/my_environment_pkg/build/lib
creating /workspaces/citros_example_robotic_arm/ros2_ws/build/my_environment_pkg/build/lib/my_environment_pkg
copying my_environment_pkg/main_environment.py -> /workspaces/citros_example_robotic_arm/ros2_ws/build/my_environment_pkg/build/lib/my_environment_pkg
copying my_environment_pkg/run_environment.py -> /workspaces/citros_example_robotic_arm/ros2_ws/build/my_environment_pkg/build/lib/my_environment_pkg
copying my_environment_pkg/DDPG_robot_arm.py -> /workspaces/citros_example_robotic_arm/ros2_ws/build/my_environment_pkg/build/lib/my_environment_pkg
copying my_environment_pkg/main_rl_environment.py -> /workspaces/citros_example_robotic_arm/ros2_ws/build/my_environment_pkg/build/lib/my_environment_pkg
copying my_environment_pkg/collection_data.py -> /workspaces/citros_example_robotic_arm/ros2_ws/build/my_environment_pkg/build/lib/my_environment_pkg
copying my_environment_pkg/__init__.py -> /workspaces/citros_example_robotic_arm/ros2_ws/build/my_environment_pkg/build/lib/my_environment_pkg
running install
running install_lib
creating /workspaces/citros_example_robotic_arm/ros2_ws/install/my_environment_pkg/lib/python3.8/site-packages/my_environment_pkg
copying /workspaces/citros_example_robotic_arm/ros2_ws/build/my_environment_pkg/build/lib/my_environment_pkg/main_environment.py -> /workspaces/citros_example_robotic_arm/ros2_ws/install/my_environment_pkg/lib/python3.8/site-packages/my_environment_pkg
copying /workspaces/citros_example_robotic_arm/ros2_ws/build/my_environment_pkg/build/lib/my_environment_pkg/run_environment.py -> /workspaces/citros_example_robotic_arm/ros2_ws/install/my_environment_pkg/lib/python3.8/site-packages/my_environment_pkg
copying /workspaces/citros_example_robotic_arm/ros2_ws/build/my_environment_pkg/build/lib/my_environment_pkg/DDPG_robot_arm.py -> /workspaces/citros_example_robotic_arm/ros2_ws/install/my_environment_pkg/lib/python3.8/site-packages/my_environment_pkg
copying /workspaces/citros_example_robotic_arm/ros2_ws/build/my_environment_pkg/build/lib/my_environment_pkg/main_rl_environment.py -> /workspaces/citros_example_robotic_arm/ros2_ws/install/my_environment_pkg/lib/python3.8/site-packages/my_environment_pkg
copying /workspaces/citros_example_robotic_arm/ros2_ws/build/my_environment_pkg/build/lib/my_environment_pkg/collection_data.py -> /workspaces/citros_example_robotic_arm/ros2_ws/install/my_environment_pkg/lib/python3.8/site-packages/my_environment_pkg
copying /workspaces/citros_example_robotic_arm/ros2_ws/build/my_environment_pkg/build/lib/my_environment_pkg/__init__.py -> /workspaces/citros_example_robotic_arm/ros2_ws/install/my_environment_pkg/lib/python3.8/site-packages/my_environment_pkg
byte-compiling /workspaces/citros_example_robotic_arm/ros2_ws/install/my_environment_pkg/lib/python3.8/site-packages/my_environment_pkg/main_environment.py to main_environment.cpython-38.pyc
byte-compiling /workspaces/citros_example_robotic_arm/ros2_ws/install/my_environment_pkg/lib/python3.8/site-packages/my_environment_pkg/run_environment.py to run_environment.cpython-38.pyc
byte-compiling /workspaces/citros_example_robotic_arm/ros2_ws/install/my_environment_pkg/lib/python3.8/site-packages/my_environment_pkg/DDPG_robot_arm.py to DDPG_robot_arm.cpython-38.pyc
byte-compiling /workspaces/citros_example_robotic_arm/ros2_ws/install/my_environment_pkg/lib/python3.8/site-packages/my_environment_pkg/main_rl_environment.py to main_rl_environment.cpython-38.pyc
byte-compiling /workspaces/citros_example_robotic_arm/ros2_ws/install/my_environment_pkg/lib/python3.8/site-packages/my_environment_pkg/collection_data.py to collection_data.cpython-38.pyc
byte-compiling /workspaces/citros_example_robotic_arm/ros2_ws/install/my_environment_pkg/lib/python3.8/site-packages/my_environment_pkg/__init__.py to __init__.cpython-38.pyc
running install_data
creating /workspaces/citros_example_robotic_arm/ros2_ws/install/my_environment_pkg/share/ament_index
creating /workspaces/citros_example_robotic_arm/ros2_ws/install/my_environment_pkg/share/ament_index/resource_index
creating /workspaces/citros_example_robotic_arm/ros2_ws/install/my_environment_pkg/share/ament_index/resource_index/packages
copying resource/my_environment_pkg -> /workspaces/citros_example_robotic_arm/ros2_ws/install/my_environment_pkg/share/ament_index/resource_index/packages
copying package.xml -> /workspaces/citros_example_robotic_arm/ros2_ws/install/my_environment_pkg/share/my_environment_pkg
creating /workspaces/citros_example_robotic_arm/ros2_ws/install/my_environment_pkg/share/my_environment_pkg/launch
copying launch/my_environment.launch.py -> /workspaces/citros_example_robotic_arm/ros2_ws/install/my_environment_pkg/share/my_environment_pkg/launch
creating /workspaces/citros_example_robotic_arm/ros2_ws/install/my_environment_pkg/share/my_environment_pkg/rviz
copying rviz/my_rviz_env.rviz -> /workspaces/citros_example_robotic_arm/ros2_ws/install/my_environment_pkg/share/my_environment_pkg/rviz
creating /workspaces/citros_example_robotic_arm/ros2_ws/install/my_environment_pkg/share/my_environment_pkg/worlds
copying worlds/my_world.world -> /workspaces/citros_example_robotic_arm/ros2_ws/install/my_environment_pkg/share/my_environment_pkg/worlds
running install_egg_info
Copying ../../../build/my_environment_pkg/my_environment_pkg.egg-info to /workspaces/citros_example_robotic_arm/ros2_ws/install/my_environment_pkg/lib/python3.8/site-packages/my_environment_pkg-0.0.0-py3.8.egg-info
running install_scripts
Installing data_collection script to /workspaces/citros_example_robotic_arm/ros2_ws/install/my_environment_pkg/lib/my_environment_pkg
Installing run_environment script to /workspaces/citros_example_robotic_arm/ros2_ws/install/my_environment_pkg/lib/my_environment_pkg
writing list of installed files to '/workspaces/citros_example_robotic_arm/ros2_ws/build/my_environment_pkg/install.log'
