-- The C compiler identification is GNU 9.4.0
-- The CXX compiler identification is GNU 9.4.0
-- Check for working C compiler: /usr/bin/cc
-- Check for working C compiler: /usr/bin/cc -- works
-- Detecting C compiler ABI info
-- Detecting C compiler ABI info - done
-- Detecting C compile features
-- Detecting C compile features - done
-- Check for working CXX compiler: /usr/bin/c++
-- Check for working CXX compiler: /usr/bin/c++ -- works
-- Detecting CXX compiler ABI info
-- Detecting CXX compiler ABI info - done
-- Detecting CXX compile features
-- Detecting CXX compile features - done
-- Found ament_cmake: 0.9.11 (/opt/ros/foxy/share/ament_cmake/cmake)
-- Found PythonInterp: /usr/bin/python3 (found suitable version "3.8.10", minimum required is "3") 
-- Using PYTHON_EXECUTABLE: /usr/bin/python3
-- Found franka_msgs: 0.0.0 (/workspaces/citros_example_robotic_arm/franka_ros2_ws/install/franka_msgs/share/franka_msgs/cmake)
-- Using all available rosidl_typesupport_c: rosidl_typesupport_fastrtps_c;rosidl_typesupport_introspection_c
-- Found rosidl_adapter: 1.3.0 (/opt/ros/foxy/share/rosidl_adapter/cmake)
-- Found OpenSSL: /usr/lib/x86_64-linux-gnu/libcrypto.so (found version "1.1.1f")  
-- Found FastRTPS: /opt/ros/foxy/include  
-- Using all available rosidl_typesupport_cpp: rosidl_typesupport_fastrtps_cpp;rosidl_typesupport_introspection_cpp
-- Found rclcpp: 2.4.2 (/opt/ros/foxy/share/rclcpp/cmake)
-- Found rmw_implementation_cmake: 1.0.3 (/opt/ros/foxy/share/rmw_implementation_cmake/cmake)
-- Using RMW implementation 'rmw_cyclonedds_cpp' as default
-- Looking for pthread.h
-- Looking for pthread.h - found
-- Performing Test CMAKE_HAVE_LIBC_PTHREAD
-- Performing Test CMAKE_HAVE_LIBC_PTHREAD - Failed
-- Looking for pthread_create in pthreads
-- Looking for pthread_create in pthreads - not found
-- Looking for pthread_create in pthread
-- Looking for pthread_create in pthread - found
-- Found Threads: TRUE  
-- Found rclcpp_action: 2.4.2 (/opt/ros/foxy/share/rclcpp_action/cmake)
-- Found rclcpp_components: 2.4.2 (/opt/ros/foxy/share/rclcpp_components/cmake)
-- Found std_srvs: 2.0.5 (/opt/ros/foxy/share/std_srvs/cmake)
-- Found sensor_msgs: 2.0.5 (/opt/ros/foxy/share/sensor_msgs/cmake)
-- Found control_msgs: 2.5.1 (/opt/ros/foxy/share/control_msgs/cmake)
-- Check if compiler accepts -pthread
-- Check if compiler accepts -pthread - yes
-- Found ament_cmake_clang_format: 0.9.7 (/opt/ros/foxy/share/ament_cmake_clang_format/cmake)
-- Found ament_cmake_copyright: 0.9.7 (/opt/ros/foxy/share/ament_cmake_copyright/cmake)
-- Found ament_cmake_cppcheck: 0.9.7 (/opt/ros/foxy/share/ament_cmake_cppcheck/cmake)
-- Found ament_cmake_flake8: 0.9.7 (/opt/ros/foxy/share/ament_cmake_flake8/cmake)
-- Found ament_cmake_lint_cmake: 0.9.7 (/opt/ros/foxy/share/ament_cmake_lint_cmake/cmake)
-- Found ament_cmake_pep257: 0.9.7 (/opt/ros/foxy/share/ament_cmake_pep257/cmake)
-- Found ament_cmake_xmllint: 0.9.7 (/opt/ros/foxy/share/ament_cmake_xmllint/cmake)
-- Configuring done
-- Generating done
-- Build files have been written to: /workspaces/citros_example_robotic_arm/franka_ros2_ws/build/franka_gripper
[35m[1mScanning dependencies of target franka_gripper_node[0m
[35m[1mScanning dependencies of target gripper_server[0m
[ 25%] [32mBuilding CXX object CMakeFiles/franka_gripper_node.dir/rclcpp_components/node_main_franka_gripper_node.cpp.o[0m
[ 50%] [32mBuilding CXX object CMakeFiles/gripper_server.dir/src/gripper_action_server.cpp.o[0m
[ 75%] [32m[1mLinking CXX executable franka_gripper_node[0m
[ 75%] Built target franka_gripper_node
[100%] [32m[1mLinking CXX shared library libgripper_server.so[0m
[100%] Built target gripper_server
-- Install configuration: ""
-- Installing: /workspaces/citros_example_robotic_arm/franka_ros2_ws/install/franka_gripper/lib/franka_gripper/franka_gripper_node
-- Set runtime path of "/workspaces/citros_example_robotic_arm/franka_ros2_ws/install/franka_gripper/lib/franka_gripper/franka_gripper_node" to ""
-- Installing: /workspaces/citros_example_robotic_arm/franka_ros2_ws/install/franka_gripper/lib/libgripper_server.so
-- Set runtime path of "/workspaces/citros_example_robotic_arm/franka_ros2_ws/install/franka_gripper/lib/libgripper_server.so" to ""
-- Installing: /workspaces/citros_example_robotic_arm/franka_ros2_ws/install/franka_gripper/share/franka_gripper//launch
-- Installing: /workspaces/citros_example_robotic_arm/franka_ros2_ws/install/franka_gripper/share/franka_gripper//launch/gripper.launch.py
-- Installing: /workspaces/citros_example_robotic_arm/franka_ros2_ws/install/franka_gripper/share/franka_gripper//config
-- Installing: /workspaces/citros_example_robotic_arm/franka_ros2_ws/install/franka_gripper/share/franka_gripper//config/franka_gripper_node.yaml
-- Installing: /workspaces/citros_example_robotic_arm/franka_ros2_ws/install/franka_gripper/share/franka_gripper/environment/pythonpath.sh
-- Installing: /workspaces/citros_example_robotic_arm/franka_ros2_ws/install/franka_gripper/share/franka_gripper/environment/pythonpath.dsv
-- Installing: /workspaces/citros_example_robotic_arm/franka_ros2_ws/install/franka_gripper/lib/python3.8/site-packages/franka_gripper
-- Installing: /workspaces/citros_example_robotic_arm/franka_ros2_ws/install/franka_gripper/lib/python3.8/site-packages/franka_gripper/__init__.py
Listing '/workspaces/citros_example_robotic_arm/franka_ros2_ws/install/franka_gripper/lib/python3.8/site-packages/franka_gripper'...
Compiling '/workspaces/citros_example_robotic_arm/franka_ros2_ws/install/franka_gripper/lib/python3.8/site-packages/franka_gripper/__init__.py'...
-- Installing: /workspaces/citros_example_robotic_arm/franka_ros2_ws/install/franka_gripper/lib/franka_gripper/fake_gripper_state_publisher.py
-- Installing: /workspaces/citros_example_robotic_arm/franka_ros2_ws/install/franka_gripper/share/ament_index/resource_index/package_run_dependencies/franka_gripper
-- Installing: /workspaces/citros_example_robotic_arm/franka_ros2_ws/install/franka_gripper/share/ament_index/resource_index/parent_prefix_path/franka_gripper
-- Installing: /workspaces/citros_example_robotic_arm/franka_ros2_ws/install/franka_gripper/share/franka_gripper/environment/ament_prefix_path.sh
-- Installing: /workspaces/citros_example_robotic_arm/franka_ros2_ws/install/franka_gripper/share/franka_gripper/environment/ament_prefix_path.dsv
-- Installing: /workspaces/citros_example_robotic_arm/franka_ros2_ws/install/franka_gripper/share/franka_gripper/environment/path.sh
-- Installing: /workspaces/citros_example_robotic_arm/franka_ros2_ws/install/franka_gripper/share/franka_gripper/environment/path.dsv
-- Installing: /workspaces/citros_example_robotic_arm/franka_ros2_ws/install/franka_gripper/share/franka_gripper/local_setup.bash
-- Installing: /workspaces/citros_example_robotic_arm/franka_ros2_ws/install/franka_gripper/share/franka_gripper/local_setup.sh
-- Installing: /workspaces/citros_example_robotic_arm/franka_ros2_ws/install/franka_gripper/share/franka_gripper/local_setup.zsh
-- Installing: /workspaces/citros_example_robotic_arm/franka_ros2_ws/install/franka_gripper/share/franka_gripper/local_setup.dsv
-- Installing: /workspaces/citros_example_robotic_arm/franka_ros2_ws/install/franka_gripper/share/franka_gripper/package.dsv
-- Installing: /workspaces/citros_example_robotic_arm/franka_ros2_ws/install/franka_gripper/share/ament_index/resource_index/packages/franka_gripper
-- Installing: /workspaces/citros_example_robotic_arm/franka_ros2_ws/install/franka_gripper/share/ament_index/resource_index/rclcpp_components/franka_gripper
-- Installing: /workspaces/citros_example_robotic_arm/franka_ros2_ws/install/franka_gripper/share/franka_gripper/cmake/franka_gripperConfig.cmake
-- Installing: /workspaces/citros_example_robotic_arm/franka_ros2_ws/install/franka_gripper/share/franka_gripper/cmake/franka_gripperConfig-version.cmake
-- Installing: /workspaces/citros_example_robotic_arm/franka_ros2_ws/install/franka_gripper/share/franka_gripper/package.xml
