[0.015s] Invoking command in '/workspaces/citros_example_robotic_arm/franka_ros2_ws/build/franka_gripper': AMENT_PREFIX_PATH=/workspaces/citros_example_robotic_arm/franka_ros2_ws/install/franka_msgs:${AMENT_PREFIX_PATH} CMAKE_PREFIX_PATH=/workspaces/citros_example_robotic_arm/franka_ros2_ws/install/franka_msgs:/opt/ros/foxy LD_LIBRARY_PATH=/workspaces/citros_example_robotic_arm/franka_ros2_ws/install/franka_msgs/lib:${LD_LIBRARY_PATH} PYTHONPATH=/workspaces/citros_example_robotic_arm/franka_ros2_ws/install/franka_msgs/lib/python3.8/site-packages:${PYTHONPATH} /usr/bin/cmake /workspaces/citros_example_robotic_arm/franka_ros2_ws/src/franka_ros2/franka_gripper -DCMAKE_INSTALL_PREFIX=/workspaces/citros_example_robotic_arm/franka_ros2_ws/install/franka_gripper
[0.047s] -- The C compiler identification is GNU 9.4.0
[0.081s] -- The CXX compiler identification is GNU 9.4.0
[0.084s] -- Check for working C compiler: /usr/bin/cc
[0.128s] -- Check for working C compiler: /usr/bin/cc -- works
[0.129s] -- Detecting C compiler ABI info
[0.174s] -- Detecting C compiler ABI info - done
[0.186s] -- Detecting C compile features
[0.186s] -- Detecting C compile features - done
[0.189s] -- Check for working CXX compiler: /usr/bin/c++
[0.238s] -- Check for working CXX compiler: /usr/bin/c++ -- works
[0.240s] -- Detecting CXX compiler ABI info
[0.288s] -- Detecting CXX compiler ABI info - done
[0.295s] -- Detecting CXX compile features
[0.295s] -- Detecting CXX compile features - done
[0.297s] -- Found ament_cmake: 0.9.11 (/opt/ros/foxy/share/ament_cmake/cmake)
[0.314s] -- Found PythonInterp: /usr/bin/python3 (found suitable version "3.8.10", minimum required is "3") 
[0.314s] -- Using PYTHON_EXECUTABLE: /usr/bin/python3
[0.432s] -- Found franka_msgs: 0.0.0 (/workspaces/citros_example_robotic_arm/franka_ros2_ws/install/franka_msgs/share/franka_msgs/cmake)
[0.457s] -- Using all available rosidl_typesupport_c: rosidl_typesupport_fastrtps_c;rosidl_typesupport_introspection_c
[0.462s] -- Found rosidl_adapter: 1.3.0 (/opt/ros/foxy/share/rosidl_adapter/cmake)
[0.521s] -- Found OpenSSL: /usr/lib/x86_64-linux-gnu/libcrypto.so (found version "1.1.1f")  
[0.545s] -- Found FastRTPS: /opt/ros/foxy/include  
[0.607s] -- Using all available rosidl_typesupport_cpp: rosidl_typesupport_fastrtps_cpp;rosidl_typesupport_introspection_cpp
[0.727s] -- Found rclcpp: 2.4.2 (/opt/ros/foxy/share/rclcpp/cmake)
[0.759s] -- Found rmw_implementation_cmake: 1.0.3 (/opt/ros/foxy/share/rmw_implementation_cmake/cmake)
[0.761s] -- Using RMW implementation 'rmw_cyclonedds_cpp' as default
[0.761s] -- Looking for pthread.h
[0.804s] -- Looking for pthread.h - found
[0.804s] -- Performing Test CMAKE_HAVE_LIBC_PTHREAD
[0.852s] -- Performing Test CMAKE_HAVE_LIBC_PTHREAD - Failed
[0.852s] -- Looking for pthread_create in pthreads
[0.890s] -- Looking for pthread_create in pthreads - not found
[0.890s] -- Looking for pthread_create in pthread
[0.935s] -- Looking for pthread_create in pthread - found
[0.935s] -- Found Threads: TRUE  
[1.030s] -- Found rclcpp_action: 2.4.2 (/opt/ros/foxy/share/rclcpp_action/cmake)
[1.053s] -- Found rclcpp_components: 2.4.2 (/opt/ros/foxy/share/rclcpp_components/cmake)
[1.094s] -- Found std_srvs: 2.0.5 (/opt/ros/foxy/share/std_srvs/cmake)
[1.102s] -- Found sensor_msgs: 2.0.5 (/opt/ros/foxy/share/sensor_msgs/cmake)
[1.180s] -- Found control_msgs: 2.5.1 (/opt/ros/foxy/share/control_msgs/cmake)
[1.389s] -- Check if compiler accepts -pthread
[1.440s] -- Check if compiler accepts -pthread - yes
[1.467s] -- Found ament_cmake_clang_format: 0.9.7 (/opt/ros/foxy/share/ament_cmake_clang_format/cmake)
[1.469s] -- Found ament_cmake_copyright: 0.9.7 (/opt/ros/foxy/share/ament_cmake_copyright/cmake)
[1.471s] -- Found ament_cmake_cppcheck: 0.9.7 (/opt/ros/foxy/share/ament_cmake_cppcheck/cmake)
[1.472s] -- Found ament_cmake_flake8: 0.9.7 (/opt/ros/foxy/share/ament_cmake_flake8/cmake)
[1.474s] -- Found ament_cmake_lint_cmake: 0.9.7 (/opt/ros/foxy/share/ament_cmake_lint_cmake/cmake)
[1.475s] -- Found ament_cmake_pep257: 0.9.7 (/opt/ros/foxy/share/ament_cmake_pep257/cmake)
[1.477s] -- Found ament_cmake_xmllint: 0.9.7 (/opt/ros/foxy/share/ament_cmake_xmllint/cmake)
[1.524s] -- Configuring done
[1.536s] -- Generating done
[1.537s] -- Build files have been written to: /workspaces/citros_example_robotic_arm/franka_ros2_ws/build/franka_gripper
[1.545s] Invoked command in '/workspaces/citros_example_robotic_arm/franka_ros2_ws/build/franka_gripper' returned '0': AMENT_PREFIX_PATH=/workspaces/citros_example_robotic_arm/franka_ros2_ws/install/franka_msgs:${AMENT_PREFIX_PATH} CMAKE_PREFIX_PATH=/workspaces/citros_example_robotic_arm/franka_ros2_ws/install/franka_msgs:/opt/ros/foxy LD_LIBRARY_PATH=/workspaces/citros_example_robotic_arm/franka_ros2_ws/install/franka_msgs/lib:${LD_LIBRARY_PATH} PYTHONPATH=/workspaces/citros_example_robotic_arm/franka_ros2_ws/install/franka_msgs/lib/python3.8/site-packages:${PYTHONPATH} /usr/bin/cmake /workspaces/citros_example_robotic_arm/franka_ros2_ws/src/franka_ros2/franka_gripper -DCMAKE_INSTALL_PREFIX=/workspaces/citros_example_robotic_arm/franka_ros2_ws/install/franka_gripper
[1.546s] Invoking command in '/workspaces/citros_example_robotic_arm/franka_ros2_ws/build/franka_gripper': AMENT_PREFIX_PATH=/workspaces/citros_example_robotic_arm/franka_ros2_ws/install/franka_msgs:${AMENT_PREFIX_PATH} CMAKE_PREFIX_PATH=/workspaces/citros_example_robotic_arm/franka_ros2_ws/install/franka_msgs:/opt/ros/foxy LD_LIBRARY_PATH=/workspaces/citros_example_robotic_arm/franka_ros2_ws/install/franka_msgs/lib:${LD_LIBRARY_PATH} PYTHONPATH=/workspaces/citros_example_robotic_arm/franka_ros2_ws/install/franka_msgs/lib/python3.8/site-packages:${PYTHONPATH} /usr/bin/cmake --build /workspaces/citros_example_robotic_arm/franka_ros2_ws/build/franka_gripper -- -j20 -l20
[1.575s] [35m[1mScanning dependencies of target franka_gripper_node[0m
[1.575s] [35m[1mScanning dependencies of target gripper_server[0m
[1.600s] [ 25%] [32mBuilding CXX object CMakeFiles/franka_gripper_node.dir/rclcpp_components/node_main_franka_gripper_node.cpp.o[0m
[1.601s] [ 50%] [32mBuilding CXX object CMakeFiles/gripper_server.dir/src/gripper_action_server.cpp.o[0m
[2.861s] [ 75%] [32m[1mLinking CXX executable franka_gripper_node[0m
[2.943s] [ 75%] Built target franka_gripper_node
[6.484s] [100%] [32m[1mLinking CXX shared library libgripper_server.so[0m
[6.716s] [100%] Built target gripper_server
[6.723s] Invoked command in '/workspaces/citros_example_robotic_arm/franka_ros2_ws/build/franka_gripper' returned '0': AMENT_PREFIX_PATH=/workspaces/citros_example_robotic_arm/franka_ros2_ws/install/franka_msgs:${AMENT_PREFIX_PATH} CMAKE_PREFIX_PATH=/workspaces/citros_example_robotic_arm/franka_ros2_ws/install/franka_msgs:/opt/ros/foxy LD_LIBRARY_PATH=/workspaces/citros_example_robotic_arm/franka_ros2_ws/install/franka_msgs/lib:${LD_LIBRARY_PATH} PYTHONPATH=/workspaces/citros_example_robotic_arm/franka_ros2_ws/install/franka_msgs/lib/python3.8/site-packages:${PYTHONPATH} /usr/bin/cmake --build /workspaces/citros_example_robotic_arm/franka_ros2_ws/build/franka_gripper -- -j20 -l20
[6.747s] Invoking command in '/workspaces/citros_example_robotic_arm/franka_ros2_ws/build/franka_gripper': AMENT_PREFIX_PATH=/workspaces/citros_example_robotic_arm/franka_ros2_ws/install/franka_msgs:${AMENT_PREFIX_PATH} CMAKE_PREFIX_PATH=/workspaces/citros_example_robotic_arm/franka_ros2_ws/install/franka_msgs:/opt/ros/foxy LD_LIBRARY_PATH=/workspaces/citros_example_robotic_arm/franka_ros2_ws/install/franka_msgs/lib:${LD_LIBRARY_PATH} PYTHONPATH=/workspaces/citros_example_robotic_arm/franka_ros2_ws/install/franka_msgs/lib/python3.8/site-packages:${PYTHONPATH} /usr/bin/cmake --install /workspaces/citros_example_robotic_arm/franka_ros2_ws/build/franka_gripper
[6.755s] -- Install configuration: ""
[6.755s] -- Installing: /workspaces/citros_example_robotic_arm/franka_ros2_ws/install/franka_gripper/lib/franka_gripper/franka_gripper_node
[6.755s] -- Set runtime path of "/workspaces/citros_example_robotic_arm/franka_ros2_ws/install/franka_gripper/lib/franka_gripper/franka_gripper_node" to ""
[6.756s] -- Installing: /workspaces/citros_example_robotic_arm/franka_ros2_ws/install/franka_gripper/lib/libgripper_server.so
[6.759s] -- Set runtime path of "/workspaces/citros_example_robotic_arm/franka_ros2_ws/install/franka_gripper/lib/libgripper_server.so" to ""
[6.759s] -- Installing: /workspaces/citros_example_robotic_arm/franka_ros2_ws/install/franka_gripper/share/franka_gripper//launch
[6.759s] -- Installing: /workspaces/citros_example_robotic_arm/franka_ros2_ws/install/franka_gripper/share/franka_gripper//launch/gripper.launch.py
[6.759s] -- Installing: /workspaces/citros_example_robotic_arm/franka_ros2_ws/install/franka_gripper/share/franka_gripper//config
[6.759s] -- Installing: /workspaces/citros_example_robotic_arm/franka_ros2_ws/install/franka_gripper/share/franka_gripper//config/franka_gripper_node.yaml
[6.759s] -- Installing: /workspaces/citros_example_robotic_arm/franka_ros2_ws/install/franka_gripper/share/franka_gripper/environment/pythonpath.sh
[6.759s] -- Installing: /workspaces/citros_example_robotic_arm/franka_ros2_ws/install/franka_gripper/share/franka_gripper/environment/pythonpath.dsv
[6.759s] -- Installing: /workspaces/citros_example_robotic_arm/franka_ros2_ws/install/franka_gripper/lib/python3.8/site-packages/franka_gripper
[6.759s] -- Installing: /workspaces/citros_example_robotic_arm/franka_ros2_ws/install/franka_gripper/lib/python3.8/site-packages/franka_gripper/__init__.py
[6.784s] Listing '/workspaces/citros_example_robotic_arm/franka_ros2_ws/install/franka_gripper/lib/python3.8/site-packages/franka_gripper'...
[6.784s] Compiling '/workspaces/citros_example_robotic_arm/franka_ros2_ws/install/franka_gripper/lib/python3.8/site-packages/franka_gripper/__init__.py'...
[6.787s] -- Installing: /workspaces/citros_example_robotic_arm/franka_ros2_ws/install/franka_gripper/lib/franka_gripper/fake_gripper_state_publisher.py
[6.787s] -- Installing: /workspaces/citros_example_robotic_arm/franka_ros2_ws/install/franka_gripper/share/ament_index/resource_index/package_run_dependencies/franka_gripper
[6.787s] -- Installing: /workspaces/citros_example_robotic_arm/franka_ros2_ws/install/franka_gripper/share/ament_index/resource_index/parent_prefix_path/franka_gripper
[6.787s] -- Installing: /workspaces/citros_example_robotic_arm/franka_ros2_ws/install/franka_gripper/share/franka_gripper/environment/ament_prefix_path.sh
[6.787s] -- Installing: /workspaces/citros_example_robotic_arm/franka_ros2_ws/install/franka_gripper/share/franka_gripper/environment/ament_prefix_path.dsv
[6.787s] -- Installing: /workspaces/citros_example_robotic_arm/franka_ros2_ws/install/franka_gripper/share/franka_gripper/environment/path.sh
[6.787s] -- Installing: /workspaces/citros_example_robotic_arm/franka_ros2_ws/install/franka_gripper/share/franka_gripper/environment/path.dsv
[6.787s] -- Installing: /workspaces/citros_example_robotic_arm/franka_ros2_ws/install/franka_gripper/share/franka_gripper/local_setup.bash
[6.787s] -- Installing: /workspaces/citros_example_robotic_arm/franka_ros2_ws/install/franka_gripper/share/franka_gripper/local_setup.sh
[6.787s] -- Installing: /workspaces/citros_example_robotic_arm/franka_ros2_ws/install/franka_gripper/share/franka_gripper/local_setup.zsh
[6.787s] -- Installing: /workspaces/citros_example_robotic_arm/franka_ros2_ws/install/franka_gripper/share/franka_gripper/local_setup.dsv
[6.787s] -- Installing: /workspaces/citros_example_robotic_arm/franka_ros2_ws/install/franka_gripper/share/franka_gripper/package.dsv
[6.787s] -- Installing: /workspaces/citros_example_robotic_arm/franka_ros2_ws/install/franka_gripper/share/ament_index/resource_index/packages/franka_gripper
[6.787s] -- Installing: /workspaces/citros_example_robotic_arm/franka_ros2_ws/install/franka_gripper/share/ament_index/resource_index/rclcpp_components/franka_gripper
[6.787s] -- Installing: /workspaces/citros_example_robotic_arm/franka_ros2_ws/install/franka_gripper/share/franka_gripper/cmake/franka_gripperConfig.cmake
[6.787s] -- Installing: /workspaces/citros_example_robotic_arm/franka_ros2_ws/install/franka_gripper/share/franka_gripper/cmake/franka_gripperConfig-version.cmake
[6.787s] -- Installing: /workspaces/citros_example_robotic_arm/franka_ros2_ws/install/franka_gripper/share/franka_gripper/package.xml
[6.789s] Invoked command in '/workspaces/citros_example_robotic_arm/franka_ros2_ws/build/franka_gripper' returned '0': AMENT_PREFIX_PATH=/workspaces/citros_example_robotic_arm/franka_ros2_ws/install/franka_msgs:${AMENT_PREFIX_PATH} CMAKE_PREFIX_PATH=/workspaces/citros_example_robotic_arm/franka_ros2_ws/install/franka_msgs:/opt/ros/foxy LD_LIBRARY_PATH=/workspaces/citros_example_robotic_arm/franka_ros2_ws/install/franka_msgs/lib:${LD_LIBRARY_PATH} PYTHONPATH=/workspaces/citros_example_robotic_arm/franka_ros2_ws/install/franka_msgs/lib/python3.8/site-packages:${PYTHONPATH} /usr/bin/cmake --install /workspaces/citros_example_robotic_arm/franka_ros2_ws/build/franka_gripper
