[0.668s] Invoking command in '/workspaces/citros_example_robotic_arm/ros2_ws/src/robotic_arm_environment/my_doosan_pkg': PYTHONPATH=/workspaces/citros_example_robotic_arm/ros2_ws/build/my_doosan_pkg/prefix_override:/workspaces/citros_example_robotic_arm/ros2_ws/install/my_doosan_pkg/lib/python3.8/site-packages:${PYTHONPATH} /usr/bin/python3 setup.py egg_info --egg-base ../../../build/my_doosan_pkg build --build-base /workspaces/citros_example_robotic_arm/ros2_ws/build/my_doosan_pkg/build install --record /workspaces/citros_example_robotic_arm/ros2_ws/build/my_doosan_pkg/install.log --install-scripts $base/lib/my_doosan_pkg --single-version-externally-managed
[0.781s] running egg_info
[0.783s] creating ../../../build/my_doosan_pkg/my_doosan_pkg.egg-info
[0.784s] writing ../../../build/my_doosan_pkg/my_doosan_pkg.egg-info/PKG-INFO
[0.784s] writing dependency_links to ../../../build/my_doosan_pkg/my_doosan_pkg.egg-info/dependency_links.txt
[0.784s] writing entry points to ../../../build/my_doosan_pkg/my_doosan_pkg.egg-info/entry_points.txt
[0.784s] writing requirements to ../../../build/my_doosan_pkg/my_doosan_pkg.egg-info/requires.txt
[0.784s] writing top-level names to ../../../build/my_doosan_pkg/my_doosan_pkg.egg-info/top_level.txt
[0.785s] writing manifest file '../../../build/my_doosan_pkg/my_doosan_pkg.egg-info/SOURCES.txt'
[0.803s] reading manifest file '../../../build/my_doosan_pkg/my_doosan_pkg.egg-info/SOURCES.txt'
[0.803s] writing manifest file '../../../build/my_doosan_pkg/my_doosan_pkg.egg-info/SOURCES.txt'
[0.803s] running build
[0.803s] running build_py
[0.804s] creating /workspaces/citros_example_robotic_arm/ros2_ws/build/my_doosan_pkg/build
[0.804s] creating /workspaces/citros_example_robotic_arm/ros2_ws/build/my_doosan_pkg/build/lib
[0.804s] creating /workspaces/citros_example_robotic_arm/ros2_ws/build/my_doosan_pkg/build/lib/my_doosan_pkg
[0.804s] copying my_doosan_pkg/joint_points_act_service.py -> /workspaces/citros_example_robotic_arm/ros2_ws/build/my_doosan_pkg/build/lib/my_doosan_pkg
[0.804s] copying my_doosan_pkg/joint_points_topic.py -> /workspaces/citros_example_robotic_arm/ros2_ws/build/my_doosan_pkg/build/lib/my_doosan_pkg
[0.804s] copying my_doosan_pkg/__init__.py -> /workspaces/citros_example_robotic_arm/ros2_ws/build/my_doosan_pkg/build/lib/my_doosan_pkg
[0.804s] running install
[0.805s] running install_lib
[0.805s] creating /workspaces/citros_example_robotic_arm/ros2_ws/install/my_doosan_pkg/lib/python3.8/site-packages/my_doosan_pkg
[0.805s] copying /workspaces/citros_example_robotic_arm/ros2_ws/build/my_doosan_pkg/build/lib/my_doosan_pkg/joint_points_act_service.py -> /workspaces/citros_example_robotic_arm/ros2_ws/install/my_doosan_pkg/lib/python3.8/site-packages/my_doosan_pkg
[0.805s] copying /workspaces/citros_example_robotic_arm/ros2_ws/build/my_doosan_pkg/build/lib/my_doosan_pkg/joint_points_topic.py -> /workspaces/citros_example_robotic_arm/ros2_ws/install/my_doosan_pkg/lib/python3.8/site-packages/my_doosan_pkg
[0.805s] copying /workspaces/citros_example_robotic_arm/ros2_ws/build/my_doosan_pkg/build/lib/my_doosan_pkg/__init__.py -> /workspaces/citros_example_robotic_arm/ros2_ws/install/my_doosan_pkg/lib/python3.8/site-packages/my_doosan_pkg
[0.805s] byte-compiling /workspaces/citros_example_robotic_arm/ros2_ws/install/my_doosan_pkg/lib/python3.8/site-packages/my_doosan_pkg/joint_points_act_service.py to joint_points_act_service.cpython-38.pyc
[0.806s] byte-compiling /workspaces/citros_example_robotic_arm/ros2_ws/install/my_doosan_pkg/lib/python3.8/site-packages/my_doosan_pkg/joint_points_topic.py to joint_points_topic.cpython-38.pyc
[0.807s] byte-compiling /workspaces/citros_example_robotic_arm/ros2_ws/install/my_doosan_pkg/lib/python3.8/site-packages/my_doosan_pkg/__init__.py to __init__.cpython-38.pyc
[0.807s] running install_data
[0.808s] creating /workspaces/citros_example_robotic_arm/ros2_ws/install/my_doosan_pkg/share/ament_index
[0.808s] creating /workspaces/citros_example_robotic_arm/ros2_ws/install/my_doosan_pkg/share/ament_index/resource_index
[0.808s] creating /workspaces/citros_example_robotic_arm/ros2_ws/install/my_doosan_pkg/share/ament_index/resource_index/packages
[0.808s] copying resource/my_doosan_pkg -> /workspaces/citros_example_robotic_arm/ros2_ws/install/my_doosan_pkg/share/ament_index/resource_index/packages
[0.808s] copying package.xml -> /workspaces/citros_example_robotic_arm/ros2_ws/install/my_doosan_pkg/share/my_doosan_pkg
[0.808s] creating /workspaces/citros_example_robotic_arm/ros2_ws/install/my_doosan_pkg/share/my_doosan_pkg/launch
[0.809s] copying launch/my_doosan_gazebo_controller.launch.py -> /workspaces/citros_example_robotic_arm/ros2_ws/install/my_doosan_pkg/share/my_doosan_pkg/launch
[0.809s] copying launch/my_doosan_rviz.launch.py -> /workspaces/citros_example_robotic_arm/ros2_ws/install/my_doosan_pkg/share/my_doosan_pkg/launch
[0.809s] copying launch/my_doosan_controller.launch.py -> /workspaces/citros_example_robotic_arm/ros2_ws/install/my_doosan_pkg/share/my_doosan_pkg/launch
[0.809s] copying launch/my_doosan_gazebo.launch.py -> /workspaces/citros_example_robotic_arm/ros2_ws/install/my_doosan_pkg/share/my_doosan_pkg/launch
[0.809s] creating /workspaces/citros_example_robotic_arm/ros2_ws/install/my_doosan_pkg/share/my_doosan_pkg/rviz
[0.809s] copying rviz/view_config.rviz -> /workspaces/citros_example_robotic_arm/ros2_ws/install/my_doosan_pkg/share/my_doosan_pkg/rviz
[0.809s] creating /workspaces/citros_example_robotic_arm/ros2_ws/install/my_doosan_pkg/share/my_doosan_pkg/config
[0.809s] copying config/simple_controller.yaml -> /workspaces/citros_example_robotic_arm/ros2_ws/install/my_doosan_pkg/share/my_doosan_pkg/config
[0.810s] creating /workspaces/citros_example_robotic_arm/ros2_ws/install/my_doosan_pkg/share/my_doosan_pkg/worlds
[0.810s] copying worlds/my_empty_world.world -> /workspaces/citros_example_robotic_arm/ros2_ws/install/my_doosan_pkg/share/my_doosan_pkg/worlds
[0.810s] creating /workspaces/citros_example_robotic_arm/ros2_ws/install/my_doosan_pkg/share/my_doosan_pkg/description
[0.810s] creating /workspaces/citros_example_robotic_arm/ros2_ws/install/my_doosan_pkg/share/my_doosan_pkg/description/urdf
[0.810s] copying description/urdf/a0912.blue.urdf -> /workspaces/citros_example_robotic_arm/ros2_ws/install/my_doosan_pkg/share/my_doosan_pkg/description/urdf
[0.810s] copying description/urdf/m1013.white.urdf -> /workspaces/citros_example_robotic_arm/ros2_ws/install/my_doosan_pkg/share/my_doosan_pkg/description/urdf
[0.810s] creating /workspaces/citros_example_robotic_arm/ros2_ws/install/my_doosan_pkg/share/my_doosan_pkg/description/xacro
[0.810s] copying description/xacro/macro.gazebo_config_control.xacro -> /workspaces/citros_example_robotic_arm/ros2_ws/install/my_doosan_pkg/share/my_doosan_pkg/description/xacro
[0.811s] copying description/xacro/macro.m1013.white.xacro -> /workspaces/citros_example_robotic_arm/ros2_ws/install/my_doosan_pkg/share/my_doosan_pkg/description/xacro
[0.811s] copying description/xacro/macro.bumper_config.xacro -> /workspaces/citros_example_robotic_arm/ros2_ws/install/my_doosan_pkg/share/my_doosan_pkg/description/xacro
[0.811s] copying description/xacro/macro.internal_config.xacro -> /workspaces/citros_example_robotic_arm/ros2_ws/install/my_doosan_pkg/share/my_doosan_pkg/description/xacro
[0.811s] copying description/xacro/a0912.urdf.xacro -> /workspaces/citros_example_robotic_arm/ros2_ws/install/my_doosan_pkg/share/my_doosan_pkg/description/xacro
[0.811s] copying description/xacro/macro.transmission.xacro -> /workspaces/citros_example_robotic_arm/ros2_ws/install/my_doosan_pkg/share/my_doosan_pkg/description/xacro
[0.811s] copying description/xacro/macro.a0912.blue.xacro -> /workspaces/citros_example_robotic_arm/ros2_ws/install/my_doosan_pkg/share/my_doosan_pkg/description/xacro
[0.811s] copying description/xacro/m1013.urdf.xacro -> /workspaces/citros_example_robotic_arm/ros2_ws/install/my_doosan_pkg/share/my_doosan_pkg/description/xacro
[0.812s] creating /workspaces/citros_example_robotic_arm/ros2_ws/install/my_doosan_pkg/share/my_doosan_pkg/description/meshes
[0.812s] creating /workspaces/citros_example_robotic_arm/ros2_ws/install/my_doosan_pkg/share/my_doosan_pkg/description/meshes/a0912_blue
[0.812s] copying description/meshes/a0912_blue/A0912_2_0.dae -> /workspaces/citros_example_robotic_arm/ros2_ws/install/my_doosan_pkg/share/my_doosan_pkg/description/meshes/a0912_blue
[0.813s] copying description/meshes/a0912_blue/A0912_5_0.dae -> /workspaces/citros_example_robotic_arm/ros2_ws/install/my_doosan_pkg/share/my_doosan_pkg/description/meshes/a0912_blue
[0.813s] copying description/meshes/a0912_blue/A0912_6_0.dae -> /workspaces/citros_example_robotic_arm/ros2_ws/install/my_doosan_pkg/share/my_doosan_pkg/description/meshes/a0912_blue
[0.813s] copying description/meshes/a0912_blue/A0912_4_0.dae -> /workspaces/citros_example_robotic_arm/ros2_ws/install/my_doosan_pkg/share/my_doosan_pkg/description/meshes/a0912_blue
[0.814s] copying description/meshes/a0912_blue/A0912_0_0.dae -> /workspaces/citros_example_robotic_arm/ros2_ws/install/my_doosan_pkg/share/my_doosan_pkg/description/meshes/a0912_blue
[0.815s] copying description/meshes/a0912_blue/A0912_2_1.dae -> /workspaces/citros_example_robotic_arm/ros2_ws/install/my_doosan_pkg/share/my_doosan_pkg/description/meshes/a0912_blue
[0.815s] copying description/meshes/a0912_blue/A0912_5_1.dae -> /workspaces/citros_example_robotic_arm/ros2_ws/install/my_doosan_pkg/share/my_doosan_pkg/description/meshes/a0912_blue
[0.816s] copying description/meshes/a0912_blue/A0912_1_0.dae -> /workspaces/citros_example_robotic_arm/ros2_ws/install/my_doosan_pkg/share/my_doosan_pkg/description/meshes/a0912_blue
[0.816s] copying description/meshes/a0912_blue/A0912_4_1.dae -> /workspaces/citros_example_robotic_arm/ros2_ws/install/my_doosan_pkg/share/my_doosan_pkg/description/meshes/a0912_blue
[0.816s] copying description/meshes/a0912_blue/A0912_3_0.dae -> /workspaces/citros_example_robotic_arm/ros2_ws/install/my_doosan_pkg/share/my_doosan_pkg/description/meshes/a0912_blue
[0.816s] copying description/meshes/a0912_blue/A0912_1_1.dae -> /workspaces/citros_example_robotic_arm/ros2_ws/install/my_doosan_pkg/share/my_doosan_pkg/description/meshes/a0912_blue
[0.816s] copying description/meshes/a0912_blue/A0912_2_2.dae -> /workspaces/citros_example_robotic_arm/ros2_ws/install/my_doosan_pkg/share/my_doosan_pkg/description/meshes/a0912_blue
[0.816s] copying description/meshes/a0912_blue/A0912_3_1.dae -> /workspaces/citros_example_robotic_arm/ros2_ws/install/my_doosan_pkg/share/my_doosan_pkg/description/meshes/a0912_blue
[0.816s] copying description/meshes/a0912_blue/A0912_1_2.dae -> /workspaces/citros_example_robotic_arm/ros2_ws/install/my_doosan_pkg/share/my_doosan_pkg/description/meshes/a0912_blue
[0.816s] creating /workspaces/citros_example_robotic_arm/ros2_ws/install/my_doosan_pkg/share/my_doosan_pkg/description/meshes/m1013_white
[0.816s] copying description/meshes/m1013_white/MF1013_4_0.dae -> /workspaces/citros_example_robotic_arm/ros2_ws/install/my_doosan_pkg/share/my_doosan_pkg/description/meshes/m1013_white
[0.816s] copying description/meshes/m1013_white/MF1013_2_1.dae -> /workspaces/citros_example_robotic_arm/ros2_ws/install/my_doosan_pkg/share/my_doosan_pkg/description/meshes/m1013_white
[0.816s] copying description/meshes/m1013_white/MF1013_6_0.dae -> /workspaces/citros_example_robotic_arm/ros2_ws/install/my_doosan_pkg/share/my_doosan_pkg/description/meshes/m1013_white
[0.817s] copying description/meshes/m1013_white/MF1013_2_0.dae -> /workspaces/citros_example_robotic_arm/ros2_ws/install/my_doosan_pkg/share/my_doosan_pkg/description/meshes/m1013_white
[0.817s] copying description/meshes/m1013_white/MF1013_5_0.dae -> /workspaces/citros_example_robotic_arm/ros2_ws/install/my_doosan_pkg/share/my_doosan_pkg/description/meshes/m1013_white
[0.817s] copying description/meshes/m1013_white/MF1013_2_2.dae -> /workspaces/citros_example_robotic_arm/ros2_ws/install/my_doosan_pkg/share/my_doosan_pkg/description/meshes/m1013_white
[0.817s] copying description/meshes/m1013_white/MF1013_0_0.dae -> /workspaces/citros_example_robotic_arm/ros2_ws/install/my_doosan_pkg/share/my_doosan_pkg/description/meshes/m1013_white
[0.817s] copying description/meshes/m1013_white/MF1013_3_0.dae -> /workspaces/citros_example_robotic_arm/ros2_ws/install/my_doosan_pkg/share/my_doosan_pkg/description/meshes/m1013_white
[0.817s] copying description/meshes/m1013_white/MF1013_1_0.dae -> /workspaces/citros_example_robotic_arm/ros2_ws/install/my_doosan_pkg/share/my_doosan_pkg/description/meshes/m1013_white
[0.817s] copying description/meshes/m1013_white/MF1013_4_1.dae -> /workspaces/citros_example_robotic_arm/ros2_ws/install/my_doosan_pkg/share/my_doosan_pkg/description/meshes/m1013_white
[0.818s] running install_egg_info
[0.819s] Copying ../../../build/my_doosan_pkg/my_doosan_pkg.egg-info to /workspaces/citros_example_robotic_arm/ros2_ws/install/my_doosan_pkg/lib/python3.8/site-packages/my_doosan_pkg-0.0.0-py3.8.egg-info
[0.819s] running install_scripts
[0.833s] Installing trajectory_points_act_server script to /workspaces/citros_example_robotic_arm/ros2_ws/install/my_doosan_pkg/lib/my_doosan_pkg
[0.833s] Installing trajectory_points_topic script to /workspaces/citros_example_robotic_arm/ros2_ws/install/my_doosan_pkg/lib/my_doosan_pkg
[0.833s] writing list of installed files to '/workspaces/citros_example_robotic_arm/ros2_ws/build/my_doosan_pkg/install.log'
[0.864s] Invoked command in '/workspaces/citros_example_robotic_arm/ros2_ws/src/robotic_arm_environment/my_doosan_pkg' returned '0': PYTHONPATH=/workspaces/citros_example_robotic_arm/ros2_ws/build/my_doosan_pkg/prefix_override:/workspaces/citros_example_robotic_arm/ros2_ws/install/my_doosan_pkg/lib/python3.8/site-packages:${PYTHONPATH} /usr/bin/python3 setup.py egg_info --egg-base ../../../build/my_doosan_pkg build --build-base /workspaces/citros_example_robotic_arm/ros2_ws/build/my_doosan_pkg/build install --record /workspaces/citros_example_robotic_arm/ros2_ws/build/my_doosan_pkg/install.log --install-scripts $base/lib/my_doosan_pkg --single-version-externally-managed
