-- The C compiler identification is GNU 9.4.0
-- The CXX compiler identification is GNU 9.4.0
-- Check for working C compiler: /usr/bin/cc
-- Check for working C compiler: /usr/bin/cc -- works
-- Detecting C compiler ABI info
-- Detecting C compiler ABI info - done
-- Detecting C compile features
-- Detecting C compile features - done
-- Check for working CXX compiler: /usr/bin/c++
-- Check for working CXX compiler: /usr/bin/c++ -- works
-- Detecting CXX compiler ABI info
-- Detecting CXX compiler ABI info - done
-- Detecting CXX compile features
-- Detecting CXX compile features - done
-- Found ament_cmake: 0.9.11 (/opt/ros/foxy/share/ament_cmake/cmake)
-- Found PythonInterp: /usr/bin/python3 (found suitable version "3.8.10", minimum required is "3") 
-- Using PYTHON_EXECUTABLE: /usr/bin/python3
-- Found rclcpp: 2.4.2 (/opt/ros/foxy/share/rclcpp/cmake)
-- Using all available rosidl_typesupport_c: rosidl_typesupport_fastrtps_c;rosidl_typesupport_introspection_c
-- Found rosidl_adapter: 1.3.0 (/opt/ros/foxy/share/rosidl_adapter/cmake)
-- Found OpenSSL: /usr/lib/x86_64-linux-gnu/libcrypto.so (found version "1.1.1f")  
-- Found FastRTPS: /opt/ros/foxy/include  
-- Using all available rosidl_typesupport_cpp: rosidl_typesupport_fastrtps_cpp;rosidl_typesupport_introspection_cpp
-- Found rmw_implementation_cmake: 1.0.3 (/opt/ros/foxy/share/rmw_implementation_cmake/cmake)
-- Using RMW implementation 'rmw_cyclonedds_cpp' as default
-- Looking for pthread.h
-- Looking for pthread.h - found
-- Performing Test CMAKE_HAVE_LIBC_PTHREAD
-- Performing Test CMAKE_HAVE_LIBC_PTHREAD - Failed
-- Looking for pthread_create in pthreads
-- Looking for pthread_create in pthreads - not found
-- Looking for pthread_create in pthread
-- Looking for pthread_create in pthread - found
-- Found Threads: TRUE  
-- Found controller_interface: 0.11.0 (/opt/ros/foxy/share/controller_interface/cmake)
-- Found franka_msgs: 0.0.0 (/workspaces/citros_example_robotic_arm/franka_ros2_ws/install/franka_msgs/share/franka_msgs/cmake)
-- Found ament_cmake_clang_format: 0.9.7 (/opt/ros/foxy/share/ament_cmake_clang_format/cmake)
-- Found ament_cmake_copyright: 0.9.7 (/opt/ros/foxy/share/ament_cmake_copyright/cmake)
-- Found ament_cmake_cppcheck: 0.9.7 (/opt/ros/foxy/share/ament_cmake_cppcheck/cmake)
-- Found ament_cmake_flake8: 0.9.7 (/opt/ros/foxy/share/ament_cmake_flake8/cmake)
-- Found ament_cmake_lint_cmake: 0.9.7 (/opt/ros/foxy/share/ament_cmake_lint_cmake/cmake)
-- Found ament_cmake_pep257: 0.9.7 (/opt/ros/foxy/share/ament_cmake_pep257/cmake)
-- Found ament_cmake_xmllint: 0.9.7 (/opt/ros/foxy/share/ament_cmake_xmllint/cmake)
-- Configuring done
-- Generating done
-- Build files have been written to: /workspaces/citros_example_robotic_arm/franka_ros2_ws/build/franka_example_controllers
[35m[1mScanning dependencies of target franka_example_controllers[0m
[ 20%] [32mBuilding CXX object CMakeFiles/franka_example_controllers.dir/src/gravity_compensation_example_controller.cpp.o[0m
[ 60%] [32mBuilding CXX object CMakeFiles/franka_example_controllers.dir/src/move_to_start_example_controller.cpp.o[0m
[ 60%] [32mBuilding CXX object CMakeFiles/franka_example_controllers.dir/src/joint_impedance_example_controller.cpp.o[0m
[ 80%] [32mBuilding CXX object CMakeFiles/franka_example_controllers.dir/src/motion_generator.cpp.o[0m
[100%] [32m[1mLinking CXX shared library libfranka_example_controllers.so[0m
[100%] Built target franka_example_controllers
-- Install configuration: ""
-- Installing: /workspaces/citros_example_robotic_arm/franka_ros2_ws/install/franka_example_controllers/share/franka_example_controllers/franka_example_controllers.xml
-- Installing: /workspaces/citros_example_robotic_arm/franka_ros2_ws/install/franka_example_controllers/lib/libfranka_example_controllers.so
-- Set runtime path of "/workspaces/citros_example_robotic_arm/franka_ros2_ws/install/franka_example_controllers/lib/libfranka_example_controllers.so" to ""
-- Installing: /workspaces/citros_example_robotic_arm/franka_ros2_ws/install/franka_example_controllers/include
-- Installing: /workspaces/citros_example_robotic_arm/franka_ros2_ws/install/franka_example_controllers/include/franka_example_controllers
-- Installing: /workspaces/citros_example_robotic_arm/franka_ros2_ws/install/franka_example_controllers/include/franka_example_controllers/move_to_start_example_controller.hpp
-- Installing: /workspaces/citros_example_robotic_arm/franka_ros2_ws/install/franka_example_controllers/include/franka_example_controllers/motion_generator.hpp
-- Installing: /workspaces/citros_example_robotic_arm/franka_ros2_ws/install/franka_example_controllers/include/franka_example_controllers/gravity_compensation_example_controller.hpp
-- Installing: /workspaces/citros_example_robotic_arm/franka_ros2_ws/install/franka_example_controllers/include/franka_example_controllers/joint_impedance_example_controller.hpp
-- Installing: /workspaces/citros_example_robotic_arm/franka_ros2_ws/install/franka_example_controllers/share/franka_example_controllers/environment/library_path.sh
-- Installing: /workspaces/citros_example_robotic_arm/franka_ros2_ws/install/franka_example_controllers/share/franka_example_controllers/environment/library_path.dsv
-- Installing: /workspaces/citros_example_robotic_arm/franka_ros2_ws/install/franka_example_controllers/share/ament_index/resource_index/package_run_dependencies/franka_example_controllers
-- Installing: /workspaces/citros_example_robotic_arm/franka_ros2_ws/install/franka_example_controllers/share/ament_index/resource_index/parent_prefix_path/franka_example_controllers
-- Installing: /workspaces/citros_example_robotic_arm/franka_ros2_ws/install/franka_example_controllers/share/franka_example_controllers/environment/ament_prefix_path.sh
-- Installing: /workspaces/citros_example_robotic_arm/franka_ros2_ws/install/franka_example_controllers/share/franka_example_controllers/environment/ament_prefix_path.dsv
-- Installing: /workspaces/citros_example_robotic_arm/franka_ros2_ws/install/franka_example_controllers/share/franka_example_controllers/environment/path.sh
-- Installing: /workspaces/citros_example_robotic_arm/franka_ros2_ws/install/franka_example_controllers/share/franka_example_controllers/environment/path.dsv
-- Installing: /workspaces/citros_example_robotic_arm/franka_ros2_ws/install/franka_example_controllers/share/franka_example_controllers/local_setup.bash
-- Installing: /workspaces/citros_example_robotic_arm/franka_ros2_ws/install/franka_example_controllers/share/franka_example_controllers/local_setup.sh
-- Installing: /workspaces/citros_example_robotic_arm/franka_ros2_ws/install/franka_example_controllers/share/franka_example_controllers/local_setup.zsh
-- Installing: /workspaces/citros_example_robotic_arm/franka_ros2_ws/install/franka_example_controllers/share/franka_example_controllers/local_setup.dsv
-- Installing: /workspaces/citros_example_robotic_arm/franka_ros2_ws/install/franka_example_controllers/share/franka_example_controllers/package.dsv
-- Installing: /workspaces/citros_example_robotic_arm/franka_ros2_ws/install/franka_example_controllers/share/ament_index/resource_index/packages/franka_example_controllers
-- Installing: /workspaces/citros_example_robotic_arm/franka_ros2_ws/install/franka_example_controllers/share/ament_index/resource_index/controller_interface__pluginlib__plugin/franka_example_controllers
-- Installing: /workspaces/citros_example_robotic_arm/franka_ros2_ws/install/franka_example_controllers/share/franka_example_controllers/cmake/ament_cmake_export_include_directories-extras.cmake
-- Installing: /workspaces/citros_example_robotic_arm/franka_ros2_ws/install/franka_example_controllers/share/franka_example_controllers/cmake/ament_cmake_export_libraries-extras.cmake
-- Installing: /workspaces/citros_example_robotic_arm/franka_ros2_ws/install/franka_example_controllers/share/franka_example_controllers/cmake/ament_cmake_export_dependencies-extras.cmake
-- Installing: /workspaces/citros_example_robotic_arm/franka_ros2_ws/install/franka_example_controllers/share/franka_example_controllers/cmake/franka_example_controllersConfig.cmake
-- Installing: /workspaces/citros_example_robotic_arm/franka_ros2_ws/install/franka_example_controllers/share/franka_example_controllers/cmake/franka_example_controllersConfig-version.cmake
-- Installing: /workspaces/citros_example_robotic_arm/franka_ros2_ws/install/franka_example_controllers/share/franka_example_controllers/package.xml
