[0.014s] Invoking command in '/workspaces/citros_example_robotic_arm/ros2_ws/build/gazebo_ros2_control_demos': AMENT_PREFIX_PATH=/workspaces/citros_example_robotic_arm/ros2_ws/install/gazebo_ros2_control:/workspaces/citros_example_robotic_arm/ros2_ws/install/control_msgs:${AMENT_PREFIX_PATH} CMAKE_PREFIX_PATH=/workspaces/citros_example_robotic_arm/ros2_ws/install/gazebo_ros2_control:/workspaces/citros_example_robotic_arm/ros2_ws/install/control_msgs:/opt/ros/foxy LD_LIBRARY_PATH=/workspaces/citros_example_robotic_arm/ros2_ws/install/gazebo_ros2_control/lib:/workspaces/citros_example_robotic_arm/ros2_ws/install/control_msgs/lib:${LD_LIBRARY_PATH} PYTHONPATH=/workspaces/citros_example_robotic_arm/ros2_ws/install/control_msgs/lib/python3.8/site-packages:${PYTHONPATH} /usr/bin/cmake --build /workspaces/citros_example_robotic_arm/ros2_ws/build/gazebo_ros2_control_demos -- -j20 -l20
[0.056s] [ 60%] Built target example_velocity
[0.056s] [ 60%] Built target example_position
[0.056s] [ 60%] Built target example_diff_drive
[0.061s] [ 80%] Built target example_gripper
[0.064s] [100%] Built target example_effort
[0.090s] Invoked command in '/workspaces/citros_example_robotic_arm/ros2_ws/build/gazebo_ros2_control_demos' returned '0': AMENT_PREFIX_PATH=/workspaces/citros_example_robotic_arm/ros2_ws/install/gazebo_ros2_control:/workspaces/citros_example_robotic_arm/ros2_ws/install/control_msgs:${AMENT_PREFIX_PATH} CMAKE_PREFIX_PATH=/workspaces/citros_example_robotic_arm/ros2_ws/install/gazebo_ros2_control:/workspaces/citros_example_robotic_arm/ros2_ws/install/control_msgs:/opt/ros/foxy LD_LIBRARY_PATH=/workspaces/citros_example_robotic_arm/ros2_ws/install/gazebo_ros2_control/lib:/workspaces/citros_example_robotic_arm/ros2_ws/install/control_msgs/lib:${LD_LIBRARY_PATH} PYTHONPATH=/workspaces/citros_example_robotic_arm/ros2_ws/install/control_msgs/lib/python3.8/site-packages:${PYTHONPATH} /usr/bin/cmake --build /workspaces/citros_example_robotic_arm/ros2_ws/build/gazebo_ros2_control_demos -- -j20 -l20
[0.110s] Invoking command in '/workspaces/citros_example_robotic_arm/ros2_ws/build/gazebo_ros2_control_demos': AMENT_PREFIX_PATH=/workspaces/citros_example_robotic_arm/ros2_ws/install/gazebo_ros2_control:/workspaces/citros_example_robotic_arm/ros2_ws/install/control_msgs:${AMENT_PREFIX_PATH} CMAKE_PREFIX_PATH=/workspaces/citros_example_robotic_arm/ros2_ws/install/gazebo_ros2_control:/workspaces/citros_example_robotic_arm/ros2_ws/install/control_msgs:/opt/ros/foxy LD_LIBRARY_PATH=/workspaces/citros_example_robotic_arm/ros2_ws/install/gazebo_ros2_control/lib:/workspaces/citros_example_robotic_arm/ros2_ws/install/control_msgs/lib:${LD_LIBRARY_PATH} PYTHONPATH=/workspaces/citros_example_robotic_arm/ros2_ws/install/control_msgs/lib/python3.8/site-packages:${PYTHONPATH} /usr/bin/cmake --install /workspaces/citros_example_robotic_arm/ros2_ws/build/gazebo_ros2_control_demos
[0.118s] -- Install configuration: ""
[0.118s] -- Up-to-date: /workspaces/citros_example_robotic_arm/ros2_ws/install/gazebo_ros2_control_demos/share/gazebo_ros2_control_demos//launch
[0.118s] -- Up-to-date: /workspaces/citros_example_robotic_arm/ros2_ws/install/gazebo_ros2_control_demos/share/gazebo_ros2_control_demos//launch/cart_example_effort.launch.py
[0.118s] -- Up-to-date: /workspaces/citros_example_robotic_arm/ros2_ws/install/gazebo_ros2_control_demos/share/gazebo_ros2_control_demos//launch/gripper_mimic_joint_example.launch.py
[0.118s] -- Up-to-date: /workspaces/citros_example_robotic_arm/ros2_ws/install/gazebo_ros2_control_demos/share/gazebo_ros2_control_demos//launch/cart_example_velocity.launch.py
[0.118s] -- Up-to-date: /workspaces/citros_example_robotic_arm/ros2_ws/install/gazebo_ros2_control_demos/share/gazebo_ros2_control_demos//launch/cart_example_position.launch.py
[0.118s] -- Up-to-date: /workspaces/citros_example_robotic_arm/ros2_ws/install/gazebo_ros2_control_demos/share/gazebo_ros2_control_demos//launch/diff_drive.launch.py
[0.118s] -- Up-to-date: /workspaces/citros_example_robotic_arm/ros2_ws/install/gazebo_ros2_control_demos/share/gazebo_ros2_control_demos//config
[0.118s] -- Up-to-date: /workspaces/citros_example_robotic_arm/ros2_ws/install/gazebo_ros2_control_demos/share/gazebo_ros2_control_demos//config/diff_drive_controller.yaml
[0.118s] -- Up-to-date: /workspaces/citros_example_robotic_arm/ros2_ws/install/gazebo_ros2_control_demos/share/gazebo_ros2_control_demos//config/cartpole_controller_velocity.yaml
[0.118s] -- Up-to-date: /workspaces/citros_example_robotic_arm/ros2_ws/install/gazebo_ros2_control_demos/share/gazebo_ros2_control_demos//config/cartpole_controller_effort.yaml
[0.118s] -- Up-to-date: /workspaces/citros_example_robotic_arm/ros2_ws/install/gazebo_ros2_control_demos/share/gazebo_ros2_control_demos//config/cartpole_controller.yaml
[0.118s] -- Up-to-date: /workspaces/citros_example_robotic_arm/ros2_ws/install/gazebo_ros2_control_demos/share/gazebo_ros2_control_demos//config/gripper_controller.yaml
[0.118s] -- Up-to-date: /workspaces/citros_example_robotic_arm/ros2_ws/install/gazebo_ros2_control_demos/share/gazebo_ros2_control_demos//urdf
[0.118s] -- Up-to-date: /workspaces/citros_example_robotic_arm/ros2_ws/install/gazebo_ros2_control_demos/share/gazebo_ros2_control_demos//urdf/test_cart_effort.xacro.urdf
[0.118s] -- Up-to-date: /workspaces/citros_example_robotic_arm/ros2_ws/install/gazebo_ros2_control_demos/share/gazebo_ros2_control_demos//urdf/test_diff_drive.xacro.urdf
[0.119s] -- Up-to-date: /workspaces/citros_example_robotic_arm/ros2_ws/install/gazebo_ros2_control_demos/share/gazebo_ros2_control_demos//urdf/test_cart_position.xacro.urdf
[0.119s] -- Up-to-date: /workspaces/citros_example_robotic_arm/ros2_ws/install/gazebo_ros2_control_demos/share/gazebo_ros2_control_demos//urdf/test_cart_velocity.xacro.urdf
[0.119s] -- Up-to-date: /workspaces/citros_example_robotic_arm/ros2_ws/install/gazebo_ros2_control_demos/share/gazebo_ros2_control_demos//urdf/test_gripper_mimic_joint.xacro.urdf
[0.119s] -- Up-to-date: /workspaces/citros_example_robotic_arm/ros2_ws/install/gazebo_ros2_control_demos/lib/gazebo_ros2_control_demos/example_position
[0.119s] -- Up-to-date: /workspaces/citros_example_robotic_arm/ros2_ws/install/gazebo_ros2_control_demos/lib/gazebo_ros2_control_demos/example_velocity
[0.119s] -- Up-to-date: /workspaces/citros_example_robotic_arm/ros2_ws/install/gazebo_ros2_control_demos/lib/gazebo_ros2_control_demos/example_effort
[0.119s] -- Up-to-date: /workspaces/citros_example_robotic_arm/ros2_ws/install/gazebo_ros2_control_demos/lib/gazebo_ros2_control_demos/example_gripper
[0.119s] -- Up-to-date: /workspaces/citros_example_robotic_arm/ros2_ws/install/gazebo_ros2_control_demos/lib/gazebo_ros2_control_demos/example_diff_drive
[0.119s] -- Up-to-date: /workspaces/citros_example_robotic_arm/ros2_ws/install/gazebo_ros2_control_demos/share/ament_index/resource_index/package_run_dependencies/gazebo_ros2_control_demos
[0.119s] -- Up-to-date: /workspaces/citros_example_robotic_arm/ros2_ws/install/gazebo_ros2_control_demos/share/ament_index/resource_index/parent_prefix_path/gazebo_ros2_control_demos
[0.119s] -- Up-to-date: /workspaces/citros_example_robotic_arm/ros2_ws/install/gazebo_ros2_control_demos/share/gazebo_ros2_control_demos/environment/ament_prefix_path.sh
[0.119s] -- Up-to-date: /workspaces/citros_example_robotic_arm/ros2_ws/install/gazebo_ros2_control_demos/share/gazebo_ros2_control_demos/environment/ament_prefix_path.dsv
[0.119s] -- Up-to-date: /workspaces/citros_example_robotic_arm/ros2_ws/install/gazebo_ros2_control_demos/share/gazebo_ros2_control_demos/environment/path.sh
[0.119s] -- Up-to-date: /workspaces/citros_example_robotic_arm/ros2_ws/install/gazebo_ros2_control_demos/share/gazebo_ros2_control_demos/environment/path.dsv
[0.119s] -- Up-to-date: /workspaces/citros_example_robotic_arm/ros2_ws/install/gazebo_ros2_control_demos/share/gazebo_ros2_control_demos/local_setup.bash
[0.119s] -- Up-to-date: /workspaces/citros_example_robotic_arm/ros2_ws/install/gazebo_ros2_control_demos/share/gazebo_ros2_control_demos/local_setup.sh
[0.119s] -- Up-to-date: /workspaces/citros_example_robotic_arm/ros2_ws/install/gazebo_ros2_control_demos/share/gazebo_ros2_control_demos/local_setup.zsh
[0.119s] -- Up-to-date: /workspaces/citros_example_robotic_arm/ros2_ws/install/gazebo_ros2_control_demos/share/gazebo_ros2_control_demos/local_setup.dsv
[0.119s] -- Installing: /workspaces/citros_example_robotic_arm/ros2_ws/install/gazebo_ros2_control_demos/share/gazebo_ros2_control_demos/package.dsv
[0.119s] -- Up-to-date: /workspaces/citros_example_robotic_arm/ros2_ws/install/gazebo_ros2_control_demos/share/ament_index/resource_index/packages/gazebo_ros2_control_demos
[0.119s] -- Up-to-date: /workspaces/citros_example_robotic_arm/ros2_ws/install/gazebo_ros2_control_demos/share/gazebo_ros2_control_demos/cmake/gazebo_ros2_control_demosConfig.cmake
[0.119s] -- Up-to-date: /workspaces/citros_example_robotic_arm/ros2_ws/install/gazebo_ros2_control_demos/share/gazebo_ros2_control_demos/cmake/gazebo_ros2_control_demosConfig-version.cmake
[0.119s] -- Up-to-date: /workspaces/citros_example_robotic_arm/ros2_ws/install/gazebo_ros2_control_demos/share/gazebo_ros2_control_demos/package.xml
[0.122s] Invoked command in '/workspaces/citros_example_robotic_arm/ros2_ws/build/gazebo_ros2_control_demos' returned '0': AMENT_PREFIX_PATH=/workspaces/citros_example_robotic_arm/ros2_ws/install/gazebo_ros2_control:/workspaces/citros_example_robotic_arm/ros2_ws/install/control_msgs:${AMENT_PREFIX_PATH} CMAKE_PREFIX_PATH=/workspaces/citros_example_robotic_arm/ros2_ws/install/gazebo_ros2_control:/workspaces/citros_example_robotic_arm/ros2_ws/install/control_msgs:/opt/ros/foxy LD_LIBRARY_PATH=/workspaces/citros_example_robotic_arm/ros2_ws/install/gazebo_ros2_control/lib:/workspaces/citros_example_robotic_arm/ros2_ws/install/control_msgs/lib:${LD_LIBRARY_PATH} PYTHONPATH=/workspaces/citros_example_robotic_arm/ros2_ws/install/control_msgs/lib/python3.8/site-packages:${PYTHONPATH} /usr/bin/cmake --install /workspaces/citros_example_robotic_arm/ros2_ws/build/gazebo_ros2_control_demos
