[  1%] Built target franka_msgs__cpp
[ 12%] Built target franka_msgs__rosidl_generator_c
[ 45%] Built target franka_msgs__rosidl_typesupport_cpp
[ 45%] Built target franka_msgs__rosidl_typesupport_introspection_cpp
[ 45%] Built target franka_msgs__rosidl_typesupport_c
[ 56%] Built target franka_msgs__rosidl_typesupport_fastrtps_cpp
[ 67%] Built target franka_msgs__rosidl_typesupport_introspection_c
[ 78%] Built target franka_msgs__rosidl_typesupport_fastrtps_c
[ 78%] Built target franka_msgs
[ 80%] Built target franka_msgs__py
[ 89%] Built target franka_msgs__python
[100%] Built target franka_msgs__rosidl_typesupport_fastrtps_c__pyext
[100%] Built target franka_msgs__rosidl_typesupport_c__pyext
[100%] Built target franka_msgs__rosidl_typesupport_introspection_c__pyext
-- Install configuration: ""
-- Up-to-date: /workspaces/citros_example_robotic_arm/franka_ros2_ws/install/franka_msgs/share/ament_index/resource_index/rosidl_interfaces/franka_msgs
-- Up-to-date: /workspaces/citros_example_robotic_arm/franka_ros2_ws/install/franka_msgs/include/franka_msgs
-- Up-to-date: /workspaces/citros_example_robotic_arm/franka_ros2_ws/install/franka_msgs/include/franka_msgs/msg
-- Up-to-date: /workspaces/citros_example_robotic_arm/franka_ros2_ws/install/franka_msgs/include/franka_msgs/msg/detail
-- Up-to-date: /workspaces/citros_example_robotic_arm/franka_ros2_ws/install/franka_msgs/include/franka_msgs/msg/detail/grasp_epsilon__type_support.h
-- Up-to-date: /workspaces/citros_example_robotic_arm/franka_ros2_ws/install/franka_msgs/include/franka_msgs/msg/detail/grasp_epsilon__functions.c
-- Up-to-date: /workspaces/citros_example_robotic_arm/franka_ros2_ws/install/franka_msgs/include/franka_msgs/msg/detail/grasp_epsilon__functions.h
-- Up-to-date: /workspaces/citros_example_robotic_arm/franka_ros2_ws/install/franka_msgs/include/franka_msgs/msg/detail/grasp_epsilon__struct.h
-- Up-to-date: /workspaces/citros_example_robotic_arm/franka_ros2_ws/install/franka_msgs/include/franka_msgs/msg/grasp_epsilon.h
-- Up-to-date: /workspaces/citros_example_robotic_arm/franka_ros2_ws/install/franka_msgs/include/franka_msgs/msg/rosidl_generator_c__visibility_control.h
-- Up-to-date: /workspaces/citros_example_robotic_arm/franka_ros2_ws/install/franka_msgs/include/franka_msgs/action
-- Up-to-date: /workspaces/citros_example_robotic_arm/franka_ros2_ws/install/franka_msgs/include/franka_msgs/action/move.h
-- Up-to-date: /workspaces/citros_example_robotic_arm/franka_ros2_ws/install/franka_msgs/include/franka_msgs/action/detail
-- Up-to-date: /workspaces/citros_example_robotic_arm/franka_ros2_ws/install/franka_msgs/include/franka_msgs/action/detail/move__functions.h
-- Up-to-date: /workspaces/citros_example_robotic_arm/franka_ros2_ws/install/franka_msgs/include/franka_msgs/action/detail/homing__functions.c
-- Up-to-date: /workspaces/citros_example_robotic_arm/franka_ros2_ws/install/franka_msgs/include/franka_msgs/action/detail/move__functions.c
-- Up-to-date: /workspaces/citros_example_robotic_arm/franka_ros2_ws/install/franka_msgs/include/franka_msgs/action/detail/homing__struct.h
-- Up-to-date: /workspaces/citros_example_robotic_arm/franka_ros2_ws/install/franka_msgs/include/franka_msgs/action/detail/grasp__functions.c
-- Up-to-date: /workspaces/citros_example_robotic_arm/franka_ros2_ws/install/franka_msgs/include/franka_msgs/action/detail/grasp__functions.h
-- Up-to-date: /workspaces/citros_example_robotic_arm/franka_ros2_ws/install/franka_msgs/include/franka_msgs/action/detail/grasp__type_support.h
-- Up-to-date: /workspaces/citros_example_robotic_arm/franka_ros2_ws/install/franka_msgs/include/franka_msgs/action/detail/grasp__struct.h
-- Up-to-date: /workspaces/citros_example_robotic_arm/franka_ros2_ws/install/franka_msgs/include/franka_msgs/action/detail/move__struct.h
-- Up-to-date: /workspaces/citros_example_robotic_arm/franka_ros2_ws/install/franka_msgs/include/franka_msgs/action/detail/homing__type_support.h
-- Up-to-date: /workspaces/citros_example_robotic_arm/franka_ros2_ws/install/franka_msgs/include/franka_msgs/action/detail/homing__functions.h
-- Up-to-date: /workspaces/citros_example_robotic_arm/franka_ros2_ws/install/franka_msgs/include/franka_msgs/action/detail/move__type_support.h
-- Up-to-date: /workspaces/citros_example_robotic_arm/franka_ros2_ws/install/franka_msgs/include/franka_msgs/action/grasp.h
-- Up-to-date: /workspaces/citros_example_robotic_arm/franka_ros2_ws/install/franka_msgs/include/franka_msgs/action/homing.h
-- Up-to-date: /workspaces/citros_example_robotic_arm/franka_ros2_ws/install/franka_msgs/share/franka_msgs/environment/library_path.sh
-- Up-to-date: /workspaces/citros_example_robotic_arm/franka_ros2_ws/install/franka_msgs/share/franka_msgs/environment/library_path.dsv
-- Up-to-date: /workspaces/citros_example_robotic_arm/franka_ros2_ws/install/franka_msgs/lib/libfranka_msgs__rosidl_generator_c.so
-- Up-to-date: /workspaces/citros_example_robotic_arm/franka_ros2_ws/install/franka_msgs/include/franka_msgs
-- Up-to-date: /workspaces/citros_example_robotic_arm/franka_ros2_ws/install/franka_msgs/include/franka_msgs/msg
-- Up-to-date: /workspaces/citros_example_robotic_arm/franka_ros2_ws/install/franka_msgs/include/franka_msgs/msg/detail
-- Up-to-date: /workspaces/citros_example_robotic_arm/franka_ros2_ws/install/franka_msgs/include/franka_msgs/msg/detail/grasp_epsilon__rosidl_typesupport_fastrtps_c.h
-- Up-to-date: /workspaces/citros_example_robotic_arm/franka_ros2_ws/install/franka_msgs/include/franka_msgs/msg/rosidl_typesupport_fastrtps_c__visibility_control.h
-- Up-to-date: /workspaces/citros_example_robotic_arm/franka_ros2_ws/install/franka_msgs/include/franka_msgs/action
-- Up-to-date: /workspaces/citros_example_robotic_arm/franka_ros2_ws/install/franka_msgs/include/franka_msgs/action/detail
-- Up-to-date: /workspaces/citros_example_robotic_arm/franka_ros2_ws/install/franka_msgs/include/franka_msgs/action/detail/homing__rosidl_typesupport_fastrtps_c.h
-- Up-to-date: /workspaces/citros_example_robotic_arm/franka_ros2_ws/install/franka_msgs/include/franka_msgs/action/detail/grasp__rosidl_typesupport_fastrtps_c.h
-- Up-to-date: /workspaces/citros_example_robotic_arm/franka_ros2_ws/install/franka_msgs/include/franka_msgs/action/detail/move__rosidl_typesupport_fastrtps_c.h
-- Up-to-date: /workspaces/citros_example_robotic_arm/franka_ros2_ws/install/franka_msgs/lib/libfranka_msgs__rosidl_typesupport_fastrtps_c.so
-- Up-to-date: /workspaces/citros_example_robotic_arm/franka_ros2_ws/install/franka_msgs/include/franka_msgs
-- Up-to-date: /workspaces/citros_example_robotic_arm/franka_ros2_ws/install/franka_msgs/include/franka_msgs/msg
-- Up-to-date: /workspaces/citros_example_robotic_arm/franka_ros2_ws/install/franka_msgs/include/franka_msgs/msg/detail
-- Up-to-date: /workspaces/citros_example_robotic_arm/franka_ros2_ws/install/franka_msgs/include/franka_msgs/msg/detail/grasp_epsilon__rosidl_typesupport_fastrtps_cpp.hpp
-- Up-to-date: /workspaces/citros_example_robotic_arm/franka_ros2_ws/install/franka_msgs/include/franka_msgs/msg/detail/dds_fastrtps
-- Up-to-date: /workspaces/citros_example_robotic_arm/franka_ros2_ws/install/franka_msgs/include/franka_msgs/msg/rosidl_typesupport_fastrtps_cpp__visibility_control.h
-- Up-to-date: /workspaces/citros_example_robotic_arm/franka_ros2_ws/install/franka_msgs/include/franka_msgs/action
-- Up-to-date: /workspaces/citros_example_robotic_arm/franka_ros2_ws/install/franka_msgs/include/franka_msgs/action/detail
-- Up-to-date: /workspaces/citros_example_robotic_arm/franka_ros2_ws/install/franka_msgs/include/franka_msgs/action/detail/dds_fastrtps
-- Up-to-date: /workspaces/citros_example_robotic_arm/franka_ros2_ws/install/franka_msgs/include/franka_msgs/action/detail/grasp__rosidl_typesupport_fastrtps_cpp.hpp
-- Up-to-date: /workspaces/citros_example_robotic_arm/franka_ros2_ws/install/franka_msgs/include/franka_msgs/action/detail/move__rosidl_typesupport_fastrtps_cpp.hpp
-- Up-to-date: /workspaces/citros_example_robotic_arm/franka_ros2_ws/install/franka_msgs/include/franka_msgs/action/detail/homing__rosidl_typesupport_fastrtps_cpp.hpp
-- Up-to-date: /workspaces/citros_example_robotic_arm/franka_ros2_ws/install/franka_msgs/lib/libfranka_msgs__rosidl_typesupport_fastrtps_cpp.so
-- Up-to-date: /workspaces/citros_example_robotic_arm/franka_ros2_ws/install/franka_msgs/include/franka_msgs
-- Up-to-date: /workspaces/citros_example_robotic_arm/franka_ros2_ws/install/franka_msgs/include/franka_msgs/msg
-- Up-to-date: /workspaces/citros_example_robotic_arm/franka_ros2_ws/install/franka_msgs/include/franka_msgs/msg/rosidl_typesupport_introspection_c__visibility_control.h
-- Up-to-date: /workspaces/citros_example_robotic_arm/franka_ros2_ws/install/franka_msgs/include/franka_msgs/msg/detail
-- Up-to-date: /workspaces/citros_example_robotic_arm/franka_ros2_ws/install/franka_msgs/include/franka_msgs/msg/detail/grasp_epsilon__type_support.c
-- Up-to-date: /workspaces/citros_example_robotic_arm/franka_ros2_ws/install/franka_msgs/include/franka_msgs/msg/detail/grasp_epsilon__rosidl_typesupport_introspection_c.h
-- Up-to-date: /workspaces/citros_example_robotic_arm/franka_ros2_ws/install/franka_msgs/include/franka_msgs/action
-- Up-to-date: /workspaces/citros_example_robotic_arm/franka_ros2_ws/install/franka_msgs/include/franka_msgs/action/detail
-- Up-to-date: /workspaces/citros_example_robotic_arm/franka_ros2_ws/install/franka_msgs/include/franka_msgs/action/detail/grasp__rosidl_typesupport_introspection_c.h
-- Up-to-date: /workspaces/citros_example_robotic_arm/franka_ros2_ws/install/franka_msgs/include/franka_msgs/action/detail/homing__rosidl_typesupport_introspection_c.h
-- Up-to-date: /workspaces/citros_example_robotic_arm/franka_ros2_ws/install/franka_msgs/include/franka_msgs/action/detail/grasp__type_support.c
-- Up-to-date: /workspaces/citros_example_robotic_arm/franka_ros2_ws/install/franka_msgs/include/franka_msgs/action/detail/homing__type_support.c
-- Up-to-date: /workspaces/citros_example_robotic_arm/franka_ros2_ws/install/franka_msgs/include/franka_msgs/action/detail/move__rosidl_typesupport_introspection_c.h
-- Up-to-date: /workspaces/citros_example_robotic_arm/franka_ros2_ws/install/franka_msgs/include/franka_msgs/action/detail/move__type_support.c
-- Up-to-date: /workspaces/citros_example_robotic_arm/franka_ros2_ws/install/franka_msgs/lib/libfranka_msgs__rosidl_typesupport_introspection_c.so
-- Up-to-date: /workspaces/citros_example_robotic_arm/franka_ros2_ws/install/franka_msgs/lib/libfranka_msgs__rosidl_typesupport_c.so
-- Up-to-date: /workspaces/citros_example_robotic_arm/franka_ros2_ws/install/franka_msgs/include/franka_msgs
-- Up-to-date: /workspaces/citros_example_robotic_arm/franka_ros2_ws/install/franka_msgs/include/franka_msgs/msg
-- Up-to-date: /workspaces/citros_example_robotic_arm/franka_ros2_ws/install/franka_msgs/include/franka_msgs/msg/detail
-- Up-to-date: /workspaces/citros_example_robotic_arm/franka_ros2_ws/install/franka_msgs/include/franka_msgs/msg/detail/grasp_epsilon__struct.hpp
-- Up-to-date: /workspaces/citros_example_robotic_arm/franka_ros2_ws/install/franka_msgs/include/franka_msgs/msg/detail/grasp_epsilon__builder.hpp
-- Up-to-date: /workspaces/citros_example_robotic_arm/franka_ros2_ws/install/franka_msgs/include/franka_msgs/msg/detail/grasp_epsilon__traits.hpp
-- Up-to-date: /workspaces/citros_example_robotic_arm/franka_ros2_ws/install/franka_msgs/include/franka_msgs/msg/grasp_epsilon.hpp
-- Up-to-date: /workspaces/citros_example_robotic_arm/franka_ros2_ws/install/franka_msgs/include/franka_msgs/action
-- Up-to-date: /workspaces/citros_example_robotic_arm/franka_ros2_ws/install/franka_msgs/include/franka_msgs/action/move.hpp
-- Up-to-date: /workspaces/citros_example_robotic_arm/franka_ros2_ws/install/franka_msgs/include/franka_msgs/action/detail
-- Up-to-date: /workspaces/citros_example_robotic_arm/franka_ros2_ws/install/franka_msgs/include/franka_msgs/action/detail/homing__struct.hpp
-- Up-to-date: /workspaces/citros_example_robotic_arm/franka_ros2_ws/install/franka_msgs/include/franka_msgs/action/detail/homing__traits.hpp
-- Up-to-date: /workspaces/citros_example_robotic_arm/franka_ros2_ws/install/franka_msgs/include/franka_msgs/action/detail/grasp__struct.hpp
-- Up-to-date: /workspaces/citros_example_robotic_arm/franka_ros2_ws/install/franka_msgs/include/franka_msgs/action/detail/move__traits.hpp
-- Up-to-date: /workspaces/citros_example_robotic_arm/franka_ros2_ws/install/franka_msgs/include/franka_msgs/action/detail/move__struct.hpp
-- Up-to-date: /workspaces/citros_example_robotic_arm/franka_ros2_ws/install/franka_msgs/include/franka_msgs/action/detail/grasp__traits.hpp
-- Up-to-date: /workspaces/citros_example_robotic_arm/franka_ros2_ws/install/franka_msgs/include/franka_msgs/action/detail/homing__builder.hpp
-- Up-to-date: /workspaces/citros_example_robotic_arm/franka_ros2_ws/install/franka_msgs/include/franka_msgs/action/detail/move__builder.hpp
-- Up-to-date: /workspaces/citros_example_robotic_arm/franka_ros2_ws/install/franka_msgs/include/franka_msgs/action/detail/grasp__builder.hpp
-- Up-to-date: /workspaces/citros_example_robotic_arm/franka_ros2_ws/install/franka_msgs/include/franka_msgs/action/grasp.hpp
-- Up-to-date: /workspaces/citros_example_robotic_arm/franka_ros2_ws/install/franka_msgs/include/franka_msgs/action/homing.hpp
-- Up-to-date: /workspaces/citros_example_robotic_arm/franka_ros2_ws/install/franka_msgs/include/franka_msgs
-- Up-to-date: /workspaces/citros_example_robotic_arm/franka_ros2_ws/install/franka_msgs/include/franka_msgs/msg
-- Up-to-date: /workspaces/citros_example_robotic_arm/franka_ros2_ws/install/franka_msgs/include/franka_msgs/msg/detail
-- Up-to-date: /workspaces/citros_example_robotic_arm/franka_ros2_ws/install/franka_msgs/include/franka_msgs/msg/detail/grasp_epsilon__rosidl_typesupport_introspection_cpp.hpp
-- Up-to-date: /workspaces/citros_example_robotic_arm/franka_ros2_ws/install/franka_msgs/include/franka_msgs/msg/detail/grasp_epsilon__type_support.cpp
-- Up-to-date: /workspaces/citros_example_robotic_arm/franka_ros2_ws/install/franka_msgs/include/franka_msgs/action
-- Up-to-date: /workspaces/citros_example_robotic_arm/franka_ros2_ws/install/franka_msgs/include/franka_msgs/action/detail
-- Up-to-date: /workspaces/citros_example_robotic_arm/franka_ros2_ws/install/franka_msgs/include/franka_msgs/action/detail/grasp__type_support.cpp
-- Up-to-date: /workspaces/citros_example_robotic_arm/franka_ros2_ws/install/franka_msgs/include/franka_msgs/action/detail/move__rosidl_typesupport_introspection_cpp.hpp
-- Up-to-date: /workspaces/citros_example_robotic_arm/franka_ros2_ws/install/franka_msgs/include/franka_msgs/action/detail/homing__rosidl_typesupport_introspection_cpp.hpp
-- Up-to-date: /workspaces/citros_example_robotic_arm/franka_ros2_ws/install/franka_msgs/include/franka_msgs/action/detail/grasp__rosidl_typesupport_introspection_cpp.hpp
-- Up-to-date: /workspaces/citros_example_robotic_arm/franka_ros2_ws/install/franka_msgs/include/franka_msgs/action/detail/homing__type_support.cpp
-- Up-to-date: /workspaces/citros_example_robotic_arm/franka_ros2_ws/install/franka_msgs/include/franka_msgs/action/detail/move__type_support.cpp
-- Up-to-date: /workspaces/citros_example_robotic_arm/franka_ros2_ws/install/franka_msgs/lib/libfranka_msgs__rosidl_typesupport_introspection_cpp.so
-- Up-to-date: /workspaces/citros_example_robotic_arm/franka_ros2_ws/install/franka_msgs/lib/libfranka_msgs__rosidl_typesupport_cpp.so
-- Up-to-date: /workspaces/citros_example_robotic_arm/franka_ros2_ws/install/franka_msgs/share/franka_msgs/environment/pythonpath.sh
-- Up-to-date: /workspaces/citros_example_robotic_arm/franka_ros2_ws/install/franka_msgs/share/franka_msgs/environment/pythonpath.dsv
-- Up-to-date: /workspaces/citros_example_robotic_arm/franka_ros2_ws/install/franka_msgs/lib/python3.8/site-packages/franka_msgs/__init__.py
-- Up-to-date: /workspaces/citros_example_robotic_arm/franka_ros2_ws/install/franka_msgs/lib/python3.8/site-packages/franka_msgs/action
-- Up-to-date: /workspaces/citros_example_robotic_arm/franka_ros2_ws/install/franka_msgs/lib/python3.8/site-packages/franka_msgs/action/_move.py
-- Up-to-date: /workspaces/citros_example_robotic_arm/franka_ros2_ws/install/franka_msgs/lib/python3.8/site-packages/franka_msgs/action/_move_s.c
-- Up-to-date: /workspaces/citros_example_robotic_arm/franka_ros2_ws/install/franka_msgs/lib/python3.8/site-packages/franka_msgs/action/_homing.py
-- Up-to-date: /workspaces/citros_example_robotic_arm/franka_ros2_ws/install/franka_msgs/lib/python3.8/site-packages/franka_msgs/action/_homing_s.c
-- Up-to-date: /workspaces/citros_example_robotic_arm/franka_ros2_ws/install/franka_msgs/lib/python3.8/site-packages/franka_msgs/action/_grasp_s.c
-- Up-to-date: /workspaces/citros_example_robotic_arm/franka_ros2_ws/install/franka_msgs/lib/python3.8/site-packages/franka_msgs/action/__init__.py
-- Up-to-date: /workspaces/citros_example_robotic_arm/franka_ros2_ws/install/franka_msgs/lib/python3.8/site-packages/franka_msgs/action/_grasp.py
-- Up-to-date: /workspaces/citros_example_robotic_arm/franka_ros2_ws/install/franka_msgs/lib/python3.8/site-packages/franka_msgs/msg
-- Up-to-date: /workspaces/citros_example_robotic_arm/franka_ros2_ws/install/franka_msgs/lib/python3.8/site-packages/franka_msgs/msg/_grasp_epsilon_s.c
-- Up-to-date: /workspaces/citros_example_robotic_arm/franka_ros2_ws/install/franka_msgs/lib/python3.8/site-packages/franka_msgs/msg/_grasp_epsilon.py
-- Up-to-date: /workspaces/citros_example_robotic_arm/franka_ros2_ws/install/franka_msgs/lib/python3.8/site-packages/franka_msgs/msg/__init__.py
-- Up-to-date: /workspaces/citros_example_robotic_arm/franka_ros2_ws/install/franka_msgs/lib/python3.8/site-packages/franka_msgs/franka_msgs_s__rosidl_typesupport_fastrtps_c.cpython-38-x86_64-linux-gnu.so
-- Up-to-date: /workspaces/citros_example_robotic_arm/franka_ros2_ws/install/franka_msgs/lib/python3.8/site-packages/franka_msgs/franka_msgs_s__rosidl_typesupport_introspection_c.cpython-38-x86_64-linux-gnu.so
-- Up-to-date: /workspaces/citros_example_robotic_arm/franka_ros2_ws/install/franka_msgs/lib/python3.8/site-packages/franka_msgs/franka_msgs_s__rosidl_typesupport_c.cpython-38-x86_64-linux-gnu.so
-- Up-to-date: /workspaces/citros_example_robotic_arm/franka_ros2_ws/install/franka_msgs/lib/libfranka_msgs__python.so
-- Up-to-date: /workspaces/citros_example_robotic_arm/franka_ros2_ws/install/franka_msgs/share/franka_msgs/action/Grasp.idl
-- Up-to-date: /workspaces/citros_example_robotic_arm/franka_ros2_ws/install/franka_msgs/share/franka_msgs/action/Homing.idl
-- Up-to-date: /workspaces/citros_example_robotic_arm/franka_ros2_ws/install/franka_msgs/share/franka_msgs/action/Move.idl
-- Up-to-date: /workspaces/citros_example_robotic_arm/franka_ros2_ws/install/franka_msgs/share/franka_msgs/msg/GraspEpsilon.idl
-- Up-to-date: /workspaces/citros_example_robotic_arm/franka_ros2_ws/install/franka_msgs/share/franka_msgs/action/Grasp.action
-- Up-to-date: /workspaces/citros_example_robotic_arm/franka_ros2_ws/install/franka_msgs/share/franka_msgs/action/Homing.action
-- Up-to-date: /workspaces/citros_example_robotic_arm/franka_ros2_ws/install/franka_msgs/share/franka_msgs/action/Move.action
-- Up-to-date: /workspaces/citros_example_robotic_arm/franka_ros2_ws/install/franka_msgs/share/franka_msgs/msg/GraspEpsilon.msg
-- Up-to-date: /workspaces/citros_example_robotic_arm/franka_ros2_ws/install/franka_msgs/share/ament_index/resource_index/package_run_dependencies/franka_msgs
-- Up-to-date: /workspaces/citros_example_robotic_arm/franka_ros2_ws/install/franka_msgs/share/ament_index/resource_index/parent_prefix_path/franka_msgs
-- Up-to-date: /workspaces/citros_example_robotic_arm/franka_ros2_ws/install/franka_msgs/share/franka_msgs/environment/ament_prefix_path.sh
-- Up-to-date: /workspaces/citros_example_robotic_arm/franka_ros2_ws/install/franka_msgs/share/franka_msgs/environment/ament_prefix_path.dsv
-- Up-to-date: /workspaces/citros_example_robotic_arm/franka_ros2_ws/install/franka_msgs/share/franka_msgs/environment/path.sh
-- Up-to-date: /workspaces/citros_example_robotic_arm/franka_ros2_ws/install/franka_msgs/share/franka_msgs/environment/path.dsv
-- Up-to-date: /workspaces/citros_example_robotic_arm/franka_ros2_ws/install/franka_msgs/share/franka_msgs/local_setup.bash
-- Up-to-date: /workspaces/citros_example_robotic_arm/franka_ros2_ws/install/franka_msgs/share/franka_msgs/local_setup.sh
-- Up-to-date: /workspaces/citros_example_robotic_arm/franka_ros2_ws/install/franka_msgs/share/franka_msgs/local_setup.zsh
-- Up-to-date: /workspaces/citros_example_robotic_arm/franka_ros2_ws/install/franka_msgs/share/franka_msgs/local_setup.dsv
-- Installing: /workspaces/citros_example_robotic_arm/franka_ros2_ws/install/franka_msgs/share/franka_msgs/package.dsv
-- Up-to-date: /workspaces/citros_example_robotic_arm/franka_ros2_ws/install/franka_msgs/share/ament_index/resource_index/packages/franka_msgs
-- Up-to-date: /workspaces/citros_example_robotic_arm/franka_ros2_ws/install/franka_msgs/share/franka_msgs/cmake/franka_msgs__rosidl_generator_cExport.cmake
-- Up-to-date: /workspaces/citros_example_robotic_arm/franka_ros2_ws/install/franka_msgs/share/franka_msgs/cmake/franka_msgs__rosidl_generator_cExport-noconfig.cmake
-- Up-to-date: /workspaces/citros_example_robotic_arm/franka_ros2_ws/install/franka_msgs/share/franka_msgs/cmake/franka_msgs__rosidl_typesupport_introspection_cExport.cmake
-- Up-to-date: /workspaces/citros_example_robotic_arm/franka_ros2_ws/install/franka_msgs/share/franka_msgs/cmake/franka_msgs__rosidl_typesupport_introspection_cExport-noconfig.cmake
-- Up-to-date: /workspaces/citros_example_robotic_arm/franka_ros2_ws/install/franka_msgs/share/franka_msgs/cmake/franka_msgs__rosidl_typesupport_cExport.cmake
-- Up-to-date: /workspaces/citros_example_robotic_arm/franka_ros2_ws/install/franka_msgs/share/franka_msgs/cmake/franka_msgs__rosidl_typesupport_cExport-noconfig.cmake
-- Up-to-date: /workspaces/citros_example_robotic_arm/franka_ros2_ws/install/franka_msgs/share/franka_msgs/cmake/franka_msgs__rosidl_generator_cppExport.cmake
-- Up-to-date: /workspaces/citros_example_robotic_arm/franka_ros2_ws/install/franka_msgs/share/franka_msgs/cmake/franka_msgs__rosidl_typesupport_introspection_cppExport.cmake
-- Up-to-date: /workspaces/citros_example_robotic_arm/franka_ros2_ws/install/franka_msgs/share/franka_msgs/cmake/franka_msgs__rosidl_typesupport_introspection_cppExport-noconfig.cmake
-- Up-to-date: /workspaces/citros_example_robotic_arm/franka_ros2_ws/install/franka_msgs/share/franka_msgs/cmake/franka_msgs__rosidl_typesupport_cppExport.cmake
-- Up-to-date: /workspaces/citros_example_robotic_arm/franka_ros2_ws/install/franka_msgs/share/franka_msgs/cmake/franka_msgs__rosidl_typesupport_cppExport-noconfig.cmake
-- Up-to-date: /workspaces/citros_example_robotic_arm/franka_ros2_ws/install/franka_msgs/share/franka_msgs/cmake/rosidl_cmake-extras.cmake
-- Up-to-date: /workspaces/citros_example_robotic_arm/franka_ros2_ws/install/franka_msgs/share/franka_msgs/cmake/ament_cmake_export_dependencies-extras.cmake
-- Up-to-date: /workspaces/citros_example_robotic_arm/franka_ros2_ws/install/franka_msgs/share/franka_msgs/cmake/ament_cmake_export_libraries-extras.cmake
-- Up-to-date: /workspaces/citros_example_robotic_arm/franka_ros2_ws/install/franka_msgs/share/franka_msgs/cmake/ament_cmake_export_targets-extras.cmake
-- Up-to-date: /workspaces/citros_example_robotic_arm/franka_ros2_ws/install/franka_msgs/share/franka_msgs/cmake/ament_cmake_export_include_directories-extras.cmake
-- Up-to-date: /workspaces/citros_example_robotic_arm/franka_ros2_ws/install/franka_msgs/share/franka_msgs/cmake/rosidl_cmake_export_typesupport_libraries-extras.cmake
-- Up-to-date: /workspaces/citros_example_robotic_arm/franka_ros2_ws/install/franka_msgs/share/franka_msgs/cmake/rosidl_cmake_export_typesupport_targets-extras.cmake
-- Up-to-date: /workspaces/citros_example_robotic_arm/franka_ros2_ws/install/franka_msgs/share/franka_msgs/cmake/franka_msgsConfig.cmake
-- Up-to-date: /workspaces/citros_example_robotic_arm/franka_ros2_ws/install/franka_msgs/share/franka_msgs/cmake/franka_msgsConfig-version.cmake
-- Up-to-date: /workspaces/citros_example_robotic_arm/franka_ros2_ws/install/franka_msgs/share/franka_msgs/package.xml
