[0.022s] Invoking command in '/workspaces/citros_example_robotic_arm/franka_ros2_ws/build/franka_msgs': CMAKE_PREFIX_PATH=${CMAKE_PREFIX_PATH}:/opt/ros/foxy /usr/bin/cmake --build /workspaces/citros_example_robotic_arm/franka_ros2_ws/build/franka_msgs -- -j20 -l20
[0.058s] [  1%] Built target franka_msgs__cpp
[0.058s] [ 12%] Built target franka_msgs__rosidl_generator_c
[0.076s] [ 45%] Built target franka_msgs__rosidl_typesupport_cpp
[0.076s] [ 45%] Built target franka_msgs__rosidl_typesupport_introspection_cpp
[0.076s] [ 45%] Built target franka_msgs__rosidl_typesupport_c
[0.079s] [ 56%] Built target franka_msgs__rosidl_typesupport_fastrtps_cpp
[0.090s] [ 67%] Built target franka_msgs__rosidl_typesupport_introspection_c
[0.099s] [ 78%] Built target franka_msgs__rosidl_typesupport_fastrtps_c
[0.113s] [ 78%] Built target franka_msgs
[0.127s] [ 80%] Built target franka_msgs__py
[0.149s] [ 89%] Built target franka_msgs__python
[0.169s] [100%] Built target franka_msgs__rosidl_typesupport_fastrtps_c__pyext
[0.169s] [100%] Built target franka_msgs__rosidl_typesupport_c__pyext
[0.169s] [100%] Built target franka_msgs__rosidl_typesupport_introspection_c__pyext
[0.179s] Invoked command in '/workspaces/citros_example_robotic_arm/franka_ros2_ws/build/franka_msgs' returned '0': CMAKE_PREFIX_PATH=${CMAKE_PREFIX_PATH}:/opt/ros/foxy /usr/bin/cmake --build /workspaces/citros_example_robotic_arm/franka_ros2_ws/build/franka_msgs -- -j20 -l20
[0.312s] Invoking command in '/workspaces/citros_example_robotic_arm/franka_ros2_ws/build/franka_msgs': CMAKE_PREFIX_PATH=${CMAKE_PREFIX_PATH}:/opt/ros/foxy /usr/bin/cmake --install /workspaces/citros_example_robotic_arm/franka_ros2_ws/build/franka_msgs
[0.323s] -- Install configuration: ""
[0.324s] -- Up-to-date: /workspaces/citros_example_robotic_arm/franka_ros2_ws/install/franka_msgs/share/ament_index/resource_index/rosidl_interfaces/franka_msgs
[0.324s] -- Up-to-date: /workspaces/citros_example_robotic_arm/franka_ros2_ws/install/franka_msgs/include/franka_msgs
[0.324s] -- Up-to-date: /workspaces/citros_example_robotic_arm/franka_ros2_ws/install/franka_msgs/include/franka_msgs/msg
[0.324s] -- Up-to-date: /workspaces/citros_example_robotic_arm/franka_ros2_ws/install/franka_msgs/include/franka_msgs/msg/detail
[0.324s] -- Up-to-date: /workspaces/citros_example_robotic_arm/franka_ros2_ws/install/franka_msgs/include/franka_msgs/msg/detail/grasp_epsilon__type_support.h
[0.325s] -- Up-to-date: /workspaces/citros_example_robotic_arm/franka_ros2_ws/install/franka_msgs/include/franka_msgs/msg/detail/grasp_epsilon__functions.c
[0.325s] -- Up-to-date: /workspaces/citros_example_robotic_arm/franka_ros2_ws/install/franka_msgs/include/franka_msgs/msg/detail/grasp_epsilon__functions.h
[0.325s] -- Up-to-date: /workspaces/citros_example_robotic_arm/franka_ros2_ws/install/franka_msgs/include/franka_msgs/msg/detail/grasp_epsilon__struct.h
[0.325s] -- Up-to-date: /workspaces/citros_example_robotic_arm/franka_ros2_ws/install/franka_msgs/include/franka_msgs/msg/grasp_epsilon.h
[0.325s] -- Up-to-date: /workspaces/citros_example_robotic_arm/franka_ros2_ws/install/franka_msgs/include/franka_msgs/msg/rosidl_generator_c__visibility_control.h
[0.326s] -- Up-to-date: /workspaces/citros_example_robotic_arm/franka_ros2_ws/install/franka_msgs/include/franka_msgs/action
[0.326s] -- Up-to-date: /workspaces/citros_example_robotic_arm/franka_ros2_ws/install/franka_msgs/include/franka_msgs/action/move.h
[0.326s] -- Up-to-date: /workspaces/citros_example_robotic_arm/franka_ros2_ws/install/franka_msgs/include/franka_msgs/action/detail
[0.326s] -- Up-to-date: /workspaces/citros_example_robotic_arm/franka_ros2_ws/install/franka_msgs/include/franka_msgs/action/detail/move__functions.h
[0.326s] -- Up-to-date: /workspaces/citros_example_robotic_arm/franka_ros2_ws/install/franka_msgs/include/franka_msgs/action/detail/homing__functions.c
[0.326s] -- Up-to-date: /workspaces/citros_example_robotic_arm/franka_ros2_ws/install/franka_msgs/include/franka_msgs/action/detail/move__functions.c
[0.326s] -- Up-to-date: /workspaces/citros_example_robotic_arm/franka_ros2_ws/install/franka_msgs/include/franka_msgs/action/detail/homing__struct.h
[0.326s] -- Up-to-date: /workspaces/citros_example_robotic_arm/franka_ros2_ws/install/franka_msgs/include/franka_msgs/action/detail/grasp__functions.c
[0.326s] -- Up-to-date: /workspaces/citros_example_robotic_arm/franka_ros2_ws/install/franka_msgs/include/franka_msgs/action/detail/grasp__functions.h
[0.326s] -- Up-to-date: /workspaces/citros_example_robotic_arm/franka_ros2_ws/install/franka_msgs/include/franka_msgs/action/detail/grasp__type_support.h
[0.326s] -- Up-to-date: /workspaces/citros_example_robotic_arm/franka_ros2_ws/install/franka_msgs/include/franka_msgs/action/detail/grasp__struct.h
[0.326s] -- Up-to-date: /workspaces/citros_example_robotic_arm/franka_ros2_ws/install/franka_msgs/include/franka_msgs/action/detail/move__struct.h
[0.327s] -- Up-to-date: /workspaces/citros_example_robotic_arm/franka_ros2_ws/install/franka_msgs/include/franka_msgs/action/detail/homing__type_support.h
[0.327s] -- Up-to-date: /workspaces/citros_example_robotic_arm/franka_ros2_ws/install/franka_msgs/include/franka_msgs/action/detail/homing__functions.h
[0.327s] -- Up-to-date: /workspaces/citros_example_robotic_arm/franka_ros2_ws/install/franka_msgs/include/franka_msgs/action/detail/move__type_support.h
[0.327s] -- Up-to-date: /workspaces/citros_example_robotic_arm/franka_ros2_ws/install/franka_msgs/include/franka_msgs/action/grasp.h
[0.327s] -- Up-to-date: /workspaces/citros_example_robotic_arm/franka_ros2_ws/install/franka_msgs/include/franka_msgs/action/homing.h
[0.327s] -- Up-to-date: /workspaces/citros_example_robotic_arm/franka_ros2_ws/install/franka_msgs/share/franka_msgs/environment/library_path.sh
[0.327s] -- Up-to-date: /workspaces/citros_example_robotic_arm/franka_ros2_ws/install/franka_msgs/share/franka_msgs/environment/library_path.dsv
[0.327s] -- Up-to-date: /workspaces/citros_example_robotic_arm/franka_ros2_ws/install/franka_msgs/lib/libfranka_msgs__rosidl_generator_c.so
[0.327s] -- Up-to-date: /workspaces/citros_example_robotic_arm/franka_ros2_ws/install/franka_msgs/include/franka_msgs
[0.327s] -- Up-to-date: /workspaces/citros_example_robotic_arm/franka_ros2_ws/install/franka_msgs/include/franka_msgs/msg
[0.327s] -- Up-to-date: /workspaces/citros_example_robotic_arm/franka_ros2_ws/install/franka_msgs/include/franka_msgs/msg/detail
[0.327s] -- Up-to-date: /workspaces/citros_example_robotic_arm/franka_ros2_ws/install/franka_msgs/include/franka_msgs/msg/detail/grasp_epsilon__rosidl_typesupport_fastrtps_c.h
[0.328s] -- Up-to-date: /workspaces/citros_example_robotic_arm/franka_ros2_ws/install/franka_msgs/include/franka_msgs/msg/rosidl_typesupport_fastrtps_c__visibility_control.h
[0.328s] -- Up-to-date: /workspaces/citros_example_robotic_arm/franka_ros2_ws/install/franka_msgs/include/franka_msgs/action
[0.328s] -- Up-to-date: /workspaces/citros_example_robotic_arm/franka_ros2_ws/install/franka_msgs/include/franka_msgs/action/detail
[0.328s] -- Up-to-date: /workspaces/citros_example_robotic_arm/franka_ros2_ws/install/franka_msgs/include/franka_msgs/action/detail/homing__rosidl_typesupport_fastrtps_c.h
[0.328s] -- Up-to-date: /workspaces/citros_example_robotic_arm/franka_ros2_ws/install/franka_msgs/include/franka_msgs/action/detail/grasp__rosidl_typesupport_fastrtps_c.h
[0.328s] -- Up-to-date: /workspaces/citros_example_robotic_arm/franka_ros2_ws/install/franka_msgs/include/franka_msgs/action/detail/move__rosidl_typesupport_fastrtps_c.h
[0.328s] -- Up-to-date: /workspaces/citros_example_robotic_arm/franka_ros2_ws/install/franka_msgs/lib/libfranka_msgs__rosidl_typesupport_fastrtps_c.so
[0.328s] -- Up-to-date: /workspaces/citros_example_robotic_arm/franka_ros2_ws/install/franka_msgs/include/franka_msgs
[0.328s] -- Up-to-date: /workspaces/citros_example_robotic_arm/franka_ros2_ws/install/franka_msgs/include/franka_msgs/msg
[0.328s] -- Up-to-date: /workspaces/citros_example_robotic_arm/franka_ros2_ws/install/franka_msgs/include/franka_msgs/msg/detail
[0.328s] -- Up-to-date: /workspaces/citros_example_robotic_arm/franka_ros2_ws/install/franka_msgs/include/franka_msgs/msg/detail/grasp_epsilon__rosidl_typesupport_fastrtps_cpp.hpp
[0.328s] -- Up-to-date: /workspaces/citros_example_robotic_arm/franka_ros2_ws/install/franka_msgs/include/franka_msgs/msg/detail/dds_fastrtps
[0.329s] -- Up-to-date: /workspaces/citros_example_robotic_arm/franka_ros2_ws/install/franka_msgs/include/franka_msgs/msg/rosidl_typesupport_fastrtps_cpp__visibility_control.h
[0.329s] -- Up-to-date: /workspaces/citros_example_robotic_arm/franka_ros2_ws/install/franka_msgs/include/franka_msgs/action
[0.329s] -- Up-to-date: /workspaces/citros_example_robotic_arm/franka_ros2_ws/install/franka_msgs/include/franka_msgs/action/detail
[0.329s] -- Up-to-date: /workspaces/citros_example_robotic_arm/franka_ros2_ws/install/franka_msgs/include/franka_msgs/action/detail/dds_fastrtps
[0.329s] -- Up-to-date: /workspaces/citros_example_robotic_arm/franka_ros2_ws/install/franka_msgs/include/franka_msgs/action/detail/grasp__rosidl_typesupport_fastrtps_cpp.hpp
[0.329s] -- Up-to-date: /workspaces/citros_example_robotic_arm/franka_ros2_ws/install/franka_msgs/include/franka_msgs/action/detail/move__rosidl_typesupport_fastrtps_cpp.hpp
[0.329s] -- Up-to-date: /workspaces/citros_example_robotic_arm/franka_ros2_ws/install/franka_msgs/include/franka_msgs/action/detail/homing__rosidl_typesupport_fastrtps_cpp.hpp
[0.329s] -- Up-to-date: /workspaces/citros_example_robotic_arm/franka_ros2_ws/install/franka_msgs/lib/libfranka_msgs__rosidl_typesupport_fastrtps_cpp.so
[0.329s] -- Up-to-date: /workspaces/citros_example_robotic_arm/franka_ros2_ws/install/franka_msgs/include/franka_msgs
[0.329s] -- Up-to-date: /workspaces/citros_example_robotic_arm/franka_ros2_ws/install/franka_msgs/include/franka_msgs/msg
[0.329s] -- Up-to-date: /workspaces/citros_example_robotic_arm/franka_ros2_ws/install/franka_msgs/include/franka_msgs/msg/rosidl_typesupport_introspection_c__visibility_control.h
[0.329s] -- Up-to-date: /workspaces/citros_example_robotic_arm/franka_ros2_ws/install/franka_msgs/include/franka_msgs/msg/detail
[0.330s] -- Up-to-date: /workspaces/citros_example_robotic_arm/franka_ros2_ws/install/franka_msgs/include/franka_msgs/msg/detail/grasp_epsilon__type_support.c
[0.330s] -- Up-to-date: /workspaces/citros_example_robotic_arm/franka_ros2_ws/install/franka_msgs/include/franka_msgs/msg/detail/grasp_epsilon__rosidl_typesupport_introspection_c.h
[0.330s] -- Up-to-date: /workspaces/citros_example_robotic_arm/franka_ros2_ws/install/franka_msgs/include/franka_msgs/action
[0.330s] -- Up-to-date: /workspaces/citros_example_robotic_arm/franka_ros2_ws/install/franka_msgs/include/franka_msgs/action/detail
[0.330s] -- Up-to-date: /workspaces/citros_example_robotic_arm/franka_ros2_ws/install/franka_msgs/include/franka_msgs/action/detail/grasp__rosidl_typesupport_introspection_c.h
[0.330s] -- Up-to-date: /workspaces/citros_example_robotic_arm/franka_ros2_ws/install/franka_msgs/include/franka_msgs/action/detail/homing__rosidl_typesupport_introspection_c.h
[0.330s] -- Up-to-date: /workspaces/citros_example_robotic_arm/franka_ros2_ws/install/franka_msgs/include/franka_msgs/action/detail/grasp__type_support.c
[0.330s] -- Up-to-date: /workspaces/citros_example_robotic_arm/franka_ros2_ws/install/franka_msgs/include/franka_msgs/action/detail/homing__type_support.c
[0.330s] -- Up-to-date: /workspaces/citros_example_robotic_arm/franka_ros2_ws/install/franka_msgs/include/franka_msgs/action/detail/move__rosidl_typesupport_introspection_c.h
[0.330s] -- Up-to-date: /workspaces/citros_example_robotic_arm/franka_ros2_ws/install/franka_msgs/include/franka_msgs/action/detail/move__type_support.c
[0.330s] -- Up-to-date: /workspaces/citros_example_robotic_arm/franka_ros2_ws/install/franka_msgs/lib/libfranka_msgs__rosidl_typesupport_introspection_c.so
[0.330s] -- Up-to-date: /workspaces/citros_example_robotic_arm/franka_ros2_ws/install/franka_msgs/lib/libfranka_msgs__rosidl_typesupport_c.so
[0.330s] -- Up-to-date: /workspaces/citros_example_robotic_arm/franka_ros2_ws/install/franka_msgs/include/franka_msgs
[0.331s] -- Up-to-date: /workspaces/citros_example_robotic_arm/franka_ros2_ws/install/franka_msgs/include/franka_msgs/msg
[0.331s] -- Up-to-date: /workspaces/citros_example_robotic_arm/franka_ros2_ws/install/franka_msgs/include/franka_msgs/msg/detail
[0.331s] -- Up-to-date: /workspaces/citros_example_robotic_arm/franka_ros2_ws/install/franka_msgs/include/franka_msgs/msg/detail/grasp_epsilon__struct.hpp
[0.331s] -- Up-to-date: /workspaces/citros_example_robotic_arm/franka_ros2_ws/install/franka_msgs/include/franka_msgs/msg/detail/grasp_epsilon__builder.hpp
[0.331s] -- Up-to-date: /workspaces/citros_example_robotic_arm/franka_ros2_ws/install/franka_msgs/include/franka_msgs/msg/detail/grasp_epsilon__traits.hpp
[0.331s] -- Up-to-date: /workspaces/citros_example_robotic_arm/franka_ros2_ws/install/franka_msgs/include/franka_msgs/msg/grasp_epsilon.hpp
[0.331s] -- Up-to-date: /workspaces/citros_example_robotic_arm/franka_ros2_ws/install/franka_msgs/include/franka_msgs/action
[0.331s] -- Up-to-date: /workspaces/citros_example_robotic_arm/franka_ros2_ws/install/franka_msgs/include/franka_msgs/action/move.hpp
[0.331s] -- Up-to-date: /workspaces/citros_example_robotic_arm/franka_ros2_ws/install/franka_msgs/include/franka_msgs/action/detail
[0.331s] -- Up-to-date: /workspaces/citros_example_robotic_arm/franka_ros2_ws/install/franka_msgs/include/franka_msgs/action/detail/homing__struct.hpp
[0.331s] -- Up-to-date: /workspaces/citros_example_robotic_arm/franka_ros2_ws/install/franka_msgs/include/franka_msgs/action/detail/homing__traits.hpp
[0.332s] -- Up-to-date: /workspaces/citros_example_robotic_arm/franka_ros2_ws/install/franka_msgs/include/franka_msgs/action/detail/grasp__struct.hpp
[0.332s] -- Up-to-date: /workspaces/citros_example_robotic_arm/franka_ros2_ws/install/franka_msgs/include/franka_msgs/action/detail/move__traits.hpp
[0.332s] -- Up-to-date: /workspaces/citros_example_robotic_arm/franka_ros2_ws/install/franka_msgs/include/franka_msgs/action/detail/move__struct.hpp
[0.332s] -- Up-to-date: /workspaces/citros_example_robotic_arm/franka_ros2_ws/install/franka_msgs/include/franka_msgs/action/detail/grasp__traits.hpp
[0.332s] -- Up-to-date: /workspaces/citros_example_robotic_arm/franka_ros2_ws/install/franka_msgs/include/franka_msgs/action/detail/homing__builder.hpp
[0.332s] -- Up-to-date: /workspaces/citros_example_robotic_arm/franka_ros2_ws/install/franka_msgs/include/franka_msgs/action/detail/move__builder.hpp
[0.332s] -- Up-to-date: /workspaces/citros_example_robotic_arm/franka_ros2_ws/install/franka_msgs/include/franka_msgs/action/detail/grasp__builder.hpp
[0.332s] -- Up-to-date: /workspaces/citros_example_robotic_arm/franka_ros2_ws/install/franka_msgs/include/franka_msgs/action/grasp.hpp
[0.332s] -- Up-to-date: /workspaces/citros_example_robotic_arm/franka_ros2_ws/install/franka_msgs/include/franka_msgs/action/homing.hpp
[0.333s] -- Up-to-date: /workspaces/citros_example_robotic_arm/franka_ros2_ws/install/franka_msgs/include/franka_msgs
[0.333s] -- Up-to-date: /workspaces/citros_example_robotic_arm/franka_ros2_ws/install/franka_msgs/include/franka_msgs/msg
[0.333s] -- Up-to-date: /workspaces/citros_example_robotic_arm/franka_ros2_ws/install/franka_msgs/include/franka_msgs/msg/detail
[0.333s] -- Up-to-date: /workspaces/citros_example_robotic_arm/franka_ros2_ws/install/franka_msgs/include/franka_msgs/msg/detail/grasp_epsilon__rosidl_typesupport_introspection_cpp.hpp
[0.333s] -- Up-to-date: /workspaces/citros_example_robotic_arm/franka_ros2_ws/install/franka_msgs/include/franka_msgs/msg/detail/grasp_epsilon__type_support.cpp
[0.333s] -- Up-to-date: /workspaces/citros_example_robotic_arm/franka_ros2_ws/install/franka_msgs/include/franka_msgs/action
[0.333s] -- Up-to-date: /workspaces/citros_example_robotic_arm/franka_ros2_ws/install/franka_msgs/include/franka_msgs/action/detail
[0.333s] -- Up-to-date: /workspaces/citros_example_robotic_arm/franka_ros2_ws/install/franka_msgs/include/franka_msgs/action/detail/grasp__type_support.cpp
[0.333s] -- Up-to-date: /workspaces/citros_example_robotic_arm/franka_ros2_ws/install/franka_msgs/include/franka_msgs/action/detail/move__rosidl_typesupport_introspection_cpp.hpp
[0.333s] -- Up-to-date: /workspaces/citros_example_robotic_arm/franka_ros2_ws/install/franka_msgs/include/franka_msgs/action/detail/homing__rosidl_typesupport_introspection_cpp.hpp
[0.333s] -- Up-to-date: /workspaces/citros_example_robotic_arm/franka_ros2_ws/install/franka_msgs/include/franka_msgs/action/detail/grasp__rosidl_typesupport_introspection_cpp.hpp
[0.333s] -- Up-to-date: /workspaces/citros_example_robotic_arm/franka_ros2_ws/install/franka_msgs/include/franka_msgs/action/detail/homing__type_support.cpp
[0.333s] -- Up-to-date: /workspaces/citros_example_robotic_arm/franka_ros2_ws/install/franka_msgs/include/franka_msgs/action/detail/move__type_support.cpp
[0.333s] -- Up-to-date: /workspaces/citros_example_robotic_arm/franka_ros2_ws/install/franka_msgs/lib/libfranka_msgs__rosidl_typesupport_introspection_cpp.so
[0.333s] -- Up-to-date: /workspaces/citros_example_robotic_arm/franka_ros2_ws/install/franka_msgs/lib/libfranka_msgs__rosidl_typesupport_cpp.so
[0.333s] -- Up-to-date: /workspaces/citros_example_robotic_arm/franka_ros2_ws/install/franka_msgs/share/franka_msgs/environment/pythonpath.sh
[0.333s] -- Up-to-date: /workspaces/citros_example_robotic_arm/franka_ros2_ws/install/franka_msgs/share/franka_msgs/environment/pythonpath.dsv
[0.333s] -- Up-to-date: /workspaces/citros_example_robotic_arm/franka_ros2_ws/install/franka_msgs/lib/python3.8/site-packages/franka_msgs/__init__.py
[0.354s] -- Up-to-date: /workspaces/citros_example_robotic_arm/franka_ros2_ws/install/franka_msgs/lib/python3.8/site-packages/franka_msgs/action
[0.354s] -- Up-to-date: /workspaces/citros_example_robotic_arm/franka_ros2_ws/install/franka_msgs/lib/python3.8/site-packages/franka_msgs/action/_move.py
[0.354s] -- Up-to-date: /workspaces/citros_example_robotic_arm/franka_ros2_ws/install/franka_msgs/lib/python3.8/site-packages/franka_msgs/action/_move_s.c
[0.354s] -- Up-to-date: /workspaces/citros_example_robotic_arm/franka_ros2_ws/install/franka_msgs/lib/python3.8/site-packages/franka_msgs/action/_homing.py
[0.354s] -- Up-to-date: /workspaces/citros_example_robotic_arm/franka_ros2_ws/install/franka_msgs/lib/python3.8/site-packages/franka_msgs/action/_homing_s.c
[0.354s] -- Up-to-date: /workspaces/citros_example_robotic_arm/franka_ros2_ws/install/franka_msgs/lib/python3.8/site-packages/franka_msgs/action/_grasp_s.c
[0.354s] -- Up-to-date: /workspaces/citros_example_robotic_arm/franka_ros2_ws/install/franka_msgs/lib/python3.8/site-packages/franka_msgs/action/__init__.py
[0.354s] -- Up-to-date: /workspaces/citros_example_robotic_arm/franka_ros2_ws/install/franka_msgs/lib/python3.8/site-packages/franka_msgs/action/_grasp.py
[0.355s] -- Up-to-date: /workspaces/citros_example_robotic_arm/franka_ros2_ws/install/franka_msgs/lib/python3.8/site-packages/franka_msgs/msg
[0.355s] -- Up-to-date: /workspaces/citros_example_robotic_arm/franka_ros2_ws/install/franka_msgs/lib/python3.8/site-packages/franka_msgs/msg/_grasp_epsilon_s.c
[0.355s] -- Up-to-date: /workspaces/citros_example_robotic_arm/franka_ros2_ws/install/franka_msgs/lib/python3.8/site-packages/franka_msgs/msg/_grasp_epsilon.py
[0.355s] -- Up-to-date: /workspaces/citros_example_robotic_arm/franka_ros2_ws/install/franka_msgs/lib/python3.8/site-packages/franka_msgs/msg/__init__.py
[0.355s] -- Up-to-date: /workspaces/citros_example_robotic_arm/franka_ros2_ws/install/franka_msgs/lib/python3.8/site-packages/franka_msgs/franka_msgs_s__rosidl_typesupport_fastrtps_c.cpython-38-x86_64-linux-gnu.so
[0.355s] -- Up-to-date: /workspaces/citros_example_robotic_arm/franka_ros2_ws/install/franka_msgs/lib/python3.8/site-packages/franka_msgs/franka_msgs_s__rosidl_typesupport_introspection_c.cpython-38-x86_64-linux-gnu.so
[0.355s] -- Up-to-date: /workspaces/citros_example_robotic_arm/franka_ros2_ws/install/franka_msgs/lib/python3.8/site-packages/franka_msgs/franka_msgs_s__rosidl_typesupport_c.cpython-38-x86_64-linux-gnu.so
[0.355s] -- Up-to-date: /workspaces/citros_example_robotic_arm/franka_ros2_ws/install/franka_msgs/lib/libfranka_msgs__python.so
[0.355s] -- Up-to-date: /workspaces/citros_example_robotic_arm/franka_ros2_ws/install/franka_msgs/share/franka_msgs/action/Grasp.idl
[0.356s] -- Up-to-date: /workspaces/citros_example_robotic_arm/franka_ros2_ws/install/franka_msgs/share/franka_msgs/action/Homing.idl
[0.356s] -- Up-to-date: /workspaces/citros_example_robotic_arm/franka_ros2_ws/install/franka_msgs/share/franka_msgs/action/Move.idl
[0.356s] -- Up-to-date: /workspaces/citros_example_robotic_arm/franka_ros2_ws/install/franka_msgs/share/franka_msgs/msg/GraspEpsilon.idl
[0.356s] -- Up-to-date: /workspaces/citros_example_robotic_arm/franka_ros2_ws/install/franka_msgs/share/franka_msgs/action/Grasp.action
[0.356s] -- Up-to-date: /workspaces/citros_example_robotic_arm/franka_ros2_ws/install/franka_msgs/share/franka_msgs/action/Homing.action
[0.356s] -- Up-to-date: /workspaces/citros_example_robotic_arm/franka_ros2_ws/install/franka_msgs/share/franka_msgs/action/Move.action
[0.356s] -- Up-to-date: /workspaces/citros_example_robotic_arm/franka_ros2_ws/install/franka_msgs/share/franka_msgs/msg/GraspEpsilon.msg
[0.356s] -- Up-to-date: /workspaces/citros_example_robotic_arm/franka_ros2_ws/install/franka_msgs/share/ament_index/resource_index/package_run_dependencies/franka_msgs
[0.356s] -- Up-to-date: /workspaces/citros_example_robotic_arm/franka_ros2_ws/install/franka_msgs/share/ament_index/resource_index/parent_prefix_path/franka_msgs
[0.356s] -- Up-to-date: /workspaces/citros_example_robotic_arm/franka_ros2_ws/install/franka_msgs/share/franka_msgs/environment/ament_prefix_path.sh
[0.356s] -- Up-to-date: /workspaces/citros_example_robotic_arm/franka_ros2_ws/install/franka_msgs/share/franka_msgs/environment/ament_prefix_path.dsv
[0.356s] -- Up-to-date: /workspaces/citros_example_robotic_arm/franka_ros2_ws/install/franka_msgs/share/franka_msgs/environment/path.sh
[0.356s] -- Up-to-date: /workspaces/citros_example_robotic_arm/franka_ros2_ws/install/franka_msgs/share/franka_msgs/environment/path.dsv
[0.356s] -- Up-to-date: /workspaces/citros_example_robotic_arm/franka_ros2_ws/install/franka_msgs/share/franka_msgs/local_setup.bash
[0.356s] -- Up-to-date: /workspaces/citros_example_robotic_arm/franka_ros2_ws/install/franka_msgs/share/franka_msgs/local_setup.sh
[0.356s] -- Up-to-date: /workspaces/citros_example_robotic_arm/franka_ros2_ws/install/franka_msgs/share/franka_msgs/local_setup.zsh
[0.356s] -- Up-to-date: /workspaces/citros_example_robotic_arm/franka_ros2_ws/install/franka_msgs/share/franka_msgs/local_setup.dsv
[0.356s] -- Installing: /workspaces/citros_example_robotic_arm/franka_ros2_ws/install/franka_msgs/share/franka_msgs/package.dsv
[0.356s] -- Up-to-date: /workspaces/citros_example_robotic_arm/franka_ros2_ws/install/franka_msgs/share/ament_index/resource_index/packages/franka_msgs
[0.356s] -- Up-to-date: /workspaces/citros_example_robotic_arm/franka_ros2_ws/install/franka_msgs/share/franka_msgs/cmake/franka_msgs__rosidl_generator_cExport.cmake
[0.356s] -- Up-to-date: /workspaces/citros_example_robotic_arm/franka_ros2_ws/install/franka_msgs/share/franka_msgs/cmake/franka_msgs__rosidl_generator_cExport-noconfig.cmake
[0.356s] -- Up-to-date: /workspaces/citros_example_robotic_arm/franka_ros2_ws/install/franka_msgs/share/franka_msgs/cmake/franka_msgs__rosidl_typesupport_introspection_cExport.cmake
[0.357s] -- Up-to-date: /workspaces/citros_example_robotic_arm/franka_ros2_ws/install/franka_msgs/share/franka_msgs/cmake/franka_msgs__rosidl_typesupport_introspection_cExport-noconfig.cmake
[0.357s] -- Up-to-date: /workspaces/citros_example_robotic_arm/franka_ros2_ws/install/franka_msgs/share/franka_msgs/cmake/franka_msgs__rosidl_typesupport_cExport.cmake
[0.357s] -- Up-to-date: /workspaces/citros_example_robotic_arm/franka_ros2_ws/install/franka_msgs/share/franka_msgs/cmake/franka_msgs__rosidl_typesupport_cExport-noconfig.cmake
[0.357s] -- Up-to-date: /workspaces/citros_example_robotic_arm/franka_ros2_ws/install/franka_msgs/share/franka_msgs/cmake/franka_msgs__rosidl_generator_cppExport.cmake
[0.357s] -- Up-to-date: /workspaces/citros_example_robotic_arm/franka_ros2_ws/install/franka_msgs/share/franka_msgs/cmake/franka_msgs__rosidl_typesupport_introspection_cppExport.cmake
[0.357s] -- Up-to-date: /workspaces/citros_example_robotic_arm/franka_ros2_ws/install/franka_msgs/share/franka_msgs/cmake/franka_msgs__rosidl_typesupport_introspection_cppExport-noconfig.cmake
[0.357s] -- Up-to-date: /workspaces/citros_example_robotic_arm/franka_ros2_ws/install/franka_msgs/share/franka_msgs/cmake/franka_msgs__rosidl_typesupport_cppExport.cmake
[0.357s] -- Up-to-date: /workspaces/citros_example_robotic_arm/franka_ros2_ws/install/franka_msgs/share/franka_msgs/cmake/franka_msgs__rosidl_typesupport_cppExport-noconfig.cmake
[0.357s] -- Up-to-date: /workspaces/citros_example_robotic_arm/franka_ros2_ws/install/franka_msgs/share/franka_msgs/cmake/rosidl_cmake-extras.cmake
[0.357s] -- Up-to-date: /workspaces/citros_example_robotic_arm/franka_ros2_ws/install/franka_msgs/share/franka_msgs/cmake/ament_cmake_export_dependencies-extras.cmake
[0.357s] -- Up-to-date: /workspaces/citros_example_robotic_arm/franka_ros2_ws/install/franka_msgs/share/franka_msgs/cmake/ament_cmake_export_libraries-extras.cmake
[0.357s] -- Up-to-date: /workspaces/citros_example_robotic_arm/franka_ros2_ws/install/franka_msgs/share/franka_msgs/cmake/ament_cmake_export_targets-extras.cmake
[0.357s] -- Up-to-date: /workspaces/citros_example_robotic_arm/franka_ros2_ws/install/franka_msgs/share/franka_msgs/cmake/ament_cmake_export_include_directories-extras.cmake
[0.357s] -- Up-to-date: /workspaces/citros_example_robotic_arm/franka_ros2_ws/install/franka_msgs/share/franka_msgs/cmake/rosidl_cmake_export_typesupport_libraries-extras.cmake
[0.357s] -- Up-to-date: /workspaces/citros_example_robotic_arm/franka_ros2_ws/install/franka_msgs/share/franka_msgs/cmake/rosidl_cmake_export_typesupport_targets-extras.cmake
[0.357s] -- Up-to-date: /workspaces/citros_example_robotic_arm/franka_ros2_ws/install/franka_msgs/share/franka_msgs/cmake/franka_msgsConfig.cmake
[0.357s] -- Up-to-date: /workspaces/citros_example_robotic_arm/franka_ros2_ws/install/franka_msgs/share/franka_msgs/cmake/franka_msgsConfig-version.cmake
[0.357s] -- Up-to-date: /workspaces/citros_example_robotic_arm/franka_ros2_ws/install/franka_msgs/share/franka_msgs/package.xml
[0.361s] Invoked command in '/workspaces/citros_example_robotic_arm/franka_ros2_ws/build/franka_msgs' returned '0': CMAKE_PREFIX_PATH=${CMAKE_PREFIX_PATH}:/opt/ros/foxy /usr/bin/cmake --install /workspaces/citros_example_robotic_arm/franka_ros2_ws/build/franka_msgs
