[0.017s] Invoking command in '/workspaces/citros_example_robotic_arm/franka_ros2_ws/build/franka_hardware': AMENT_PREFIX_PATH=/workspaces/citros_example_robotic_arm/franka_ros2_ws/install/franka_msgs:${AMENT_PREFIX_PATH} CMAKE_PREFIX_PATH=/workspaces/citros_example_robotic_arm/franka_ros2_ws/install/franka_msgs:/opt/ros/foxy LD_LIBRARY_PATH=/workspaces/citros_example_robotic_arm/franka_ros2_ws/install/franka_msgs/lib:${LD_LIBRARY_PATH} PYTHONPATH=/workspaces/citros_example_robotic_arm/franka_ros2_ws/install/franka_msgs/lib/python3.8/site-packages:${PYTHONPATH} /usr/bin/cmake /workspaces/citros_example_robotic_arm/franka_ros2_ws/src/franka_ros2/franka_hardware -DCMAKE_INSTALL_PREFIX=/workspaces/citros_example_robotic_arm/franka_ros2_ws/install/franka_hardware
[0.051s] -- The C compiler identification is GNU 9.4.0
[0.086s] -- The CXX compiler identification is GNU 9.4.0
[0.089s] -- Check for working C compiler: /usr/bin/cc
[0.133s] -- Check for working C compiler: /usr/bin/cc -- works
[0.133s] -- Detecting C compiler ABI info
[0.179s] -- Detecting C compiler ABI info - done
[0.187s] -- Detecting C compile features
[0.187s] -- Detecting C compile features - done
[0.188s] -- Check for working CXX compiler: /usr/bin/c++
[0.239s] -- Check for working CXX compiler: /usr/bin/c++ -- works
[0.240s] -- Detecting CXX compiler ABI info
[0.290s] -- Detecting CXX compiler ABI info - done
[0.298s] -- Detecting CXX compile features
[0.299s] -- Detecting CXX compile features - done
[0.301s] -- Found ament_cmake: 0.9.11 (/opt/ros/foxy/share/ament_cmake/cmake)
[0.318s] -- Found PythonInterp: /usr/bin/python3 (found suitable version "3.8.10", minimum required is "3") 
[0.318s] -- Using PYTHON_EXECUTABLE: /usr/bin/python3
[0.438s] -- Found rclcpp: 2.4.2 (/opt/ros/foxy/share/rclcpp/cmake)
[0.472s] -- Using all available rosidl_typesupport_c: rosidl_typesupport_fastrtps_c;rosidl_typesupport_introspection_c
[0.478s] -- Found rosidl_adapter: 1.3.0 (/opt/ros/foxy/share/rosidl_adapter/cmake)
[0.539s] -- Found OpenSSL: /usr/lib/x86_64-linux-gnu/libcrypto.so (found version "1.1.1f")  
[0.563s] -- Found FastRTPS: /opt/ros/foxy/include  
[0.627s] -- Using all available rosidl_typesupport_cpp: rosidl_typesupport_fastrtps_cpp;rosidl_typesupport_introspection_cpp
[0.666s] -- Found rmw_implementation_cmake: 1.0.3 (/opt/ros/foxy/share/rmw_implementation_cmake/cmake)
[0.667s] -- Using RMW implementation 'rmw_cyclonedds_cpp' as default
[0.668s] -- Looking for pthread.h
[0.713s] -- Looking for pthread.h - found
[0.713s] -- Performing Test CMAKE_HAVE_LIBC_PTHREAD
[0.759s] -- Performing Test CMAKE_HAVE_LIBC_PTHREAD - Failed
[0.760s] -- Looking for pthread_create in pthreads
[0.797s] -- Looking for pthread_create in pthreads - not found
[0.797s] -- Looking for pthread_create in pthread
[0.843s] -- Looking for pthread_create in pthread - found
[0.844s] -- Found Threads: TRUE  
[0.952s] -- Found franka_msgs: 0.0.0 (/workspaces/citros_example_robotic_arm/franka_ros2_ws/install/franka_msgs/share/franka_msgs/cmake)
[1.042s] -- Found hardware_interface: 0.11.0 (/opt/ros/foxy/share/hardware_interface/cmake)
[1.327s] -- Check if compiler accepts -pthread
[1.375s] -- Check if compiler accepts -pthread - yes
[1.387s] -- Found ament_cmake_clang_format: 0.9.7 (/opt/ros/foxy/share/ament_cmake_clang_format/cmake)
[1.388s] -- Found ament_cmake_copyright: 0.9.7 (/opt/ros/foxy/share/ament_cmake_copyright/cmake)
[1.390s] -- Found ament_cmake_cppcheck: 0.9.7 (/opt/ros/foxy/share/ament_cmake_cppcheck/cmake)
[1.391s] -- Found ament_cmake_flake8: 0.9.7 (/opt/ros/foxy/share/ament_cmake_flake8/cmake)
[1.392s] -- Found ament_cmake_lint_cmake: 0.9.7 (/opt/ros/foxy/share/ament_cmake_lint_cmake/cmake)
[1.394s] -- Found ament_cmake_pep257: 0.9.7 (/opt/ros/foxy/share/ament_cmake_pep257/cmake)
[1.395s] -- Found ament_cmake_xmllint: 0.9.7 (/opt/ros/foxy/share/ament_cmake_xmllint/cmake)
[1.441s] -- Configuring done
[1.453s] -- Generating done
[1.454s] -- Build files have been written to: /workspaces/citros_example_robotic_arm/franka_ros2_ws/build/franka_hardware
[1.460s] Invoked command in '/workspaces/citros_example_robotic_arm/franka_ros2_ws/build/franka_hardware' returned '0': AMENT_PREFIX_PATH=/workspaces/citros_example_robotic_arm/franka_ros2_ws/install/franka_msgs:${AMENT_PREFIX_PATH} CMAKE_PREFIX_PATH=/workspaces/citros_example_robotic_arm/franka_ros2_ws/install/franka_msgs:/opt/ros/foxy LD_LIBRARY_PATH=/workspaces/citros_example_robotic_arm/franka_ros2_ws/install/franka_msgs/lib:${LD_LIBRARY_PATH} PYTHONPATH=/workspaces/citros_example_robotic_arm/franka_ros2_ws/install/franka_msgs/lib/python3.8/site-packages:${PYTHONPATH} /usr/bin/cmake /workspaces/citros_example_robotic_arm/franka_ros2_ws/src/franka_ros2/franka_hardware -DCMAKE_INSTALL_PREFIX=/workspaces/citros_example_robotic_arm/franka_ros2_ws/install/franka_hardware
[1.462s] Invoking command in '/workspaces/citros_example_robotic_arm/franka_ros2_ws/build/franka_hardware': AMENT_PREFIX_PATH=/workspaces/citros_example_robotic_arm/franka_ros2_ws/install/franka_msgs:${AMENT_PREFIX_PATH} CMAKE_PREFIX_PATH=/workspaces/citros_example_robotic_arm/franka_ros2_ws/install/franka_msgs:/opt/ros/foxy LD_LIBRARY_PATH=/workspaces/citros_example_robotic_arm/franka_ros2_ws/install/franka_msgs/lib:${LD_LIBRARY_PATH} PYTHONPATH=/workspaces/citros_example_robotic_arm/franka_ros2_ws/install/franka_msgs/lib/python3.8/site-packages:${PYTHONPATH} /usr/bin/cmake --build /workspaces/citros_example_robotic_arm/franka_ros2_ws/build/franka_hardware -- -j20 -l20
[1.491s] [35m[1mScanning dependencies of target franka_hardware[0m
[1.517s] [ 33%] [32mBuilding CXX object CMakeFiles/franka_hardware.dir/src/franka_hardware_interface.cpp.o[0m
[1.519s] [ 66%] [32mBuilding CXX object CMakeFiles/franka_hardware.dir/src/robot.cpp.o[0m
[3.140s] [100%] [32m[1mLinking CXX shared library libfranka_hardware.so[0m
[3.254s] [100%] Built target franka_hardware
[3.263s] Invoked command in '/workspaces/citros_example_robotic_arm/franka_ros2_ws/build/franka_hardware' returned '0': AMENT_PREFIX_PATH=/workspaces/citros_example_robotic_arm/franka_ros2_ws/install/franka_msgs:${AMENT_PREFIX_PATH} CMAKE_PREFIX_PATH=/workspaces/citros_example_robotic_arm/franka_ros2_ws/install/franka_msgs:/opt/ros/foxy LD_LIBRARY_PATH=/workspaces/citros_example_robotic_arm/franka_ros2_ws/install/franka_msgs/lib:${LD_LIBRARY_PATH} PYTHONPATH=/workspaces/citros_example_robotic_arm/franka_ros2_ws/install/franka_msgs/lib/python3.8/site-packages:${PYTHONPATH} /usr/bin/cmake --build /workspaces/citros_example_robotic_arm/franka_ros2_ws/build/franka_hardware -- -j20 -l20
[3.281s] Invoking command in '/workspaces/citros_example_robotic_arm/franka_ros2_ws/build/franka_hardware': AMENT_PREFIX_PATH=/workspaces/citros_example_robotic_arm/franka_ros2_ws/install/franka_msgs:${AMENT_PREFIX_PATH} CMAKE_PREFIX_PATH=/workspaces/citros_example_robotic_arm/franka_ros2_ws/install/franka_msgs:/opt/ros/foxy LD_LIBRARY_PATH=/workspaces/citros_example_robotic_arm/franka_ros2_ws/install/franka_msgs/lib:${LD_LIBRARY_PATH} PYTHONPATH=/workspaces/citros_example_robotic_arm/franka_ros2_ws/install/franka_msgs/lib/python3.8/site-packages:${PYTHONPATH} /usr/bin/cmake --install /workspaces/citros_example_robotic_arm/franka_ros2_ws/build/franka_hardware
[3.287s] -- Install configuration: ""
[3.287s] -- Installing: /workspaces/citros_example_robotic_arm/franka_ros2_ws/install/franka_hardware/share/franka_hardware/franka_hardware.xml
[3.287s] -- Installing: /workspaces/citros_example_robotic_arm/franka_ros2_ws/install/franka_hardware/lib/libfranka_hardware.so
[3.288s] -- Set runtime path of "/workspaces/citros_example_robotic_arm/franka_ros2_ws/install/franka_hardware/lib/libfranka_hardware.so" to ""
[3.288s] -- Installing: /workspaces/citros_example_robotic_arm/franka_ros2_ws/install/franka_hardware/include
[3.288s] -- Installing: /workspaces/citros_example_robotic_arm/franka_ros2_ws/install/franka_hardware/include/franka_hardware
[3.288s] -- Installing: /workspaces/citros_example_robotic_arm/franka_ros2_ws/install/franka_hardware/include/franka_hardware/franka_hardware_interface.hpp
[3.288s] -- Installing: /workspaces/citros_example_robotic_arm/franka_ros2_ws/install/franka_hardware/include/franka_hardware/robot.hpp
[3.288s] -- Installing: /workspaces/citros_example_robotic_arm/franka_ros2_ws/install/franka_hardware/share/franka_hardware/environment/library_path.sh
[3.289s] -- Installing: /workspaces/citros_example_robotic_arm/franka_ros2_ws/install/franka_hardware/share/franka_hardware/environment/library_path.dsv
[3.289s] -- Installing: /workspaces/citros_example_robotic_arm/franka_ros2_ws/install/franka_hardware/share/ament_index/resource_index/package_run_dependencies/franka_hardware
[3.289s] -- Installing: /workspaces/citros_example_robotic_arm/franka_ros2_ws/install/franka_hardware/share/ament_index/resource_index/parent_prefix_path/franka_hardware
[3.289s] -- Installing: /workspaces/citros_example_robotic_arm/franka_ros2_ws/install/franka_hardware/share/franka_hardware/environment/ament_prefix_path.sh
[3.289s] -- Installing: /workspaces/citros_example_robotic_arm/franka_ros2_ws/install/franka_hardware/share/franka_hardware/environment/ament_prefix_path.dsv
[3.289s] -- Installing: /workspaces/citros_example_robotic_arm/franka_ros2_ws/install/franka_hardware/share/franka_hardware/environment/path.sh
[3.289s] -- Installing: /workspaces/citros_example_robotic_arm/franka_ros2_ws/install/franka_hardware/share/franka_hardware/environment/path.dsv
[3.289s] -- Installing: /workspaces/citros_example_robotic_arm/franka_ros2_ws/install/franka_hardware/share/franka_hardware/local_setup.bash
[3.289s] -- Installing: /workspaces/citros_example_robotic_arm/franka_ros2_ws/install/franka_hardware/share/franka_hardware/local_setup.sh
[3.289s] -- Installing: /workspaces/citros_example_robotic_arm/franka_ros2_ws/install/franka_hardware/share/franka_hardware/local_setup.zsh
[3.289s] -- Installing: /workspaces/citros_example_robotic_arm/franka_ros2_ws/install/franka_hardware/share/franka_hardware/local_setup.dsv
[3.289s] -- Installing: /workspaces/citros_example_robotic_arm/franka_ros2_ws/install/franka_hardware/share/franka_hardware/package.dsv
[3.289s] -- Installing: /workspaces/citros_example_robotic_arm/franka_ros2_ws/install/franka_hardware/share/ament_index/resource_index/packages/franka_hardware
[3.290s] -- Installing: /workspaces/citros_example_robotic_arm/franka_ros2_ws/install/franka_hardware/share/ament_index/resource_index/hardware_interface__pluginlib__plugin/franka_hardware
[3.290s] -- Installing: /workspaces/citros_example_robotic_arm/franka_ros2_ws/install/franka_hardware/share/franka_hardware/cmake/ament_cmake_export_include_directories-extras.cmake
[3.290s] -- Installing: /workspaces/citros_example_robotic_arm/franka_ros2_ws/install/franka_hardware/share/franka_hardware/cmake/ament_cmake_export_libraries-extras.cmake
[3.290s] -- Installing: /workspaces/citros_example_robotic_arm/franka_ros2_ws/install/franka_hardware/share/franka_hardware/cmake/ament_cmake_export_dependencies-extras.cmake
[3.290s] -- Installing: /workspaces/citros_example_robotic_arm/franka_ros2_ws/install/franka_hardware/share/franka_hardware/cmake/franka_hardwareConfig.cmake
[3.290s] -- Installing: /workspaces/citros_example_robotic_arm/franka_ros2_ws/install/franka_hardware/share/franka_hardware/cmake/franka_hardwareConfig-version.cmake
[3.290s] -- Installing: /workspaces/citros_example_robotic_arm/franka_ros2_ws/install/franka_hardware/share/franka_hardware/package.xml
[3.293s] Invoked command in '/workspaces/citros_example_robotic_arm/franka_ros2_ws/build/franka_hardware' returned '0': AMENT_PREFIX_PATH=/workspaces/citros_example_robotic_arm/franka_ros2_ws/install/franka_msgs:${AMENT_PREFIX_PATH} CMAKE_PREFIX_PATH=/workspaces/citros_example_robotic_arm/franka_ros2_ws/install/franka_msgs:/opt/ros/foxy LD_LIBRARY_PATH=/workspaces/citros_example_robotic_arm/franka_ros2_ws/install/franka_msgs/lib:${LD_LIBRARY_PATH} PYTHONPATH=/workspaces/citros_example_robotic_arm/franka_ros2_ws/install/franka_msgs/lib/python3.8/site-packages:${PYTHONPATH} /usr/bin/cmake --install /workspaces/citros_example_robotic_arm/franka_ros2_ws/build/franka_hardware
