[0.095s] DEBUG:colcon:Command line arguments: ['/usr/bin/colcon', 'build']
[0.095s] DEBUG:colcon:Parsed command line arguments: Namespace(ament_cmake_args=None, base_paths=['.'], build_base='build', catkin_cmake_args=None, catkin_skip_building_tests=False, cmake_args=None, cmake_clean_cache=False, cmake_clean_first=False, cmake_force_configure=False, cmake_target=None, cmake_target_skip_unavailable=False, continue_on_error=False, event_handlers=None, executor='parallel', ignore_user_meta=False, install_base='install', log_base=None, log_level=None, main=<bound method BuildVerb.main of <colcon_core.verb.build.BuildVerb object at 0x7f4d6bfc9a00>>, merge_install=False, metas=['./colcon.meta'], mixin=None, mixin_files=None, mixin_verb=('build',), packages_above=None, packages_above_and_dependencies=None, packages_above_depth=None, packages_end=None, packages_ignore=None, packages_ignore_regex=None, packages_select=None, packages_select_build_failed=False, packages_select_by_dep=None, packages_select_regex=None, packages_select_test_failures=False, packages_skip=None, packages_skip_build_finished=False, packages_skip_by_dep=None, packages_skip_regex=None, packages_skip_test_passed=False, packages_skip_up_to=None, packages_start=None, packages_up_to=None, packages_up_to_regex=None, parallel_workers=20, paths=None, symlink_install=False, test_result_base=None, verb_extension=<colcon_core.verb.build.BuildVerb object at 0x7f4d6bfc9a00>, verb_name='build', verb_parser=<colcon_mixin.mixin.mixin_argument.MixinArgumentDecorator object at 0x7f4d6bfc9fd0>)
[0.108s] Level 1:colcon.colcon_core.package_discovery:discover_packages(colcon_meta) check parameters
[0.108s] Level 1:colcon.colcon_core.package_discovery:discover_packages(recursive) check parameters
[0.109s] Level 1:colcon.colcon_core.package_discovery:discover_packages(ignore) check parameters
[0.109s] Level 1:colcon.colcon_core.package_discovery:discover_packages(path) check parameters
[0.109s] Level 1:colcon.colcon_core.package_discovery:discover_packages(colcon_meta) discover
[0.109s] Level 1:colcon.colcon_core.package_discovery:discover_packages(recursive) discover
[0.109s] INFO:colcon.colcon_core.package_discovery:Crawling recursively for packages in '/workspaces/citros_example_robotic_arm/ros2_ws'
[0.109s] Level 1:colcon.colcon_core.package_identification:_identify(.) by extensions ['ignore', 'ignore_ament_install']
[0.109s] Level 1:colcon.colcon_core.package_identification:_identify(.) by extension 'ignore'
[0.109s] Level 1:colcon.colcon_core.package_identification:_identify(.) by extension 'ignore_ament_install'
[0.109s] Level 1:colcon.colcon_core.package_identification:_identify(.) by extensions ['colcon_pkg']
[0.109s] Level 1:colcon.colcon_core.package_identification:_identify(.) by extension 'colcon_pkg'
[0.109s] Level 1:colcon.colcon_core.package_identification:_identify(.) by extensions ['colcon_meta']
[0.109s] Level 1:colcon.colcon_core.package_identification:_identify(.) by extension 'colcon_meta'
[0.109s] Level 1:colcon.colcon_core.package_identification:_identify(.) by extensions ['ros']
[0.109s] Level 1:colcon.colcon_core.package_identification:_identify(.) by extension 'ros'
[0.116s] Level 1:colcon.colcon_core.package_identification:_identify(.) by extensions ['cmake', 'python']
[0.116s] Level 1:colcon.colcon_core.package_identification:_identify(.) by extension 'cmake'
[0.116s] Level 1:colcon.colcon_core.package_identification:_identify(.) by extension 'python'
[0.116s] Level 1:colcon.colcon_core.package_identification:_identify(.) by extensions ['python_setup_py']
[0.116s] Level 1:colcon.colcon_core.package_identification:_identify(.) by extension 'python_setup_py'
[0.116s] Level 1:colcon.colcon_core.package_identification:_identify(build) by extensions ['ignore', 'ignore_ament_install']
[0.116s] Level 1:colcon.colcon_core.package_identification:_identify(build) by extension 'ignore'
[0.116s] Level 1:colcon.colcon_core.package_identification:_identify(build) ignored
[0.116s] Level 1:colcon.colcon_core.package_identification:_identify(install) by extensions ['ignore', 'ignore_ament_install']
[0.117s] Level 1:colcon.colcon_core.package_identification:_identify(install) by extension 'ignore'
[0.117s] Level 1:colcon.colcon_core.package_identification:_identify(install) ignored
[0.117s] Level 1:colcon.colcon_core.package_identification:_identify(log) by extensions ['ignore', 'ignore_ament_install']
[0.117s] Level 1:colcon.colcon_core.package_identification:_identify(log) by extension 'ignore'
[0.117s] Level 1:colcon.colcon_core.package_identification:_identify(log) ignored
[0.117s] Level 1:colcon.colcon_core.package_identification:_identify(src) by extensions ['ignore', 'ignore_ament_install']
[0.117s] Level 1:colcon.colcon_core.package_identification:_identify(src) by extension 'ignore'
[0.117s] Level 1:colcon.colcon_core.package_identification:_identify(src) by extension 'ignore_ament_install'
[0.117s] Level 1:colcon.colcon_core.package_identification:_identify(src) by extensions ['colcon_pkg']
[0.117s] Level 1:colcon.colcon_core.package_identification:_identify(src) by extension 'colcon_pkg'
[0.117s] Level 1:colcon.colcon_core.package_identification:_identify(src) by extensions ['colcon_meta']
[0.117s] Level 1:colcon.colcon_core.package_identification:_identify(src) by extension 'colcon_meta'
[0.117s] Level 1:colcon.colcon_core.package_identification:_identify(src) by extensions ['ros']
[0.117s] Level 1:colcon.colcon_core.package_identification:_identify(src) by extension 'ros'
[0.117s] Level 1:colcon.colcon_core.package_identification:_identify(src) by extensions ['cmake', 'python']
[0.117s] Level 1:colcon.colcon_core.package_identification:_identify(src) by extension 'cmake'
[0.117s] Level 1:colcon.colcon_core.package_identification:_identify(src) by extension 'python'
[0.117s] Level 1:colcon.colcon_core.package_identification:_identify(src) by extensions ['python_setup_py']
[0.117s] Level 1:colcon.colcon_core.package_identification:_identify(src) by extension 'python_setup_py'
[0.117s] Level 1:colcon.colcon_core.package_identification:_identify(src/gazebo_ros2_control) by extensions ['ignore', 'ignore_ament_install']
[0.117s] Level 1:colcon.colcon_core.package_identification:_identify(src/gazebo_ros2_control) by extension 'ignore'
[0.117s] Level 1:colcon.colcon_core.package_identification:_identify(src/gazebo_ros2_control) by extension 'ignore_ament_install'
[0.117s] Level 1:colcon.colcon_core.package_identification:_identify(src/gazebo_ros2_control) by extensions ['colcon_pkg']
[0.117s] Level 1:colcon.colcon_core.package_identification:_identify(src/gazebo_ros2_control) by extension 'colcon_pkg'
[0.117s] Level 1:colcon.colcon_core.package_identification:_identify(src/gazebo_ros2_control) by extensions ['colcon_meta']
[0.117s] Level 1:colcon.colcon_core.package_identification:_identify(src/gazebo_ros2_control) by extension 'colcon_meta'
[0.117s] Level 1:colcon.colcon_core.package_identification:_identify(src/gazebo_ros2_control) by extensions ['ros']
[0.117s] Level 1:colcon.colcon_core.package_identification:_identify(src/gazebo_ros2_control) by extension 'ros'
[0.117s] Level 1:colcon.colcon_core.package_identification:_identify(src/gazebo_ros2_control) by extensions ['cmake', 'python']
[0.117s] Level 1:colcon.colcon_core.package_identification:_identify(src/gazebo_ros2_control) by extension 'cmake'
[0.117s] Level 1:colcon.colcon_core.package_identification:_identify(src/gazebo_ros2_control) by extension 'python'
[0.117s] Level 1:colcon.colcon_core.package_identification:_identify(src/gazebo_ros2_control) by extensions ['python_setup_py']
[0.117s] Level 1:colcon.colcon_core.package_identification:_identify(src/gazebo_ros2_control) by extension 'python_setup_py'
[0.117s] Level 1:colcon.colcon_core.package_identification:_identify(src/gazebo_ros2_control/Docker) by extensions ['ignore', 'ignore_ament_install']
[0.118s] Level 1:colcon.colcon_core.package_identification:_identify(src/gazebo_ros2_control/Docker) by extension 'ignore'
[0.118s] Level 1:colcon.colcon_core.package_identification:_identify(src/gazebo_ros2_control/Docker) by extension 'ignore_ament_install'
[0.118s] Level 1:colcon.colcon_core.package_identification:_identify(src/gazebo_ros2_control/Docker) by extensions ['colcon_pkg']
[0.118s] Level 1:colcon.colcon_core.package_identification:_identify(src/gazebo_ros2_control/Docker) by extension 'colcon_pkg'
[0.118s] Level 1:colcon.colcon_core.package_identification:_identify(src/gazebo_ros2_control/Docker) by extensions ['colcon_meta']
[0.118s] Level 1:colcon.colcon_core.package_identification:_identify(src/gazebo_ros2_control/Docker) by extension 'colcon_meta'
[0.118s] Level 1:colcon.colcon_core.package_identification:_identify(src/gazebo_ros2_control/Docker) by extensions ['ros']
[0.118s] Level 1:colcon.colcon_core.package_identification:_identify(src/gazebo_ros2_control/Docker) by extension 'ros'
[0.118s] Level 1:colcon.colcon_core.package_identification:_identify(src/gazebo_ros2_control/Docker) by extensions ['cmake', 'python']
[0.118s] Level 1:colcon.colcon_core.package_identification:_identify(src/gazebo_ros2_control/Docker) by extension 'cmake'
[0.118s] Level 1:colcon.colcon_core.package_identification:_identify(src/gazebo_ros2_control/Docker) by extension 'python'
[0.118s] Level 1:colcon.colcon_core.package_identification:_identify(src/gazebo_ros2_control/Docker) by extensions ['python_setup_py']
[0.118s] Level 1:colcon.colcon_core.package_identification:_identify(src/gazebo_ros2_control/Docker) by extension 'python_setup_py'
[0.118s] Level 1:colcon.colcon_core.package_identification:_identify(src/gazebo_ros2_control/gazebo_ros2_control) by extensions ['ignore', 'ignore_ament_install']
[0.118s] Level 1:colcon.colcon_core.package_identification:_identify(src/gazebo_ros2_control/gazebo_ros2_control) by extension 'ignore'
[0.118s] Level 1:colcon.colcon_core.package_identification:_identify(src/gazebo_ros2_control/gazebo_ros2_control) by extension 'ignore_ament_install'
[0.118s] Level 1:colcon.colcon_core.package_identification:_identify(src/gazebo_ros2_control/gazebo_ros2_control) by extensions ['colcon_pkg']
[0.118s] Level 1:colcon.colcon_core.package_identification:_identify(src/gazebo_ros2_control/gazebo_ros2_control) by extension 'colcon_pkg'
[0.118s] Level 1:colcon.colcon_core.package_identification:_identify(src/gazebo_ros2_control/gazebo_ros2_control) by extensions ['colcon_meta']
[0.118s] Level 1:colcon.colcon_core.package_identification:_identify(src/gazebo_ros2_control/gazebo_ros2_control) by extension 'colcon_meta'
[0.118s] Level 1:colcon.colcon_core.package_identification:_identify(src/gazebo_ros2_control/gazebo_ros2_control) by extensions ['ros']
[0.118s] Level 1:colcon.colcon_core.package_identification:_identify(src/gazebo_ros2_control/gazebo_ros2_control) by extension 'ros'
[0.120s] DEBUG:colcon.colcon_core.package_identification:Package 'src/gazebo_ros2_control/gazebo_ros2_control' with type 'ros.ament_cmake' and name 'gazebo_ros2_control'
[0.120s] Level 1:colcon.colcon_core.package_identification:_identify(src/gazebo_ros2_control/gazebo_ros2_control_demos) by extensions ['ignore', 'ignore_ament_install']
[0.120s] Level 1:colcon.colcon_core.package_identification:_identify(src/gazebo_ros2_control/gazebo_ros2_control_demos) by extension 'ignore'
[0.120s] Level 1:colcon.colcon_core.package_identification:_identify(src/gazebo_ros2_control/gazebo_ros2_control_demos) by extension 'ignore_ament_install'
[0.120s] Level 1:colcon.colcon_core.package_identification:_identify(src/gazebo_ros2_control/gazebo_ros2_control_demos) by extensions ['colcon_pkg']
[0.120s] Level 1:colcon.colcon_core.package_identification:_identify(src/gazebo_ros2_control/gazebo_ros2_control_demos) by extension 'colcon_pkg'
[0.120s] Level 1:colcon.colcon_core.package_identification:_identify(src/gazebo_ros2_control/gazebo_ros2_control_demos) by extensions ['colcon_meta']
[0.120s] Level 1:colcon.colcon_core.package_identification:_identify(src/gazebo_ros2_control/gazebo_ros2_control_demos) by extension 'colcon_meta'
[0.120s] Level 1:colcon.colcon_core.package_identification:_identify(src/gazebo_ros2_control/gazebo_ros2_control_demos) by extensions ['ros']
[0.120s] Level 1:colcon.colcon_core.package_identification:_identify(src/gazebo_ros2_control/gazebo_ros2_control_demos) by extension 'ros'
[0.121s] DEBUG:colcon.colcon_core.package_identification:Package 'src/gazebo_ros2_control/gazebo_ros2_control_demos' with type 'ros.ament_cmake' and name 'gazebo_ros2_control_demos'
[0.121s] Level 1:colcon.colcon_core.package_identification:_identify(src/gazebo_ros2_control/img) by extensions ['ignore', 'ignore_ament_install']
[0.121s] Level 1:colcon.colcon_core.package_identification:_identify(src/gazebo_ros2_control/img) by extension 'ignore'
[0.121s] Level 1:colcon.colcon_core.package_identification:_identify(src/gazebo_ros2_control/img) by extension 'ignore_ament_install'
[0.121s] Level 1:colcon.colcon_core.package_identification:_identify(src/gazebo_ros2_control/img) by extensions ['colcon_pkg']
[0.121s] Level 1:colcon.colcon_core.package_identification:_identify(src/gazebo_ros2_control/img) by extension 'colcon_pkg'
[0.121s] Level 1:colcon.colcon_core.package_identification:_identify(src/gazebo_ros2_control/img) by extensions ['colcon_meta']
[0.121s] Level 1:colcon.colcon_core.package_identification:_identify(src/gazebo_ros2_control/img) by extension 'colcon_meta'
[0.121s] Level 1:colcon.colcon_core.package_identification:_identify(src/gazebo_ros2_control/img) by extensions ['ros']
[0.121s] Level 1:colcon.colcon_core.package_identification:_identify(src/gazebo_ros2_control/img) by extension 'ros'
[0.121s] Level 1:colcon.colcon_core.package_identification:_identify(src/gazebo_ros2_control/img) by extensions ['cmake', 'python']
[0.121s] Level 1:colcon.colcon_core.package_identification:_identify(src/gazebo_ros2_control/img) by extension 'cmake'
[0.121s] Level 1:colcon.colcon_core.package_identification:_identify(src/gazebo_ros2_control/img) by extension 'python'
[0.121s] Level 1:colcon.colcon_core.package_identification:_identify(src/gazebo_ros2_control/img) by extensions ['python_setup_py']
[0.121s] Level 1:colcon.colcon_core.package_identification:_identify(src/gazebo_ros2_control/img) by extension 'python_setup_py'
[0.121s] Level 1:colcon.colcon_core.package_identification:_identify(src/ros-controls) by extensions ['ignore', 'ignore_ament_install']
[0.121s] Level 1:colcon.colcon_core.package_identification:_identify(src/ros-controls) by extension 'ignore'
[0.121s] Level 1:colcon.colcon_core.package_identification:_identify(src/ros-controls) by extension 'ignore_ament_install'
[0.121s] Level 1:colcon.colcon_core.package_identification:_identify(src/ros-controls) by extensions ['colcon_pkg']
[0.121s] Level 1:colcon.colcon_core.package_identification:_identify(src/ros-controls) by extension 'colcon_pkg'
[0.121s] Level 1:colcon.colcon_core.package_identification:_identify(src/ros-controls) by extensions ['colcon_meta']
[0.121s] Level 1:colcon.colcon_core.package_identification:_identify(src/ros-controls) by extension 'colcon_meta'
[0.121s] Level 1:colcon.colcon_core.package_identification:_identify(src/ros-controls) by extensions ['ros']
[0.122s] Level 1:colcon.colcon_core.package_identification:_identify(src/ros-controls) by extension 'ros'
[0.122s] Level 1:colcon.colcon_core.package_identification:_identify(src/ros-controls) by extensions ['cmake', 'python']
[0.122s] Level 1:colcon.colcon_core.package_identification:_identify(src/ros-controls) by extension 'cmake'
[0.122s] Level 1:colcon.colcon_core.package_identification:_identify(src/ros-controls) by extension 'python'
[0.122s] Level 1:colcon.colcon_core.package_identification:_identify(src/ros-controls) by extensions ['python_setup_py']
[0.122s] Level 1:colcon.colcon_core.package_identification:_identify(src/ros-controls) by extension 'python_setup_py'
[0.122s] Level 1:colcon.colcon_core.package_identification:_identify(src/ros-controls/control_msgs) by extensions ['ignore', 'ignore_ament_install']
[0.122s] Level 1:colcon.colcon_core.package_identification:_identify(src/ros-controls/control_msgs) by extension 'ignore'
[0.122s] Level 1:colcon.colcon_core.package_identification:_identify(src/ros-controls/control_msgs) by extension 'ignore_ament_install'
[0.122s] Level 1:colcon.colcon_core.package_identification:_identify(src/ros-controls/control_msgs) by extensions ['colcon_pkg']
[0.122s] Level 1:colcon.colcon_core.package_identification:_identify(src/ros-controls/control_msgs) by extension 'colcon_pkg'
[0.122s] Level 1:colcon.colcon_core.package_identification:_identify(src/ros-controls/control_msgs) by extensions ['colcon_meta']
[0.122s] Level 1:colcon.colcon_core.package_identification:_identify(src/ros-controls/control_msgs) by extension 'colcon_meta'
[0.122s] Level 1:colcon.colcon_core.package_identification:_identify(src/ros-controls/control_msgs) by extensions ['ros']
[0.122s] Level 1:colcon.colcon_core.package_identification:_identify(src/ros-controls/control_msgs) by extension 'ros'
[0.122s] Level 1:colcon.colcon_core.package_identification:_identify(src/ros-controls/control_msgs) by extensions ['cmake', 'python']
[0.122s] Level 1:colcon.colcon_core.package_identification:_identify(src/ros-controls/control_msgs) by extension 'cmake'
[0.122s] Level 1:colcon.colcon_core.package_identification:_identify(src/ros-controls/control_msgs) by extension 'python'
[0.122s] Level 1:colcon.colcon_core.package_identification:_identify(src/ros-controls/control_msgs) by extensions ['python_setup_py']
[0.122s] Level 1:colcon.colcon_core.package_identification:_identify(src/ros-controls/control_msgs) by extension 'python_setup_py'
[0.122s] Level 1:colcon.colcon_core.package_identification:_identify(src/ros-controls/control_msgs/control_msgs) by extensions ['ignore', 'ignore_ament_install']
[0.122s] Level 1:colcon.colcon_core.package_identification:_identify(src/ros-controls/control_msgs/control_msgs) by extension 'ignore'
[0.122s] Level 1:colcon.colcon_core.package_identification:_identify(src/ros-controls/control_msgs/control_msgs) by extension 'ignore_ament_install'
[0.122s] Level 1:colcon.colcon_core.package_identification:_identify(src/ros-controls/control_msgs/control_msgs) by extensions ['colcon_pkg']
[0.122s] Level 1:colcon.colcon_core.package_identification:_identify(src/ros-controls/control_msgs/control_msgs) by extension 'colcon_pkg'
[0.122s] Level 1:colcon.colcon_core.package_identification:_identify(src/ros-controls/control_msgs/control_msgs) by extensions ['colcon_meta']
[0.122s] Level 1:colcon.colcon_core.package_identification:_identify(src/ros-controls/control_msgs/control_msgs) by extension 'colcon_meta'
[0.122s] Level 1:colcon.colcon_core.package_identification:_identify(src/ros-controls/control_msgs/control_msgs) by extensions ['ros']
[0.122s] Level 1:colcon.colcon_core.package_identification:_identify(src/ros-controls/control_msgs/control_msgs) by extension 'ros'
[0.123s] DEBUG:colcon.colcon_core.package_identification:Package 'src/ros-controls/control_msgs/control_msgs' with type 'ros.ament_cmake' and name 'control_msgs'
[0.123s] Level 1:colcon.colcon_core.package_identification:_identify(src/ros-controls/realtime_tools) by extensions ['ignore', 'ignore_ament_install']
[0.123s] Level 1:colcon.colcon_core.package_identification:_identify(src/ros-controls/realtime_tools) by extension 'ignore'
[0.123s] Level 1:colcon.colcon_core.package_identification:_identify(src/ros-controls/realtime_tools) by extension 'ignore_ament_install'
[0.123s] Level 1:colcon.colcon_core.package_identification:_identify(src/ros-controls/realtime_tools) by extensions ['colcon_pkg']
[0.123s] Level 1:colcon.colcon_core.package_identification:_identify(src/ros-controls/realtime_tools) by extension 'colcon_pkg'
[0.123s] Level 1:colcon.colcon_core.package_identification:_identify(src/ros-controls/realtime_tools) by extensions ['colcon_meta']
[0.123s] Level 1:colcon.colcon_core.package_identification:_identify(src/ros-controls/realtime_tools) by extension 'colcon_meta'
[0.123s] Level 1:colcon.colcon_core.package_identification:_identify(src/ros-controls/realtime_tools) by extensions ['ros']
[0.123s] Level 1:colcon.colcon_core.package_identification:_identify(src/ros-controls/realtime_tools) by extension 'ros'
[0.124s] DEBUG:colcon.colcon_core.package_identification:Package 'src/ros-controls/realtime_tools' with type 'ros.ament_cmake' and name 'realtime_tools'
[0.124s] Level 1:colcon.colcon_core.package_discovery:discover_packages(recursive) using defaults
[0.124s] Level 1:colcon.colcon_core.package_discovery:discover_packages(ignore) discover
[0.124s] Level 1:colcon.colcon_core.package_discovery:discover_packages(ignore) using defaults
[0.124s] Level 1:colcon.colcon_core.package_discovery:discover_packages(path) discover
[0.124s] Level 1:colcon.colcon_core.package_discovery:discover_packages(path) using defaults
[0.141s] Level 5:colcon.colcon_core.verb:set package 'control_msgs' build argument 'cmake_args' from command line to 'None'
[0.141s] Level 5:colcon.colcon_core.verb:set package 'control_msgs' build argument 'cmake_target' from command line to 'None'
[0.141s] Level 5:colcon.colcon_core.verb:set package 'control_msgs' build argument 'cmake_target_skip_unavailable' from command line to 'False'
[0.141s] Level 5:colcon.colcon_core.verb:set package 'control_msgs' build argument 'cmake_clean_cache' from command line to 'False'
[0.141s] Level 5:colcon.colcon_core.verb:set package 'control_msgs' build argument 'cmake_clean_first' from command line to 'False'
[0.141s] Level 5:colcon.colcon_core.verb:set package 'control_msgs' build argument 'cmake_force_configure' from command line to 'False'
[0.141s] Level 5:colcon.colcon_core.verb:set package 'control_msgs' build argument 'ament_cmake_args' from command line to 'None'
[0.141s] Level 5:colcon.colcon_core.verb:set package 'control_msgs' build argument 'catkin_cmake_args' from command line to 'None'
[0.141s] Level 5:colcon.colcon_core.verb:set package 'control_msgs' build argument 'catkin_skip_building_tests' from command line to 'False'
[0.141s] DEBUG:colcon.colcon_core.verb:Building package 'control_msgs' with the following arguments: {'ament_cmake_args': None, 'build_base': '/workspaces/citros_example_robotic_arm/ros2_ws/build/control_msgs', 'catkin_cmake_args': None, 'catkin_skip_building_tests': False, 'cmake_args': None, 'cmake_clean_cache': False, 'cmake_clean_first': False, 'cmake_force_configure': False, 'cmake_target': None, 'cmake_target_skip_unavailable': False, 'install_base': '/workspaces/citros_example_robotic_arm/ros2_ws/install/control_msgs', 'merge_install': False, 'path': '/workspaces/citros_example_robotic_arm/ros2_ws/src/ros-controls/control_msgs/control_msgs', 'symlink_install': False, 'test_result_base': None}
[0.142s] Level 5:colcon.colcon_core.verb:set package 'gazebo_ros2_control' build argument 'cmake_args' from command line to 'None'
[0.142s] Level 5:colcon.colcon_core.verb:set package 'gazebo_ros2_control' build argument 'cmake_target' from command line to 'None'
[0.142s] Level 5:colcon.colcon_core.verb:set package 'gazebo_ros2_control' build argument 'cmake_target_skip_unavailable' from command line to 'False'
[0.142s] Level 5:colcon.colcon_core.verb:set package 'gazebo_ros2_control' build argument 'cmake_clean_cache' from command line to 'False'
[0.142s] Level 5:colcon.colcon_core.verb:set package 'gazebo_ros2_control' build argument 'cmake_clean_first' from command line to 'False'
[0.142s] Level 5:colcon.colcon_core.verb:set package 'gazebo_ros2_control' build argument 'cmake_force_configure' from command line to 'False'
[0.142s] Level 5:colcon.colcon_core.verb:set package 'gazebo_ros2_control' build argument 'ament_cmake_args' from command line to 'None'
[0.142s] Level 5:colcon.colcon_core.verb:set package 'gazebo_ros2_control' build argument 'catkin_cmake_args' from command line to 'None'
[0.142s] Level 5:colcon.colcon_core.verb:set package 'gazebo_ros2_control' build argument 'catkin_skip_building_tests' from command line to 'False'
[0.142s] DEBUG:colcon.colcon_core.verb:Building package 'gazebo_ros2_control' with the following arguments: {'ament_cmake_args': None, 'build_base': '/workspaces/citros_example_robotic_arm/ros2_ws/build/gazebo_ros2_control', 'catkin_cmake_args': None, 'catkin_skip_building_tests': False, 'cmake_args': None, 'cmake_clean_cache': False, 'cmake_clean_first': False, 'cmake_force_configure': False, 'cmake_target': None, 'cmake_target_skip_unavailable': False, 'install_base': '/workspaces/citros_example_robotic_arm/ros2_ws/install/gazebo_ros2_control', 'merge_install': False, 'path': '/workspaces/citros_example_robotic_arm/ros2_ws/src/gazebo_ros2_control/gazebo_ros2_control', 'symlink_install': False, 'test_result_base': None}
[0.142s] Level 5:colcon.colcon_core.verb:set package 'realtime_tools' build argument 'cmake_args' from command line to 'None'
[0.142s] Level 5:colcon.colcon_core.verb:set package 'realtime_tools' build argument 'cmake_target' from command line to 'None'
[0.142s] Level 5:colcon.colcon_core.verb:set package 'realtime_tools' build argument 'cmake_target_skip_unavailable' from command line to 'False'
[0.142s] Level 5:colcon.colcon_core.verb:set package 'realtime_tools' build argument 'cmake_clean_cache' from command line to 'False'
[0.142s] Level 5:colcon.colcon_core.verb:set package 'realtime_tools' build argument 'cmake_clean_first' from command line to 'False'
[0.142s] Level 5:colcon.colcon_core.verb:set package 'realtime_tools' build argument 'cmake_force_configure' from command line to 'False'
[0.142s] Level 5:colcon.colcon_core.verb:set package 'realtime_tools' build argument 'ament_cmake_args' from command line to 'None'
[0.142s] Level 5:colcon.colcon_core.verb:set package 'realtime_tools' build argument 'catkin_cmake_args' from command line to 'None'
[0.142s] Level 5:colcon.colcon_core.verb:set package 'realtime_tools' build argument 'catkin_skip_building_tests' from command line to 'False'
[0.142s] DEBUG:colcon.colcon_core.verb:Building package 'realtime_tools' with the following arguments: {'ament_cmake_args': None, 'build_base': '/workspaces/citros_example_robotic_arm/ros2_ws/build/realtime_tools', 'catkin_cmake_args': None, 'catkin_skip_building_tests': False, 'cmake_args': None, 'cmake_clean_cache': False, 'cmake_clean_first': False, 'cmake_force_configure': False, 'cmake_target': None, 'cmake_target_skip_unavailable': False, 'install_base': '/workspaces/citros_example_robotic_arm/ros2_ws/install/realtime_tools', 'merge_install': False, 'path': '/workspaces/citros_example_robotic_arm/ros2_ws/src/ros-controls/realtime_tools', 'symlink_install': False, 'test_result_base': None}
[0.143s] Level 5:colcon.colcon_core.verb:set package 'gazebo_ros2_control_demos' build argument 'cmake_args' from command line to 'None'
[0.143s] Level 5:colcon.colcon_core.verb:set package 'gazebo_ros2_control_demos' build argument 'cmake_target' from command line to 'None'
[0.143s] Level 5:colcon.colcon_core.verb:set package 'gazebo_ros2_control_demos' build argument 'cmake_target_skip_unavailable' from command line to 'False'
[0.143s] Level 5:colcon.colcon_core.verb:set package 'gazebo_ros2_control_demos' build argument 'cmake_clean_cache' from command line to 'False'
[0.143s] Level 5:colcon.colcon_core.verb:set package 'gazebo_ros2_control_demos' build argument 'cmake_clean_first' from command line to 'False'
[0.143s] Level 5:colcon.colcon_core.verb:set package 'gazebo_ros2_control_demos' build argument 'cmake_force_configure' from command line to 'False'
[0.143s] Level 5:colcon.colcon_core.verb:set package 'gazebo_ros2_control_demos' build argument 'ament_cmake_args' from command line to 'None'
[0.143s] Level 5:colcon.colcon_core.verb:set package 'gazebo_ros2_control_demos' build argument 'catkin_cmake_args' from command line to 'None'
[0.143s] Level 5:colcon.colcon_core.verb:set package 'gazebo_ros2_control_demos' build argument 'catkin_skip_building_tests' from command line to 'False'
[0.143s] DEBUG:colcon.colcon_core.verb:Building package 'gazebo_ros2_control_demos' with the following arguments: {'ament_cmake_args': None, 'build_base': '/workspaces/citros_example_robotic_arm/ros2_ws/build/gazebo_ros2_control_demos', 'catkin_cmake_args': None, 'catkin_skip_building_tests': False, 'cmake_args': None, 'cmake_clean_cache': False, 'cmake_clean_first': False, 'cmake_force_configure': False, 'cmake_target': None, 'cmake_target_skip_unavailable': False, 'install_base': '/workspaces/citros_example_robotic_arm/ros2_ws/install/gazebo_ros2_control_demos', 'merge_install': False, 'path': '/workspaces/citros_example_robotic_arm/ros2_ws/src/gazebo_ros2_control/gazebo_ros2_control_demos', 'symlink_install': False, 'test_result_base': None}
[0.143s] INFO:colcon.colcon_core.executor:Executing jobs using 'parallel' executor
[0.146s] DEBUG:colcon.colcon_parallel_executor.executor.parallel:run_until_complete
[0.146s] INFO:colcon.colcon_ros.task.ament_cmake.build:Building ROS package in '/workspaces/citros_example_robotic_arm/ros2_ws/src/ros-controls/control_msgs/control_msgs' with build type 'ament_cmake'
[0.146s] INFO:colcon.colcon_cmake.task.cmake.build:Building CMake package in '/workspaces/citros_example_robotic_arm/ros2_ws/src/ros-controls/control_msgs/control_msgs'
[0.149s] INFO:colcon.colcon_core.plugin_system:Skipping extension 'colcon_core.shell.bat': Not used on non-Windows systems
[0.149s] INFO:colcon.colcon_core.shell:Skip shell extension 'powershell' for command environment: Not usable outside of PowerShell
[0.149s] DEBUG:colcon.colcon_core.shell:Skip shell extension 'dsv' for command environment
[0.153s] INFO:colcon.colcon_ros.task.ament_cmake.build:Building ROS package in '/workspaces/citros_example_robotic_arm/ros2_ws/src/gazebo_ros2_control/gazebo_ros2_control' with build type 'ament_cmake'
[0.153s] INFO:colcon.colcon_cmake.task.cmake.build:Building CMake package in '/workspaces/citros_example_robotic_arm/ros2_ws/src/gazebo_ros2_control/gazebo_ros2_control'
[0.154s] INFO:colcon.colcon_core.shell:Skip shell extension 'powershell' for command environment: Not usable outside of PowerShell
[0.154s] DEBUG:colcon.colcon_core.shell:Skip shell extension 'dsv' for command environment
[0.158s] INFO:colcon.colcon_ros.task.ament_cmake.build:Building ROS package in '/workspaces/citros_example_robotic_arm/ros2_ws/src/ros-controls/realtime_tools' with build type 'ament_cmake'
[0.158s] INFO:colcon.colcon_cmake.task.cmake.build:Building CMake package in '/workspaces/citros_example_robotic_arm/ros2_ws/src/ros-controls/realtime_tools'
[0.159s] INFO:colcon.colcon_core.shell:Skip shell extension 'powershell' for command environment: Not usable outside of PowerShell
[0.159s] DEBUG:colcon.colcon_core.shell:Skip shell extension 'dsv' for command environment
[0.167s] DEBUG:colcon.colcon_core.event_handler.log_command:Invoking command in '/workspaces/citros_example_robotic_arm/ros2_ws/build/control_msgs': CMAKE_PREFIX_PATH=/opt/ros/foxy /usr/bin/cmake --build /workspaces/citros_example_robotic_arm/ros2_ws/build/control_msgs -- -j20 -l20
[0.169s] DEBUG:colcon.colcon_core.event_handler.log_command:Invoking command in '/workspaces/citros_example_robotic_arm/ros2_ws/build/gazebo_ros2_control': CMAKE_PREFIX_PATH=/opt/ros/foxy /usr/bin/cmake /workspaces/citros_example_robotic_arm/ros2_ws/src/gazebo_ros2_control/gazebo_ros2_control -DCMAKE_INSTALL_PREFIX=/workspaces/citros_example_robotic_arm/ros2_ws/install/gazebo_ros2_control
[0.174s] DEBUG:colcon.colcon_core.event_handler.log_command:Invoking command in '/workspaces/citros_example_robotic_arm/ros2_ws/build/realtime_tools': CMAKE_PREFIX_PATH=/opt/ros/foxy /usr/bin/cmake --build /workspaces/citros_example_robotic_arm/ros2_ws/build/realtime_tools -- -j20 -l20
[0.247s] DEBUG:colcon.colcon_core.event_handler.log_command:Invoked command in '/workspaces/citros_example_robotic_arm/ros2_ws/build/realtime_tools' returned '0': CMAKE_PREFIX_PATH=/opt/ros/foxy /usr/bin/cmake --build /workspaces/citros_example_robotic_arm/ros2_ws/build/realtime_tools -- -j20 -l20
[0.279s] DEBUG:colcon.colcon_core.event_handler.log_command:Invoking command in '/workspaces/citros_example_robotic_arm/ros2_ws/build/realtime_tools': CMAKE_PREFIX_PATH=/opt/ros/foxy /usr/bin/cmake --install /workspaces/citros_example_robotic_arm/ros2_ws/build/realtime_tools
[0.285s] Level 1:colcon.colcon_core.environment:create_environment_scripts_only(realtime_tools)
[0.286s] DEBUG:colcon.colcon_core.event_handler.log_command:Invoked command in '/workspaces/citros_example_robotic_arm/ros2_ws/build/realtime_tools' returned '0': CMAKE_PREFIX_PATH=/opt/ros/foxy /usr/bin/cmake --install /workspaces/citros_example_robotic_arm/ros2_ws/build/realtime_tools
[0.289s] Level 1:colcon.colcon_core.environment:checking '/workspaces/citros_example_robotic_arm/ros2_ws/install/realtime_tools' for CMake module files
[0.289s] Level 1:colcon.colcon_core.environment:checking '/workspaces/citros_example_robotic_arm/ros2_ws/install/realtime_tools' for CMake config files
[0.289s] Level 1:colcon.colcon_core.shell:create_environment_hook('realtime_tools', 'cmake_prefix_path')
[0.290s] INFO:colcon.colcon_core.shell:Creating environment hook '/workspaces/citros_example_robotic_arm/ros2_ws/install/realtime_tools/share/realtime_tools/hook/cmake_prefix_path.ps1'
[0.291s] INFO:colcon.colcon_core.shell:Creating environment descriptor '/workspaces/citros_example_robotic_arm/ros2_ws/install/realtime_tools/share/realtime_tools/hook/cmake_prefix_path.dsv'
[0.291s] INFO:colcon.colcon_core.shell:Creating environment hook '/workspaces/citros_example_robotic_arm/ros2_ws/install/realtime_tools/share/realtime_tools/hook/cmake_prefix_path.sh'
[0.292s] Level 1:colcon.colcon_core.environment:checking '/workspaces/citros_example_robotic_arm/ros2_ws/install/realtime_tools/lib'
[0.292s] Level 1:colcon.colcon_core.environment:checking '/workspaces/citros_example_robotic_arm/ros2_ws/install/realtime_tools/bin'
[0.292s] Level 1:colcon.colcon_core.environment:checking '/workspaces/citros_example_robotic_arm/ros2_ws/install/realtime_tools/lib/pkgconfig/realtime_tools.pc'
[0.292s] Level 1:colcon.colcon_core.environment:checking '/workspaces/citros_example_robotic_arm/ros2_ws/install/realtime_tools/lib/python3.8/site-packages'
[0.292s] Level 1:colcon.colcon_core.environment:checking '/workspaces/citros_example_robotic_arm/ros2_ws/install/realtime_tools/bin'
[0.293s] INFO:colcon.colcon_core.shell:Creating package script '/workspaces/citros_example_robotic_arm/ros2_ws/install/realtime_tools/share/realtime_tools/package.ps1'
[0.294s] INFO:colcon.colcon_core.shell:Creating package descriptor '/workspaces/citros_example_robotic_arm/ros2_ws/install/realtime_tools/share/realtime_tools/package.dsv'
[0.294s] INFO:colcon.colcon_core.shell:Creating package script '/workspaces/citros_example_robotic_arm/ros2_ws/install/realtime_tools/share/realtime_tools/package.sh'
[0.295s] INFO:colcon.colcon_core.shell:Creating package script '/workspaces/citros_example_robotic_arm/ros2_ws/install/realtime_tools/share/realtime_tools/package.bash'
[0.295s] INFO:colcon.colcon_core.shell:Creating package script '/workspaces/citros_example_robotic_arm/ros2_ws/install/realtime_tools/share/realtime_tools/package.zsh'
[0.295s] Level 1:colcon.colcon_core.environment:create_file_with_runtime_dependencies(/workspaces/citros_example_robotic_arm/ros2_ws/install/realtime_tools/share/colcon-core/packages/realtime_tools)
[0.317s] Level 1:colcon.colcon_core.environment:create_environment_scripts_only(realtime_tools)
[0.319s] Level 1:colcon.colcon_core.environment:checking '/workspaces/citros_example_robotic_arm/ros2_ws/install/realtime_tools' for CMake module files
[0.319s] Level 1:colcon.colcon_core.environment:checking '/workspaces/citros_example_robotic_arm/ros2_ws/install/realtime_tools' for CMake config files
[0.319s] Level 1:colcon.colcon_core.shell:create_environment_hook('realtime_tools', 'cmake_prefix_path')
[0.320s] INFO:colcon.colcon_core.shell:Creating environment hook '/workspaces/citros_example_robotic_arm/ros2_ws/install/realtime_tools/share/realtime_tools/hook/cmake_prefix_path.ps1'
[0.320s] INFO:colcon.colcon_core.shell:Creating environment descriptor '/workspaces/citros_example_robotic_arm/ros2_ws/install/realtime_tools/share/realtime_tools/hook/cmake_prefix_path.dsv'
[0.321s] INFO:colcon.colcon_core.shell:Creating environment hook '/workspaces/citros_example_robotic_arm/ros2_ws/install/realtime_tools/share/realtime_tools/hook/cmake_prefix_path.sh'
[0.321s] Level 1:colcon.colcon_core.environment:checking '/workspaces/citros_example_robotic_arm/ros2_ws/install/realtime_tools/lib'
[0.321s] Level 1:colcon.colcon_core.environment:checking '/workspaces/citros_example_robotic_arm/ros2_ws/install/realtime_tools/bin'
[0.321s] Level 1:colcon.colcon_core.environment:checking '/workspaces/citros_example_robotic_arm/ros2_ws/install/realtime_tools/lib/pkgconfig/realtime_tools.pc'
[0.321s] Level 1:colcon.colcon_core.environment:checking '/workspaces/citros_example_robotic_arm/ros2_ws/install/realtime_tools/lib/python3.8/site-packages'
[0.321s] Level 1:colcon.colcon_core.environment:checking '/workspaces/citros_example_robotic_arm/ros2_ws/install/realtime_tools/bin'
[0.322s] INFO:colcon.colcon_core.shell:Creating package script '/workspaces/citros_example_robotic_arm/ros2_ws/install/realtime_tools/share/realtime_tools/package.ps1'
[0.322s] INFO:colcon.colcon_core.shell:Creating package descriptor '/workspaces/citros_example_robotic_arm/ros2_ws/install/realtime_tools/share/realtime_tools/package.dsv'
[0.323s] INFO:colcon.colcon_core.shell:Creating package script '/workspaces/citros_example_robotic_arm/ros2_ws/install/realtime_tools/share/realtime_tools/package.sh'
[0.323s] INFO:colcon.colcon_core.shell:Creating package script '/workspaces/citros_example_robotic_arm/ros2_ws/install/realtime_tools/share/realtime_tools/package.bash'
[0.323s] INFO:colcon.colcon_core.shell:Creating package script '/workspaces/citros_example_robotic_arm/ros2_ws/install/realtime_tools/share/realtime_tools/package.zsh'
[0.323s] Level 1:colcon.colcon_core.environment:create_file_with_runtime_dependencies(/workspaces/citros_example_robotic_arm/ros2_ws/install/realtime_tools/share/colcon-core/packages/realtime_tools)
[0.345s] DEBUG:colcon.colcon_core.event_handler.log_command:Invoked command in '/workspaces/citros_example_robotic_arm/ros2_ws/build/control_msgs' returned '0': CMAKE_PREFIX_PATH=/opt/ros/foxy /usr/bin/cmake --build /workspaces/citros_example_robotic_arm/ros2_ws/build/control_msgs -- -j20 -l20
[0.486s] DEBUG:colcon.colcon_core.event_handler.log_command:Invoking command in '/workspaces/citros_example_robotic_arm/ros2_ws/build/control_msgs': CMAKE_PREFIX_PATH=/opt/ros/foxy /usr/bin/cmake --install /workspaces/citros_example_robotic_arm/ros2_ws/build/control_msgs
[0.524s] Level 1:colcon.colcon_core.environment:create_environment_scripts_only(control_msgs)
[0.526s] Level 1:colcon.colcon_core.environment:checking '/workspaces/citros_example_robotic_arm/ros2_ws/install/control_msgs' for CMake module files
[0.527s] DEBUG:colcon.colcon_core.event_handler.log_command:Invoked command in '/workspaces/citros_example_robotic_arm/ros2_ws/build/control_msgs' returned '0': CMAKE_PREFIX_PATH=/opt/ros/foxy /usr/bin/cmake --install /workspaces/citros_example_robotic_arm/ros2_ws/build/control_msgs
[0.527s] Level 1:colcon.colcon_core.environment:checking '/workspaces/citros_example_robotic_arm/ros2_ws/install/control_msgs' for CMake config files
[0.527s] Level 1:colcon.colcon_core.shell:create_environment_hook('control_msgs', 'cmake_prefix_path')
[0.528s] INFO:colcon.colcon_core.shell:Creating environment hook '/workspaces/citros_example_robotic_arm/ros2_ws/install/control_msgs/share/control_msgs/hook/cmake_prefix_path.ps1'
[0.528s] INFO:colcon.colcon_core.shell:Creating environment descriptor '/workspaces/citros_example_robotic_arm/ros2_ws/install/control_msgs/share/control_msgs/hook/cmake_prefix_path.dsv'
[0.529s] INFO:colcon.colcon_core.shell:Creating environment hook '/workspaces/citros_example_robotic_arm/ros2_ws/install/control_msgs/share/control_msgs/hook/cmake_prefix_path.sh'
[0.529s] Level 1:colcon.colcon_core.environment:checking '/workspaces/citros_example_robotic_arm/ros2_ws/install/control_msgs/lib'
[0.529s] Level 1:colcon.colcon_core.shell:create_environment_hook('control_msgs', 'ld_library_path_lib')
[0.530s] INFO:colcon.colcon_core.shell:Creating environment hook '/workspaces/citros_example_robotic_arm/ros2_ws/install/control_msgs/share/control_msgs/hook/ld_library_path_lib.ps1'
[0.530s] INFO:colcon.colcon_core.shell:Creating environment descriptor '/workspaces/citros_example_robotic_arm/ros2_ws/install/control_msgs/share/control_msgs/hook/ld_library_path_lib.dsv'
[0.530s] INFO:colcon.colcon_core.shell:Creating environment hook '/workspaces/citros_example_robotic_arm/ros2_ws/install/control_msgs/share/control_msgs/hook/ld_library_path_lib.sh'
[0.530s] Level 1:colcon.colcon_core.environment:checking '/workspaces/citros_example_robotic_arm/ros2_ws/install/control_msgs/bin'
[0.530s] Level 1:colcon.colcon_core.environment:checking '/workspaces/citros_example_robotic_arm/ros2_ws/install/control_msgs/lib/pkgconfig/control_msgs.pc'
[0.530s] Level 1:colcon.colcon_core.environment:checking '/workspaces/citros_example_robotic_arm/ros2_ws/install/control_msgs/lib/python3.8/site-packages'
[0.530s] Level 1:colcon.colcon_core.shell:create_environment_hook('control_msgs', 'pythonpath')
[0.531s] INFO:colcon.colcon_core.shell:Creating environment hook '/workspaces/citros_example_robotic_arm/ros2_ws/install/control_msgs/share/control_msgs/hook/pythonpath.ps1'
[0.531s] INFO:colcon.colcon_core.shell:Creating environment descriptor '/workspaces/citros_example_robotic_arm/ros2_ws/install/control_msgs/share/control_msgs/hook/pythonpath.dsv'
[0.532s] INFO:colcon.colcon_core.shell:Creating environment hook '/workspaces/citros_example_robotic_arm/ros2_ws/install/control_msgs/share/control_msgs/hook/pythonpath.sh'
[0.532s] Level 1:colcon.colcon_core.environment:checking '/workspaces/citros_example_robotic_arm/ros2_ws/install/control_msgs/bin'
[0.533s] INFO:colcon.colcon_core.shell:Creating package script '/workspaces/citros_example_robotic_arm/ros2_ws/install/control_msgs/share/control_msgs/package.ps1'
[0.533s] INFO:colcon.colcon_core.shell:Creating package descriptor '/workspaces/citros_example_robotic_arm/ros2_ws/install/control_msgs/share/control_msgs/package.dsv'
[0.533s] INFO:colcon.colcon_core.shell:Creating package script '/workspaces/citros_example_robotic_arm/ros2_ws/install/control_msgs/share/control_msgs/package.sh'
[0.533s] INFO:colcon.colcon_core.shell:Creating package script '/workspaces/citros_example_robotic_arm/ros2_ws/install/control_msgs/share/control_msgs/package.bash'
[0.534s] INFO:colcon.colcon_core.shell:Creating package script '/workspaces/citros_example_robotic_arm/ros2_ws/install/control_msgs/share/control_msgs/package.zsh'
[0.534s] Level 1:colcon.colcon_core.environment:create_file_with_runtime_dependencies(/workspaces/citros_example_robotic_arm/ros2_ws/install/control_msgs/share/colcon-core/packages/control_msgs)
[0.673s] Level 1:colcon.colcon_core.environment:create_environment_scripts_only(control_msgs)
[0.674s] Level 1:colcon.colcon_core.environment:checking '/workspaces/citros_example_robotic_arm/ros2_ws/install/control_msgs' for CMake module files
[0.675s] Level 1:colcon.colcon_core.environment:checking '/workspaces/citros_example_robotic_arm/ros2_ws/install/control_msgs' for CMake config files
[0.675s] Level 1:colcon.colcon_core.shell:create_environment_hook('control_msgs', 'cmake_prefix_path')
[0.676s] INFO:colcon.colcon_core.shell:Creating environment hook '/workspaces/citros_example_robotic_arm/ros2_ws/install/control_msgs/share/control_msgs/hook/cmake_prefix_path.ps1'
[0.676s] INFO:colcon.colcon_core.shell:Creating environment descriptor '/workspaces/citros_example_robotic_arm/ros2_ws/install/control_msgs/share/control_msgs/hook/cmake_prefix_path.dsv'
[0.676s] INFO:colcon.colcon_core.shell:Creating environment hook '/workspaces/citros_example_robotic_arm/ros2_ws/install/control_msgs/share/control_msgs/hook/cmake_prefix_path.sh'
[0.676s] Level 1:colcon.colcon_core.environment:checking '/workspaces/citros_example_robotic_arm/ros2_ws/install/control_msgs/lib'
[0.677s] Level 1:colcon.colcon_core.shell:create_environment_hook('control_msgs', 'ld_library_path_lib')
[0.677s] INFO:colcon.colcon_core.shell:Creating environment hook '/workspaces/citros_example_robotic_arm/ros2_ws/install/control_msgs/share/control_msgs/hook/ld_library_path_lib.ps1'
[0.677s] INFO:colcon.colcon_core.shell:Creating environment descriptor '/workspaces/citros_example_robotic_arm/ros2_ws/install/control_msgs/share/control_msgs/hook/ld_library_path_lib.dsv'
[0.678s] INFO:colcon.colcon_core.shell:Creating environment hook '/workspaces/citros_example_robotic_arm/ros2_ws/install/control_msgs/share/control_msgs/hook/ld_library_path_lib.sh'
[0.679s] Level 1:colcon.colcon_core.environment:checking '/workspaces/citros_example_robotic_arm/ros2_ws/install/control_msgs/bin'
[0.679s] Level 1:colcon.colcon_core.environment:checking '/workspaces/citros_example_robotic_arm/ros2_ws/install/control_msgs/lib/pkgconfig/control_msgs.pc'
[0.679s] Level 1:colcon.colcon_core.environment:checking '/workspaces/citros_example_robotic_arm/ros2_ws/install/control_msgs/lib/python3.8/site-packages'
[0.679s] Level 1:colcon.colcon_core.shell:create_environment_hook('control_msgs', 'pythonpath')
[0.679s] INFO:colcon.colcon_core.shell:Creating environment hook '/workspaces/citros_example_robotic_arm/ros2_ws/install/control_msgs/share/control_msgs/hook/pythonpath.ps1'
[0.680s] INFO:colcon.colcon_core.shell:Creating environment descriptor '/workspaces/citros_example_robotic_arm/ros2_ws/install/control_msgs/share/control_msgs/hook/pythonpath.dsv'
[0.680s] INFO:colcon.colcon_core.shell:Creating environment hook '/workspaces/citros_example_robotic_arm/ros2_ws/install/control_msgs/share/control_msgs/hook/pythonpath.sh'
[0.680s] Level 1:colcon.colcon_core.environment:checking '/workspaces/citros_example_robotic_arm/ros2_ws/install/control_msgs/bin'
[0.681s] INFO:colcon.colcon_core.shell:Creating package script '/workspaces/citros_example_robotic_arm/ros2_ws/install/control_msgs/share/control_msgs/package.ps1'
[0.681s] INFO:colcon.colcon_core.shell:Creating package descriptor '/workspaces/citros_example_robotic_arm/ros2_ws/install/control_msgs/share/control_msgs/package.dsv'
[0.681s] INFO:colcon.colcon_core.shell:Creating package script '/workspaces/citros_example_robotic_arm/ros2_ws/install/control_msgs/share/control_msgs/package.sh'
[0.682s] INFO:colcon.colcon_core.shell:Creating package script '/workspaces/citros_example_robotic_arm/ros2_ws/install/control_msgs/share/control_msgs/package.bash'
[0.682s] INFO:colcon.colcon_core.shell:Creating package script '/workspaces/citros_example_robotic_arm/ros2_ws/install/control_msgs/share/control_msgs/package.zsh'
[0.682s] Level 1:colcon.colcon_core.environment:create_file_with_runtime_dependencies(/workspaces/citros_example_robotic_arm/ros2_ws/install/control_msgs/share/colcon-core/packages/control_msgs)
[2.861s] DEBUG:colcon.colcon_core.event_handler.log_command:Invoked command in '/workspaces/citros_example_robotic_arm/ros2_ws/build/gazebo_ros2_control' returned '0': CMAKE_PREFIX_PATH=/opt/ros/foxy /usr/bin/cmake /workspaces/citros_example_robotic_arm/ros2_ws/src/gazebo_ros2_control/gazebo_ros2_control -DCMAKE_INSTALL_PREFIX=/workspaces/citros_example_robotic_arm/ros2_ws/install/gazebo_ros2_control
[2.863s] DEBUG:colcon.colcon_core.event_handler.log_command:Invoking command in '/workspaces/citros_example_robotic_arm/ros2_ws/build/gazebo_ros2_control': CMAKE_PREFIX_PATH=/opt/ros/foxy /usr/bin/cmake --build /workspaces/citros_example_robotic_arm/ros2_ws/build/gazebo_ros2_control -- -j20 -l20
[11.157s] DEBUG:colcon.colcon_core.event_handler.log_command:Invoked command in '/workspaces/citros_example_robotic_arm/ros2_ws/build/gazebo_ros2_control' returned '0': CMAKE_PREFIX_PATH=/opt/ros/foxy /usr/bin/cmake --build /workspaces/citros_example_robotic_arm/ros2_ws/build/gazebo_ros2_control -- -j20 -l20
[11.181s] DEBUG:colcon.colcon_core.event_handler.log_command:Invoking command in '/workspaces/citros_example_robotic_arm/ros2_ws/build/gazebo_ros2_control': CMAKE_PREFIX_PATH=/opt/ros/foxy /usr/bin/cmake --install /workspaces/citros_example_robotic_arm/ros2_ws/build/gazebo_ros2_control
[11.196s] Level 1:colcon.colcon_core.environment:create_environment_scripts_only(gazebo_ros2_control)
[11.198s] Level 1:colcon.colcon_core.environment:checking '/workspaces/citros_example_robotic_arm/ros2_ws/install/gazebo_ros2_control' for CMake module files
[11.198s] DEBUG:colcon.colcon_core.event_handler.log_command:Invoked command in '/workspaces/citros_example_robotic_arm/ros2_ws/build/gazebo_ros2_control' returned '0': CMAKE_PREFIX_PATH=/opt/ros/foxy /usr/bin/cmake --install /workspaces/citros_example_robotic_arm/ros2_ws/build/gazebo_ros2_control
[11.198s] Level 1:colcon.colcon_core.environment:checking '/workspaces/citros_example_robotic_arm/ros2_ws/install/gazebo_ros2_control' for CMake config files
[11.198s] Level 1:colcon.colcon_core.shell:create_environment_hook('gazebo_ros2_control', 'cmake_prefix_path')
[11.199s] INFO:colcon.colcon_core.shell:Creating environment hook '/workspaces/citros_example_robotic_arm/ros2_ws/install/gazebo_ros2_control/share/gazebo_ros2_control/hook/cmake_prefix_path.ps1'
[11.200s] INFO:colcon.colcon_core.shell:Creating environment descriptor '/workspaces/citros_example_robotic_arm/ros2_ws/install/gazebo_ros2_control/share/gazebo_ros2_control/hook/cmake_prefix_path.dsv'
[11.200s] INFO:colcon.colcon_core.shell:Creating environment hook '/workspaces/citros_example_robotic_arm/ros2_ws/install/gazebo_ros2_control/share/gazebo_ros2_control/hook/cmake_prefix_path.sh'
[11.200s] Level 1:colcon.colcon_core.environment:checking '/workspaces/citros_example_robotic_arm/ros2_ws/install/gazebo_ros2_control/lib'
[11.200s] Level 1:colcon.colcon_core.shell:create_environment_hook('gazebo_ros2_control', 'ld_library_path_lib')
[11.201s] INFO:colcon.colcon_core.shell:Creating environment hook '/workspaces/citros_example_robotic_arm/ros2_ws/install/gazebo_ros2_control/share/gazebo_ros2_control/hook/ld_library_path_lib.ps1'
[11.201s] INFO:colcon.colcon_core.shell:Creating environment descriptor '/workspaces/citros_example_robotic_arm/ros2_ws/install/gazebo_ros2_control/share/gazebo_ros2_control/hook/ld_library_path_lib.dsv'
[11.201s] INFO:colcon.colcon_core.shell:Creating environment hook '/workspaces/citros_example_robotic_arm/ros2_ws/install/gazebo_ros2_control/share/gazebo_ros2_control/hook/ld_library_path_lib.sh'
[11.201s] Level 1:colcon.colcon_core.environment:checking '/workspaces/citros_example_robotic_arm/ros2_ws/install/gazebo_ros2_control/bin'
[11.201s] Level 1:colcon.colcon_core.environment:checking '/workspaces/citros_example_robotic_arm/ros2_ws/install/gazebo_ros2_control/lib/pkgconfig/gazebo_ros2_control.pc'
[11.201s] Level 1:colcon.colcon_core.environment:checking '/workspaces/citros_example_robotic_arm/ros2_ws/install/gazebo_ros2_control/lib/python3.8/site-packages'
[11.202s] Level 1:colcon.colcon_core.environment:checking '/workspaces/citros_example_robotic_arm/ros2_ws/install/gazebo_ros2_control/bin'
[11.202s] INFO:colcon.colcon_core.shell:Creating package script '/workspaces/citros_example_robotic_arm/ros2_ws/install/gazebo_ros2_control/share/gazebo_ros2_control/package.ps1'
[11.203s] INFO:colcon.colcon_core.shell:Creating package descriptor '/workspaces/citros_example_robotic_arm/ros2_ws/install/gazebo_ros2_control/share/gazebo_ros2_control/package.dsv'
[11.203s] INFO:colcon.colcon_core.shell:Creating package script '/workspaces/citros_example_robotic_arm/ros2_ws/install/gazebo_ros2_control/share/gazebo_ros2_control/package.sh'
[11.203s] INFO:colcon.colcon_core.shell:Creating package script '/workspaces/citros_example_robotic_arm/ros2_ws/install/gazebo_ros2_control/share/gazebo_ros2_control/package.bash'
[11.203s] INFO:colcon.colcon_core.shell:Creating package script '/workspaces/citros_example_robotic_arm/ros2_ws/install/gazebo_ros2_control/share/gazebo_ros2_control/package.zsh'
[11.203s] Level 1:colcon.colcon_core.environment:create_file_with_runtime_dependencies(/workspaces/citros_example_robotic_arm/ros2_ws/install/gazebo_ros2_control/share/colcon-core/packages/gazebo_ros2_control)
[11.222s] Level 1:colcon.colcon_core.environment:create_environment_scripts_only(gazebo_ros2_control)
[11.224s] Level 1:colcon.colcon_core.environment:checking '/workspaces/citros_example_robotic_arm/ros2_ws/install/gazebo_ros2_control' for CMake module files
[11.224s] Level 1:colcon.colcon_core.environment:checking '/workspaces/citros_example_robotic_arm/ros2_ws/install/gazebo_ros2_control' for CMake config files
[11.224s] Level 1:colcon.colcon_core.shell:create_environment_hook('gazebo_ros2_control', 'cmake_prefix_path')
[11.225s] INFO:colcon.colcon_core.shell:Creating environment hook '/workspaces/citros_example_robotic_arm/ros2_ws/install/gazebo_ros2_control/share/gazebo_ros2_control/hook/cmake_prefix_path.ps1'
[11.226s] INFO:colcon.colcon_core.shell:Creating environment descriptor '/workspaces/citros_example_robotic_arm/ros2_ws/install/gazebo_ros2_control/share/gazebo_ros2_control/hook/cmake_prefix_path.dsv'
[11.226s] INFO:colcon.colcon_core.shell:Creating environment hook '/workspaces/citros_example_robotic_arm/ros2_ws/install/gazebo_ros2_control/share/gazebo_ros2_control/hook/cmake_prefix_path.sh'
[11.227s] Level 1:colcon.colcon_core.environment:checking '/workspaces/citros_example_robotic_arm/ros2_ws/install/gazebo_ros2_control/lib'
[11.227s] Level 1:colcon.colcon_core.shell:create_environment_hook('gazebo_ros2_control', 'ld_library_path_lib')
[11.228s] INFO:colcon.colcon_core.shell:Creating environment hook '/workspaces/citros_example_robotic_arm/ros2_ws/install/gazebo_ros2_control/share/gazebo_ros2_control/hook/ld_library_path_lib.ps1'
[11.228s] INFO:colcon.colcon_core.shell:Creating environment descriptor '/workspaces/citros_example_robotic_arm/ros2_ws/install/gazebo_ros2_control/share/gazebo_ros2_control/hook/ld_library_path_lib.dsv'
[11.228s] INFO:colcon.colcon_core.shell:Creating environment hook '/workspaces/citros_example_robotic_arm/ros2_ws/install/gazebo_ros2_control/share/gazebo_ros2_control/hook/ld_library_path_lib.sh'
[11.229s] Level 1:colcon.colcon_core.environment:checking '/workspaces/citros_example_robotic_arm/ros2_ws/install/gazebo_ros2_control/bin'
[11.229s] Level 1:colcon.colcon_core.environment:checking '/workspaces/citros_example_robotic_arm/ros2_ws/install/gazebo_ros2_control/lib/pkgconfig/gazebo_ros2_control.pc'
[11.229s] Level 1:colcon.colcon_core.environment:checking '/workspaces/citros_example_robotic_arm/ros2_ws/install/gazebo_ros2_control/lib/python3.8/site-packages'
[11.229s] Level 1:colcon.colcon_core.environment:checking '/workspaces/citros_example_robotic_arm/ros2_ws/install/gazebo_ros2_control/bin'
[11.231s] INFO:colcon.colcon_core.shell:Creating package script '/workspaces/citros_example_robotic_arm/ros2_ws/install/gazebo_ros2_control/share/gazebo_ros2_control/package.ps1'
[11.231s] INFO:colcon.colcon_core.shell:Creating package descriptor '/workspaces/citros_example_robotic_arm/ros2_ws/install/gazebo_ros2_control/share/gazebo_ros2_control/package.dsv'
[11.231s] INFO:colcon.colcon_core.shell:Creating package script '/workspaces/citros_example_robotic_arm/ros2_ws/install/gazebo_ros2_control/share/gazebo_ros2_control/package.sh'
[11.232s] INFO:colcon.colcon_core.shell:Creating package script '/workspaces/citros_example_robotic_arm/ros2_ws/install/gazebo_ros2_control/share/gazebo_ros2_control/package.bash'
[11.232s] INFO:colcon.colcon_core.shell:Creating package script '/workspaces/citros_example_robotic_arm/ros2_ws/install/gazebo_ros2_control/share/gazebo_ros2_control/package.zsh'
[11.232s] Level 1:colcon.colcon_core.environment:create_file_with_runtime_dependencies(/workspaces/citros_example_robotic_arm/ros2_ws/install/gazebo_ros2_control/share/colcon-core/packages/gazebo_ros2_control)
[11.233s] INFO:colcon.colcon_ros.task.ament_cmake.build:Building ROS package in '/workspaces/citros_example_robotic_arm/ros2_ws/src/gazebo_ros2_control/gazebo_ros2_control_demos' with build type 'ament_cmake'
[11.233s] INFO:colcon.colcon_cmake.task.cmake.build:Building CMake package in '/workspaces/citros_example_robotic_arm/ros2_ws/src/gazebo_ros2_control/gazebo_ros2_control_demos'
[11.234s] INFO:colcon.colcon_core.shell:Skip shell extension 'powershell' for command environment: Not usable outside of PowerShell
[11.234s] DEBUG:colcon.colcon_core.shell:Skip shell extension 'dsv' for command environment
[11.246s] DEBUG:colcon.colcon_core.event_handler.log_command:Invoking command in '/workspaces/citros_example_robotic_arm/ros2_ws/build/gazebo_ros2_control_demos': AMENT_PREFIX_PATH=/workspaces/citros_example_robotic_arm/ros2_ws/install/gazebo_ros2_control:/workspaces/citros_example_robotic_arm/ros2_ws/install/control_msgs:${AMENT_PREFIX_PATH} CMAKE_PREFIX_PATH=/workspaces/citros_example_robotic_arm/ros2_ws/install/gazebo_ros2_control:/workspaces/citros_example_robotic_arm/ros2_ws/install/control_msgs:/opt/ros/foxy LD_LIBRARY_PATH=/workspaces/citros_example_robotic_arm/ros2_ws/install/gazebo_ros2_control/lib:/workspaces/citros_example_robotic_arm/ros2_ws/install/control_msgs/lib:${LD_LIBRARY_PATH} PYTHONPATH=/workspaces/citros_example_robotic_arm/ros2_ws/install/control_msgs/lib/python3.8/site-packages:${PYTHONPATH} /usr/bin/cmake /workspaces/citros_example_robotic_arm/ros2_ws/src/gazebo_ros2_control/gazebo_ros2_control_demos -DCMAKE_INSTALL_PREFIX=/workspaces/citros_example_robotic_arm/ros2_ws/install/gazebo_ros2_control_demos
[12.810s] DEBUG:colcon.colcon_core.event_handler.log_command:Invoked command in '/workspaces/citros_example_robotic_arm/ros2_ws/build/gazebo_ros2_control_demos' returned '0': AMENT_PREFIX_PATH=/workspaces/citros_example_robotic_arm/ros2_ws/install/gazebo_ros2_control:/workspaces/citros_example_robotic_arm/ros2_ws/install/control_msgs:${AMENT_PREFIX_PATH} CMAKE_PREFIX_PATH=/workspaces/citros_example_robotic_arm/ros2_ws/install/gazebo_ros2_control:/workspaces/citros_example_robotic_arm/ros2_ws/install/control_msgs:/opt/ros/foxy LD_LIBRARY_PATH=/workspaces/citros_example_robotic_arm/ros2_ws/install/gazebo_ros2_control/lib:/workspaces/citros_example_robotic_arm/ros2_ws/install/control_msgs/lib:${LD_LIBRARY_PATH} PYTHONPATH=/workspaces/citros_example_robotic_arm/ros2_ws/install/control_msgs/lib/python3.8/site-packages:${PYTHONPATH} /usr/bin/cmake /workspaces/citros_example_robotic_arm/ros2_ws/src/gazebo_ros2_control/gazebo_ros2_control_demos -DCMAKE_INSTALL_PREFIX=/workspaces/citros_example_robotic_arm/ros2_ws/install/gazebo_ros2_control_demos
[12.812s] DEBUG:colcon.colcon_core.event_handler.log_command:Invoking command in '/workspaces/citros_example_robotic_arm/ros2_ws/build/gazebo_ros2_control_demos': AMENT_PREFIX_PATH=/workspaces/citros_example_robotic_arm/ros2_ws/install/gazebo_ros2_control:/workspaces/citros_example_robotic_arm/ros2_ws/install/control_msgs:${AMENT_PREFIX_PATH} CMAKE_PREFIX_PATH=/workspaces/citros_example_robotic_arm/ros2_ws/install/gazebo_ros2_control:/workspaces/citros_example_robotic_arm/ros2_ws/install/control_msgs:/opt/ros/foxy LD_LIBRARY_PATH=/workspaces/citros_example_robotic_arm/ros2_ws/install/gazebo_ros2_control/lib:/workspaces/citros_example_robotic_arm/ros2_ws/install/control_msgs/lib:${LD_LIBRARY_PATH} PYTHONPATH=/workspaces/citros_example_robotic_arm/ros2_ws/install/control_msgs/lib/python3.8/site-packages:${PYTHONPATH} /usr/bin/cmake --build /workspaces/citros_example_robotic_arm/ros2_ws/build/gazebo_ros2_control_demos -- -j20 -l20
[15.176s] DEBUG:colcon.colcon_core.event_handler.log_command:Invoked command in '/workspaces/citros_example_robotic_arm/ros2_ws/build/gazebo_ros2_control_demos' returned '0': AMENT_PREFIX_PATH=/workspaces/citros_example_robotic_arm/ros2_ws/install/gazebo_ros2_control:/workspaces/citros_example_robotic_arm/ros2_ws/install/control_msgs:${AMENT_PREFIX_PATH} CMAKE_PREFIX_PATH=/workspaces/citros_example_robotic_arm/ros2_ws/install/gazebo_ros2_control:/workspaces/citros_example_robotic_arm/ros2_ws/install/control_msgs:/opt/ros/foxy LD_LIBRARY_PATH=/workspaces/citros_example_robotic_arm/ros2_ws/install/gazebo_ros2_control/lib:/workspaces/citros_example_robotic_arm/ros2_ws/install/control_msgs/lib:${LD_LIBRARY_PATH} PYTHONPATH=/workspaces/citros_example_robotic_arm/ros2_ws/install/control_msgs/lib/python3.8/site-packages:${PYTHONPATH} /usr/bin/cmake --build /workspaces/citros_example_robotic_arm/ros2_ws/build/gazebo_ros2_control_demos -- -j20 -l20
[15.200s] DEBUG:colcon.colcon_core.event_handler.log_command:Invoking command in '/workspaces/citros_example_robotic_arm/ros2_ws/build/gazebo_ros2_control_demos': AMENT_PREFIX_PATH=/workspaces/citros_example_robotic_arm/ros2_ws/install/gazebo_ros2_control:/workspaces/citros_example_robotic_arm/ros2_ws/install/control_msgs:${AMENT_PREFIX_PATH} CMAKE_PREFIX_PATH=/workspaces/citros_example_robotic_arm/ros2_ws/install/gazebo_ros2_control:/workspaces/citros_example_robotic_arm/ros2_ws/install/control_msgs:/opt/ros/foxy LD_LIBRARY_PATH=/workspaces/citros_example_robotic_arm/ros2_ws/install/gazebo_ros2_control/lib:/workspaces/citros_example_robotic_arm/ros2_ws/install/control_msgs/lib:${LD_LIBRARY_PATH} PYTHONPATH=/workspaces/citros_example_robotic_arm/ros2_ws/install/control_msgs/lib/python3.8/site-packages:${PYTHONPATH} /usr/bin/cmake --install /workspaces/citros_example_robotic_arm/ros2_ws/build/gazebo_ros2_control_demos
[15.221s] Level 1:colcon.colcon_core.environment:create_environment_scripts_only(gazebo_ros2_control_demos)
[15.223s] Level 1:colcon.colcon_core.environment:checking '/workspaces/citros_example_robotic_arm/ros2_ws/install/gazebo_ros2_control_demos' for CMake module files
[15.223s] DEBUG:colcon.colcon_core.event_handler.log_command:Invoked command in '/workspaces/citros_example_robotic_arm/ros2_ws/build/gazebo_ros2_control_demos' returned '0': AMENT_PREFIX_PATH=/workspaces/citros_example_robotic_arm/ros2_ws/install/gazebo_ros2_control:/workspaces/citros_example_robotic_arm/ros2_ws/install/control_msgs:${AMENT_PREFIX_PATH} CMAKE_PREFIX_PATH=/workspaces/citros_example_robotic_arm/ros2_ws/install/gazebo_ros2_control:/workspaces/citros_example_robotic_arm/ros2_ws/install/control_msgs:/opt/ros/foxy LD_LIBRARY_PATH=/workspaces/citros_example_robotic_arm/ros2_ws/install/gazebo_ros2_control/lib:/workspaces/citros_example_robotic_arm/ros2_ws/install/control_msgs/lib:${LD_LIBRARY_PATH} PYTHONPATH=/workspaces/citros_example_robotic_arm/ros2_ws/install/control_msgs/lib/python3.8/site-packages:${PYTHONPATH} /usr/bin/cmake --install /workspaces/citros_example_robotic_arm/ros2_ws/build/gazebo_ros2_control_demos
[15.224s] Level 1:colcon.colcon_core.environment:checking '/workspaces/citros_example_robotic_arm/ros2_ws/install/gazebo_ros2_control_demos' for CMake config files
[15.224s] Level 1:colcon.colcon_core.shell:create_environment_hook('gazebo_ros2_control_demos', 'cmake_prefix_path')
[15.225s] INFO:colcon.colcon_core.shell:Creating environment hook '/workspaces/citros_example_robotic_arm/ros2_ws/install/gazebo_ros2_control_demos/share/gazebo_ros2_control_demos/hook/cmake_prefix_path.ps1'
[15.225s] INFO:colcon.colcon_core.shell:Creating environment descriptor '/workspaces/citros_example_robotic_arm/ros2_ws/install/gazebo_ros2_control_demos/share/gazebo_ros2_control_demos/hook/cmake_prefix_path.dsv'
[15.225s] INFO:colcon.colcon_core.shell:Creating environment hook '/workspaces/citros_example_robotic_arm/ros2_ws/install/gazebo_ros2_control_demos/share/gazebo_ros2_control_demos/hook/cmake_prefix_path.sh'
[15.226s] Level 1:colcon.colcon_core.environment:checking '/workspaces/citros_example_robotic_arm/ros2_ws/install/gazebo_ros2_control_demos/lib'
[15.226s] Level 1:colcon.colcon_core.environment:checking '/workspaces/citros_example_robotic_arm/ros2_ws/install/gazebo_ros2_control_demos/bin'
[15.226s] Level 1:colcon.colcon_core.environment:checking '/workspaces/citros_example_robotic_arm/ros2_ws/install/gazebo_ros2_control_demos/lib/pkgconfig/gazebo_ros2_control_demos.pc'
[15.226s] Level 1:colcon.colcon_core.environment:checking '/workspaces/citros_example_robotic_arm/ros2_ws/install/gazebo_ros2_control_demos/lib/python3.8/site-packages'
[15.226s] Level 1:colcon.colcon_core.environment:checking '/workspaces/citros_example_robotic_arm/ros2_ws/install/gazebo_ros2_control_demos/bin'
[15.227s] INFO:colcon.colcon_core.shell:Creating package script '/workspaces/citros_example_robotic_arm/ros2_ws/install/gazebo_ros2_control_demos/share/gazebo_ros2_control_demos/package.ps1'
[15.228s] INFO:colcon.colcon_core.shell:Creating package descriptor '/workspaces/citros_example_robotic_arm/ros2_ws/install/gazebo_ros2_control_demos/share/gazebo_ros2_control_demos/package.dsv'
[15.228s] INFO:colcon.colcon_core.shell:Creating package script '/workspaces/citros_example_robotic_arm/ros2_ws/install/gazebo_ros2_control_demos/share/gazebo_ros2_control_demos/package.sh'
[15.228s] INFO:colcon.colcon_core.shell:Creating package script '/workspaces/citros_example_robotic_arm/ros2_ws/install/gazebo_ros2_control_demos/share/gazebo_ros2_control_demos/package.bash'
[15.229s] INFO:colcon.colcon_core.shell:Creating package script '/workspaces/citros_example_robotic_arm/ros2_ws/install/gazebo_ros2_control_demos/share/gazebo_ros2_control_demos/package.zsh'
[15.229s] Level 1:colcon.colcon_core.environment:create_file_with_runtime_dependencies(/workspaces/citros_example_robotic_arm/ros2_ws/install/gazebo_ros2_control_demos/share/colcon-core/packages/gazebo_ros2_control_demos)
[15.265s] Level 1:colcon.colcon_core.environment:create_environment_scripts_only(gazebo_ros2_control_demos)
[15.268s] Level 1:colcon.colcon_core.environment:checking '/workspaces/citros_example_robotic_arm/ros2_ws/install/gazebo_ros2_control_demos' for CMake module files
[15.268s] Level 1:colcon.colcon_core.environment:checking '/workspaces/citros_example_robotic_arm/ros2_ws/install/gazebo_ros2_control_demos' for CMake config files
[15.269s] Level 1:colcon.colcon_core.shell:create_environment_hook('gazebo_ros2_control_demos', 'cmake_prefix_path')
[15.270s] INFO:colcon.colcon_core.shell:Creating environment hook '/workspaces/citros_example_robotic_arm/ros2_ws/install/gazebo_ros2_control_demos/share/gazebo_ros2_control_demos/hook/cmake_prefix_path.ps1'
[15.271s] INFO:colcon.colcon_core.shell:Creating environment descriptor '/workspaces/citros_example_robotic_arm/ros2_ws/install/gazebo_ros2_control_demos/share/gazebo_ros2_control_demos/hook/cmake_prefix_path.dsv'
[15.271s] INFO:colcon.colcon_core.shell:Creating environment hook '/workspaces/citros_example_robotic_arm/ros2_ws/install/gazebo_ros2_control_demos/share/gazebo_ros2_control_demos/hook/cmake_prefix_path.sh'
[15.272s] Level 1:colcon.colcon_core.environment:checking '/workspaces/citros_example_robotic_arm/ros2_ws/install/gazebo_ros2_control_demos/lib'
[15.272s] Level 1:colcon.colcon_core.environment:checking '/workspaces/citros_example_robotic_arm/ros2_ws/install/gazebo_ros2_control_demos/bin'
[15.272s] Level 1:colcon.colcon_core.environment:checking '/workspaces/citros_example_robotic_arm/ros2_ws/install/gazebo_ros2_control_demos/lib/pkgconfig/gazebo_ros2_control_demos.pc'
[15.272s] Level 1:colcon.colcon_core.environment:checking '/workspaces/citros_example_robotic_arm/ros2_ws/install/gazebo_ros2_control_demos/lib/python3.8/site-packages'
[15.272s] Level 1:colcon.colcon_core.environment:checking '/workspaces/citros_example_robotic_arm/ros2_ws/install/gazebo_ros2_control_demos/bin'
[15.273s] INFO:colcon.colcon_core.shell:Creating package script '/workspaces/citros_example_robotic_arm/ros2_ws/install/gazebo_ros2_control_demos/share/gazebo_ros2_control_demos/package.ps1'
[15.274s] INFO:colcon.colcon_core.shell:Creating package descriptor '/workspaces/citros_example_robotic_arm/ros2_ws/install/gazebo_ros2_control_demos/share/gazebo_ros2_control_demos/package.dsv'
[15.274s] INFO:colcon.colcon_core.shell:Creating package script '/workspaces/citros_example_robotic_arm/ros2_ws/install/gazebo_ros2_control_demos/share/gazebo_ros2_control_demos/package.sh'
[15.274s] INFO:colcon.colcon_core.shell:Creating package script '/workspaces/citros_example_robotic_arm/ros2_ws/install/gazebo_ros2_control_demos/share/gazebo_ros2_control_demos/package.bash'
[15.275s] INFO:colcon.colcon_core.shell:Creating package script '/workspaces/citros_example_robotic_arm/ros2_ws/install/gazebo_ros2_control_demos/share/gazebo_ros2_control_demos/package.zsh'
[15.275s] Level 1:colcon.colcon_core.environment:create_file_with_runtime_dependencies(/workspaces/citros_example_robotic_arm/ros2_ws/install/gazebo_ros2_control_demos/share/colcon-core/packages/gazebo_ros2_control_demos)
[15.275s] DEBUG:colcon.colcon_parallel_executor.executor.parallel:closing loop
[15.275s] DEBUG:colcon.colcon_parallel_executor.executor.parallel:loop closed
[15.275s] DEBUG:colcon.colcon_parallel_executor.executor.parallel:run_until_complete finished with '0'
[15.276s] DEBUG:colcon.colcon_core.event_reactor:joining thread
[15.281s] INFO:colcon.colcon_core.plugin_system:Skipping extension 'colcon_notification.desktop_notification.notify_send': Could not find 'notify-send'
[15.281s] INFO:colcon.colcon_core.plugin_system:Skipping extension 'colcon_notification.desktop_notification.terminal_notifier': Not used on non-Darwin systems
[15.281s] INFO:colcon.colcon_core.plugin_system:Skipping extension 'colcon_notification.desktop_notification.win32': Not used on non-Windows systems
[15.281s] INFO:colcon.colcon_notification.desktop_notification:Sending desktop notification using 'notify2'
[15.285s] DEBUG:colcon.colcon_notification.desktop_notification.notify2:Failed to initialize notify2: org.freedesktop.DBus.Error.ServiceUnknown: The name org.freedesktop.Notifications was not provided by any .service files
[15.285s] DEBUG:colcon.colcon_core.event_reactor:joined thread
[15.286s] INFO:colcon.colcon_core.shell:Creating prefix script '/workspaces/citros_example_robotic_arm/ros2_ws/install/local_setup.ps1'
[15.287s] INFO:colcon.colcon_core.shell:Creating prefix util module '/workspaces/citros_example_robotic_arm/ros2_ws/install/_local_setup_util_ps1.py'
[15.288s] INFO:colcon.colcon_core.shell:Creating prefix chain script '/workspaces/citros_example_robotic_arm/ros2_ws/install/setup.ps1'
[15.289s] INFO:colcon.colcon_core.shell:Creating prefix script '/workspaces/citros_example_robotic_arm/ros2_ws/install/local_setup.sh'
[15.289s] INFO:colcon.colcon_core.shell:Creating prefix util module '/workspaces/citros_example_robotic_arm/ros2_ws/install/_local_setup_util_sh.py'
[15.289s] INFO:colcon.colcon_core.shell:Creating prefix chain script '/workspaces/citros_example_robotic_arm/ros2_ws/install/setup.sh'
[15.290s] INFO:colcon.colcon_core.shell:Creating prefix script '/workspaces/citros_example_robotic_arm/ros2_ws/install/local_setup.bash'
[15.290s] INFO:colcon.colcon_core.shell:Creating prefix chain script '/workspaces/citros_example_robotic_arm/ros2_ws/install/setup.bash'
[15.291s] INFO:colcon.colcon_core.shell:Creating prefix script '/workspaces/citros_example_robotic_arm/ros2_ws/install/local_setup.zsh'
[15.291s] INFO:colcon.colcon_core.shell:Creating prefix chain script '/workspaces/citros_example_robotic_arm/ros2_ws/install/setup.zsh'
