-- The C compiler identification is GNU 9.4.0
-- The CXX compiler identification is GNU 9.4.0
-- Check for working C compiler: /usr/bin/cc
-- Check for working C compiler: /usr/bin/cc -- works
-- Detecting C compiler ABI info
-- Detecting C compiler ABI info - done
-- Detecting C compile features
-- Detecting C compile features - done
-- Check for working CXX compiler: /usr/bin/c++
-- Check for working CXX compiler: /usr/bin/c++ -- works
-- Detecting CXX compiler ABI info
-- Detecting CXX compiler ABI info - done
-- Detecting CXX compile features
-- Detecting CXX compile features - done
-- Found ament_cmake: 0.9.11 (/opt/ros/foxy/share/ament_cmake/cmake)
-- Found PythonInterp: /usr/bin/python3 (found suitable version "3.8.10", minimum required is "3") 
-- Using PYTHON_EXECUTABLE: /usr/bin/python3
-- Found rosidl_default_generators: 1.0.1 (/opt/ros/foxy/share/rosidl_default_generators/cmake)
-- Using all available rosidl_typesupport_c: rosidl_typesupport_fastrtps_c;rosidl_typesupport_introspection_c
-- Found rosidl_adapter: 1.3.0 (/opt/ros/foxy/share/rosidl_adapter/cmake)
-- Found OpenSSL: /usr/lib/x86_64-linux-gnu/libcrypto.so (found version "1.1.1f")  
-- Found FastRTPS: /opt/ros/foxy/include  
-- Using all available rosidl_typesupport_cpp: rosidl_typesupport_fastrtps_cpp;rosidl_typesupport_introspection_cpp
-- Found std_msgs: 2.0.5 (/opt/ros/foxy/share/std_msgs/cmake)
-- Found PythonInterp: /usr/bin/python3 (found version "3.8.10") 
-- Found ament_cmake_ros: 0.9.2 (/opt/ros/foxy/share/ament_cmake_ros/cmake)
-- Using all available rosidl_typesupport_c: rosidl_typesupport_fastrtps_c;rosidl_typesupport_introspection_c
-- Using all available rosidl_typesupport_cpp: rosidl_typesupport_fastrtps_cpp;rosidl_typesupport_introspection_cpp
-- Found PythonInterp: /usr/bin/python3 (found suitable version "3.8.10", minimum required is "3.5") 
-- Found python_cmake_module: 0.8.1 (/opt/ros/foxy/share/python_cmake_module/cmake)
-- Found PythonLibs: /usr/lib/x86_64-linux-gnu/libpython3.8.so (found suitable version "3.8.10", minimum required is "3.5") 
-- Using PYTHON_EXECUTABLE: /usr/bin/python3
-- Using PYTHON_INCLUDE_DIRS: /usr/include/python3.8
-- Using PYTHON_LIBRARIES: /usr/lib/x86_64-linux-gnu/libpython3.8.so
-- Found PythonExtra: .so  
-- Found ament_lint_auto: 0.9.7 (/opt/ros/foxy/share/ament_lint_auto/cmake)
-- Added test 'copyright' to check source files copyright and LICENSE
-- Added test 'lint_cmake' to check CMake code style
-- Added test 'xmllint' to check XML markup files
-- Configuring done
-- Generating done
-- Build files have been written to: /workspaces/citros_example_robotic_arm/franka_ros2_ws/build/franka_msgs
[35m[1mScanning dependencies of target franka_msgs__cpp[0m
[  1%] [34m[1mGenerating C code for ROS interfaces[0m
[  3%] [34m[1mGenerating C++ code for ROS interfaces[0m
[  3%] Built target franka_msgs__cpp
[  9%] [34m[1mGenerating C++ introspection for ROS interfaces[0m
[  9%] [34m[1mGenerating C++ type support dispatch for ROS interfaces[0m
[  9%] [34m[1mGenerating C++ type support for eProsima Fast-RTPS[0m
[35m[1mScanning dependencies of target franka_msgs__rosidl_generator_c[0m
[ 16%] [32mBuilding C object CMakeFiles/franka_msgs__rosidl_generator_c.dir/rosidl_generator_c/franka_msgs/action/detail/grasp__functions.c.o[0m
[ 16%] [32mBuilding C object CMakeFiles/franka_msgs__rosidl_generator_c.dir/rosidl_generator_c/franka_msgs/action/detail/move__functions.c.o[0m
[ 16%] [32mBuilding C object CMakeFiles/franka_msgs__rosidl_generator_c.dir/rosidl_generator_c/franka_msgs/msg/detail/grasp_epsilon__functions.c.o[0m
[ 16%] [32mBuilding C object CMakeFiles/franka_msgs__rosidl_generator_c.dir/rosidl_generator_c/franka_msgs/action/detail/homing__functions.c.o[0m
[ 18%] [32m[1mLinking C shared library libfranka_msgs__rosidl_generator_c.so[0m
[ 18%] Built target franka_msgs__rosidl_generator_c
[ 21%] [34m[1mGenerating C introspection for ROS interfaces[0m
[ 21%] [34m[1mGenerating C type support dispatch for ROS interfaces[0m
[35m[1mScanning dependencies of target franka_msgs__rosidl_typesupport_cpp[0m
[ 23%] [32mBuilding CXX object CMakeFiles/franka_msgs__rosidl_typesupport_cpp.dir/rosidl_typesupport_cpp/franka_msgs/action/grasp__type_support.cpp.o[0m
[ 27%] [32mBuilding CXX object CMakeFiles/franka_msgs__rosidl_typesupport_cpp.dir/rosidl_typesupport_cpp/franka_msgs/action/move__type_support.cpp.o[0m
[ 27%] [32mBuilding CXX object CMakeFiles/franka_msgs__rosidl_typesupport_cpp.dir/rosidl_typesupport_cpp/franka_msgs/action/homing__type_support.cpp.o[0m
[ 29%] [32mBuilding CXX object CMakeFiles/franka_msgs__rosidl_typesupport_cpp.dir/rosidl_typesupport_cpp/franka_msgs/msg/grasp_epsilon__type_support.cpp.o[0m
[35m[1mScanning dependencies of target franka_msgs__rosidl_typesupport_introspection_cpp[0m
[ 30%] [32mBuilding CXX object CMakeFiles/franka_msgs__rosidl_typesupport_introspection_cpp.dir/rosidl_typesupport_introspection_cpp/franka_msgs/action/detail/grasp__type_support.cpp.o[0m
[ 36%] [32mBuilding CXX object CMakeFiles/franka_msgs__rosidl_typesupport_introspection_cpp.dir/rosidl_typesupport_introspection_cpp/franka_msgs/action/detail/homing__type_support.cpp.o[0m
[ 36%] [32mBuilding CXX object CMakeFiles/franka_msgs__rosidl_typesupport_introspection_cpp.dir/rosidl_typesupport_introspection_cpp/franka_msgs/msg/detail/grasp_epsilon__type_support.cpp.o[0m
[ 36%] [32mBuilding CXX object CMakeFiles/franka_msgs__rosidl_typesupport_introspection_cpp.dir/rosidl_typesupport_introspection_cpp/franka_msgs/action/detail/move__type_support.cpp.o[0m
[35m[1mScanning dependencies of target franka_msgs__rosidl_typesupport_fastrtps_cpp[0m
[ 38%] [32mBuilding CXX object CMakeFiles/franka_msgs__rosidl_typesupport_fastrtps_cpp.dir/rosidl_typesupport_fastrtps_cpp/franka_msgs/action/detail/dds_fastrtps/grasp__type_support.cpp.o[0m
[ 40%] [32mBuilding CXX object CMakeFiles/franka_msgs__rosidl_typesupport_fastrtps_cpp.dir/rosidl_typesupport_fastrtps_cpp/franka_msgs/action/detail/dds_fastrtps/homing__type_support.cpp.o[0m
[ 41%] [32mBuilding CXX object CMakeFiles/franka_msgs__rosidl_typesupport_fastrtps_cpp.dir/rosidl_typesupport_fastrtps_cpp/franka_msgs/action/detail/dds_fastrtps/move__type_support.cpp.o[0m
[ 43%] [32mBuilding CXX object CMakeFiles/franka_msgs__rosidl_typesupport_fastrtps_cpp.dir/rosidl_typesupport_fastrtps_cpp/franka_msgs/msg/detail/dds_fastrtps/grasp_epsilon__type_support.cpp.o[0m
[35m[1mScanning dependencies of target franka_msgs__rosidl_typesupport_c[0m
[ 50%] [32mBuilding CXX object CMakeFiles/franka_msgs__rosidl_typesupport_c.dir/rosidl_typesupport_c/franka_msgs/action/move__type_support.cpp.o[0m
[ 50%] [32mBuilding CXX object CMakeFiles/franka_msgs__rosidl_typesupport_c.dir/rosidl_typesupport_c/franka_msgs/action/homing__type_support.cpp.o[0m
[ 50%] [32mBuilding CXX object CMakeFiles/franka_msgs__rosidl_typesupport_c.dir/rosidl_typesupport_c/franka_msgs/action/grasp__type_support.cpp.o[0m
[ 50%] [32mBuilding CXX object CMakeFiles/franka_msgs__rosidl_typesupport_c.dir/rosidl_typesupport_c/franka_msgs/msg/grasp_epsilon__type_support.cpp.o[0m
[ 52%] [32m[1mLinking CXX shared library libfranka_msgs__rosidl_typesupport_c.so[0m
[ 52%] Built target franka_msgs__rosidl_typesupport_c
[35m[1mScanning dependencies of target franka_msgs__rosidl_typesupport_introspection_c[0m
[ 56%] [32mBuilding C object CMakeFiles/franka_msgs__rosidl_typesupport_introspection_c.dir/rosidl_typesupport_introspection_c/franka_msgs/action/detail/homing__type_support.c.o[0m
[ 56%] [32mBuilding C object CMakeFiles/franka_msgs__rosidl_typesupport_introspection_c.dir/rosidl_typesupport_introspection_c/franka_msgs/action/detail/grasp__type_support.c.o[0m
[ 58%] [32mBuilding C object CMakeFiles/franka_msgs__rosidl_typesupport_introspection_c.dir/rosidl_typesupport_introspection_c/franka_msgs/msg/detail/grasp_epsilon__type_support.c.o[0m
[ 60%] [32mBuilding C object CMakeFiles/franka_msgs__rosidl_typesupport_introspection_c.dir/rosidl_typesupport_introspection_c/franka_msgs/action/detail/move__type_support.c.o[0m
[ 61%] [32m[1mLinking CXX shared library libfranka_msgs__rosidl_typesupport_cpp.so[0m
[ 63%] [32m[1mLinking C shared library libfranka_msgs__rosidl_typesupport_introspection_c.so[0m
[ 63%] Built target franka_msgs__rosidl_typesupport_cpp
[ 63%] Built target franka_msgs__rosidl_typesupport_introspection_c
[ 65%] [32m[1mLinking CXX shared library libfranka_msgs__rosidl_typesupport_introspection_cpp.so[0m
[ 65%] Built target franka_msgs__rosidl_typesupport_introspection_cpp
[ 67%] [32m[1mLinking CXX shared library libfranka_msgs__rosidl_typesupport_fastrtps_cpp.so[0m
[ 67%] Built target franka_msgs__rosidl_typesupport_fastrtps_cpp
[ 69%] [34m[1mGenerating C type support for eProsima Fast-RTPS[0m
[35m[1mScanning dependencies of target franka_msgs__rosidl_typesupport_fastrtps_c[0m
[ 72%] [32mBuilding CXX object CMakeFiles/franka_msgs__rosidl_typesupport_fastrtps_c.dir/rosidl_typesupport_fastrtps_c/franka_msgs/action/detail/homing__type_support_c.cpp.o[0m
[ 72%] [32mBuilding CXX object CMakeFiles/franka_msgs__rosidl_typesupport_fastrtps_c.dir/rosidl_typesupport_fastrtps_c/franka_msgs/action/detail/grasp__type_support_c.cpp.o[0m
[ 74%] [32mBuilding CXX object CMakeFiles/franka_msgs__rosidl_typesupport_fastrtps_c.dir/rosidl_typesupport_fastrtps_c/franka_msgs/action/detail/move__type_support_c.cpp.o[0m
[ 76%] [32mBuilding CXX object CMakeFiles/franka_msgs__rosidl_typesupport_fastrtps_c.dir/rosidl_typesupport_fastrtps_c/franka_msgs/msg/detail/grasp_epsilon__type_support_c.cpp.o[0m
[ 78%] [32m[1mLinking CXX shared library libfranka_msgs__rosidl_typesupport_fastrtps_c.so[0m
[ 78%] Built target franka_msgs__rosidl_typesupport_fastrtps_c
[35m[1mScanning dependencies of target franka_msgs[0m
[ 78%] Built target franka_msgs
[35m[1mScanning dependencies of target franka_msgs__py[0m
[ 80%] [34m[1mGenerating Python code for ROS interfaces[0m
[ 80%] Built target franka_msgs__py
[35m[1mScanning dependencies of target franka_msgs__python[0m
[ 85%] [32mBuilding C object CMakeFiles/franka_msgs__python.dir/rosidl_generator_py/franka_msgs/action/_homing_s.c.o[0m
[ 85%] [32mBuilding C object CMakeFiles/franka_msgs__python.dir/rosidl_generator_py/franka_msgs/action/_move_s.c.o[0m
[ 83%] [32mBuilding C object CMakeFiles/franka_msgs__python.dir/rosidl_generator_py/franka_msgs/action/_grasp_s.c.o[0m
[ 87%] [32mBuilding C object CMakeFiles/franka_msgs__python.dir/rosidl_generator_py/franka_msgs/msg/_grasp_epsilon_s.c.o[0m
[ 89%] [32m[1mLinking C shared library rosidl_generator_py/franka_msgs/libfranka_msgs__python.so[0m
[ 89%] Built target franka_msgs__python
[35m[1mScanning dependencies of target franka_msgs__rosidl_typesupport_c__pyext[0m
[35m[1mScanning dependencies of target franka_msgs__rosidl_typesupport_introspection_c__pyext[0m
[35m[1mScanning dependencies of target franka_msgs__rosidl_typesupport_fastrtps_c__pyext[0m
[ 90%] [32mBuilding C object CMakeFiles/franka_msgs__rosidl_typesupport_c__pyext.dir/rosidl_generator_py/franka_msgs/_franka_msgs_s.ep.rosidl_typesupport_c.c.o[0m
[ 92%] [32mBuilding C object CMakeFiles/franka_msgs__rosidl_typesupport_introspection_c__pyext.dir/rosidl_generator_py/franka_msgs/_franka_msgs_s.ep.rosidl_typesupport_introspection_c.c.o[0m
[ 94%] [32mBuilding C object CMakeFiles/franka_msgs__rosidl_typesupport_fastrtps_c__pyext.dir/rosidl_generator_py/franka_msgs/_franka_msgs_s.ep.rosidl_typesupport_fastrtps_c.c.o[0m
[ 96%] [32m[1mLinking C shared library rosidl_generator_py/franka_msgs/franka_msgs_s__rosidl_typesupport_c.cpython-38-x86_64-linux-gnu.so[0m
[ 98%] [32m[1mLinking C shared library rosidl_generator_py/franka_msgs/franka_msgs_s__rosidl_typesupport_introspection_c.cpython-38-x86_64-linux-gnu.so[0m
[100%] [32m[1mLinking CXX shared library rosidl_generator_py/franka_msgs/franka_msgs_s__rosidl_typesupport_fastrtps_c.cpython-38-x86_64-linux-gnu.so[0m
[100%] Built target franka_msgs__rosidl_typesupport_c__pyext
[100%] Built target franka_msgs__rosidl_typesupport_introspection_c__pyext
[100%] Built target franka_msgs__rosidl_typesupport_fastrtps_c__pyext
-- Install configuration: ""
-- Installing: /workspaces/citros_example_robotic_arm/franka_ros2_ws/install/franka_msgs/share/ament_index/resource_index/rosidl_interfaces/franka_msgs
-- Installing: /workspaces/citros_example_robotic_arm/franka_ros2_ws/install/franka_msgs/include/franka_msgs
-- Installing: /workspaces/citros_example_robotic_arm/franka_ros2_ws/install/franka_msgs/include/franka_msgs/msg
-- Installing: /workspaces/citros_example_robotic_arm/franka_ros2_ws/install/franka_msgs/include/franka_msgs/msg/detail
-- Installing: /workspaces/citros_example_robotic_arm/franka_ros2_ws/install/franka_msgs/include/franka_msgs/msg/detail/grasp_epsilon__type_support.h
-- Installing: /workspaces/citros_example_robotic_arm/franka_ros2_ws/install/franka_msgs/include/franka_msgs/msg/detail/grasp_epsilon__functions.c
-- Installing: /workspaces/citros_example_robotic_arm/franka_ros2_ws/install/franka_msgs/include/franka_msgs/msg/detail/grasp_epsilon__functions.h
-- Installing: /workspaces/citros_example_robotic_arm/franka_ros2_ws/install/franka_msgs/include/franka_msgs/msg/detail/grasp_epsilon__struct.h
-- Installing: /workspaces/citros_example_robotic_arm/franka_ros2_ws/install/franka_msgs/include/franka_msgs/msg/grasp_epsilon.h
-- Installing: /workspaces/citros_example_robotic_arm/franka_ros2_ws/install/franka_msgs/include/franka_msgs/msg/rosidl_generator_c__visibility_control.h
-- Installing: /workspaces/citros_example_robotic_arm/franka_ros2_ws/install/franka_msgs/include/franka_msgs/action
-- Installing: /workspaces/citros_example_robotic_arm/franka_ros2_ws/install/franka_msgs/include/franka_msgs/action/move.h
-- Installing: /workspaces/citros_example_robotic_arm/franka_ros2_ws/install/franka_msgs/include/franka_msgs/action/detail
-- Installing: /workspaces/citros_example_robotic_arm/franka_ros2_ws/install/franka_msgs/include/franka_msgs/action/detail/move__functions.h
-- Installing: /workspaces/citros_example_robotic_arm/franka_ros2_ws/install/franka_msgs/include/franka_msgs/action/detail/homing__functions.c
-- Installing: /workspaces/citros_example_robotic_arm/franka_ros2_ws/install/franka_msgs/include/franka_msgs/action/detail/move__functions.c
-- Installing: /workspaces/citros_example_robotic_arm/franka_ros2_ws/install/franka_msgs/include/franka_msgs/action/detail/homing__struct.h
-- Installing: /workspaces/citros_example_robotic_arm/franka_ros2_ws/install/franka_msgs/include/franka_msgs/action/detail/grasp__functions.c
-- Installing: /workspaces/citros_example_robotic_arm/franka_ros2_ws/install/franka_msgs/include/franka_msgs/action/detail/grasp__functions.h
-- Installing: /workspaces/citros_example_robotic_arm/franka_ros2_ws/install/franka_msgs/include/franka_msgs/action/detail/grasp__type_support.h
-- Installing: /workspaces/citros_example_robotic_arm/franka_ros2_ws/install/franka_msgs/include/franka_msgs/action/detail/grasp__struct.h
-- Installing: /workspaces/citros_example_robotic_arm/franka_ros2_ws/install/franka_msgs/include/franka_msgs/action/detail/move__struct.h
-- Installing: /workspaces/citros_example_robotic_arm/franka_ros2_ws/install/franka_msgs/include/franka_msgs/action/detail/homing__type_support.h
-- Installing: /workspaces/citros_example_robotic_arm/franka_ros2_ws/install/franka_msgs/include/franka_msgs/action/detail/homing__functions.h
-- Installing: /workspaces/citros_example_robotic_arm/franka_ros2_ws/install/franka_msgs/include/franka_msgs/action/detail/move__type_support.h
-- Installing: /workspaces/citros_example_robotic_arm/franka_ros2_ws/install/franka_msgs/include/franka_msgs/action/grasp.h
-- Installing: /workspaces/citros_example_robotic_arm/franka_ros2_ws/install/franka_msgs/include/franka_msgs/action/homing.h
-- Installing: /workspaces/citros_example_robotic_arm/franka_ros2_ws/install/franka_msgs/share/franka_msgs/environment/library_path.sh
-- Installing: /workspaces/citros_example_robotic_arm/franka_ros2_ws/install/franka_msgs/share/franka_msgs/environment/library_path.dsv
-- Installing: /workspaces/citros_example_robotic_arm/franka_ros2_ws/install/franka_msgs/lib/libfranka_msgs__rosidl_generator_c.so
-- Set runtime path of "/workspaces/citros_example_robotic_arm/franka_ros2_ws/install/franka_msgs/lib/libfranka_msgs__rosidl_generator_c.so" to ""
-- Up-to-date: /workspaces/citros_example_robotic_arm/franka_ros2_ws/install/franka_msgs/include/franka_msgs
-- Up-to-date: /workspaces/citros_example_robotic_arm/franka_ros2_ws/install/franka_msgs/include/franka_msgs/msg
-- Up-to-date: /workspaces/citros_example_robotic_arm/franka_ros2_ws/install/franka_msgs/include/franka_msgs/msg/detail
-- Installing: /workspaces/citros_example_robotic_arm/franka_ros2_ws/install/franka_msgs/include/franka_msgs/msg/detail/grasp_epsilon__rosidl_typesupport_fastrtps_c.h
-- Installing: /workspaces/citros_example_robotic_arm/franka_ros2_ws/install/franka_msgs/include/franka_msgs/msg/rosidl_typesupport_fastrtps_c__visibility_control.h
-- Up-to-date: /workspaces/citros_example_robotic_arm/franka_ros2_ws/install/franka_msgs/include/franka_msgs/action
-- Up-to-date: /workspaces/citros_example_robotic_arm/franka_ros2_ws/install/franka_msgs/include/franka_msgs/action/detail
-- Installing: /workspaces/citros_example_robotic_arm/franka_ros2_ws/install/franka_msgs/include/franka_msgs/action/detail/homing__rosidl_typesupport_fastrtps_c.h
-- Installing: /workspaces/citros_example_robotic_arm/franka_ros2_ws/install/franka_msgs/include/franka_msgs/action/detail/grasp__rosidl_typesupport_fastrtps_c.h
-- Installing: /workspaces/citros_example_robotic_arm/franka_ros2_ws/install/franka_msgs/include/franka_msgs/action/detail/move__rosidl_typesupport_fastrtps_c.h
-- Installing: /workspaces/citros_example_robotic_arm/franka_ros2_ws/install/franka_msgs/lib/libfranka_msgs__rosidl_typesupport_fastrtps_c.so
-- Set runtime path of "/workspaces/citros_example_robotic_arm/franka_ros2_ws/install/franka_msgs/lib/libfranka_msgs__rosidl_typesupport_fastrtps_c.so" to ""
-- Up-to-date: /workspaces/citros_example_robotic_arm/franka_ros2_ws/install/franka_msgs/include/franka_msgs
-- Up-to-date: /workspaces/citros_example_robotic_arm/franka_ros2_ws/install/franka_msgs/include/franka_msgs/msg
-- Up-to-date: /workspaces/citros_example_robotic_arm/franka_ros2_ws/install/franka_msgs/include/franka_msgs/msg/detail
-- Installing: /workspaces/citros_example_robotic_arm/franka_ros2_ws/install/franka_msgs/include/franka_msgs/msg/detail/grasp_epsilon__rosidl_typesupport_fastrtps_cpp.hpp
-- Installing: /workspaces/citros_example_robotic_arm/franka_ros2_ws/install/franka_msgs/include/franka_msgs/msg/detail/dds_fastrtps
-- Installing: /workspaces/citros_example_robotic_arm/franka_ros2_ws/install/franka_msgs/include/franka_msgs/msg/rosidl_typesupport_fastrtps_cpp__visibility_control.h
-- Up-to-date: /workspaces/citros_example_robotic_arm/franka_ros2_ws/install/franka_msgs/include/franka_msgs/action
-- Up-to-date: /workspaces/citros_example_robotic_arm/franka_ros2_ws/install/franka_msgs/include/franka_msgs/action/detail
-- Installing: /workspaces/citros_example_robotic_arm/franka_ros2_ws/install/franka_msgs/include/franka_msgs/action/detail/dds_fastrtps
-- Installing: /workspaces/citros_example_robotic_arm/franka_ros2_ws/install/franka_msgs/include/franka_msgs/action/detail/grasp__rosidl_typesupport_fastrtps_cpp.hpp
-- Installing: /workspaces/citros_example_robotic_arm/franka_ros2_ws/install/franka_msgs/include/franka_msgs/action/detail/move__rosidl_typesupport_fastrtps_cpp.hpp
-- Installing: /workspaces/citros_example_robotic_arm/franka_ros2_ws/install/franka_msgs/include/franka_msgs/action/detail/homing__rosidl_typesupport_fastrtps_cpp.hpp
-- Installing: /workspaces/citros_example_robotic_arm/franka_ros2_ws/install/franka_msgs/lib/libfranka_msgs__rosidl_typesupport_fastrtps_cpp.so
-- Set runtime path of "/workspaces/citros_example_robotic_arm/franka_ros2_ws/install/franka_msgs/lib/libfranka_msgs__rosidl_typesupport_fastrtps_cpp.so" to ""
-- Up-to-date: /workspaces/citros_example_robotic_arm/franka_ros2_ws/install/franka_msgs/include/franka_msgs
-- Up-to-date: /workspaces/citros_example_robotic_arm/franka_ros2_ws/install/franka_msgs/include/franka_msgs/msg
-- Installing: /workspaces/citros_example_robotic_arm/franka_ros2_ws/install/franka_msgs/include/franka_msgs/msg/rosidl_typesupport_introspection_c__visibility_control.h
-- Up-to-date: /workspaces/citros_example_robotic_arm/franka_ros2_ws/install/franka_msgs/include/franka_msgs/msg/detail
-- Installing: /workspaces/citros_example_robotic_arm/franka_ros2_ws/install/franka_msgs/include/franka_msgs/msg/detail/grasp_epsilon__type_support.c
-- Installing: /workspaces/citros_example_robotic_arm/franka_ros2_ws/install/franka_msgs/include/franka_msgs/msg/detail/grasp_epsilon__rosidl_typesupport_introspection_c.h
-- Up-to-date: /workspaces/citros_example_robotic_arm/franka_ros2_ws/install/franka_msgs/include/franka_msgs/action
-- Up-to-date: /workspaces/citros_example_robotic_arm/franka_ros2_ws/install/franka_msgs/include/franka_msgs/action/detail
-- Installing: /workspaces/citros_example_robotic_arm/franka_ros2_ws/install/franka_msgs/include/franka_msgs/action/detail/grasp__rosidl_typesupport_introspection_c.h
-- Installing: /workspaces/citros_example_robotic_arm/franka_ros2_ws/install/franka_msgs/include/franka_msgs/action/detail/homing__rosidl_typesupport_introspection_c.h
-- Installing: /workspaces/citros_example_robotic_arm/franka_ros2_ws/install/franka_msgs/include/franka_msgs/action/detail/grasp__type_support.c
-- Installing: /workspaces/citros_example_robotic_arm/franka_ros2_ws/install/franka_msgs/include/franka_msgs/action/detail/homing__type_support.c
-- Installing: /workspaces/citros_example_robotic_arm/franka_ros2_ws/install/franka_msgs/include/franka_msgs/action/detail/move__rosidl_typesupport_introspection_c.h
-- Installing: /workspaces/citros_example_robotic_arm/franka_ros2_ws/install/franka_msgs/include/franka_msgs/action/detail/move__type_support.c
-- Installing: /workspaces/citros_example_robotic_arm/franka_ros2_ws/install/franka_msgs/lib/libfranka_msgs__rosidl_typesupport_introspection_c.so
-- Set runtime path of "/workspaces/citros_example_robotic_arm/franka_ros2_ws/install/franka_msgs/lib/libfranka_msgs__rosidl_typesupport_introspection_c.so" to ""
-- Installing: /workspaces/citros_example_robotic_arm/franka_ros2_ws/install/franka_msgs/lib/libfranka_msgs__rosidl_typesupport_c.so
-- Set runtime path of "/workspaces/citros_example_robotic_arm/franka_ros2_ws/install/franka_msgs/lib/libfranka_msgs__rosidl_typesupport_c.so" to ""
-- Up-to-date: /workspaces/citros_example_robotic_arm/franka_ros2_ws/install/franka_msgs/include/franka_msgs
-- Up-to-date: /workspaces/citros_example_robotic_arm/franka_ros2_ws/install/franka_msgs/include/franka_msgs/msg
-- Up-to-date: /workspaces/citros_example_robotic_arm/franka_ros2_ws/install/franka_msgs/include/franka_msgs/msg/detail
-- Installing: /workspaces/citros_example_robotic_arm/franka_ros2_ws/install/franka_msgs/include/franka_msgs/msg/detail/grasp_epsilon__struct.hpp
-- Installing: /workspaces/citros_example_robotic_arm/franka_ros2_ws/install/franka_msgs/include/franka_msgs/msg/detail/grasp_epsilon__builder.hpp
-- Installing: /workspaces/citros_example_robotic_arm/franka_ros2_ws/install/franka_msgs/include/franka_msgs/msg/detail/grasp_epsilon__traits.hpp
-- Installing: /workspaces/citros_example_robotic_arm/franka_ros2_ws/install/franka_msgs/include/franka_msgs/msg/grasp_epsilon.hpp
-- Up-to-date: /workspaces/citros_example_robotic_arm/franka_ros2_ws/install/franka_msgs/include/franka_msgs/action
-- Installing: /workspaces/citros_example_robotic_arm/franka_ros2_ws/install/franka_msgs/include/franka_msgs/action/move.hpp
-- Up-to-date: /workspaces/citros_example_robotic_arm/franka_ros2_ws/install/franka_msgs/include/franka_msgs/action/detail
-- Installing: /workspaces/citros_example_robotic_arm/franka_ros2_ws/install/franka_msgs/include/franka_msgs/action/detail/homing__struct.hpp
-- Installing: /workspaces/citros_example_robotic_arm/franka_ros2_ws/install/franka_msgs/include/franka_msgs/action/detail/homing__traits.hpp
-- Installing: /workspaces/citros_example_robotic_arm/franka_ros2_ws/install/franka_msgs/include/franka_msgs/action/detail/grasp__struct.hpp
-- Installing: /workspaces/citros_example_robotic_arm/franka_ros2_ws/install/franka_msgs/include/franka_msgs/action/detail/move__traits.hpp
-- Installing: /workspaces/citros_example_robotic_arm/franka_ros2_ws/install/franka_msgs/include/franka_msgs/action/detail/move__struct.hpp
-- Installing: /workspaces/citros_example_robotic_arm/franka_ros2_ws/install/franka_msgs/include/franka_msgs/action/detail/grasp__traits.hpp
-- Installing: /workspaces/citros_example_robotic_arm/franka_ros2_ws/install/franka_msgs/include/franka_msgs/action/detail/homing__builder.hpp
-- Installing: /workspaces/citros_example_robotic_arm/franka_ros2_ws/install/franka_msgs/include/franka_msgs/action/detail/move__builder.hpp
-- Installing: /workspaces/citros_example_robotic_arm/franka_ros2_ws/install/franka_msgs/include/franka_msgs/action/detail/grasp__builder.hpp
-- Installing: /workspaces/citros_example_robotic_arm/franka_ros2_ws/install/franka_msgs/include/franka_msgs/action/grasp.hpp
-- Installing: /workspaces/citros_example_robotic_arm/franka_ros2_ws/install/franka_msgs/include/franka_msgs/action/homing.hpp
-- Up-to-date: /workspaces/citros_example_robotic_arm/franka_ros2_ws/install/franka_msgs/include/franka_msgs
-- Up-to-date: /workspaces/citros_example_robotic_arm/franka_ros2_ws/install/franka_msgs/include/franka_msgs/msg
-- Up-to-date: /workspaces/citros_example_robotic_arm/franka_ros2_ws/install/franka_msgs/include/franka_msgs/msg/detail
-- Installing: /workspaces/citros_example_robotic_arm/franka_ros2_ws/install/franka_msgs/include/franka_msgs/msg/detail/grasp_epsilon__rosidl_typesupport_introspection_cpp.hpp
-- Installing: /workspaces/citros_example_robotic_arm/franka_ros2_ws/install/franka_msgs/include/franka_msgs/msg/detail/grasp_epsilon__type_support.cpp
-- Up-to-date: /workspaces/citros_example_robotic_arm/franka_ros2_ws/install/franka_msgs/include/franka_msgs/action
-- Up-to-date: /workspaces/citros_example_robotic_arm/franka_ros2_ws/install/franka_msgs/include/franka_msgs/action/detail
-- Installing: /workspaces/citros_example_robotic_arm/franka_ros2_ws/install/franka_msgs/include/franka_msgs/action/detail/grasp__type_support.cpp
-- Installing: /workspaces/citros_example_robotic_arm/franka_ros2_ws/install/franka_msgs/include/franka_msgs/action/detail/move__rosidl_typesupport_introspection_cpp.hpp
-- Installing: /workspaces/citros_example_robotic_arm/franka_ros2_ws/install/franka_msgs/include/franka_msgs/action/detail/homing__rosidl_typesupport_introspection_cpp.hpp
-- Installing: /workspaces/citros_example_robotic_arm/franka_ros2_ws/install/franka_msgs/include/franka_msgs/action/detail/grasp__rosidl_typesupport_introspection_cpp.hpp
-- Installing: /workspaces/citros_example_robotic_arm/franka_ros2_ws/install/franka_msgs/include/franka_msgs/action/detail/homing__type_support.cpp
-- Installing: /workspaces/citros_example_robotic_arm/franka_ros2_ws/install/franka_msgs/include/franka_msgs/action/detail/move__type_support.cpp
-- Installing: /workspaces/citros_example_robotic_arm/franka_ros2_ws/install/franka_msgs/lib/libfranka_msgs__rosidl_typesupport_introspection_cpp.so
-- Set runtime path of "/workspaces/citros_example_robotic_arm/franka_ros2_ws/install/franka_msgs/lib/libfranka_msgs__rosidl_typesupport_introspection_cpp.so" to ""
-- Installing: /workspaces/citros_example_robotic_arm/franka_ros2_ws/install/franka_msgs/lib/libfranka_msgs__rosidl_typesupport_cpp.so
-- Set runtime path of "/workspaces/citros_example_robotic_arm/franka_ros2_ws/install/franka_msgs/lib/libfranka_msgs__rosidl_typesupport_cpp.so" to ""
-- Installing: /workspaces/citros_example_robotic_arm/franka_ros2_ws/install/franka_msgs/share/franka_msgs/environment/pythonpath.sh
-- Installing: /workspaces/citros_example_robotic_arm/franka_ros2_ws/install/franka_msgs/share/franka_msgs/environment/pythonpath.dsv
-- Installing: /workspaces/citros_example_robotic_arm/franka_ros2_ws/install/franka_msgs/lib/python3.8/site-packages/franka_msgs/__init__.py
Compiling '/workspaces/citros_example_robotic_arm/franka_ros2_ws/install/franka_msgs/lib/python3.8/site-packages/franka_msgs/__init__.py'...
-- Installing: /workspaces/citros_example_robotic_arm/franka_ros2_ws/install/franka_msgs/lib/python3.8/site-packages/franka_msgs/action
-- Installing: /workspaces/citros_example_robotic_arm/franka_ros2_ws/install/franka_msgs/lib/python3.8/site-packages/franka_msgs/action/_move.py
-- Installing: /workspaces/citros_example_robotic_arm/franka_ros2_ws/install/franka_msgs/lib/python3.8/site-packages/franka_msgs/action/_move_s.c
-- Installing: /workspaces/citros_example_robotic_arm/franka_ros2_ws/install/franka_msgs/lib/python3.8/site-packages/franka_msgs/action/_homing.py
-- Installing: /workspaces/citros_example_robotic_arm/franka_ros2_ws/install/franka_msgs/lib/python3.8/site-packages/franka_msgs/action/_homing_s.c
-- Installing: /workspaces/citros_example_robotic_arm/franka_ros2_ws/install/franka_msgs/lib/python3.8/site-packages/franka_msgs/action/_grasp_s.c
-- Installing: /workspaces/citros_example_robotic_arm/franka_ros2_ws/install/franka_msgs/lib/python3.8/site-packages/franka_msgs/action/__init__.py
-- Installing: /workspaces/citros_example_robotic_arm/franka_ros2_ws/install/franka_msgs/lib/python3.8/site-packages/franka_msgs/action/_grasp.py
-- Installing: /workspaces/citros_example_robotic_arm/franka_ros2_ws/install/franka_msgs/lib/python3.8/site-packages/franka_msgs/msg
-- Installing: /workspaces/citros_example_robotic_arm/franka_ros2_ws/install/franka_msgs/lib/python3.8/site-packages/franka_msgs/msg/_grasp_epsilon_s.c
-- Installing: /workspaces/citros_example_robotic_arm/franka_ros2_ws/install/franka_msgs/lib/python3.8/site-packages/franka_msgs/msg/_grasp_epsilon.py
-- Installing: /workspaces/citros_example_robotic_arm/franka_ros2_ws/install/franka_msgs/lib/python3.8/site-packages/franka_msgs/msg/__init__.py
-- Installing: /workspaces/citros_example_robotic_arm/franka_ros2_ws/install/franka_msgs/lib/python3.8/site-packages/franka_msgs/franka_msgs_s__rosidl_typesupport_fastrtps_c.cpython-38-x86_64-linux-gnu.so
-- Set runtime path of "/workspaces/citros_example_robotic_arm/franka_ros2_ws/install/franka_msgs/lib/python3.8/site-packages/franka_msgs/franka_msgs_s__rosidl_typesupport_fastrtps_c.cpython-38-x86_64-linux-gnu.so" to ""
-- Installing: /workspaces/citros_example_robotic_arm/franka_ros2_ws/install/franka_msgs/lib/python3.8/site-packages/franka_msgs/franka_msgs_s__rosidl_typesupport_introspection_c.cpython-38-x86_64-linux-gnu.so
-- Set runtime path of "/workspaces/citros_example_robotic_arm/franka_ros2_ws/install/franka_msgs/lib/python3.8/site-packages/franka_msgs/franka_msgs_s__rosidl_typesupport_introspection_c.cpython-38-x86_64-linux-gnu.so" to ""
-- Installing: /workspaces/citros_example_robotic_arm/franka_ros2_ws/install/franka_msgs/lib/python3.8/site-packages/franka_msgs/franka_msgs_s__rosidl_typesupport_c.cpython-38-x86_64-linux-gnu.so
-- Set runtime path of "/workspaces/citros_example_robotic_arm/franka_ros2_ws/install/franka_msgs/lib/python3.8/site-packages/franka_msgs/franka_msgs_s__rosidl_typesupport_c.cpython-38-x86_64-linux-gnu.so" to ""
-- Installing: /workspaces/citros_example_robotic_arm/franka_ros2_ws/install/franka_msgs/lib/libfranka_msgs__python.so
-- Set runtime path of "/workspaces/citros_example_robotic_arm/franka_ros2_ws/install/franka_msgs/lib/libfranka_msgs__python.so" to ""
-- Installing: /workspaces/citros_example_robotic_arm/franka_ros2_ws/install/franka_msgs/share/franka_msgs/action/Grasp.idl
-- Installing: /workspaces/citros_example_robotic_arm/franka_ros2_ws/install/franka_msgs/share/franka_msgs/action/Homing.idl
-- Installing: /workspaces/citros_example_robotic_arm/franka_ros2_ws/install/franka_msgs/share/franka_msgs/action/Move.idl
-- Installing: /workspaces/citros_example_robotic_arm/franka_ros2_ws/install/franka_msgs/share/franka_msgs/msg/GraspEpsilon.idl
-- Installing: /workspaces/citros_example_robotic_arm/franka_ros2_ws/install/franka_msgs/share/franka_msgs/action/Grasp.action
-- Installing: /workspaces/citros_example_robotic_arm/franka_ros2_ws/install/franka_msgs/share/franka_msgs/action/Homing.action
-- Installing: /workspaces/citros_example_robotic_arm/franka_ros2_ws/install/franka_msgs/share/franka_msgs/action/Move.action
-- Installing: /workspaces/citros_example_robotic_arm/franka_ros2_ws/install/franka_msgs/share/franka_msgs/msg/GraspEpsilon.msg
-- Installing: /workspaces/citros_example_robotic_arm/franka_ros2_ws/install/franka_msgs/share/ament_index/resource_index/package_run_dependencies/franka_msgs
-- Installing: /workspaces/citros_example_robotic_arm/franka_ros2_ws/install/franka_msgs/share/ament_index/resource_index/parent_prefix_path/franka_msgs
-- Installing: /workspaces/citros_example_robotic_arm/franka_ros2_ws/install/franka_msgs/share/franka_msgs/environment/ament_prefix_path.sh
-- Installing: /workspaces/citros_example_robotic_arm/franka_ros2_ws/install/franka_msgs/share/franka_msgs/environment/ament_prefix_path.dsv
-- Installing: /workspaces/citros_example_robotic_arm/franka_ros2_ws/install/franka_msgs/share/franka_msgs/environment/path.sh
-- Installing: /workspaces/citros_example_robotic_arm/franka_ros2_ws/install/franka_msgs/share/franka_msgs/environment/path.dsv
-- Installing: /workspaces/citros_example_robotic_arm/franka_ros2_ws/install/franka_msgs/share/franka_msgs/local_setup.bash
-- Installing: /workspaces/citros_example_robotic_arm/franka_ros2_ws/install/franka_msgs/share/franka_msgs/local_setup.sh
-- Installing: /workspaces/citros_example_robotic_arm/franka_ros2_ws/install/franka_msgs/share/franka_msgs/local_setup.zsh
-- Installing: /workspaces/citros_example_robotic_arm/franka_ros2_ws/install/franka_msgs/share/franka_msgs/local_setup.dsv
-- Installing: /workspaces/citros_example_robotic_arm/franka_ros2_ws/install/franka_msgs/share/franka_msgs/package.dsv
-- Installing: /workspaces/citros_example_robotic_arm/franka_ros2_ws/install/franka_msgs/share/ament_index/resource_index/packages/franka_msgs
-- Installing: /workspaces/citros_example_robotic_arm/franka_ros2_ws/install/franka_msgs/share/franka_msgs/cmake/franka_msgs__rosidl_generator_cExport.cmake
-- Installing: /workspaces/citros_example_robotic_arm/franka_ros2_ws/install/franka_msgs/share/franka_msgs/cmake/franka_msgs__rosidl_generator_cExport-noconfig.cmake
-- Installing: /workspaces/citros_example_robotic_arm/franka_ros2_ws/install/franka_msgs/share/franka_msgs/cmake/franka_msgs__rosidl_typesupport_introspection_cExport.cmake
-- Installing: /workspaces/citros_example_robotic_arm/franka_ros2_ws/install/franka_msgs/share/franka_msgs/cmake/franka_msgs__rosidl_typesupport_introspection_cExport-noconfig.cmake
-- Installing: /workspaces/citros_example_robotic_arm/franka_ros2_ws/install/franka_msgs/share/franka_msgs/cmake/franka_msgs__rosidl_typesupport_cExport.cmake
-- Installing: /workspaces/citros_example_robotic_arm/franka_ros2_ws/install/franka_msgs/share/franka_msgs/cmake/franka_msgs__rosidl_typesupport_cExport-noconfig.cmake
-- Installing: /workspaces/citros_example_robotic_arm/franka_ros2_ws/install/franka_msgs/share/franka_msgs/cmake/franka_msgs__rosidl_generator_cppExport.cmake
-- Installing: /workspaces/citros_example_robotic_arm/franka_ros2_ws/install/franka_msgs/share/franka_msgs/cmake/franka_msgs__rosidl_typesupport_introspection_cppExport.cmake
-- Installing: /workspaces/citros_example_robotic_arm/franka_ros2_ws/install/franka_msgs/share/franka_msgs/cmake/franka_msgs__rosidl_typesupport_introspection_cppExport-noconfig.cmake
-- Installing: /workspaces/citros_example_robotic_arm/franka_ros2_ws/install/franka_msgs/share/franka_msgs/cmake/franka_msgs__rosidl_typesupport_cppExport.cmake
-- Installing: /workspaces/citros_example_robotic_arm/franka_ros2_ws/install/franka_msgs/share/franka_msgs/cmake/franka_msgs__rosidl_typesupport_cppExport-noconfig.cmake
-- Installing: /workspaces/citros_example_robotic_arm/franka_ros2_ws/install/franka_msgs/share/franka_msgs/cmake/rosidl_cmake-extras.cmake
-- Installing: /workspaces/citros_example_robotic_arm/franka_ros2_ws/install/franka_msgs/share/franka_msgs/cmake/ament_cmake_export_dependencies-extras.cmake
-- Installing: /workspaces/citros_example_robotic_arm/franka_ros2_ws/install/franka_msgs/share/franka_msgs/cmake/ament_cmake_export_libraries-extras.cmake
-- Installing: /workspaces/citros_example_robotic_arm/franka_ros2_ws/install/franka_msgs/share/franka_msgs/cmake/ament_cmake_export_targets-extras.cmake
-- Installing: /workspaces/citros_example_robotic_arm/franka_ros2_ws/install/franka_msgs/share/franka_msgs/cmake/ament_cmake_export_include_directories-extras.cmake
-- Installing: /workspaces/citros_example_robotic_arm/franka_ros2_ws/install/franka_msgs/share/franka_msgs/cmake/rosidl_cmake_export_typesupport_libraries-extras.cmake
-- Installing: /workspaces/citros_example_robotic_arm/franka_ros2_ws/install/franka_msgs/share/franka_msgs/cmake/rosidl_cmake_export_typesupport_targets-extras.cmake
-- Installing: /workspaces/citros_example_robotic_arm/franka_ros2_ws/install/franka_msgs/share/franka_msgs/cmake/franka_msgsConfig.cmake
-- Installing: /workspaces/citros_example_robotic_arm/franka_ros2_ws/install/franka_msgs/share/franka_msgs/cmake/franka_msgsConfig-version.cmake
-- Installing: /workspaces/citros_example_robotic_arm/franka_ros2_ws/install/franka_msgs/share/franka_msgs/package.xml
