[0.021s] Invoking command in '/workspaces/citros_example_robotic_arm/franka_ros2_ws/build/franka_msgs': CMAKE_PREFIX_PATH=/opt/ros/foxy /usr/bin/cmake /workspaces/citros_example_robotic_arm/franka_ros2_ws/src/franka_ros2/franka_msgs -DCMAKE_INSTALL_PREFIX=/workspaces/citros_example_robotic_arm/franka_ros2_ws/install/franka_msgs
[0.059s] -- The C compiler identification is GNU 9.4.0
[0.093s] -- The CXX compiler identification is GNU 9.4.0
[0.096s] -- Check for working C compiler: /usr/bin/cc
[0.141s] -- Check for working C compiler: /usr/bin/cc -- works
[0.141s] -- Detecting C compiler ABI info
[0.185s] -- Detecting C compiler ABI info - done
[0.192s] -- Detecting C compile features
[0.192s] -- Detecting C compile features - done
[0.194s] -- Check for working CXX compiler: /usr/bin/c++
[0.245s] -- Check for working CXX compiler: /usr/bin/c++ -- works
[0.246s] -- Detecting CXX compiler ABI info
[0.296s] -- Detecting CXX compiler ABI info - done
[0.304s] -- Detecting CXX compile features
[0.304s] -- Detecting CXX compile features - done
[0.306s] -- Found ament_cmake: 0.9.11 (/opt/ros/foxy/share/ament_cmake/cmake)
[0.323s] -- Found PythonInterp: /usr/bin/python3 (found suitable version "3.8.10", minimum required is "3") 
[0.323s] -- Using PYTHON_EXECUTABLE: /usr/bin/python3
[0.450s] -- Found rosidl_default_generators: 1.0.1 (/opt/ros/foxy/share/rosidl_default_generators/cmake)
[0.452s] -- Using all available rosidl_typesupport_c: rosidl_typesupport_fastrtps_c;rosidl_typesupport_introspection_c
[0.458s] -- Found rosidl_adapter: 1.3.0 (/opt/ros/foxy/share/rosidl_adapter/cmake)
[0.532s] -- Found OpenSSL: /usr/lib/x86_64-linux-gnu/libcrypto.so (found version "1.1.1f")  
[0.557s] -- Found FastRTPS: /opt/ros/foxy/include  
[0.622s] -- Using all available rosidl_typesupport_cpp: rosidl_typesupport_fastrtps_cpp;rosidl_typesupport_introspection_cpp
[0.651s] -- Found std_msgs: 2.0.5 (/opt/ros/foxy/share/std_msgs/cmake)
[0.687s] -- Found PythonInterp: /usr/bin/python3 (found version "3.8.10") 
[0.837s] -- Found ament_cmake_ros: 0.9.2 (/opt/ros/foxy/share/ament_cmake_ros/cmake)
[0.981s] -- Using all available rosidl_typesupport_c: rosidl_typesupport_fastrtps_c;rosidl_typesupport_introspection_c
[1.025s] -- Using all available rosidl_typesupport_cpp: rosidl_typesupport_fastrtps_cpp;rosidl_typesupport_introspection_cpp
[1.043s] -- Found PythonInterp: /usr/bin/python3 (found suitable version "3.8.10", minimum required is "3.5") 
[1.045s] -- Found python_cmake_module: 0.8.1 (/opt/ros/foxy/share/python_cmake_module/cmake)
[1.064s] -- Found PythonLibs: /usr/lib/x86_64-linux-gnu/libpython3.8.so (found suitable version "3.8.10", minimum required is "3.5") 
[1.064s] -- Using PYTHON_EXECUTABLE: /usr/bin/python3
[1.064s] -- Using PYTHON_INCLUDE_DIRS: /usr/include/python3.8
[1.064s] -- Using PYTHON_LIBRARIES: /usr/lib/x86_64-linux-gnu/libpython3.8.so
[1.078s] -- Found PythonExtra: .so  
[1.123s] -- Found ament_lint_auto: 0.9.7 (/opt/ros/foxy/share/ament_lint_auto/cmake)
[1.140s] -- Added test 'copyright' to check source files copyright and LICENSE
[1.141s] -- Added test 'lint_cmake' to check CMake code style
[1.142s] -- Added test 'xmllint' to check XML markup files
[1.145s] -- Configuring done
[1.182s] -- Generating done
[1.184s] -- Build files have been written to: /workspaces/citros_example_robotic_arm/franka_ros2_ws/build/franka_msgs
[1.192s] Invoked command in '/workspaces/citros_example_robotic_arm/franka_ros2_ws/build/franka_msgs' returned '0': CMAKE_PREFIX_PATH=/opt/ros/foxy /usr/bin/cmake /workspaces/citros_example_robotic_arm/franka_ros2_ws/src/franka_ros2/franka_msgs -DCMAKE_INSTALL_PREFIX=/workspaces/citros_example_robotic_arm/franka_ros2_ws/install/franka_msgs
[1.192s] Invoking command in '/workspaces/citros_example_robotic_arm/franka_ros2_ws/build/franka_msgs': CMAKE_PREFIX_PATH=/opt/ros/foxy /usr/bin/cmake --build /workspaces/citros_example_robotic_arm/franka_ros2_ws/build/franka_msgs -- -j20 -l20
[1.219s] [35m[1mScanning dependencies of target franka_msgs__cpp[0m
[1.219s] [  1%] [34m[1mGenerating C code for ROS interfaces[0m
[1.226s] [  3%] [34m[1mGenerating C++ code for ROS interfaces[0m
[1.721s] [  3%] Built target franka_msgs__cpp
[1.729s] [  9%] [34m[1mGenerating C++ introspection for ROS interfaces[0m
[1.729s] [  9%] [34m[1mGenerating C++ type support dispatch for ROS interfaces[0m
[1.729s] [  9%] [34m[1mGenerating C++ type support for eProsima Fast-RTPS[0m
[1.775s] [35m[1mScanning dependencies of target franka_msgs__rosidl_generator_c[0m
[1.788s] [ 16%] [32mBuilding C object CMakeFiles/franka_msgs__rosidl_generator_c.dir/rosidl_generator_c/franka_msgs/action/detail/grasp__functions.c.o[0m
[1.788s] [ 16%] [32mBuilding C object CMakeFiles/franka_msgs__rosidl_generator_c.dir/rosidl_generator_c/franka_msgs/action/detail/move__functions.c.o[0m
[1.788s] [ 16%] [32mBuilding C object CMakeFiles/franka_msgs__rosidl_generator_c.dir/rosidl_generator_c/franka_msgs/msg/detail/grasp_epsilon__functions.c.o[0m
[1.788s] [ 16%] [32mBuilding C object CMakeFiles/franka_msgs__rosidl_generator_c.dir/rosidl_generator_c/franka_msgs/action/detail/homing__functions.c.o[0m
[1.907s] [ 18%] [32m[1mLinking C shared library libfranka_msgs__rosidl_generator_c.so[0m
[1.933s] [ 18%] Built target franka_msgs__rosidl_generator_c
[1.940s] [ 21%] [34m[1mGenerating C introspection for ROS interfaces[0m
[1.940s] [ 21%] [34m[1mGenerating C type support dispatch for ROS interfaces[0m
[2.052s] [35m[1mScanning dependencies of target franka_msgs__rosidl_typesupport_cpp[0m
[2.063s] [ 23%] [32mBuilding CXX object CMakeFiles/franka_msgs__rosidl_typesupport_cpp.dir/rosidl_typesupport_cpp/franka_msgs/action/grasp__type_support.cpp.o[0m
[2.065s] [ 27%] [32mBuilding CXX object CMakeFiles/franka_msgs__rosidl_typesupport_cpp.dir/rosidl_typesupport_cpp/franka_msgs/action/move__type_support.cpp.o[0m
[2.066s] [ 27%] [32mBuilding CXX object CMakeFiles/franka_msgs__rosidl_typesupport_cpp.dir/rosidl_typesupport_cpp/franka_msgs/action/homing__type_support.cpp.o[0m
[2.066s] [ 29%] [32mBuilding CXX object CMakeFiles/franka_msgs__rosidl_typesupport_cpp.dir/rosidl_typesupport_cpp/franka_msgs/msg/grasp_epsilon__type_support.cpp.o[0m
[2.111s] [35m[1mScanning dependencies of target franka_msgs__rosidl_typesupport_introspection_cpp[0m
[2.123s] [ 30%] [32mBuilding CXX object CMakeFiles/franka_msgs__rosidl_typesupport_introspection_cpp.dir/rosidl_typesupport_introspection_cpp/franka_msgs/action/detail/grasp__type_support.cpp.o[0m
[2.126s] [ 36%] [32mBuilding CXX object CMakeFiles/franka_msgs__rosidl_typesupport_introspection_cpp.dir/rosidl_typesupport_introspection_cpp/franka_msgs/action/detail/homing__type_support.cpp.o[0m
[2.126s] [ 36%] [32mBuilding CXX object CMakeFiles/franka_msgs__rosidl_typesupport_introspection_cpp.dir/rosidl_typesupport_introspection_cpp/franka_msgs/msg/detail/grasp_epsilon__type_support.cpp.o[0m
[2.126s] [ 36%] [32mBuilding CXX object CMakeFiles/franka_msgs__rosidl_typesupport_introspection_cpp.dir/rosidl_typesupport_introspection_cpp/franka_msgs/action/detail/move__type_support.cpp.o[0m
[2.213s] [35m[1mScanning dependencies of target franka_msgs__rosidl_typesupport_fastrtps_cpp[0m
[2.237s] [ 38%] [32mBuilding CXX object CMakeFiles/franka_msgs__rosidl_typesupport_fastrtps_cpp.dir/rosidl_typesupport_fastrtps_cpp/franka_msgs/action/detail/dds_fastrtps/grasp__type_support.cpp.o[0m
[2.238s] [ 40%] [32mBuilding CXX object CMakeFiles/franka_msgs__rosidl_typesupport_fastrtps_cpp.dir/rosidl_typesupport_fastrtps_cpp/franka_msgs/action/detail/dds_fastrtps/homing__type_support.cpp.o[0m
[2.238s] [ 41%] [32mBuilding CXX object CMakeFiles/franka_msgs__rosidl_typesupport_fastrtps_cpp.dir/rosidl_typesupport_fastrtps_cpp/franka_msgs/action/detail/dds_fastrtps/move__type_support.cpp.o[0m
[2.238s] [ 43%] [32mBuilding CXX object CMakeFiles/franka_msgs__rosidl_typesupport_fastrtps_cpp.dir/rosidl_typesupport_fastrtps_cpp/franka_msgs/msg/detail/dds_fastrtps/grasp_epsilon__type_support.cpp.o[0m
[2.270s] [35m[1mScanning dependencies of target franka_msgs__rosidl_typesupport_c[0m
[2.283s] [ 50%] [32mBuilding CXX object CMakeFiles/franka_msgs__rosidl_typesupport_c.dir/rosidl_typesupport_c/franka_msgs/action/move__type_support.cpp.o[0m
[2.283s] [ 50%] [32mBuilding CXX object CMakeFiles/franka_msgs__rosidl_typesupport_c.dir/rosidl_typesupport_c/franka_msgs/action/homing__type_support.cpp.o[0m
[2.283s] [ 50%] [32mBuilding CXX object CMakeFiles/franka_msgs__rosidl_typesupport_c.dir/rosidl_typesupport_c/franka_msgs/action/grasp__type_support.cpp.o[0m
[2.283s] [ 50%] [32mBuilding CXX object CMakeFiles/franka_msgs__rosidl_typesupport_c.dir/rosidl_typesupport_c/franka_msgs/msg/grasp_epsilon__type_support.cpp.o[0m
[2.331s] [ 52%] [32m[1mLinking CXX shared library libfranka_msgs__rosidl_typesupport_c.so[0m
[2.362s] [ 52%] Built target franka_msgs__rosidl_typesupport_c
[2.381s] [35m[1mScanning dependencies of target franka_msgs__rosidl_typesupport_introspection_c[0m
[2.393s] [ 56%] [32mBuilding C object CMakeFiles/franka_msgs__rosidl_typesupport_introspection_c.dir/rosidl_typesupport_introspection_c/franka_msgs/action/detail/homing__type_support.c.o[0m
[2.393s] [ 56%] [32mBuilding C object CMakeFiles/franka_msgs__rosidl_typesupport_introspection_c.dir/rosidl_typesupport_introspection_c/franka_msgs/action/detail/grasp__type_support.c.o[0m
[2.393s] [ 58%] [32mBuilding C object CMakeFiles/franka_msgs__rosidl_typesupport_introspection_c.dir/rosidl_typesupport_introspection_c/franka_msgs/msg/detail/grasp_epsilon__type_support.c.o[0m
[2.396s] [ 60%] [32mBuilding C object CMakeFiles/franka_msgs__rosidl_typesupport_introspection_c.dir/rosidl_typesupport_introspection_c/franka_msgs/action/detail/move__type_support.c.o[0m
[2.427s] [ 61%] [32m[1mLinking CXX shared library libfranka_msgs__rosidl_typesupport_cpp.so[0m
[2.443s] [ 63%] [32m[1mLinking C shared library libfranka_msgs__rosidl_typesupport_introspection_c.so[0m
[2.457s] [ 63%] Built target franka_msgs__rosidl_typesupport_cpp
[2.466s] [ 63%] Built target franka_msgs__rosidl_typesupport_introspection_c
[2.479s] [ 65%] [32m[1mLinking CXX shared library libfranka_msgs__rosidl_typesupport_introspection_cpp.so[0m
[2.529s] [ 65%] Built target franka_msgs__rosidl_typesupport_introspection_cpp
[2.640s] [ 67%] [32m[1mLinking CXX shared library libfranka_msgs__rosidl_typesupport_fastrtps_cpp.so[0m
[2.698s] [ 67%] Built target franka_msgs__rosidl_typesupport_fastrtps_cpp
[2.705s] [ 69%] [34m[1mGenerating C type support for eProsima Fast-RTPS[0m
[3.164s] [35m[1mScanning dependencies of target franka_msgs__rosidl_typesupport_fastrtps_c[0m
[3.180s] [ 72%] [32mBuilding CXX object CMakeFiles/franka_msgs__rosidl_typesupport_fastrtps_c.dir/rosidl_typesupport_fastrtps_c/franka_msgs/action/detail/homing__type_support_c.cpp.o[0m
[3.180s] [ 72%] [32mBuilding CXX object CMakeFiles/franka_msgs__rosidl_typesupport_fastrtps_c.dir/rosidl_typesupport_fastrtps_c/franka_msgs/action/detail/grasp__type_support_c.cpp.o[0m
[3.180s] [ 74%] [32mBuilding CXX object CMakeFiles/franka_msgs__rosidl_typesupport_fastrtps_c.dir/rosidl_typesupport_fastrtps_c/franka_msgs/action/detail/move__type_support_c.cpp.o[0m
[3.180s] [ 76%] [32mBuilding CXX object CMakeFiles/franka_msgs__rosidl_typesupport_fastrtps_c.dir/rosidl_typesupport_fastrtps_c/franka_msgs/msg/detail/grasp_epsilon__type_support_c.cpp.o[0m
[3.404s] [ 78%] [32m[1mLinking CXX shared library libfranka_msgs__rosidl_typesupport_fastrtps_c.so[0m
[3.462s] [ 78%] Built target franka_msgs__rosidl_typesupport_fastrtps_c
[3.468s] [35m[1mScanning dependencies of target franka_msgs[0m
[3.475s] [ 78%] Built target franka_msgs
[3.481s] [35m[1mScanning dependencies of target franka_msgs__py[0m
[3.489s] [ 80%] [34m[1mGenerating Python code for ROS interfaces[0m
[4.614s] [ 80%] Built target franka_msgs__py
[4.621s] [35m[1mScanning dependencies of target franka_msgs__python[0m
[4.638s] [ 85%] [32mBuilding C object CMakeFiles/franka_msgs__python.dir/rosidl_generator_py/franka_msgs/action/_homing_s.c.o[0m
[4.638s] [ 85%] [32mBuilding C object CMakeFiles/franka_msgs__python.dir/rosidl_generator_py/franka_msgs/action/_move_s.c.o[0m
[4.638s] [ 83%] [32mBuilding C object CMakeFiles/franka_msgs__python.dir/rosidl_generator_py/franka_msgs/action/_grasp_s.c.o[0m
[4.638s] [ 87%] [32mBuilding C object CMakeFiles/franka_msgs__python.dir/rosidl_generator_py/franka_msgs/msg/_grasp_epsilon_s.c.o[0m
[4.719s] [ 89%] [32m[1mLinking C shared library rosidl_generator_py/franka_msgs/libfranka_msgs__python.so[0m
[4.753s] [ 89%] Built target franka_msgs__python
[4.761s] [35m[1mScanning dependencies of target franka_msgs__rosidl_typesupport_c__pyext[0m
[4.761s] [35m[1mScanning dependencies of target franka_msgs__rosidl_typesupport_introspection_c__pyext[0m
[4.761s] [35m[1mScanning dependencies of target franka_msgs__rosidl_typesupport_fastrtps_c__pyext[0m
[4.774s] [ 90%] [32mBuilding C object CMakeFiles/franka_msgs__rosidl_typesupport_c__pyext.dir/rosidl_generator_py/franka_msgs/_franka_msgs_s.ep.rosidl_typesupport_c.c.o[0m
[4.775s] [ 92%] [32mBuilding C object CMakeFiles/franka_msgs__rosidl_typesupport_introspection_c__pyext.dir/rosidl_generator_py/franka_msgs/_franka_msgs_s.ep.rosidl_typesupport_introspection_c.c.o[0m
[4.776s] [ 94%] [32mBuilding C object CMakeFiles/franka_msgs__rosidl_typesupport_fastrtps_c__pyext.dir/rosidl_generator_py/franka_msgs/_franka_msgs_s.ep.rosidl_typesupport_fastrtps_c.c.o[0m
[4.871s] [ 96%] [32m[1mLinking C shared library rosidl_generator_py/franka_msgs/franka_msgs_s__rosidl_typesupport_c.cpython-38-x86_64-linux-gnu.so[0m
[4.872s] [ 98%] [32m[1mLinking C shared library rosidl_generator_py/franka_msgs/franka_msgs_s__rosidl_typesupport_introspection_c.cpython-38-x86_64-linux-gnu.so[0m
[4.872s] [100%] [32m[1mLinking CXX shared library rosidl_generator_py/franka_msgs/franka_msgs_s__rosidl_typesupport_fastrtps_c.cpython-38-x86_64-linux-gnu.so[0m
[4.900s] [100%] Built target franka_msgs__rosidl_typesupport_c__pyext
[4.900s] [100%] Built target franka_msgs__rosidl_typesupport_introspection_c__pyext
[4.919s] [100%] Built target franka_msgs__rosidl_typesupport_fastrtps_c__pyext
[4.929s] Invoked command in '/workspaces/citros_example_robotic_arm/franka_ros2_ws/build/franka_msgs' returned '0': CMAKE_PREFIX_PATH=/opt/ros/foxy /usr/bin/cmake --build /workspaces/citros_example_robotic_arm/franka_ros2_ws/build/franka_msgs -- -j20 -l20
[4.983s] Invoking command in '/workspaces/citros_example_robotic_arm/franka_ros2_ws/build/franka_msgs': CMAKE_PREFIX_PATH=/opt/ros/foxy /usr/bin/cmake --install /workspaces/citros_example_robotic_arm/franka_ros2_ws/build/franka_msgs
[4.988s] -- Install configuration: ""
[4.989s] -- Installing: /workspaces/citros_example_robotic_arm/franka_ros2_ws/install/franka_msgs/share/ament_index/resource_index/rosidl_interfaces/franka_msgs
[4.989s] -- Installing: /workspaces/citros_example_robotic_arm/franka_ros2_ws/install/franka_msgs/include/franka_msgs
[4.989s] -- Installing: /workspaces/citros_example_robotic_arm/franka_ros2_ws/install/franka_msgs/include/franka_msgs/msg
[4.989s] -- Installing: /workspaces/citros_example_robotic_arm/franka_ros2_ws/install/franka_msgs/include/franka_msgs/msg/detail
[4.989s] -- Installing: /workspaces/citros_example_robotic_arm/franka_ros2_ws/install/franka_msgs/include/franka_msgs/msg/detail/grasp_epsilon__type_support.h
[4.989s] -- Installing: /workspaces/citros_example_robotic_arm/franka_ros2_ws/install/franka_msgs/include/franka_msgs/msg/detail/grasp_epsilon__functions.c
[4.989s] -- Installing: /workspaces/citros_example_robotic_arm/franka_ros2_ws/install/franka_msgs/include/franka_msgs/msg/detail/grasp_epsilon__functions.h
[4.989s] -- Installing: /workspaces/citros_example_robotic_arm/franka_ros2_ws/install/franka_msgs/include/franka_msgs/msg/detail/grasp_epsilon__struct.h
[4.989s] -- Installing: /workspaces/citros_example_robotic_arm/franka_ros2_ws/install/franka_msgs/include/franka_msgs/msg/grasp_epsilon.h
[4.989s] -- Installing: /workspaces/citros_example_robotic_arm/franka_ros2_ws/install/franka_msgs/include/franka_msgs/msg/rosidl_generator_c__visibility_control.h
[4.990s] -- Installing: /workspaces/citros_example_robotic_arm/franka_ros2_ws/install/franka_msgs/include/franka_msgs/action
[4.990s] -- Installing: /workspaces/citros_example_robotic_arm/franka_ros2_ws/install/franka_msgs/include/franka_msgs/action/move.h
[4.990s] -- Installing: /workspaces/citros_example_robotic_arm/franka_ros2_ws/install/franka_msgs/include/franka_msgs/action/detail
[4.990s] -- Installing: /workspaces/citros_example_robotic_arm/franka_ros2_ws/install/franka_msgs/include/franka_msgs/action/detail/move__functions.h
[4.990s] -- Installing: /workspaces/citros_example_robotic_arm/franka_ros2_ws/install/franka_msgs/include/franka_msgs/action/detail/homing__functions.c
[4.990s] -- Installing: /workspaces/citros_example_robotic_arm/franka_ros2_ws/install/franka_msgs/include/franka_msgs/action/detail/move__functions.c
[4.990s] -- Installing: /workspaces/citros_example_robotic_arm/franka_ros2_ws/install/franka_msgs/include/franka_msgs/action/detail/homing__struct.h
[4.990s] -- Installing: /workspaces/citros_example_robotic_arm/franka_ros2_ws/install/franka_msgs/include/franka_msgs/action/detail/grasp__functions.c
[4.990s] -- Installing: /workspaces/citros_example_robotic_arm/franka_ros2_ws/install/franka_msgs/include/franka_msgs/action/detail/grasp__functions.h
[4.990s] -- Installing: /workspaces/citros_example_robotic_arm/franka_ros2_ws/install/franka_msgs/include/franka_msgs/action/detail/grasp__type_support.h
[4.990s] -- Installing: /workspaces/citros_example_robotic_arm/franka_ros2_ws/install/franka_msgs/include/franka_msgs/action/detail/grasp__struct.h
[4.990s] -- Installing: /workspaces/citros_example_robotic_arm/franka_ros2_ws/install/franka_msgs/include/franka_msgs/action/detail/move__struct.h
[4.990s] -- Installing: /workspaces/citros_example_robotic_arm/franka_ros2_ws/install/franka_msgs/include/franka_msgs/action/detail/homing__type_support.h
[4.990s] -- Installing: /workspaces/citros_example_robotic_arm/franka_ros2_ws/install/franka_msgs/include/franka_msgs/action/detail/homing__functions.h
[4.990s] -- Installing: /workspaces/citros_example_robotic_arm/franka_ros2_ws/install/franka_msgs/include/franka_msgs/action/detail/move__type_support.h
[4.990s] -- Installing: /workspaces/citros_example_robotic_arm/franka_ros2_ws/install/franka_msgs/include/franka_msgs/action/grasp.h
[4.990s] -- Installing: /workspaces/citros_example_robotic_arm/franka_ros2_ws/install/franka_msgs/include/franka_msgs/action/homing.h
[4.990s] -- Installing: /workspaces/citros_example_robotic_arm/franka_ros2_ws/install/franka_msgs/share/franka_msgs/environment/library_path.sh
[4.990s] -- Installing: /workspaces/citros_example_robotic_arm/franka_ros2_ws/install/franka_msgs/share/franka_msgs/environment/library_path.dsv
[4.990s] -- Installing: /workspaces/citros_example_robotic_arm/franka_ros2_ws/install/franka_msgs/lib/libfranka_msgs__rosidl_generator_c.so
[4.990s] -- Set runtime path of "/workspaces/citros_example_robotic_arm/franka_ros2_ws/install/franka_msgs/lib/libfranka_msgs__rosidl_generator_c.so" to ""
[4.990s] -- Up-to-date: /workspaces/citros_example_robotic_arm/franka_ros2_ws/install/franka_msgs/include/franka_msgs
[4.990s] -- Up-to-date: /workspaces/citros_example_robotic_arm/franka_ros2_ws/install/franka_msgs/include/franka_msgs/msg
[4.991s] -- Up-to-date: /workspaces/citros_example_robotic_arm/franka_ros2_ws/install/franka_msgs/include/franka_msgs/msg/detail
[4.991s] -- Installing: /workspaces/citros_example_robotic_arm/franka_ros2_ws/install/franka_msgs/include/franka_msgs/msg/detail/grasp_epsilon__rosidl_typesupport_fastrtps_c.h
[4.991s] -- Installing: /workspaces/citros_example_robotic_arm/franka_ros2_ws/install/franka_msgs/include/franka_msgs/msg/rosidl_typesupport_fastrtps_c__visibility_control.h
[4.991s] -- Up-to-date: /workspaces/citros_example_robotic_arm/franka_ros2_ws/install/franka_msgs/include/franka_msgs/action
[4.991s] -- Up-to-date: /workspaces/citros_example_robotic_arm/franka_ros2_ws/install/franka_msgs/include/franka_msgs/action/detail
[4.991s] -- Installing: /workspaces/citros_example_robotic_arm/franka_ros2_ws/install/franka_msgs/include/franka_msgs/action/detail/homing__rosidl_typesupport_fastrtps_c.h
[4.991s] -- Installing: /workspaces/citros_example_robotic_arm/franka_ros2_ws/install/franka_msgs/include/franka_msgs/action/detail/grasp__rosidl_typesupport_fastrtps_c.h
[4.991s] -- Installing: /workspaces/citros_example_robotic_arm/franka_ros2_ws/install/franka_msgs/include/franka_msgs/action/detail/move__rosidl_typesupport_fastrtps_c.h
[4.991s] -- Installing: /workspaces/citros_example_robotic_arm/franka_ros2_ws/install/franka_msgs/lib/libfranka_msgs__rosidl_typesupport_fastrtps_c.so
[4.991s] -- Set runtime path of "/workspaces/citros_example_robotic_arm/franka_ros2_ws/install/franka_msgs/lib/libfranka_msgs__rosidl_typesupport_fastrtps_c.so" to ""
[4.991s] -- Up-to-date: /workspaces/citros_example_robotic_arm/franka_ros2_ws/install/franka_msgs/include/franka_msgs
[4.991s] -- Up-to-date: /workspaces/citros_example_robotic_arm/franka_ros2_ws/install/franka_msgs/include/franka_msgs/msg
[4.991s] -- Up-to-date: /workspaces/citros_example_robotic_arm/franka_ros2_ws/install/franka_msgs/include/franka_msgs/msg/detail
[4.991s] -- Installing: /workspaces/citros_example_robotic_arm/franka_ros2_ws/install/franka_msgs/include/franka_msgs/msg/detail/grasp_epsilon__rosidl_typesupport_fastrtps_cpp.hpp
[4.991s] -- Installing: /workspaces/citros_example_robotic_arm/franka_ros2_ws/install/franka_msgs/include/franka_msgs/msg/detail/dds_fastrtps
[4.991s] -- Installing: /workspaces/citros_example_robotic_arm/franka_ros2_ws/install/franka_msgs/include/franka_msgs/msg/rosidl_typesupport_fastrtps_cpp__visibility_control.h
[4.991s] -- Up-to-date: /workspaces/citros_example_robotic_arm/franka_ros2_ws/install/franka_msgs/include/franka_msgs/action
[4.991s] -- Up-to-date: /workspaces/citros_example_robotic_arm/franka_ros2_ws/install/franka_msgs/include/franka_msgs/action/detail
[4.991s] -- Installing: /workspaces/citros_example_robotic_arm/franka_ros2_ws/install/franka_msgs/include/franka_msgs/action/detail/dds_fastrtps
[4.991s] -- Installing: /workspaces/citros_example_robotic_arm/franka_ros2_ws/install/franka_msgs/include/franka_msgs/action/detail/grasp__rosidl_typesupport_fastrtps_cpp.hpp
[4.991s] -- Installing: /workspaces/citros_example_robotic_arm/franka_ros2_ws/install/franka_msgs/include/franka_msgs/action/detail/move__rosidl_typesupport_fastrtps_cpp.hpp
[4.991s] -- Installing: /workspaces/citros_example_robotic_arm/franka_ros2_ws/install/franka_msgs/include/franka_msgs/action/detail/homing__rosidl_typesupport_fastrtps_cpp.hpp
[4.992s] -- Installing: /workspaces/citros_example_robotic_arm/franka_ros2_ws/install/franka_msgs/lib/libfranka_msgs__rosidl_typesupport_fastrtps_cpp.so
[4.992s] -- Set runtime path of "/workspaces/citros_example_robotic_arm/franka_ros2_ws/install/franka_msgs/lib/libfranka_msgs__rosidl_typesupport_fastrtps_cpp.so" to ""
[4.992s] -- Up-to-date: /workspaces/citros_example_robotic_arm/franka_ros2_ws/install/franka_msgs/include/franka_msgs
[4.992s] -- Up-to-date: /workspaces/citros_example_robotic_arm/franka_ros2_ws/install/franka_msgs/include/franka_msgs/msg
[4.992s] -- Installing: /workspaces/citros_example_robotic_arm/franka_ros2_ws/install/franka_msgs/include/franka_msgs/msg/rosidl_typesupport_introspection_c__visibility_control.h
[4.992s] -- Up-to-date: /workspaces/citros_example_robotic_arm/franka_ros2_ws/install/franka_msgs/include/franka_msgs/msg/detail
[4.992s] -- Installing: /workspaces/citros_example_robotic_arm/franka_ros2_ws/install/franka_msgs/include/franka_msgs/msg/detail/grasp_epsilon__type_support.c
[4.992s] -- Installing: /workspaces/citros_example_robotic_arm/franka_ros2_ws/install/franka_msgs/include/franka_msgs/msg/detail/grasp_epsilon__rosidl_typesupport_introspection_c.h
[4.992s] -- Up-to-date: /workspaces/citros_example_robotic_arm/franka_ros2_ws/install/franka_msgs/include/franka_msgs/action
[4.992s] -- Up-to-date: /workspaces/citros_example_robotic_arm/franka_ros2_ws/install/franka_msgs/include/franka_msgs/action/detail
[4.992s] -- Installing: /workspaces/citros_example_robotic_arm/franka_ros2_ws/install/franka_msgs/include/franka_msgs/action/detail/grasp__rosidl_typesupport_introspection_c.h
[4.992s] -- Installing: /workspaces/citros_example_robotic_arm/franka_ros2_ws/install/franka_msgs/include/franka_msgs/action/detail/homing__rosidl_typesupport_introspection_c.h
[4.992s] -- Installing: /workspaces/citros_example_robotic_arm/franka_ros2_ws/install/franka_msgs/include/franka_msgs/action/detail/grasp__type_support.c
[4.992s] -- Installing: /workspaces/citros_example_robotic_arm/franka_ros2_ws/install/franka_msgs/include/franka_msgs/action/detail/homing__type_support.c
[4.992s] -- Installing: /workspaces/citros_example_robotic_arm/franka_ros2_ws/install/franka_msgs/include/franka_msgs/action/detail/move__rosidl_typesupport_introspection_c.h
[4.992s] -- Installing: /workspaces/citros_example_robotic_arm/franka_ros2_ws/install/franka_msgs/include/franka_msgs/action/detail/move__type_support.c
[4.992s] -- Installing: /workspaces/citros_example_robotic_arm/franka_ros2_ws/install/franka_msgs/lib/libfranka_msgs__rosidl_typesupport_introspection_c.so
[4.992s] -- Set runtime path of "/workspaces/citros_example_robotic_arm/franka_ros2_ws/install/franka_msgs/lib/libfranka_msgs__rosidl_typesupport_introspection_c.so" to ""
[4.992s] -- Installing: /workspaces/citros_example_robotic_arm/franka_ros2_ws/install/franka_msgs/lib/libfranka_msgs__rosidl_typesupport_c.so
[4.992s] -- Set runtime path of "/workspaces/citros_example_robotic_arm/franka_ros2_ws/install/franka_msgs/lib/libfranka_msgs__rosidl_typesupport_c.so" to ""
[4.992s] -- Up-to-date: /workspaces/citros_example_robotic_arm/franka_ros2_ws/install/franka_msgs/include/franka_msgs
[4.992s] -- Up-to-date: /workspaces/citros_example_robotic_arm/franka_ros2_ws/install/franka_msgs/include/franka_msgs/msg
[4.992s] -- Up-to-date: /workspaces/citros_example_robotic_arm/franka_ros2_ws/install/franka_msgs/include/franka_msgs/msg/detail
[4.992s] -- Installing: /workspaces/citros_example_robotic_arm/franka_ros2_ws/install/franka_msgs/include/franka_msgs/msg/detail/grasp_epsilon__struct.hpp
[4.992s] -- Installing: /workspaces/citros_example_robotic_arm/franka_ros2_ws/install/franka_msgs/include/franka_msgs/msg/detail/grasp_epsilon__builder.hpp
[4.993s] -- Installing: /workspaces/citros_example_robotic_arm/franka_ros2_ws/install/franka_msgs/include/franka_msgs/msg/detail/grasp_epsilon__traits.hpp
[4.993s] -- Installing: /workspaces/citros_example_robotic_arm/franka_ros2_ws/install/franka_msgs/include/franka_msgs/msg/grasp_epsilon.hpp
[4.993s] -- Up-to-date: /workspaces/citros_example_robotic_arm/franka_ros2_ws/install/franka_msgs/include/franka_msgs/action
[4.993s] -- Installing: /workspaces/citros_example_robotic_arm/franka_ros2_ws/install/franka_msgs/include/franka_msgs/action/move.hpp
[4.993s] -- Up-to-date: /workspaces/citros_example_robotic_arm/franka_ros2_ws/install/franka_msgs/include/franka_msgs/action/detail
[4.993s] -- Installing: /workspaces/citros_example_robotic_arm/franka_ros2_ws/install/franka_msgs/include/franka_msgs/action/detail/homing__struct.hpp
[4.993s] -- Installing: /workspaces/citros_example_robotic_arm/franka_ros2_ws/install/franka_msgs/include/franka_msgs/action/detail/homing__traits.hpp
[4.993s] -- Installing: /workspaces/citros_example_robotic_arm/franka_ros2_ws/install/franka_msgs/include/franka_msgs/action/detail/grasp__struct.hpp
[4.993s] -- Installing: /workspaces/citros_example_robotic_arm/franka_ros2_ws/install/franka_msgs/include/franka_msgs/action/detail/move__traits.hpp
[4.993s] -- Installing: /workspaces/citros_example_robotic_arm/franka_ros2_ws/install/franka_msgs/include/franka_msgs/action/detail/move__struct.hpp
[4.993s] -- Installing: /workspaces/citros_example_robotic_arm/franka_ros2_ws/install/franka_msgs/include/franka_msgs/action/detail/grasp__traits.hpp
[4.993s] -- Installing: /workspaces/citros_example_robotic_arm/franka_ros2_ws/install/franka_msgs/include/franka_msgs/action/detail/homing__builder.hpp
[4.993s] -- Installing: /workspaces/citros_example_robotic_arm/franka_ros2_ws/install/franka_msgs/include/franka_msgs/action/detail/move__builder.hpp
[4.993s] -- Installing: /workspaces/citros_example_robotic_arm/franka_ros2_ws/install/franka_msgs/include/franka_msgs/action/detail/grasp__builder.hpp
[4.993s] -- Installing: /workspaces/citros_example_robotic_arm/franka_ros2_ws/install/franka_msgs/include/franka_msgs/action/grasp.hpp
[4.993s] -- Installing: /workspaces/citros_example_robotic_arm/franka_ros2_ws/install/franka_msgs/include/franka_msgs/action/homing.hpp
[4.993s] -- Up-to-date: /workspaces/citros_example_robotic_arm/franka_ros2_ws/install/franka_msgs/include/franka_msgs
[4.993s] -- Up-to-date: /workspaces/citros_example_robotic_arm/franka_ros2_ws/install/franka_msgs/include/franka_msgs/msg
[4.993s] -- Up-to-date: /workspaces/citros_example_robotic_arm/franka_ros2_ws/install/franka_msgs/include/franka_msgs/msg/detail
[4.993s] -- Installing: /workspaces/citros_example_robotic_arm/franka_ros2_ws/install/franka_msgs/include/franka_msgs/msg/detail/grasp_epsilon__rosidl_typesupport_introspection_cpp.hpp
[4.993s] -- Installing: /workspaces/citros_example_robotic_arm/franka_ros2_ws/install/franka_msgs/include/franka_msgs/msg/detail/grasp_epsilon__type_support.cpp
[4.993s] -- Up-to-date: /workspaces/citros_example_robotic_arm/franka_ros2_ws/install/franka_msgs/include/franka_msgs/action
[4.993s] -- Up-to-date: /workspaces/citros_example_robotic_arm/franka_ros2_ws/install/franka_msgs/include/franka_msgs/action/detail
[4.993s] -- Installing: /workspaces/citros_example_robotic_arm/franka_ros2_ws/install/franka_msgs/include/franka_msgs/action/detail/grasp__type_support.cpp
[4.994s] -- Installing: /workspaces/citros_example_robotic_arm/franka_ros2_ws/install/franka_msgs/include/franka_msgs/action/detail/move__rosidl_typesupport_introspection_cpp.hpp
[4.994s] -- Installing: /workspaces/citros_example_robotic_arm/franka_ros2_ws/install/franka_msgs/include/franka_msgs/action/detail/homing__rosidl_typesupport_introspection_cpp.hpp
[4.994s] -- Installing: /workspaces/citros_example_robotic_arm/franka_ros2_ws/install/franka_msgs/include/franka_msgs/action/detail/grasp__rosidl_typesupport_introspection_cpp.hpp
[4.994s] -- Installing: /workspaces/citros_example_robotic_arm/franka_ros2_ws/install/franka_msgs/include/franka_msgs/action/detail/homing__type_support.cpp
[4.994s] -- Installing: /workspaces/citros_example_robotic_arm/franka_ros2_ws/install/franka_msgs/include/franka_msgs/action/detail/move__type_support.cpp
[4.994s] -- Installing: /workspaces/citros_example_robotic_arm/franka_ros2_ws/install/franka_msgs/lib/libfranka_msgs__rosidl_typesupport_introspection_cpp.so
[4.994s] -- Set runtime path of "/workspaces/citros_example_robotic_arm/franka_ros2_ws/install/franka_msgs/lib/libfranka_msgs__rosidl_typesupport_introspection_cpp.so" to ""
[4.994s] -- Installing: /workspaces/citros_example_robotic_arm/franka_ros2_ws/install/franka_msgs/lib/libfranka_msgs__rosidl_typesupport_cpp.so
[4.994s] -- Set runtime path of "/workspaces/citros_example_robotic_arm/franka_ros2_ws/install/franka_msgs/lib/libfranka_msgs__rosidl_typesupport_cpp.so" to ""
[4.994s] -- Installing: /workspaces/citros_example_robotic_arm/franka_ros2_ws/install/franka_msgs/share/franka_msgs/environment/pythonpath.sh
[4.994s] -- Installing: /workspaces/citros_example_robotic_arm/franka_ros2_ws/install/franka_msgs/share/franka_msgs/environment/pythonpath.dsv
[4.994s] -- Installing: /workspaces/citros_example_robotic_arm/franka_ros2_ws/install/franka_msgs/lib/python3.8/site-packages/franka_msgs/__init__.py
[5.014s] Compiling '/workspaces/citros_example_robotic_arm/franka_ros2_ws/install/franka_msgs/lib/python3.8/site-packages/franka_msgs/__init__.py'...
[5.016s] -- Installing: /workspaces/citros_example_robotic_arm/franka_ros2_ws/install/franka_msgs/lib/python3.8/site-packages/franka_msgs/action
[5.016s] -- Installing: /workspaces/citros_example_robotic_arm/franka_ros2_ws/install/franka_msgs/lib/python3.8/site-packages/franka_msgs/action/_move.py
[5.016s] -- Installing: /workspaces/citros_example_robotic_arm/franka_ros2_ws/install/franka_msgs/lib/python3.8/site-packages/franka_msgs/action/_move_s.c
[5.017s] -- Installing: /workspaces/citros_example_robotic_arm/franka_ros2_ws/install/franka_msgs/lib/python3.8/site-packages/franka_msgs/action/_homing.py
[5.017s] -- Installing: /workspaces/citros_example_robotic_arm/franka_ros2_ws/install/franka_msgs/lib/python3.8/site-packages/franka_msgs/action/_homing_s.c
[5.017s] -- Installing: /workspaces/citros_example_robotic_arm/franka_ros2_ws/install/franka_msgs/lib/python3.8/site-packages/franka_msgs/action/_grasp_s.c
[5.017s] -- Installing: /workspaces/citros_example_robotic_arm/franka_ros2_ws/install/franka_msgs/lib/python3.8/site-packages/franka_msgs/action/__init__.py
[5.017s] -- Installing: /workspaces/citros_example_robotic_arm/franka_ros2_ws/install/franka_msgs/lib/python3.8/site-packages/franka_msgs/action/_grasp.py
[5.017s] -- Installing: /workspaces/citros_example_robotic_arm/franka_ros2_ws/install/franka_msgs/lib/python3.8/site-packages/franka_msgs/msg
[5.017s] -- Installing: /workspaces/citros_example_robotic_arm/franka_ros2_ws/install/franka_msgs/lib/python3.8/site-packages/franka_msgs/msg/_grasp_epsilon_s.c
[5.017s] -- Installing: /workspaces/citros_example_robotic_arm/franka_ros2_ws/install/franka_msgs/lib/python3.8/site-packages/franka_msgs/msg/_grasp_epsilon.py
[5.017s] -- Installing: /workspaces/citros_example_robotic_arm/franka_ros2_ws/install/franka_msgs/lib/python3.8/site-packages/franka_msgs/msg/__init__.py
[5.018s] -- Installing: /workspaces/citros_example_robotic_arm/franka_ros2_ws/install/franka_msgs/lib/python3.8/site-packages/franka_msgs/franka_msgs_s__rosidl_typesupport_fastrtps_c.cpython-38-x86_64-linux-gnu.so
[5.019s] -- Set runtime path of "/workspaces/citros_example_robotic_arm/franka_ros2_ws/install/franka_msgs/lib/python3.8/site-packages/franka_msgs/franka_msgs_s__rosidl_typesupport_fastrtps_c.cpython-38-x86_64-linux-gnu.so" to ""
[5.019s] -- Installing: /workspaces/citros_example_robotic_arm/franka_ros2_ws/install/franka_msgs/lib/python3.8/site-packages/franka_msgs/franka_msgs_s__rosidl_typesupport_introspection_c.cpython-38-x86_64-linux-gnu.so
[5.019s] -- Set runtime path of "/workspaces/citros_example_robotic_arm/franka_ros2_ws/install/franka_msgs/lib/python3.8/site-packages/franka_msgs/franka_msgs_s__rosidl_typesupport_introspection_c.cpython-38-x86_64-linux-gnu.so" to ""
[5.019s] -- Installing: /workspaces/citros_example_robotic_arm/franka_ros2_ws/install/franka_msgs/lib/python3.8/site-packages/franka_msgs/franka_msgs_s__rosidl_typesupport_c.cpython-38-x86_64-linux-gnu.so
[5.020s] -- Set runtime path of "/workspaces/citros_example_robotic_arm/franka_ros2_ws/install/franka_msgs/lib/python3.8/site-packages/franka_msgs/franka_msgs_s__rosidl_typesupport_c.cpython-38-x86_64-linux-gnu.so" to ""
[5.020s] -- Installing: /workspaces/citros_example_robotic_arm/franka_ros2_ws/install/franka_msgs/lib/libfranka_msgs__python.so
[5.020s] -- Set runtime path of "/workspaces/citros_example_robotic_arm/franka_ros2_ws/install/franka_msgs/lib/libfranka_msgs__python.so" to ""
[5.021s] -- Installing: /workspaces/citros_example_robotic_arm/franka_ros2_ws/install/franka_msgs/share/franka_msgs/action/Grasp.idl
[5.021s] -- Installing: /workspaces/citros_example_robotic_arm/franka_ros2_ws/install/franka_msgs/share/franka_msgs/action/Homing.idl
[5.021s] -- Installing: /workspaces/citros_example_robotic_arm/franka_ros2_ws/install/franka_msgs/share/franka_msgs/action/Move.idl
[5.021s] -- Installing: /workspaces/citros_example_robotic_arm/franka_ros2_ws/install/franka_msgs/share/franka_msgs/msg/GraspEpsilon.idl
[5.021s] -- Installing: /workspaces/citros_example_robotic_arm/franka_ros2_ws/install/franka_msgs/share/franka_msgs/action/Grasp.action
[5.021s] -- Installing: /workspaces/citros_example_robotic_arm/franka_ros2_ws/install/franka_msgs/share/franka_msgs/action/Homing.action
[5.022s] -- Installing: /workspaces/citros_example_robotic_arm/franka_ros2_ws/install/franka_msgs/share/franka_msgs/action/Move.action
[5.022s] -- Installing: /workspaces/citros_example_robotic_arm/franka_ros2_ws/install/franka_msgs/share/franka_msgs/msg/GraspEpsilon.msg
[5.023s] -- Installing: /workspaces/citros_example_robotic_arm/franka_ros2_ws/install/franka_msgs/share/ament_index/resource_index/package_run_dependencies/franka_msgs
[5.023s] -- Installing: /workspaces/citros_example_robotic_arm/franka_ros2_ws/install/franka_msgs/share/ament_index/resource_index/parent_prefix_path/franka_msgs
[5.023s] -- Installing: /workspaces/citros_example_robotic_arm/franka_ros2_ws/install/franka_msgs/share/franka_msgs/environment/ament_prefix_path.sh
[5.023s] -- Installing: /workspaces/citros_example_robotic_arm/franka_ros2_ws/install/franka_msgs/share/franka_msgs/environment/ament_prefix_path.dsv
[5.023s] -- Installing: /workspaces/citros_example_robotic_arm/franka_ros2_ws/install/franka_msgs/share/franka_msgs/environment/path.sh
[5.023s] -- Installing: /workspaces/citros_example_robotic_arm/franka_ros2_ws/install/franka_msgs/share/franka_msgs/environment/path.dsv
[5.023s] -- Installing: /workspaces/citros_example_robotic_arm/franka_ros2_ws/install/franka_msgs/share/franka_msgs/local_setup.bash
[5.023s] -- Installing: /workspaces/citros_example_robotic_arm/franka_ros2_ws/install/franka_msgs/share/franka_msgs/local_setup.sh
[5.024s] -- Installing: /workspaces/citros_example_robotic_arm/franka_ros2_ws/install/franka_msgs/share/franka_msgs/local_setup.zsh
[5.024s] -- Installing: /workspaces/citros_example_robotic_arm/franka_ros2_ws/install/franka_msgs/share/franka_msgs/local_setup.dsv
[5.024s] -- Installing: /workspaces/citros_example_robotic_arm/franka_ros2_ws/install/franka_msgs/share/franka_msgs/package.dsv
[5.024s] -- Installing: /workspaces/citros_example_robotic_arm/franka_ros2_ws/install/franka_msgs/share/ament_index/resource_index/packages/franka_msgs
[5.024s] -- Installing: /workspaces/citros_example_robotic_arm/franka_ros2_ws/install/franka_msgs/share/franka_msgs/cmake/franka_msgs__rosidl_generator_cExport.cmake
[5.024s] -- Installing: /workspaces/citros_example_robotic_arm/franka_ros2_ws/install/franka_msgs/share/franka_msgs/cmake/franka_msgs__rosidl_generator_cExport-noconfig.cmake
[5.024s] -- Installing: /workspaces/citros_example_robotic_arm/franka_ros2_ws/install/franka_msgs/share/franka_msgs/cmake/franka_msgs__rosidl_typesupport_introspection_cExport.cmake
[5.024s] -- Installing: /workspaces/citros_example_robotic_arm/franka_ros2_ws/install/franka_msgs/share/franka_msgs/cmake/franka_msgs__rosidl_typesupport_introspection_cExport-noconfig.cmake
[5.025s] -- Installing: /workspaces/citros_example_robotic_arm/franka_ros2_ws/install/franka_msgs/share/franka_msgs/cmake/franka_msgs__rosidl_typesupport_cExport.cmake
[5.025s] -- Installing: /workspaces/citros_example_robotic_arm/franka_ros2_ws/install/franka_msgs/share/franka_msgs/cmake/franka_msgs__rosidl_typesupport_cExport-noconfig.cmake
[5.025s] -- Installing: /workspaces/citros_example_robotic_arm/franka_ros2_ws/install/franka_msgs/share/franka_msgs/cmake/franka_msgs__rosidl_generator_cppExport.cmake
[5.025s] -- Installing: /workspaces/citros_example_robotic_arm/franka_ros2_ws/install/franka_msgs/share/franka_msgs/cmake/franka_msgs__rosidl_typesupport_introspection_cppExport.cmake
[5.025s] -- Installing: /workspaces/citros_example_robotic_arm/franka_ros2_ws/install/franka_msgs/share/franka_msgs/cmake/franka_msgs__rosidl_typesupport_introspection_cppExport-noconfig.cmake
[5.025s] -- Installing: /workspaces/citros_example_robotic_arm/franka_ros2_ws/install/franka_msgs/share/franka_msgs/cmake/franka_msgs__rosidl_typesupport_cppExport.cmake
[5.026s] -- Installing: /workspaces/citros_example_robotic_arm/franka_ros2_ws/install/franka_msgs/share/franka_msgs/cmake/franka_msgs__rosidl_typesupport_cppExport-noconfig.cmake
[5.026s] -- Installing: /workspaces/citros_example_robotic_arm/franka_ros2_ws/install/franka_msgs/share/franka_msgs/cmake/rosidl_cmake-extras.cmake
[5.026s] -- Installing: /workspaces/citros_example_robotic_arm/franka_ros2_ws/install/franka_msgs/share/franka_msgs/cmake/ament_cmake_export_dependencies-extras.cmake
[5.026s] -- Installing: /workspaces/citros_example_robotic_arm/franka_ros2_ws/install/franka_msgs/share/franka_msgs/cmake/ament_cmake_export_libraries-extras.cmake
[5.026s] -- Installing: /workspaces/citros_example_robotic_arm/franka_ros2_ws/install/franka_msgs/share/franka_msgs/cmake/ament_cmake_export_targets-extras.cmake
[5.026s] -- Installing: /workspaces/citros_example_robotic_arm/franka_ros2_ws/install/franka_msgs/share/franka_msgs/cmake/ament_cmake_export_include_directories-extras.cmake
[5.026s] -- Installing: /workspaces/citros_example_robotic_arm/franka_ros2_ws/install/franka_msgs/share/franka_msgs/cmake/rosidl_cmake_export_typesupport_libraries-extras.cmake
[5.026s] -- Installing: /workspaces/citros_example_robotic_arm/franka_ros2_ws/install/franka_msgs/share/franka_msgs/cmake/rosidl_cmake_export_typesupport_targets-extras.cmake
[5.026s] -- Installing: /workspaces/citros_example_robotic_arm/franka_ros2_ws/install/franka_msgs/share/franka_msgs/cmake/franka_msgsConfig.cmake
[5.026s] -- Installing: /workspaces/citros_example_robotic_arm/franka_ros2_ws/install/franka_msgs/share/franka_msgs/cmake/franka_msgsConfig-version.cmake
[5.027s] -- Installing: /workspaces/citros_example_robotic_arm/franka_ros2_ws/install/franka_msgs/share/franka_msgs/package.xml
[5.030s] Invoked command in '/workspaces/citros_example_robotic_arm/franka_ros2_ws/build/franka_msgs' returned '0': CMAKE_PREFIX_PATH=/opt/ros/foxy /usr/bin/cmake --install /workspaces/citros_example_robotic_arm/franka_ros2_ws/build/franka_msgs
