[0.038s] Invoking command in '/workspaces/citros_example_robotic_arm/ros2_ws/build/gazebo_ros2_control': CMAKE_PREFIX_PATH=/opt/ros/foxy /usr/bin/cmake --build /workspaces/citros_example_robotic_arm/ros2_ws/build/gazebo_ros2_control -- -j20 -l20
[0.426s] [ 50%] Built target gazebo_hardware_plugins
[0.426s] [100%] Built target gazebo_ros2_control
[0.427s] Invoked command in '/workspaces/citros_example_robotic_arm/ros2_ws/build/gazebo_ros2_control' returned '0': CMAKE_PREFIX_PATH=/opt/ros/foxy /usr/bin/cmake --build /workspaces/citros_example_robotic_arm/ros2_ws/build/gazebo_ros2_control -- -j20 -l20
[0.455s] Invoking command in '/workspaces/citros_example_robotic_arm/ros2_ws/build/gazebo_ros2_control': CMAKE_PREFIX_PATH=/opt/ros/foxy /usr/bin/cmake --install /workspaces/citros_example_robotic_arm/ros2_ws/build/gazebo_ros2_control
[0.460s] -- Install configuration: ""
[0.460s] -- Up-to-date: /workspaces/citros_example_robotic_arm/ros2_ws/install/gazebo_ros2_control/lib/libgazebo_ros2_control.so
[0.460s] -- Up-to-date: /workspaces/citros_example_robotic_arm/ros2_ws/install/gazebo_ros2_control/lib/libgazebo_hardware_plugins.so
[0.460s] -- Up-to-date: /workspaces/citros_example_robotic_arm/ros2_ws/install/gazebo_ros2_control/share/gazebo_ros2_control/environment/library_path.sh
[0.461s] -- Up-to-date: /workspaces/citros_example_robotic_arm/ros2_ws/install/gazebo_ros2_control/share/gazebo_ros2_control/environment/library_path.dsv
[0.461s] -- Up-to-date: /workspaces/citros_example_robotic_arm/ros2_ws/install/gazebo_ros2_control/include/gazebo_ros2_control
[0.461s] -- Up-to-date: /workspaces/citros_example_robotic_arm/ros2_ws/install/gazebo_ros2_control/include/gazebo_ros2_control/gazebo_ros2_control_plugin.hpp
[0.461s] -- Up-to-date: /workspaces/citros_example_robotic_arm/ros2_ws/install/gazebo_ros2_control/include/gazebo_ros2_control/gazebo_system_interface.hpp
[0.461s] -- Up-to-date: /workspaces/citros_example_robotic_arm/ros2_ws/install/gazebo_ros2_control/include/gazebo_ros2_control/gazebo_system.hpp
[0.461s] -- Up-to-date: /workspaces/citros_example_robotic_arm/ros2_ws/install/gazebo_ros2_control/share/gazebo_ros2_control/gazebo_hardware_plugins.xml
[0.461s] -- Up-to-date: /workspaces/citros_example_robotic_arm/ros2_ws/install/gazebo_ros2_control/share/ament_index/resource_index/package_run_dependencies/gazebo_ros2_control
[0.462s] -- Up-to-date: /workspaces/citros_example_robotic_arm/ros2_ws/install/gazebo_ros2_control/share/ament_index/resource_index/parent_prefix_path/gazebo_ros2_control
[0.462s] -- Up-to-date: /workspaces/citros_example_robotic_arm/ros2_ws/install/gazebo_ros2_control/share/gazebo_ros2_control/environment/ament_prefix_path.sh
[0.463s] -- Up-to-date: /workspaces/citros_example_robotic_arm/ros2_ws/install/gazebo_ros2_control/share/gazebo_ros2_control/environment/ament_prefix_path.dsv
[0.463s] -- Up-to-date: /workspaces/citros_example_robotic_arm/ros2_ws/install/gazebo_ros2_control/share/gazebo_ros2_control/environment/path.sh
[0.464s] -- Up-to-date: /workspaces/citros_example_robotic_arm/ros2_ws/install/gazebo_ros2_control/share/gazebo_ros2_control/environment/path.dsv
[0.464s] -- Up-to-date: /workspaces/citros_example_robotic_arm/ros2_ws/install/gazebo_ros2_control/share/gazebo_ros2_control/local_setup.bash
[0.465s] -- Up-to-date: /workspaces/citros_example_robotic_arm/ros2_ws/install/gazebo_ros2_control/share/gazebo_ros2_control/local_setup.sh
[0.465s] -- Up-to-date: /workspaces/citros_example_robotic_arm/ros2_ws/install/gazebo_ros2_control/share/gazebo_ros2_control/local_setup.zsh
[0.465s] -- Up-to-date: /workspaces/citros_example_robotic_arm/ros2_ws/install/gazebo_ros2_control/share/gazebo_ros2_control/local_setup.dsv
[0.465s] -- Installing: /workspaces/citros_example_robotic_arm/ros2_ws/install/gazebo_ros2_control/share/gazebo_ros2_control/package.dsv
[0.466s] -- Up-to-date: /workspaces/citros_example_robotic_arm/ros2_ws/install/gazebo_ros2_control/share/ament_index/resource_index/packages/gazebo_ros2_control
[0.466s] -- Up-to-date: /workspaces/citros_example_robotic_arm/ros2_ws/install/gazebo_ros2_control/share/ament_index/resource_index/gazebo_ros2_control__pluginlib__plugin/gazebo_ros2_control
[0.466s] -- Up-to-date: /workspaces/citros_example_robotic_arm/ros2_ws/install/gazebo_ros2_control/share/gazebo_ros2_control/cmake/ament_cmake_export_include_directories-extras.cmake
[0.467s] -- Up-to-date: /workspaces/citros_example_robotic_arm/ros2_ws/install/gazebo_ros2_control/share/gazebo_ros2_control/cmake/ament_cmake_export_dependencies-extras.cmake
[0.467s] -- Up-to-date: /workspaces/citros_example_robotic_arm/ros2_ws/install/gazebo_ros2_control/share/gazebo_ros2_control/cmake/ament_cmake_export_libraries-extras.cmake
[0.467s] -- Up-to-date: /workspaces/citros_example_robotic_arm/ros2_ws/install/gazebo_ros2_control/share/gazebo_ros2_control/cmake/gazebo_ros2_controlConfig.cmake
[0.467s] -- Up-to-date: /workspaces/citros_example_robotic_arm/ros2_ws/install/gazebo_ros2_control/share/gazebo_ros2_control/cmake/gazebo_ros2_controlConfig-version.cmake
[0.467s] -- Up-to-date: /workspaces/citros_example_robotic_arm/ros2_ws/install/gazebo_ros2_control/share/gazebo_ros2_control/package.xml
[0.467s] Invoked command in '/workspaces/citros_example_robotic_arm/ros2_ws/build/gazebo_ros2_control' returned '0': CMAKE_PREFIX_PATH=/opt/ros/foxy /usr/bin/cmake --install /workspaces/citros_example_robotic_arm/ros2_ws/build/gazebo_ros2_control
