[0.011s] Invoking command in '/workspaces/citros_example_robotic_arm/ros2_ws/build/gazebo_ros2_control_demos': AMENT_PREFIX_PATH=/workspaces/citros_example_robotic_arm/ros2_ws/install/gazebo_ros2_control:/workspaces/citros_example_robotic_arm/ros2_ws/install/control_msgs:${AMENT_PREFIX_PATH} CMAKE_PREFIX_PATH=/workspaces/citros_example_robotic_arm/ros2_ws/install/gazebo_ros2_control:/workspaces/citros_example_robotic_arm/ros2_ws/install/control_msgs:/opt/ros/foxy LD_LIBRARY_PATH=/workspaces/citros_example_robotic_arm/ros2_ws/install/gazebo_ros2_control/lib:/workspaces/citros_example_robotic_arm/ros2_ws/install/control_msgs/lib:${LD_LIBRARY_PATH} PYTHONPATH=/workspaces/citros_example_robotic_arm/ros2_ws/install/control_msgs/lib/python3.8/site-packages:${PYTHONPATH} /usr/bin/cmake /workspaces/citros_example_robotic_arm/ros2_ws/src/gazebo_ros2_control/gazebo_ros2_control_demos -DCMAKE_INSTALL_PREFIX=/workspaces/citros_example_robotic_arm/ros2_ws/install/gazebo_ros2_control_demos
[0.057s] -- The C compiler identification is GNU 9.4.0
[0.117s] -- The CXX compiler identification is GNU 9.4.0
[0.120s] -- Check for working C compiler: /usr/bin/cc
[0.201s] -- Check for working C compiler: /usr/bin/cc -- works
[0.202s] -- Detecting C compiler ABI info
[0.272s] -- Detecting C compiler ABI info - done
[0.284s] -- Detecting C compile features
[0.285s] -- Detecting C compile features - done
[0.287s] -- Check for working CXX compiler: /usr/bin/c++
[0.355s] -- Check for working CXX compiler: /usr/bin/c++ -- works
[0.356s] -- Detecting CXX compiler ABI info
[0.432s] -- Detecting CXX compiler ABI info - done
[0.441s] -- Detecting CXX compile features
[0.442s] -- Detecting CXX compile features - done
[0.444s] -- Found ament_cmake: 0.9.11 (/opt/ros/foxy/share/ament_cmake/cmake)
[0.462s] -- Found PythonInterp: /usr/bin/python3 (found suitable version "3.8.10", minimum required is "3") 
[0.462s] -- Using PYTHON_EXECUTABLE: /usr/bin/python3
[0.579s] -- Found control_msgs: 2.5.1 (/workspaces/citros_example_robotic_arm/ros2_ws/install/control_msgs/share/control_msgs/cmake)
[0.604s] -- Using all available rosidl_typesupport_c: rosidl_typesupport_fastrtps_c;rosidl_typesupport_introspection_c
[0.609s] -- Found rosidl_adapter: 1.3.0 (/opt/ros/foxy/share/rosidl_adapter/cmake)
[0.676s] -- Found OpenSSL: /usr/lib/x86_64-linux-gnu/libcrypto.so (found version "1.1.1f")  
[0.703s] -- Found FastRTPS: /opt/ros/foxy/include  
[0.766s] -- Using all available rosidl_typesupport_cpp: rosidl_typesupport_fastrtps_cpp;rosidl_typesupport_introspection_cpp
[1.060s] -- Found rclcpp: 2.4.2 (/opt/ros/foxy/share/rclcpp/cmake)
[1.092s] -- Found rmw_implementation_cmake: 1.0.3 (/opt/ros/foxy/share/rmw_implementation_cmake/cmake)
[1.093s] -- Using RMW implementation 'rmw_cyclonedds_cpp' as default
[1.094s] -- Looking for pthread.h
[1.156s] -- Looking for pthread.h - found
[1.156s] -- Performing Test CMAKE_HAVE_LIBC_PTHREAD
[1.241s] -- Performing Test CMAKE_HAVE_LIBC_PTHREAD - Failed
[1.242s] -- Looking for pthread_create in pthreads
[1.310s] -- Looking for pthread_create in pthreads - not found
[1.310s] -- Looking for pthread_create in pthread
[1.368s] -- Looking for pthread_create in pthread - found
[1.368s] -- Found Threads: TRUE  
[1.469s] -- Found rclcpp_action: 2.4.2 (/opt/ros/foxy/share/rclcpp_action/cmake)
[1.495s] -- Found ament_cmake_gtest: 0.9.11 (/opt/ros/foxy/share/ament_cmake_gtest/cmake)
[1.496s] -- Found ament_lint_auto: 0.9.7 (/opt/ros/foxy/share/ament_lint_auto/cmake)
[1.549s] -- Added test 'copyright' to check source files copyright and LICENSE
[1.549s] -- Added test 'cppcheck' to perform static code analysis on C / C++ code
[1.550s] -- Configured cppcheck include dirs: 
[1.550s] -- Configured cppcheck exclude dirs and/or files: 
[1.550s] -- Added test 'cpplint' to check C / C++ code against the Google style
[1.550s] -- Configured cpplint exclude dirs and/or files: 
[1.550s] -- Added test 'flake8' to check Python code syntax and style conventions
[1.551s] -- Added test 'lint_cmake' to check CMake code style
[1.551s] -- Added test 'pep257' to check Python code against some of the style conventions in PEP 257
[1.552s] -- Added test 'uncrustify' to check C / C++ code style
[1.552s] -- Configured uncrustify additional arguments: 
[1.552s] -- Added test 'xmllint' to check XML markup files
[1.554s] -- Configuring done
[1.568s] -- Generating done
[1.569s] -- Build files have been written to: /workspaces/citros_example_robotic_arm/ros2_ws/build/gazebo_ros2_control_demos
[1.575s] Invoked command in '/workspaces/citros_example_robotic_arm/ros2_ws/build/gazebo_ros2_control_demos' returned '0': AMENT_PREFIX_PATH=/workspaces/citros_example_robotic_arm/ros2_ws/install/gazebo_ros2_control:/workspaces/citros_example_robotic_arm/ros2_ws/install/control_msgs:${AMENT_PREFIX_PATH} CMAKE_PREFIX_PATH=/workspaces/citros_example_robotic_arm/ros2_ws/install/gazebo_ros2_control:/workspaces/citros_example_robotic_arm/ros2_ws/install/control_msgs:/opt/ros/foxy LD_LIBRARY_PATH=/workspaces/citros_example_robotic_arm/ros2_ws/install/gazebo_ros2_control/lib:/workspaces/citros_example_robotic_arm/ros2_ws/install/control_msgs/lib:${LD_LIBRARY_PATH} PYTHONPATH=/workspaces/citros_example_robotic_arm/ros2_ws/install/control_msgs/lib/python3.8/site-packages:${PYTHONPATH} /usr/bin/cmake /workspaces/citros_example_robotic_arm/ros2_ws/src/gazebo_ros2_control/gazebo_ros2_control_demos -DCMAKE_INSTALL_PREFIX=/workspaces/citros_example_robotic_arm/ros2_ws/install/gazebo_ros2_control_demos
[1.577s] Invoking command in '/workspaces/citros_example_robotic_arm/ros2_ws/build/gazebo_ros2_control_demos': AMENT_PREFIX_PATH=/workspaces/citros_example_robotic_arm/ros2_ws/install/gazebo_ros2_control:/workspaces/citros_example_robotic_arm/ros2_ws/install/control_msgs:${AMENT_PREFIX_PATH} CMAKE_PREFIX_PATH=/workspaces/citros_example_robotic_arm/ros2_ws/install/gazebo_ros2_control:/workspaces/citros_example_robotic_arm/ros2_ws/install/control_msgs:/opt/ros/foxy LD_LIBRARY_PATH=/workspaces/citros_example_robotic_arm/ros2_ws/install/gazebo_ros2_control/lib:/workspaces/citros_example_robotic_arm/ros2_ws/install/control_msgs/lib:${LD_LIBRARY_PATH} PYTHONPATH=/workspaces/citros_example_robotic_arm/ros2_ws/install/control_msgs/lib/python3.8/site-packages:${PYTHONPATH} /usr/bin/cmake --build /workspaces/citros_example_robotic_arm/ros2_ws/build/gazebo_ros2_control_demos -- -j20 -l20
[1.606s] [35m[1mScanning dependencies of target example_position[0m
[1.606s] [35m[1mScanning dependencies of target example_effort[0m
[1.606s] [35m[1mScanning dependencies of target example_gripper[0m
[1.606s] [35m[1mScanning dependencies of target example_velocity[0m
[1.606s] [35m[1mScanning dependencies of target example_diff_drive[0m
[1.633s] [ 20%] [32mBuilding CXX object CMakeFiles/example_gripper.dir/examples/example_gripper.cpp.o[0m
[1.633s] [ 20%] [32mBuilding CXX object CMakeFiles/example_velocity.dir/examples/example_velocity.cpp.o[0m
[1.633s] [ 30%] [32mBuilding CXX object CMakeFiles/example_effort.dir/examples/example_effort.cpp.o[0m
[1.633s] [ 40%] [32mBuilding CXX object CMakeFiles/example_diff_drive.dir/examples/example_diff_drive.cpp.o[0m
[1.635s] [ 50%] [32mBuilding CXX object CMakeFiles/example_position.dir/examples/example_position.cpp.o[0m
[3.397s] [ 60%] [32m[1mLinking CXX executable example_diff_drive[0m
[3.452s] [ 70%] [32m[1mLinking CXX executable example_velocity[0m
[3.459s] [ 80%] [32m[1mLinking CXX executable example_effort[0m
[3.469s] [ 90%] [32m[1mLinking CXX executable example_gripper[0m
[3.508s] [ 90%] Built target example_diff_drive
[3.566s] [ 90%] Built target example_velocity
[3.572s] [ 90%] Built target example_effort
[3.575s] [ 90%] Built target example_gripper
[3.815s] [100%] [32m[1mLinking CXX executable example_position[0m
[3.931s] [100%] Built target example_position
[3.941s] Invoked command in '/workspaces/citros_example_robotic_arm/ros2_ws/build/gazebo_ros2_control_demos' returned '0': AMENT_PREFIX_PATH=/workspaces/citros_example_robotic_arm/ros2_ws/install/gazebo_ros2_control:/workspaces/citros_example_robotic_arm/ros2_ws/install/control_msgs:${AMENT_PREFIX_PATH} CMAKE_PREFIX_PATH=/workspaces/citros_example_robotic_arm/ros2_ws/install/gazebo_ros2_control:/workspaces/citros_example_robotic_arm/ros2_ws/install/control_msgs:/opt/ros/foxy LD_LIBRARY_PATH=/workspaces/citros_example_robotic_arm/ros2_ws/install/gazebo_ros2_control/lib:/workspaces/citros_example_robotic_arm/ros2_ws/install/control_msgs/lib:${LD_LIBRARY_PATH} PYTHONPATH=/workspaces/citros_example_robotic_arm/ros2_ws/install/control_msgs/lib/python3.8/site-packages:${PYTHONPATH} /usr/bin/cmake --build /workspaces/citros_example_robotic_arm/ros2_ws/build/gazebo_ros2_control_demos -- -j20 -l20
[3.965s] Invoking command in '/workspaces/citros_example_robotic_arm/ros2_ws/build/gazebo_ros2_control_demos': AMENT_PREFIX_PATH=/workspaces/citros_example_robotic_arm/ros2_ws/install/gazebo_ros2_control:/workspaces/citros_example_robotic_arm/ros2_ws/install/control_msgs:${AMENT_PREFIX_PATH} CMAKE_PREFIX_PATH=/workspaces/citros_example_robotic_arm/ros2_ws/install/gazebo_ros2_control:/workspaces/citros_example_robotic_arm/ros2_ws/install/control_msgs:/opt/ros/foxy LD_LIBRARY_PATH=/workspaces/citros_example_robotic_arm/ros2_ws/install/gazebo_ros2_control/lib:/workspaces/citros_example_robotic_arm/ros2_ws/install/control_msgs/lib:${LD_LIBRARY_PATH} PYTHONPATH=/workspaces/citros_example_robotic_arm/ros2_ws/install/control_msgs/lib/python3.8/site-packages:${PYTHONPATH} /usr/bin/cmake --install /workspaces/citros_example_robotic_arm/ros2_ws/build/gazebo_ros2_control_demos
[3.978s] -- Install configuration: ""
[3.979s] -- Installing: /workspaces/citros_example_robotic_arm/ros2_ws/install/gazebo_ros2_control_demos/share/gazebo_ros2_control_demos//launch
[3.979s] -- Installing: /workspaces/citros_example_robotic_arm/ros2_ws/install/gazebo_ros2_control_demos/share/gazebo_ros2_control_demos//launch/cart_example_effort.launch.py
[3.979s] -- Installing: /workspaces/citros_example_robotic_arm/ros2_ws/install/gazebo_ros2_control_demos/share/gazebo_ros2_control_demos//launch/gripper_mimic_joint_example.launch.py
[3.979s] -- Installing: /workspaces/citros_example_robotic_arm/ros2_ws/install/gazebo_ros2_control_demos/share/gazebo_ros2_control_demos//launch/cart_example_velocity.launch.py
[3.979s] -- Installing: /workspaces/citros_example_robotic_arm/ros2_ws/install/gazebo_ros2_control_demos/share/gazebo_ros2_control_demos//launch/cart_example_position.launch.py
[3.979s] -- Installing: /workspaces/citros_example_robotic_arm/ros2_ws/install/gazebo_ros2_control_demos/share/gazebo_ros2_control_demos//launch/diff_drive.launch.py
[3.980s] -- Installing: /workspaces/citros_example_robotic_arm/ros2_ws/install/gazebo_ros2_control_demos/share/gazebo_ros2_control_demos//config
[3.980s] -- Installing: /workspaces/citros_example_robotic_arm/ros2_ws/install/gazebo_ros2_control_demos/share/gazebo_ros2_control_demos//config/diff_drive_controller.yaml
[3.980s] -- Installing: /workspaces/citros_example_robotic_arm/ros2_ws/install/gazebo_ros2_control_demos/share/gazebo_ros2_control_demos//config/cartpole_controller_velocity.yaml
[3.980s] -- Installing: /workspaces/citros_example_robotic_arm/ros2_ws/install/gazebo_ros2_control_demos/share/gazebo_ros2_control_demos//config/cartpole_controller_effort.yaml
[3.980s] -- Installing: /workspaces/citros_example_robotic_arm/ros2_ws/install/gazebo_ros2_control_demos/share/gazebo_ros2_control_demos//config/cartpole_controller.yaml
[3.980s] -- Installing: /workspaces/citros_example_robotic_arm/ros2_ws/install/gazebo_ros2_control_demos/share/gazebo_ros2_control_demos//config/gripper_controller.yaml
[3.980s] -- Installing: /workspaces/citros_example_robotic_arm/ros2_ws/install/gazebo_ros2_control_demos/share/gazebo_ros2_control_demos//urdf
[3.980s] -- Installing: /workspaces/citros_example_robotic_arm/ros2_ws/install/gazebo_ros2_control_demos/share/gazebo_ros2_control_demos//urdf/test_cart_effort.xacro.urdf
[3.980s] -- Installing: /workspaces/citros_example_robotic_arm/ros2_ws/install/gazebo_ros2_control_demos/share/gazebo_ros2_control_demos//urdf/test_diff_drive.xacro.urdf
[3.980s] -- Installing: /workspaces/citros_example_robotic_arm/ros2_ws/install/gazebo_ros2_control_demos/share/gazebo_ros2_control_demos//urdf/test_cart_position.xacro.urdf
[3.980s] -- Installing: /workspaces/citros_example_robotic_arm/ros2_ws/install/gazebo_ros2_control_demos/share/gazebo_ros2_control_demos//urdf/test_cart_velocity.xacro.urdf
[3.980s] -- Installing: /workspaces/citros_example_robotic_arm/ros2_ws/install/gazebo_ros2_control_demos/share/gazebo_ros2_control_demos//urdf/test_gripper_mimic_joint.xacro.urdf
[3.980s] -- Installing: /workspaces/citros_example_robotic_arm/ros2_ws/install/gazebo_ros2_control_demos/lib/gazebo_ros2_control_demos/example_position
[3.981s] -- Set runtime path of "/workspaces/citros_example_robotic_arm/ros2_ws/install/gazebo_ros2_control_demos/lib/gazebo_ros2_control_demos/example_position" to ""
[3.981s] -- Installing: /workspaces/citros_example_robotic_arm/ros2_ws/install/gazebo_ros2_control_demos/lib/gazebo_ros2_control_demos/example_velocity
[3.982s] -- Set runtime path of "/workspaces/citros_example_robotic_arm/ros2_ws/install/gazebo_ros2_control_demos/lib/gazebo_ros2_control_demos/example_velocity" to ""
[3.982s] -- Installing: /workspaces/citros_example_robotic_arm/ros2_ws/install/gazebo_ros2_control_demos/lib/gazebo_ros2_control_demos/example_effort
[3.982s] -- Set runtime path of "/workspaces/citros_example_robotic_arm/ros2_ws/install/gazebo_ros2_control_demos/lib/gazebo_ros2_control_demos/example_effort" to ""
[3.983s] -- Installing: /workspaces/citros_example_robotic_arm/ros2_ws/install/gazebo_ros2_control_demos/lib/gazebo_ros2_control_demos/example_gripper
[3.983s] -- Set runtime path of "/workspaces/citros_example_robotic_arm/ros2_ws/install/gazebo_ros2_control_demos/lib/gazebo_ros2_control_demos/example_gripper" to ""
[3.983s] -- Installing: /workspaces/citros_example_robotic_arm/ros2_ws/install/gazebo_ros2_control_demos/lib/gazebo_ros2_control_demos/example_diff_drive
[3.984s] -- Set runtime path of "/workspaces/citros_example_robotic_arm/ros2_ws/install/gazebo_ros2_control_demos/lib/gazebo_ros2_control_demos/example_diff_drive" to ""
[3.984s] -- Installing: /workspaces/citros_example_robotic_arm/ros2_ws/install/gazebo_ros2_control_demos/share/ament_index/resource_index/package_run_dependencies/gazebo_ros2_control_demos
[3.984s] -- Installing: /workspaces/citros_example_robotic_arm/ros2_ws/install/gazebo_ros2_control_demos/share/ament_index/resource_index/parent_prefix_path/gazebo_ros2_control_demos
[3.984s] -- Installing: /workspaces/citros_example_robotic_arm/ros2_ws/install/gazebo_ros2_control_demos/share/gazebo_ros2_control_demos/environment/ament_prefix_path.sh
[3.984s] -- Installing: /workspaces/citros_example_robotic_arm/ros2_ws/install/gazebo_ros2_control_demos/share/gazebo_ros2_control_demos/environment/ament_prefix_path.dsv
[3.984s] -- Installing: /workspaces/citros_example_robotic_arm/ros2_ws/install/gazebo_ros2_control_demos/share/gazebo_ros2_control_demos/environment/path.sh
[3.984s] -- Installing: /workspaces/citros_example_robotic_arm/ros2_ws/install/gazebo_ros2_control_demos/share/gazebo_ros2_control_demos/environment/path.dsv
[3.984s] -- Installing: /workspaces/citros_example_robotic_arm/ros2_ws/install/gazebo_ros2_control_demos/share/gazebo_ros2_control_demos/local_setup.bash
[3.984s] -- Installing: /workspaces/citros_example_robotic_arm/ros2_ws/install/gazebo_ros2_control_demos/share/gazebo_ros2_control_demos/local_setup.sh
[3.984s] -- Installing: /workspaces/citros_example_robotic_arm/ros2_ws/install/gazebo_ros2_control_demos/share/gazebo_ros2_control_demos/local_setup.zsh
[3.984s] -- Installing: /workspaces/citros_example_robotic_arm/ros2_ws/install/gazebo_ros2_control_demos/share/gazebo_ros2_control_demos/local_setup.dsv
[3.984s] -- Installing: /workspaces/citros_example_robotic_arm/ros2_ws/install/gazebo_ros2_control_demos/share/gazebo_ros2_control_demos/package.dsv
[3.985s] -- Installing: /workspaces/citros_example_robotic_arm/ros2_ws/install/gazebo_ros2_control_demos/share/ament_index/resource_index/packages/gazebo_ros2_control_demos
[3.985s] -- Installing: /workspaces/citros_example_robotic_arm/ros2_ws/install/gazebo_ros2_control_demos/share/gazebo_ros2_control_demos/cmake/gazebo_ros2_control_demosConfig.cmake
[3.985s] -- Installing: /workspaces/citros_example_robotic_arm/ros2_ws/install/gazebo_ros2_control_demos/share/gazebo_ros2_control_demos/cmake/gazebo_ros2_control_demosConfig-version.cmake
[3.985s] -- Installing: /workspaces/citros_example_robotic_arm/ros2_ws/install/gazebo_ros2_control_demos/share/gazebo_ros2_control_demos/package.xml
[3.988s] Invoked command in '/workspaces/citros_example_robotic_arm/ros2_ws/build/gazebo_ros2_control_demos' returned '0': AMENT_PREFIX_PATH=/workspaces/citros_example_robotic_arm/ros2_ws/install/gazebo_ros2_control:/workspaces/citros_example_robotic_arm/ros2_ws/install/control_msgs:${AMENT_PREFIX_PATH} CMAKE_PREFIX_PATH=/workspaces/citros_example_robotic_arm/ros2_ws/install/gazebo_ros2_control:/workspaces/citros_example_robotic_arm/ros2_ws/install/control_msgs:/opt/ros/foxy LD_LIBRARY_PATH=/workspaces/citros_example_robotic_arm/ros2_ws/install/gazebo_ros2_control/lib:/workspaces/citros_example_robotic_arm/ros2_ws/install/control_msgs/lib:${LD_LIBRARY_PATH} PYTHONPATH=/workspaces/citros_example_robotic_arm/ros2_ws/install/control_msgs/lib/python3.8/site-packages:${PYTHONPATH} /usr/bin/cmake --install /workspaces/citros_example_robotic_arm/ros2_ws/build/gazebo_ros2_control_demos
