[0.092s] DEBUG:colcon:Command line arguments: ['/usr/bin/colcon', 'build']
[0.092s] DEBUG:colcon:Parsed command line arguments: Namespace(ament_cmake_args=None, base_paths=['.'], build_base='build', catkin_cmake_args=None, catkin_skip_building_tests=False, cmake_args=None, cmake_clean_cache=False, cmake_clean_first=False, cmake_force_configure=False, cmake_target=None, cmake_target_skip_unavailable=False, continue_on_error=False, event_handlers=None, executor='parallel', ignore_user_meta=False, install_base='install', log_base=None, log_level=None, main=<bound method BuildVerb.main of <colcon_core.verb.build.BuildVerb object at 0x7ff8ea426d00>>, merge_install=False, metas=['./colcon.meta'], mixin=None, mixin_files=None, mixin_verb=('build',), packages_above=None, packages_above_and_dependencies=None, packages_above_depth=None, packages_end=None, packages_ignore=None, packages_ignore_regex=None, packages_select=None, packages_select_build_failed=False, packages_select_by_dep=None, packages_select_regex=None, packages_select_test_failures=False, packages_skip=None, packages_skip_build_finished=False, packages_skip_by_dep=None, packages_skip_regex=None, packages_skip_test_passed=False, packages_skip_up_to=None, packages_start=None, packages_up_to=None, packages_up_to_regex=None, parallel_workers=20, paths=None, symlink_install=False, test_result_base=None, verb_extension=<colcon_core.verb.build.BuildVerb object at 0x7ff8ea426d00>, verb_name='build', verb_parser=<colcon_mixin.mixin.mixin_argument.MixinArgumentDecorator object at 0x7ff8ea3af310>)
[0.106s] Level 1:colcon.colcon_core.package_discovery:discover_packages(colcon_meta) check parameters
[0.106s] Level 1:colcon.colcon_core.package_discovery:discover_packages(recursive) check parameters
[0.106s] Level 1:colcon.colcon_core.package_discovery:discover_packages(ignore) check parameters
[0.106s] Level 1:colcon.colcon_core.package_discovery:discover_packages(path) check parameters
[0.106s] Level 1:colcon.colcon_core.package_discovery:discover_packages(colcon_meta) discover
[0.106s] Level 1:colcon.colcon_core.package_discovery:discover_packages(recursive) discover
[0.106s] INFO:colcon.colcon_core.package_discovery:Crawling recursively for packages in '/workspaces/citros_example_robotic_arm/ros2_ws'
[0.106s] Level 1:colcon.colcon_core.package_identification:_identify(.) by extensions ['ignore', 'ignore_ament_install']
[0.107s] Level 1:colcon.colcon_core.package_identification:_identify(.) by extension 'ignore'
[0.107s] Level 1:colcon.colcon_core.package_identification:_identify(.) by extension 'ignore_ament_install'
[0.107s] Level 1:colcon.colcon_core.package_identification:_identify(.) by extensions ['colcon_pkg']
[0.107s] Level 1:colcon.colcon_core.package_identification:_identify(.) by extension 'colcon_pkg'
[0.107s] Level 1:colcon.colcon_core.package_identification:_identify(.) by extensions ['colcon_meta']
[0.107s] Level 1:colcon.colcon_core.package_identification:_identify(.) by extension 'colcon_meta'
[0.107s] Level 1:colcon.colcon_core.package_identification:_identify(.) by extensions ['ros']
[0.107s] Level 1:colcon.colcon_core.package_identification:_identify(.) by extension 'ros'
[0.113s] Level 1:colcon.colcon_core.package_identification:_identify(.) by extensions ['cmake', 'python']
[0.114s] Level 1:colcon.colcon_core.package_identification:_identify(.) by extension 'cmake'
[0.114s] Level 1:colcon.colcon_core.package_identification:_identify(.) by extension 'python'
[0.114s] Level 1:colcon.colcon_core.package_identification:_identify(.) by extensions ['python_setup_py']
[0.114s] Level 1:colcon.colcon_core.package_identification:_identify(.) by extension 'python_setup_py'
[0.114s] Level 1:colcon.colcon_core.package_identification:_identify(build) by extensions ['ignore', 'ignore_ament_install']
[0.114s] Level 1:colcon.colcon_core.package_identification:_identify(build) by extension 'ignore'
[0.114s] Level 1:colcon.colcon_core.package_identification:_identify(build) ignored
[0.114s] Level 1:colcon.colcon_core.package_identification:_identify(install) by extensions ['ignore', 'ignore_ament_install']
[0.114s] Level 1:colcon.colcon_core.package_identification:_identify(install) by extension 'ignore'
[0.114s] Level 1:colcon.colcon_core.package_identification:_identify(install) ignored
[0.114s] Level 1:colcon.colcon_core.package_identification:_identify(log) by extensions ['ignore', 'ignore_ament_install']
[0.114s] Level 1:colcon.colcon_core.package_identification:_identify(log) by extension 'ignore'
[0.114s] Level 1:colcon.colcon_core.package_identification:_identify(log) ignored
[0.114s] Level 1:colcon.colcon_core.package_identification:_identify(src) by extensions ['ignore', 'ignore_ament_install']
[0.114s] Level 1:colcon.colcon_core.package_identification:_identify(src) by extension 'ignore'
[0.114s] Level 1:colcon.colcon_core.package_identification:_identify(src) by extension 'ignore_ament_install'
[0.114s] Level 1:colcon.colcon_core.package_identification:_identify(src) by extensions ['colcon_pkg']
[0.114s] Level 1:colcon.colcon_core.package_identification:_identify(src) by extension 'colcon_pkg'
[0.114s] Level 1:colcon.colcon_core.package_identification:_identify(src) by extensions ['colcon_meta']
[0.114s] Level 1:colcon.colcon_core.package_identification:_identify(src) by extension 'colcon_meta'
[0.114s] Level 1:colcon.colcon_core.package_identification:_identify(src) by extensions ['ros']
[0.114s] Level 1:colcon.colcon_core.package_identification:_identify(src) by extension 'ros'
[0.114s] Level 1:colcon.colcon_core.package_identification:_identify(src) by extensions ['cmake', 'python']
[0.114s] Level 1:colcon.colcon_core.package_identification:_identify(src) by extension 'cmake'
[0.114s] Level 1:colcon.colcon_core.package_identification:_identify(src) by extension 'python'
[0.114s] Level 1:colcon.colcon_core.package_identification:_identify(src) by extensions ['python_setup_py']
[0.114s] Level 1:colcon.colcon_core.package_identification:_identify(src) by extension 'python_setup_py'
[0.114s] Level 1:colcon.colcon_core.package_identification:_identify(src/ros-controls) by extensions ['ignore', 'ignore_ament_install']
[0.114s] Level 1:colcon.colcon_core.package_identification:_identify(src/ros-controls) by extension 'ignore'
[0.114s] Level 1:colcon.colcon_core.package_identification:_identify(src/ros-controls) by extension 'ignore_ament_install'
[0.114s] Level 1:colcon.colcon_core.package_identification:_identify(src/ros-controls) by extensions ['colcon_pkg']
[0.114s] Level 1:colcon.colcon_core.package_identification:_identify(src/ros-controls) by extension 'colcon_pkg'
[0.115s] Level 1:colcon.colcon_core.package_identification:_identify(src/ros-controls) by extensions ['colcon_meta']
[0.115s] Level 1:colcon.colcon_core.package_identification:_identify(src/ros-controls) by extension 'colcon_meta'
[0.115s] Level 1:colcon.colcon_core.package_identification:_identify(src/ros-controls) by extensions ['ros']
[0.115s] Level 1:colcon.colcon_core.package_identification:_identify(src/ros-controls) by extension 'ros'
[0.115s] Level 1:colcon.colcon_core.package_identification:_identify(src/ros-controls) by extensions ['cmake', 'python']
[0.115s] Level 1:colcon.colcon_core.package_identification:_identify(src/ros-controls) by extension 'cmake'
[0.115s] Level 1:colcon.colcon_core.package_identification:_identify(src/ros-controls) by extension 'python'
[0.115s] Level 1:colcon.colcon_core.package_identification:_identify(src/ros-controls) by extensions ['python_setup_py']
[0.115s] Level 1:colcon.colcon_core.package_identification:_identify(src/ros-controls) by extension 'python_setup_py'
[0.115s] Level 1:colcon.colcon_core.package_identification:_identify(src/ros-controls/control_msgs) by extensions ['ignore', 'ignore_ament_install']
[0.115s] Level 1:colcon.colcon_core.package_identification:_identify(src/ros-controls/control_msgs) by extension 'ignore'
[0.115s] Level 1:colcon.colcon_core.package_identification:_identify(src/ros-controls/control_msgs) by extension 'ignore_ament_install'
[0.115s] Level 1:colcon.colcon_core.package_identification:_identify(src/ros-controls/control_msgs) by extensions ['colcon_pkg']
[0.115s] Level 1:colcon.colcon_core.package_identification:_identify(src/ros-controls/control_msgs) by extension 'colcon_pkg'
[0.115s] Level 1:colcon.colcon_core.package_identification:_identify(src/ros-controls/control_msgs) by extensions ['colcon_meta']
[0.115s] Level 1:colcon.colcon_core.package_identification:_identify(src/ros-controls/control_msgs) by extension 'colcon_meta'
[0.115s] Level 1:colcon.colcon_core.package_identification:_identify(src/ros-controls/control_msgs) by extensions ['ros']
[0.115s] Level 1:colcon.colcon_core.package_identification:_identify(src/ros-controls/control_msgs) by extension 'ros'
[0.115s] Level 1:colcon.colcon_core.package_identification:_identify(src/ros-controls/control_msgs) by extensions ['cmake', 'python']
[0.115s] Level 1:colcon.colcon_core.package_identification:_identify(src/ros-controls/control_msgs) by extension 'cmake'
[0.115s] Level 1:colcon.colcon_core.package_identification:_identify(src/ros-controls/control_msgs) by extension 'python'
[0.115s] Level 1:colcon.colcon_core.package_identification:_identify(src/ros-controls/control_msgs) by extensions ['python_setup_py']
[0.115s] Level 1:colcon.colcon_core.package_identification:_identify(src/ros-controls/control_msgs) by extension 'python_setup_py'
[0.115s] Level 1:colcon.colcon_core.package_identification:_identify(src/ros-controls/control_msgs/control_msgs) by extensions ['ignore', 'ignore_ament_install']
[0.115s] Level 1:colcon.colcon_core.package_identification:_identify(src/ros-controls/control_msgs/control_msgs) by extension 'ignore'
[0.115s] Level 1:colcon.colcon_core.package_identification:_identify(src/ros-controls/control_msgs/control_msgs) by extension 'ignore_ament_install'
[0.115s] Level 1:colcon.colcon_core.package_identification:_identify(src/ros-controls/control_msgs/control_msgs) by extensions ['colcon_pkg']
[0.115s] Level 1:colcon.colcon_core.package_identification:_identify(src/ros-controls/control_msgs/control_msgs) by extension 'colcon_pkg'
[0.115s] Level 1:colcon.colcon_core.package_identification:_identify(src/ros-controls/control_msgs/control_msgs) by extensions ['colcon_meta']
[0.115s] Level 1:colcon.colcon_core.package_identification:_identify(src/ros-controls/control_msgs/control_msgs) by extension 'colcon_meta'
[0.115s] Level 1:colcon.colcon_core.package_identification:_identify(src/ros-controls/control_msgs/control_msgs) by extensions ['ros']
[0.115s] Level 1:colcon.colcon_core.package_identification:_identify(src/ros-controls/control_msgs/control_msgs) by extension 'ros'
[0.117s] DEBUG:colcon.colcon_core.package_identification:Package 'src/ros-controls/control_msgs/control_msgs' with type 'ros.ament_cmake' and name 'control_msgs'
[0.117s] Level 1:colcon.colcon_core.package_identification:_identify(src/ros-controls/realtime_tools) by extensions ['ignore', 'ignore_ament_install']
[0.117s] Level 1:colcon.colcon_core.package_identification:_identify(src/ros-controls/realtime_tools) by extension 'ignore'
[0.117s] Level 1:colcon.colcon_core.package_identification:_identify(src/ros-controls/realtime_tools) by extension 'ignore_ament_install'
[0.117s] Level 1:colcon.colcon_core.package_identification:_identify(src/ros-controls/realtime_tools) by extensions ['colcon_pkg']
[0.117s] Level 1:colcon.colcon_core.package_identification:_identify(src/ros-controls/realtime_tools) by extension 'colcon_pkg'
[0.117s] Level 1:colcon.colcon_core.package_identification:_identify(src/ros-controls/realtime_tools) by extensions ['colcon_meta']
[0.117s] Level 1:colcon.colcon_core.package_identification:_identify(src/ros-controls/realtime_tools) by extension 'colcon_meta'
[0.117s] Level 1:colcon.colcon_core.package_identification:_identify(src/ros-controls/realtime_tools) by extensions ['ros']
[0.117s] Level 1:colcon.colcon_core.package_identification:_identify(src/ros-controls/realtime_tools) by extension 'ros'
[0.118s] DEBUG:colcon.colcon_core.package_identification:Package 'src/ros-controls/realtime_tools' with type 'ros.ament_cmake' and name 'realtime_tools'
[0.118s] Level 1:colcon.colcon_core.package_discovery:discover_packages(recursive) using defaults
[0.118s] Level 1:colcon.colcon_core.package_discovery:discover_packages(ignore) discover
[0.118s] Level 1:colcon.colcon_core.package_discovery:discover_packages(ignore) using defaults
[0.118s] Level 1:colcon.colcon_core.package_discovery:discover_packages(path) discover
[0.118s] Level 1:colcon.colcon_core.package_discovery:discover_packages(path) using defaults
[0.135s] Level 5:colcon.colcon_core.verb:set package 'control_msgs' build argument 'cmake_args' from command line to 'None'
[0.135s] Level 5:colcon.colcon_core.verb:set package 'control_msgs' build argument 'cmake_target' from command line to 'None'
[0.135s] Level 5:colcon.colcon_core.verb:set package 'control_msgs' build argument 'cmake_target_skip_unavailable' from command line to 'False'
[0.135s] Level 5:colcon.colcon_core.verb:set package 'control_msgs' build argument 'cmake_clean_cache' from command line to 'False'
[0.135s] Level 5:colcon.colcon_core.verb:set package 'control_msgs' build argument 'cmake_clean_first' from command line to 'False'
[0.135s] Level 5:colcon.colcon_core.verb:set package 'control_msgs' build argument 'cmake_force_configure' from command line to 'False'
[0.135s] Level 5:colcon.colcon_core.verb:set package 'control_msgs' build argument 'ament_cmake_args' from command line to 'None'
[0.135s] Level 5:colcon.colcon_core.verb:set package 'control_msgs' build argument 'catkin_cmake_args' from command line to 'None'
[0.135s] Level 5:colcon.colcon_core.verb:set package 'control_msgs' build argument 'catkin_skip_building_tests' from command line to 'False'
[0.135s] DEBUG:colcon.colcon_core.verb:Building package 'control_msgs' with the following arguments: {'ament_cmake_args': None, 'build_base': '/workspaces/citros_example_robotic_arm/ros2_ws/build/control_msgs', 'catkin_cmake_args': None, 'catkin_skip_building_tests': False, 'cmake_args': None, 'cmake_clean_cache': False, 'cmake_clean_first': False, 'cmake_force_configure': False, 'cmake_target': None, 'cmake_target_skip_unavailable': False, 'install_base': '/workspaces/citros_example_robotic_arm/ros2_ws/install/control_msgs', 'merge_install': False, 'path': '/workspaces/citros_example_robotic_arm/ros2_ws/src/ros-controls/control_msgs/control_msgs', 'symlink_install': False, 'test_result_base': None}
[0.136s] Level 5:colcon.colcon_core.verb:set package 'realtime_tools' build argument 'cmake_args' from command line to 'None'
[0.136s] Level 5:colcon.colcon_core.verb:set package 'realtime_tools' build argument 'cmake_target' from command line to 'None'
[0.136s] Level 5:colcon.colcon_core.verb:set package 'realtime_tools' build argument 'cmake_target_skip_unavailable' from command line to 'False'
[0.136s] Level 5:colcon.colcon_core.verb:set package 'realtime_tools' build argument 'cmake_clean_cache' from command line to 'False'
[0.136s] Level 5:colcon.colcon_core.verb:set package 'realtime_tools' build argument 'cmake_clean_first' from command line to 'False'
[0.136s] Level 5:colcon.colcon_core.verb:set package 'realtime_tools' build argument 'cmake_force_configure' from command line to 'False'
[0.136s] Level 5:colcon.colcon_core.verb:set package 'realtime_tools' build argument 'ament_cmake_args' from command line to 'None'
[0.136s] Level 5:colcon.colcon_core.verb:set package 'realtime_tools' build argument 'catkin_cmake_args' from command line to 'None'
[0.136s] Level 5:colcon.colcon_core.verb:set package 'realtime_tools' build argument 'catkin_skip_building_tests' from command line to 'False'
[0.136s] DEBUG:colcon.colcon_core.verb:Building package 'realtime_tools' with the following arguments: {'ament_cmake_args': None, 'build_base': '/workspaces/citros_example_robotic_arm/ros2_ws/build/realtime_tools', 'catkin_cmake_args': None, 'catkin_skip_building_tests': False, 'cmake_args': None, 'cmake_clean_cache': False, 'cmake_clean_first': False, 'cmake_force_configure': False, 'cmake_target': None, 'cmake_target_skip_unavailable': False, 'install_base': '/workspaces/citros_example_robotic_arm/ros2_ws/install/realtime_tools', 'merge_install': False, 'path': '/workspaces/citros_example_robotic_arm/ros2_ws/src/ros-controls/realtime_tools', 'symlink_install': False, 'test_result_base': None}
[0.136s] INFO:colcon.colcon_core.executor:Executing jobs using 'parallel' executor
[0.139s] DEBUG:colcon.colcon_parallel_executor.executor.parallel:run_until_complete
[0.139s] INFO:colcon.colcon_ros.task.ament_cmake.build:Building ROS package in '/workspaces/citros_example_robotic_arm/ros2_ws/src/ros-controls/control_msgs/control_msgs' with build type 'ament_cmake'
[0.139s] INFO:colcon.colcon_cmake.task.cmake.build:Building CMake package in '/workspaces/citros_example_robotic_arm/ros2_ws/src/ros-controls/control_msgs/control_msgs'
[0.141s] INFO:colcon.colcon_core.plugin_system:Skipping extension 'colcon_core.shell.bat': Not used on non-Windows systems
[0.142s] INFO:colcon.colcon_core.shell:Skip shell extension 'powershell' for command environment: Not usable outside of PowerShell
[0.142s] DEBUG:colcon.colcon_core.shell:Skip shell extension 'dsv' for command environment
[0.146s] INFO:colcon.colcon_ros.task.ament_cmake.build:Building ROS package in '/workspaces/citros_example_robotic_arm/ros2_ws/src/ros-controls/realtime_tools' with build type 'ament_cmake'
[0.146s] INFO:colcon.colcon_cmake.task.cmake.build:Building CMake package in '/workspaces/citros_example_robotic_arm/ros2_ws/src/ros-controls/realtime_tools'
[0.147s] INFO:colcon.colcon_core.shell:Skip shell extension 'powershell' for command environment: Not usable outside of PowerShell
[0.147s] DEBUG:colcon.colcon_core.shell:Skip shell extension 'dsv' for command environment
[0.154s] DEBUG:colcon.colcon_core.event_handler.log_command:Invoking command in '/workspaces/citros_example_robotic_arm/ros2_ws/build/control_msgs': CMAKE_PREFIX_PATH=/opt/ros/foxy /usr/bin/cmake /workspaces/citros_example_robotic_arm/ros2_ws/src/ros-controls/control_msgs/control_msgs -DCMAKE_INSTALL_PREFIX=/workspaces/citros_example_robotic_arm/ros2_ws/install/control_msgs
[0.156s] DEBUG:colcon.colcon_core.event_handler.log_command:Invoking command in '/workspaces/citros_example_robotic_arm/ros2_ws/build/realtime_tools': CMAKE_PREFIX_PATH=/opt/ros/foxy /usr/bin/cmake /workspaces/citros_example_robotic_arm/ros2_ws/src/ros-controls/realtime_tools -DCMAKE_INSTALL_PREFIX=/workspaces/citros_example_robotic_arm/ros2_ws/install/realtime_tools
[1.330s] DEBUG:colcon.colcon_core.event_handler.log_command:Invoked command in '/workspaces/citros_example_robotic_arm/ros2_ws/build/realtime_tools' returned '0': CMAKE_PREFIX_PATH=/opt/ros/foxy /usr/bin/cmake /workspaces/citros_example_robotic_arm/ros2_ws/src/ros-controls/realtime_tools -DCMAKE_INSTALL_PREFIX=/workspaces/citros_example_robotic_arm/ros2_ws/install/realtime_tools
[1.331s] DEBUG:colcon.colcon_core.event_handler.log_command:Invoking command in '/workspaces/citros_example_robotic_arm/ros2_ws/build/realtime_tools': CMAKE_PREFIX_PATH=/opt/ros/foxy /usr/bin/cmake --build /workspaces/citros_example_robotic_arm/ros2_ws/build/realtime_tools -- -j20 -l20
[1.578s] DEBUG:colcon.colcon_core.event_handler.log_command:Invoked command in '/workspaces/citros_example_robotic_arm/ros2_ws/build/control_msgs' returned '0': CMAKE_PREFIX_PATH=/opt/ros/foxy /usr/bin/cmake /workspaces/citros_example_robotic_arm/ros2_ws/src/ros-controls/control_msgs/control_msgs -DCMAKE_INSTALL_PREFIX=/workspaces/citros_example_robotic_arm/ros2_ws/install/control_msgs
[1.578s] DEBUG:colcon.colcon_core.event_handler.log_command:Invoking command in '/workspaces/citros_example_robotic_arm/ros2_ws/build/control_msgs': CMAKE_PREFIX_PATH=/opt/ros/foxy /usr/bin/cmake --build /workspaces/citros_example_robotic_arm/ros2_ws/build/control_msgs -- -j20 -l20
[8.029s] DEBUG:colcon.colcon_core.event_handler.log_command:Invoked command in '/workspaces/citros_example_robotic_arm/ros2_ws/build/realtime_tools' returned '0': CMAKE_PREFIX_PATH=/opt/ros/foxy /usr/bin/cmake --build /workspaces/citros_example_robotic_arm/ros2_ws/build/realtime_tools -- -j20 -l20
[8.059s] DEBUG:colcon.colcon_core.event_handler.log_command:Invoking command in '/workspaces/citros_example_robotic_arm/ros2_ws/build/realtime_tools': CMAKE_PREFIX_PATH=/opt/ros/foxy /usr/bin/cmake --install /workspaces/citros_example_robotic_arm/ros2_ws/build/realtime_tools
[8.067s] Level 1:colcon.colcon_core.environment:create_environment_scripts_only(realtime_tools)
[8.069s] DEBUG:colcon.colcon_core.event_handler.log_command:Invoked command in '/workspaces/citros_example_robotic_arm/ros2_ws/build/realtime_tools' returned '0': CMAKE_PREFIX_PATH=/opt/ros/foxy /usr/bin/cmake --install /workspaces/citros_example_robotic_arm/ros2_ws/build/realtime_tools
[8.071s] Level 1:colcon.colcon_core.environment:checking '/workspaces/citros_example_robotic_arm/ros2_ws/install/realtime_tools' for CMake module files
[8.071s] Level 1:colcon.colcon_core.environment:checking '/workspaces/citros_example_robotic_arm/ros2_ws/install/realtime_tools' for CMake config files
[8.072s] Level 1:colcon.colcon_core.shell:create_environment_hook('realtime_tools', 'cmake_prefix_path')
[8.072s] INFO:colcon.colcon_core.shell:Creating environment hook '/workspaces/citros_example_robotic_arm/ros2_ws/install/realtime_tools/share/realtime_tools/hook/cmake_prefix_path.ps1'
[8.073s] INFO:colcon.colcon_core.shell:Creating environment descriptor '/workspaces/citros_example_robotic_arm/ros2_ws/install/realtime_tools/share/realtime_tools/hook/cmake_prefix_path.dsv'
[8.073s] INFO:colcon.colcon_core.shell:Creating environment hook '/workspaces/citros_example_robotic_arm/ros2_ws/install/realtime_tools/share/realtime_tools/hook/cmake_prefix_path.sh'
[8.074s] Level 1:colcon.colcon_core.environment:checking '/workspaces/citros_example_robotic_arm/ros2_ws/install/realtime_tools/lib'
[8.074s] Level 1:colcon.colcon_core.environment:checking '/workspaces/citros_example_robotic_arm/ros2_ws/install/realtime_tools/bin'
[8.074s] Level 1:colcon.colcon_core.environment:checking '/workspaces/citros_example_robotic_arm/ros2_ws/install/realtime_tools/lib/pkgconfig/realtime_tools.pc'
[8.074s] Level 1:colcon.colcon_core.environment:checking '/workspaces/citros_example_robotic_arm/ros2_ws/install/realtime_tools/lib/python3.8/site-packages'
[8.074s] Level 1:colcon.colcon_core.environment:checking '/workspaces/citros_example_robotic_arm/ros2_ws/install/realtime_tools/bin'
[8.075s] INFO:colcon.colcon_core.shell:Creating package script '/workspaces/citros_example_robotic_arm/ros2_ws/install/realtime_tools/share/realtime_tools/package.ps1'
[8.076s] INFO:colcon.colcon_core.shell:Creating package descriptor '/workspaces/citros_example_robotic_arm/ros2_ws/install/realtime_tools/share/realtime_tools/package.dsv'
[8.076s] INFO:colcon.colcon_core.shell:Creating package script '/workspaces/citros_example_robotic_arm/ros2_ws/install/realtime_tools/share/realtime_tools/package.sh'
[8.076s] INFO:colcon.colcon_core.shell:Creating package script '/workspaces/citros_example_robotic_arm/ros2_ws/install/realtime_tools/share/realtime_tools/package.bash'
[8.077s] INFO:colcon.colcon_core.shell:Creating package script '/workspaces/citros_example_robotic_arm/ros2_ws/install/realtime_tools/share/realtime_tools/package.zsh'
[8.077s] Level 1:colcon.colcon_core.environment:create_file_with_runtime_dependencies(/workspaces/citros_example_robotic_arm/ros2_ws/install/realtime_tools/share/colcon-core/packages/realtime_tools)
[8.102s] Level 1:colcon.colcon_core.environment:create_environment_scripts_only(realtime_tools)
[8.104s] Level 1:colcon.colcon_core.environment:checking '/workspaces/citros_example_robotic_arm/ros2_ws/install/realtime_tools' for CMake module files
[8.105s] Level 1:colcon.colcon_core.environment:checking '/workspaces/citros_example_robotic_arm/ros2_ws/install/realtime_tools' for CMake config files
[8.105s] Level 1:colcon.colcon_core.shell:create_environment_hook('realtime_tools', 'cmake_prefix_path')
[8.106s] INFO:colcon.colcon_core.shell:Creating environment hook '/workspaces/citros_example_robotic_arm/ros2_ws/install/realtime_tools/share/realtime_tools/hook/cmake_prefix_path.ps1'
[8.107s] INFO:colcon.colcon_core.shell:Creating environment descriptor '/workspaces/citros_example_robotic_arm/ros2_ws/install/realtime_tools/share/realtime_tools/hook/cmake_prefix_path.dsv'
[8.107s] INFO:colcon.colcon_core.shell:Creating environment hook '/workspaces/citros_example_robotic_arm/ros2_ws/install/realtime_tools/share/realtime_tools/hook/cmake_prefix_path.sh'
[8.107s] Level 1:colcon.colcon_core.environment:checking '/workspaces/citros_example_robotic_arm/ros2_ws/install/realtime_tools/lib'
[8.107s] Level 1:colcon.colcon_core.environment:checking '/workspaces/citros_example_robotic_arm/ros2_ws/install/realtime_tools/bin'
[8.107s] Level 1:colcon.colcon_core.environment:checking '/workspaces/citros_example_robotic_arm/ros2_ws/install/realtime_tools/lib/pkgconfig/realtime_tools.pc'
[8.107s] Level 1:colcon.colcon_core.environment:checking '/workspaces/citros_example_robotic_arm/ros2_ws/install/realtime_tools/lib/python3.8/site-packages'
[8.108s] Level 1:colcon.colcon_core.environment:checking '/workspaces/citros_example_robotic_arm/ros2_ws/install/realtime_tools/bin'
[8.108s] INFO:colcon.colcon_core.shell:Creating package script '/workspaces/citros_example_robotic_arm/ros2_ws/install/realtime_tools/share/realtime_tools/package.ps1'
[8.109s] INFO:colcon.colcon_core.shell:Creating package descriptor '/workspaces/citros_example_robotic_arm/ros2_ws/install/realtime_tools/share/realtime_tools/package.dsv'
[8.109s] INFO:colcon.colcon_core.shell:Creating package script '/workspaces/citros_example_robotic_arm/ros2_ws/install/realtime_tools/share/realtime_tools/package.sh'
[8.109s] INFO:colcon.colcon_core.shell:Creating package script '/workspaces/citros_example_robotic_arm/ros2_ws/install/realtime_tools/share/realtime_tools/package.bash'
[8.109s] INFO:colcon.colcon_core.shell:Creating package script '/workspaces/citros_example_robotic_arm/ros2_ws/install/realtime_tools/share/realtime_tools/package.zsh'
[8.109s] Level 1:colcon.colcon_core.environment:create_file_with_runtime_dependencies(/workspaces/citros_example_robotic_arm/ros2_ws/install/realtime_tools/share/colcon-core/packages/realtime_tools)
[10.291s] DEBUG:colcon.colcon_core.event_handler.log_command:Invoked command in '/workspaces/citros_example_robotic_arm/ros2_ws/build/control_msgs' returned '0': CMAKE_PREFIX_PATH=/opt/ros/foxy /usr/bin/cmake --build /workspaces/citros_example_robotic_arm/ros2_ws/build/control_msgs -- -j20 -l20
[10.611s] DEBUG:colcon.colcon_core.event_handler.log_command:Invoking command in '/workspaces/citros_example_robotic_arm/ros2_ws/build/control_msgs': CMAKE_PREFIX_PATH=/opt/ros/foxy /usr/bin/cmake --install /workspaces/citros_example_robotic_arm/ros2_ws/build/control_msgs
[10.671s] Level 1:colcon.colcon_core.environment:create_environment_scripts_only(control_msgs)
[10.671s] DEBUG:colcon.colcon_core.event_handler.log_command:Invoked command in '/workspaces/citros_example_robotic_arm/ros2_ws/build/control_msgs' returned '0': CMAKE_PREFIX_PATH=/opt/ros/foxy /usr/bin/cmake --install /workspaces/citros_example_robotic_arm/ros2_ws/build/control_msgs
[10.672s] Level 1:colcon.colcon_core.environment:checking '/workspaces/citros_example_robotic_arm/ros2_ws/install/control_msgs' for CMake module files
[10.673s] Level 1:colcon.colcon_core.environment:checking '/workspaces/citros_example_robotic_arm/ros2_ws/install/control_msgs' for CMake config files
[10.673s] Level 1:colcon.colcon_core.shell:create_environment_hook('control_msgs', 'cmake_prefix_path')
[10.674s] INFO:colcon.colcon_core.shell:Creating environment hook '/workspaces/citros_example_robotic_arm/ros2_ws/install/control_msgs/share/control_msgs/hook/cmake_prefix_path.ps1'
[10.674s] INFO:colcon.colcon_core.shell:Creating environment descriptor '/workspaces/citros_example_robotic_arm/ros2_ws/install/control_msgs/share/control_msgs/hook/cmake_prefix_path.dsv'
[10.674s] INFO:colcon.colcon_core.shell:Creating environment hook '/workspaces/citros_example_robotic_arm/ros2_ws/install/control_msgs/share/control_msgs/hook/cmake_prefix_path.sh'
[10.674s] Level 1:colcon.colcon_core.environment:checking '/workspaces/citros_example_robotic_arm/ros2_ws/install/control_msgs/lib'
[10.675s] Level 1:colcon.colcon_core.shell:create_environment_hook('control_msgs', 'ld_library_path_lib')
[10.675s] INFO:colcon.colcon_core.shell:Creating environment hook '/workspaces/citros_example_robotic_arm/ros2_ws/install/control_msgs/share/control_msgs/hook/ld_library_path_lib.ps1'
[10.675s] INFO:colcon.colcon_core.shell:Creating environment descriptor '/workspaces/citros_example_robotic_arm/ros2_ws/install/control_msgs/share/control_msgs/hook/ld_library_path_lib.dsv'
[10.676s] INFO:colcon.colcon_core.shell:Creating environment hook '/workspaces/citros_example_robotic_arm/ros2_ws/install/control_msgs/share/control_msgs/hook/ld_library_path_lib.sh'
[10.676s] Level 1:colcon.colcon_core.environment:checking '/workspaces/citros_example_robotic_arm/ros2_ws/install/control_msgs/bin'
[10.676s] Level 1:colcon.colcon_core.environment:checking '/workspaces/citros_example_robotic_arm/ros2_ws/install/control_msgs/lib/pkgconfig/control_msgs.pc'
[10.676s] Level 1:colcon.colcon_core.environment:checking '/workspaces/citros_example_robotic_arm/ros2_ws/install/control_msgs/lib/python3.8/site-packages'
[10.676s] Level 1:colcon.colcon_core.shell:create_environment_hook('control_msgs', 'pythonpath')
[10.677s] INFO:colcon.colcon_core.shell:Creating environment hook '/workspaces/citros_example_robotic_arm/ros2_ws/install/control_msgs/share/control_msgs/hook/pythonpath.ps1'
[10.677s] INFO:colcon.colcon_core.shell:Creating environment descriptor '/workspaces/citros_example_robotic_arm/ros2_ws/install/control_msgs/share/control_msgs/hook/pythonpath.dsv'
[10.677s] INFO:colcon.colcon_core.shell:Creating environment hook '/workspaces/citros_example_robotic_arm/ros2_ws/install/control_msgs/share/control_msgs/hook/pythonpath.sh'
[10.677s] Level 1:colcon.colcon_core.environment:checking '/workspaces/citros_example_robotic_arm/ros2_ws/install/control_msgs/bin'
[10.678s] INFO:colcon.colcon_core.shell:Creating package script '/workspaces/citros_example_robotic_arm/ros2_ws/install/control_msgs/share/control_msgs/package.ps1'
[10.678s] INFO:colcon.colcon_core.shell:Creating package descriptor '/workspaces/citros_example_robotic_arm/ros2_ws/install/control_msgs/share/control_msgs/package.dsv'
[10.679s] INFO:colcon.colcon_core.shell:Creating package script '/workspaces/citros_example_robotic_arm/ros2_ws/install/control_msgs/share/control_msgs/package.sh'
[10.679s] INFO:colcon.colcon_core.shell:Creating package script '/workspaces/citros_example_robotic_arm/ros2_ws/install/control_msgs/share/control_msgs/package.bash'
[10.679s] INFO:colcon.colcon_core.shell:Creating package script '/workspaces/citros_example_robotic_arm/ros2_ws/install/control_msgs/share/control_msgs/package.zsh'
[10.679s] Level 1:colcon.colcon_core.environment:create_file_with_runtime_dependencies(/workspaces/citros_example_robotic_arm/ros2_ws/install/control_msgs/share/colcon-core/packages/control_msgs)
[10.952s] Level 1:colcon.colcon_core.environment:create_environment_scripts_only(control_msgs)
[10.954s] Level 1:colcon.colcon_core.environment:checking '/workspaces/citros_example_robotic_arm/ros2_ws/install/control_msgs' for CMake module files
[10.955s] Level 1:colcon.colcon_core.environment:checking '/workspaces/citros_example_robotic_arm/ros2_ws/install/control_msgs' for CMake config files
[10.955s] Level 1:colcon.colcon_core.shell:create_environment_hook('control_msgs', 'cmake_prefix_path')
[10.956s] INFO:colcon.colcon_core.shell:Creating environment hook '/workspaces/citros_example_robotic_arm/ros2_ws/install/control_msgs/share/control_msgs/hook/cmake_prefix_path.ps1'
[10.957s] INFO:colcon.colcon_core.shell:Creating environment descriptor '/workspaces/citros_example_robotic_arm/ros2_ws/install/control_msgs/share/control_msgs/hook/cmake_prefix_path.dsv'
[10.957s] INFO:colcon.colcon_core.shell:Creating environment hook '/workspaces/citros_example_robotic_arm/ros2_ws/install/control_msgs/share/control_msgs/hook/cmake_prefix_path.sh'
[10.958s] Level 1:colcon.colcon_core.environment:checking '/workspaces/citros_example_robotic_arm/ros2_ws/install/control_msgs/lib'
[10.958s] Level 1:colcon.colcon_core.shell:create_environment_hook('control_msgs', 'ld_library_path_lib')
[10.959s] INFO:colcon.colcon_core.shell:Creating environment hook '/workspaces/citros_example_robotic_arm/ros2_ws/install/control_msgs/share/control_msgs/hook/ld_library_path_lib.ps1'
[10.959s] INFO:colcon.colcon_core.shell:Creating environment descriptor '/workspaces/citros_example_robotic_arm/ros2_ws/install/control_msgs/share/control_msgs/hook/ld_library_path_lib.dsv'
[10.959s] INFO:colcon.colcon_core.shell:Creating environment hook '/workspaces/citros_example_robotic_arm/ros2_ws/install/control_msgs/share/control_msgs/hook/ld_library_path_lib.sh'
[10.960s] Level 1:colcon.colcon_core.environment:checking '/workspaces/citros_example_robotic_arm/ros2_ws/install/control_msgs/bin'
[10.960s] Level 1:colcon.colcon_core.environment:checking '/workspaces/citros_example_robotic_arm/ros2_ws/install/control_msgs/lib/pkgconfig/control_msgs.pc'
[10.960s] Level 1:colcon.colcon_core.environment:checking '/workspaces/citros_example_robotic_arm/ros2_ws/install/control_msgs/lib/python3.8/site-packages'
[10.960s] Level 1:colcon.colcon_core.shell:create_environment_hook('control_msgs', 'pythonpath')
[10.961s] INFO:colcon.colcon_core.shell:Creating environment hook '/workspaces/citros_example_robotic_arm/ros2_ws/install/control_msgs/share/control_msgs/hook/pythonpath.ps1'
[10.961s] INFO:colcon.colcon_core.shell:Creating environment descriptor '/workspaces/citros_example_robotic_arm/ros2_ws/install/control_msgs/share/control_msgs/hook/pythonpath.dsv'
[10.961s] INFO:colcon.colcon_core.shell:Creating environment hook '/workspaces/citros_example_robotic_arm/ros2_ws/install/control_msgs/share/control_msgs/hook/pythonpath.sh'
[10.962s] Level 1:colcon.colcon_core.environment:checking '/workspaces/citros_example_robotic_arm/ros2_ws/install/control_msgs/bin'
[10.963s] INFO:colcon.colcon_core.shell:Creating package script '/workspaces/citros_example_robotic_arm/ros2_ws/install/control_msgs/share/control_msgs/package.ps1'
[10.963s] INFO:colcon.colcon_core.shell:Creating package descriptor '/workspaces/citros_example_robotic_arm/ros2_ws/install/control_msgs/share/control_msgs/package.dsv'
[10.963s] INFO:colcon.colcon_core.shell:Creating package script '/workspaces/citros_example_robotic_arm/ros2_ws/install/control_msgs/share/control_msgs/package.sh'
[10.963s] INFO:colcon.colcon_core.shell:Creating package script '/workspaces/citros_example_robotic_arm/ros2_ws/install/control_msgs/share/control_msgs/package.bash'
[10.964s] INFO:colcon.colcon_core.shell:Creating package script '/workspaces/citros_example_robotic_arm/ros2_ws/install/control_msgs/share/control_msgs/package.zsh'
[10.964s] Level 1:colcon.colcon_core.environment:create_file_with_runtime_dependencies(/workspaces/citros_example_robotic_arm/ros2_ws/install/control_msgs/share/colcon-core/packages/control_msgs)
[10.964s] DEBUG:colcon.colcon_parallel_executor.executor.parallel:closing loop
[10.964s] DEBUG:colcon.colcon_parallel_executor.executor.parallel:loop closed
[10.964s] DEBUG:colcon.colcon_parallel_executor.executor.parallel:run_until_complete finished with '0'
[10.964s] DEBUG:colcon.colcon_core.event_reactor:joining thread
[10.968s] INFO:colcon.colcon_core.plugin_system:Skipping extension 'colcon_notification.desktop_notification.notify_send': Could not find 'notify-send'
[10.968s] INFO:colcon.colcon_core.plugin_system:Skipping extension 'colcon_notification.desktop_notification.terminal_notifier': Not used on non-Darwin systems
[10.969s] INFO:colcon.colcon_core.plugin_system:Skipping extension 'colcon_notification.desktop_notification.win32': Not used on non-Windows systems
[10.969s] INFO:colcon.colcon_notification.desktop_notification:Sending desktop notification using 'notify2'
[10.977s] DEBUG:colcon.colcon_notification.desktop_notification.notify2:Failed to initialize notify2: org.freedesktop.DBus.Error.ServiceUnknown: The name org.freedesktop.Notifications was not provided by any .service files
[10.977s] DEBUG:colcon.colcon_core.event_reactor:joined thread
[10.979s] INFO:colcon.colcon_core.shell:Creating prefix script '/workspaces/citros_example_robotic_arm/ros2_ws/install/local_setup.ps1'
[10.980s] INFO:colcon.colcon_core.shell:Creating prefix util module '/workspaces/citros_example_robotic_arm/ros2_ws/install/_local_setup_util_ps1.py'
[10.983s] INFO:colcon.colcon_core.shell:Creating prefix chain script '/workspaces/citros_example_robotic_arm/ros2_ws/install/setup.ps1'
[10.984s] INFO:colcon.colcon_core.shell:Creating prefix script '/workspaces/citros_example_robotic_arm/ros2_ws/install/local_setup.sh'
[10.985s] INFO:colcon.colcon_core.shell:Creating prefix util module '/workspaces/citros_example_robotic_arm/ros2_ws/install/_local_setup_util_sh.py'
[10.985s] INFO:colcon.colcon_core.shell:Creating prefix chain script '/workspaces/citros_example_robotic_arm/ros2_ws/install/setup.sh'
[10.986s] INFO:colcon.colcon_core.shell:Creating prefix script '/workspaces/citros_example_robotic_arm/ros2_ws/install/local_setup.bash'
[10.987s] INFO:colcon.colcon_core.shell:Creating prefix chain script '/workspaces/citros_example_robotic_arm/ros2_ws/install/setup.bash'
[10.987s] INFO:colcon.colcon_core.shell:Creating prefix script '/workspaces/citros_example_robotic_arm/ros2_ws/install/local_setup.zsh'
[10.988s] INFO:colcon.colcon_core.shell:Creating prefix chain script '/workspaces/citros_example_robotic_arm/ros2_ws/install/setup.zsh'
