[0.010s] Invoking command in '/workspaces/citros_example_robotic_arm/franka_ros2_ws/build/franka_moveit_config': AMENT_PREFIX_PATH=/workspaces/citros_example_robotic_arm/franka_ros2_ws/install/franka_hardware:/workspaces/citros_example_robotic_arm/franka_ros2_ws/install/franka_gripper:/workspaces/citros_example_robotic_arm/franka_ros2_ws/install/franka_msgs:/workspaces/citros_example_robotic_arm/franka_ros2_ws/install/franka_description:${AMENT_PREFIX_PATH} CMAKE_PREFIX_PATH=/workspaces/citros_example_robotic_arm/franka_ros2_ws/install/franka_hardware:/workspaces/citros_example_robotic_arm/franka_ros2_ws/install/franka_gripper:/workspaces/citros_example_robotic_arm/franka_ros2_ws/install/franka_msgs:/workspaces/citros_example_robotic_arm/franka_ros2_ws/install/franka_description:/opt/ros/foxy LD_LIBRARY_PATH=/workspaces/citros_example_robotic_arm/franka_ros2_ws/install/franka_hardware/lib:/workspaces/citros_example_robotic_arm/franka_ros2_ws/install/franka_gripper/lib:/workspaces/citros_example_robotic_arm/franka_ros2_ws/install/franka_msgs/lib:${LD_LIBRARY_PATH} PYTHONPATH=/workspaces/citros_example_robotic_arm/franka_ros2_ws/install/franka_gripper/lib/python3.8/site-packages:/workspaces/citros_example_robotic_arm/franka_ros2_ws/install/franka_msgs/lib/python3.8/site-packages:${PYTHONPATH} /usr/bin/cmake /workspaces/citros_example_robotic_arm/franka_ros2_ws/src/franka_ros2/franka_moveit_config -DCMAKE_INSTALL_PREFIX=/workspaces/citros_example_robotic_arm/franka_ros2_ws/install/franka_moveit_config
[0.054s] -- The C compiler identification is GNU 9.4.0
[0.105s] -- The CXX compiler identification is GNU 9.4.0
[0.108s] -- Check for working C compiler: /usr/bin/cc
[0.156s] -- Check for working C compiler: /usr/bin/cc -- works
[0.157s] -- Detecting C compiler ABI info
[0.224s] -- Detecting C compiler ABI info - done
[0.237s] -- Detecting C compile features
[0.237s] -- Detecting C compile features - done
[0.239s] -- Check for working CXX compiler: /usr/bin/c++
[0.309s] -- Check for working CXX compiler: /usr/bin/c++ -- works
[0.310s] -- Detecting CXX compiler ABI info
[0.362s] -- Detecting CXX compiler ABI info - done
[0.370s] -- Detecting CXX compile features
[0.370s] -- Detecting CXX compile features - done
[0.372s] -- Found ament_cmake: 0.9.11 (/opt/ros/foxy/share/ament_cmake/cmake)
[0.390s] -- Found PythonInterp: /usr/bin/python3 (found suitable version "3.8.10", minimum required is "3") 
[0.390s] -- Using PYTHON_EXECUTABLE: /usr/bin/python3
[0.509s] -- Found ament_lint_auto: 0.9.7 (/opt/ros/foxy/share/ament_lint_auto/cmake)
[0.843s] -- Added test 'copyright' to check source files copyright and LICENSE
[0.844s] -- Added test 'flake8' to check Python code syntax and style conventions
[0.844s] -- Added test 'lint_cmake' to check CMake code style
[0.845s] -- Added test 'pep257' to check Python code against some of the style conventions in PEP 257
[0.846s] -- Added test 'xmllint' to check XML markup files
[0.847s] -- Configuring done
[0.848s] -- Generating done
[0.848s] -- Build files have been written to: /workspaces/citros_example_robotic_arm/franka_ros2_ws/build/franka_moveit_config
[0.851s] Invoked command in '/workspaces/citros_example_robotic_arm/franka_ros2_ws/build/franka_moveit_config' returned '0': AMENT_PREFIX_PATH=/workspaces/citros_example_robotic_arm/franka_ros2_ws/install/franka_hardware:/workspaces/citros_example_robotic_arm/franka_ros2_ws/install/franka_gripper:/workspaces/citros_example_robotic_arm/franka_ros2_ws/install/franka_msgs:/workspaces/citros_example_robotic_arm/franka_ros2_ws/install/franka_description:${AMENT_PREFIX_PATH} CMAKE_PREFIX_PATH=/workspaces/citros_example_robotic_arm/franka_ros2_ws/install/franka_hardware:/workspaces/citros_example_robotic_arm/franka_ros2_ws/install/franka_gripper:/workspaces/citros_example_robotic_arm/franka_ros2_ws/install/franka_msgs:/workspaces/citros_example_robotic_arm/franka_ros2_ws/install/franka_description:/opt/ros/foxy LD_LIBRARY_PATH=/workspaces/citros_example_robotic_arm/franka_ros2_ws/install/franka_hardware/lib:/workspaces/citros_example_robotic_arm/franka_ros2_ws/install/franka_gripper/lib:/workspaces/citros_example_robotic_arm/franka_ros2_ws/install/franka_msgs/lib:${LD_LIBRARY_PATH} PYTHONPATH=/workspaces/citros_example_robotic_arm/franka_ros2_ws/install/franka_gripper/lib/python3.8/site-packages:/workspaces/citros_example_robotic_arm/franka_ros2_ws/install/franka_msgs/lib/python3.8/site-packages:${PYTHONPATH} /usr/bin/cmake /workspaces/citros_example_robotic_arm/franka_ros2_ws/src/franka_ros2/franka_moveit_config -DCMAKE_INSTALL_PREFIX=/workspaces/citros_example_robotic_arm/franka_ros2_ws/install/franka_moveit_config
[0.853s] Invoking command in '/workspaces/citros_example_robotic_arm/franka_ros2_ws/build/franka_moveit_config': AMENT_PREFIX_PATH=/workspaces/citros_example_robotic_arm/franka_ros2_ws/install/franka_hardware:/workspaces/citros_example_robotic_arm/franka_ros2_ws/install/franka_gripper:/workspaces/citros_example_robotic_arm/franka_ros2_ws/install/franka_msgs:/workspaces/citros_example_robotic_arm/franka_ros2_ws/install/franka_description:${AMENT_PREFIX_PATH} CMAKE_PREFIX_PATH=/workspaces/citros_example_robotic_arm/franka_ros2_ws/install/franka_hardware:/workspaces/citros_example_robotic_arm/franka_ros2_ws/install/franka_gripper:/workspaces/citros_example_robotic_arm/franka_ros2_ws/install/franka_msgs:/workspaces/citros_example_robotic_arm/franka_ros2_ws/install/franka_description:/opt/ros/foxy LD_LIBRARY_PATH=/workspaces/citros_example_robotic_arm/franka_ros2_ws/install/franka_hardware/lib:/workspaces/citros_example_robotic_arm/franka_ros2_ws/install/franka_gripper/lib:/workspaces/citros_example_robotic_arm/franka_ros2_ws/install/franka_msgs/lib:${LD_LIBRARY_PATH} PYTHONPATH=/workspaces/citros_example_robotic_arm/franka_ros2_ws/install/franka_gripper/lib/python3.8/site-packages:/workspaces/citros_example_robotic_arm/franka_ros2_ws/install/franka_msgs/lib/python3.8/site-packages:${PYTHONPATH} /usr/bin/cmake --build /workspaces/citros_example_robotic_arm/franka_ros2_ws/build/franka_moveit_config -- -j20 -l20
[0.881s] Invoked command in '/workspaces/citros_example_robotic_arm/franka_ros2_ws/build/franka_moveit_config' returned '0': AMENT_PREFIX_PATH=/workspaces/citros_example_robotic_arm/franka_ros2_ws/install/franka_hardware:/workspaces/citros_example_robotic_arm/franka_ros2_ws/install/franka_gripper:/workspaces/citros_example_robotic_arm/franka_ros2_ws/install/franka_msgs:/workspaces/citros_example_robotic_arm/franka_ros2_ws/install/franka_description:${AMENT_PREFIX_PATH} CMAKE_PREFIX_PATH=/workspaces/citros_example_robotic_arm/franka_ros2_ws/install/franka_hardware:/workspaces/citros_example_robotic_arm/franka_ros2_ws/install/franka_gripper:/workspaces/citros_example_robotic_arm/franka_ros2_ws/install/franka_msgs:/workspaces/citros_example_robotic_arm/franka_ros2_ws/install/franka_description:/opt/ros/foxy LD_LIBRARY_PATH=/workspaces/citros_example_robotic_arm/franka_ros2_ws/install/franka_hardware/lib:/workspaces/citros_example_robotic_arm/franka_ros2_ws/install/franka_gripper/lib:/workspaces/citros_example_robotic_arm/franka_ros2_ws/install/franka_msgs/lib:${LD_LIBRARY_PATH} PYTHONPATH=/workspaces/citros_example_robotic_arm/franka_ros2_ws/install/franka_gripper/lib/python3.8/site-packages:/workspaces/citros_example_robotic_arm/franka_ros2_ws/install/franka_msgs/lib/python3.8/site-packages:${PYTHONPATH} /usr/bin/cmake --build /workspaces/citros_example_robotic_arm/franka_ros2_ws/build/franka_moveit_config -- -j20 -l20
[0.913s] Invoking command in '/workspaces/citros_example_robotic_arm/franka_ros2_ws/build/franka_moveit_config': AMENT_PREFIX_PATH=/workspaces/citros_example_robotic_arm/franka_ros2_ws/install/franka_hardware:/workspaces/citros_example_robotic_arm/franka_ros2_ws/install/franka_gripper:/workspaces/citros_example_robotic_arm/franka_ros2_ws/install/franka_msgs:/workspaces/citros_example_robotic_arm/franka_ros2_ws/install/franka_description:${AMENT_PREFIX_PATH} CMAKE_PREFIX_PATH=/workspaces/citros_example_robotic_arm/franka_ros2_ws/install/franka_hardware:/workspaces/citros_example_robotic_arm/franka_ros2_ws/install/franka_gripper:/workspaces/citros_example_robotic_arm/franka_ros2_ws/install/franka_msgs:/workspaces/citros_example_robotic_arm/franka_ros2_ws/install/franka_description:/opt/ros/foxy LD_LIBRARY_PATH=/workspaces/citros_example_robotic_arm/franka_ros2_ws/install/franka_hardware/lib:/workspaces/citros_example_robotic_arm/franka_ros2_ws/install/franka_gripper/lib:/workspaces/citros_example_robotic_arm/franka_ros2_ws/install/franka_msgs/lib:${LD_LIBRARY_PATH} PYTHONPATH=/workspaces/citros_example_robotic_arm/franka_ros2_ws/install/franka_gripper/lib/python3.8/site-packages:/workspaces/citros_example_robotic_arm/franka_ros2_ws/install/franka_msgs/lib/python3.8/site-packages:${PYTHONPATH} /usr/bin/cmake --install /workspaces/citros_example_robotic_arm/franka_ros2_ws/build/franka_moveit_config
[0.923s] -- Install configuration: ""
[0.923s] -- Installing: /workspaces/citros_example_robotic_arm/franka_ros2_ws/install/franka_moveit_config/share/franka_moveit_config/config
[0.923s] -- Installing: /workspaces/citros_example_robotic_arm/franka_ros2_ws/install/franka_moveit_config/share/franka_moveit_config/config/kinematics.yaml
[0.924s] -- Installing: /workspaces/citros_example_robotic_arm/franka_ros2_ws/install/franka_moveit_config/share/franka_moveit_config/config/panda_controllers.yaml
[0.924s] -- Installing: /workspaces/citros_example_robotic_arm/franka_ros2_ws/install/franka_moveit_config/share/franka_moveit_config/config/panda_ros_controllers.yaml
[0.924s] -- Installing: /workspaces/citros_example_robotic_arm/franka_ros2_ws/install/franka_moveit_config/share/franka_moveit_config/config/ompl_planning.yaml
[0.924s] -- Installing: /workspaces/citros_example_robotic_arm/franka_ros2_ws/install/franka_moveit_config/share/franka_moveit_config/launch
[0.924s] -- Installing: /workspaces/citros_example_robotic_arm/franka_ros2_ws/install/franka_moveit_config/share/franka_moveit_config/launch/moveit.launch.py
[0.924s] -- Installing: /workspaces/citros_example_robotic_arm/franka_ros2_ws/install/franka_moveit_config/share/franka_moveit_config/srdf
[0.924s] -- Installing: /workspaces/citros_example_robotic_arm/franka_ros2_ws/install/franka_moveit_config/share/franka_moveit_config/srdf/panda_arm.xacro
[0.924s] -- Installing: /workspaces/citros_example_robotic_arm/franka_ros2_ws/install/franka_moveit_config/share/franka_moveit_config/srdf/hand.xacro
[0.924s] -- Installing: /workspaces/citros_example_robotic_arm/franka_ros2_ws/install/franka_moveit_config/share/franka_moveit_config/srdf/panda_arm_hand.xacro
[0.924s] -- Installing: /workspaces/citros_example_robotic_arm/franka_ros2_ws/install/franka_moveit_config/share/franka_moveit_config/srdf/panda_arm.srdf.xacro
[0.924s] -- Installing: /workspaces/citros_example_robotic_arm/franka_ros2_ws/install/franka_moveit_config/share/franka_moveit_config/srdf/group_definition.xacro
[0.924s] -- Installing: /workspaces/citros_example_robotic_arm/franka_ros2_ws/install/franka_moveit_config/share/franka_moveit_config/rviz
[0.924s] -- Installing: /workspaces/citros_example_robotic_arm/franka_ros2_ws/install/franka_moveit_config/share/franka_moveit_config/rviz/moveit.rviz
[0.924s] -- Installing: /workspaces/citros_example_robotic_arm/franka_ros2_ws/install/franka_moveit_config/share/ament_index/resource_index/package_run_dependencies/franka_moveit_config
[0.925s] -- Installing: /workspaces/citros_example_robotic_arm/franka_ros2_ws/install/franka_moveit_config/share/ament_index/resource_index/parent_prefix_path/franka_moveit_config
[0.925s] -- Installing: /workspaces/citros_example_robotic_arm/franka_ros2_ws/install/franka_moveit_config/share/franka_moveit_config/environment/ament_prefix_path.sh
[0.925s] -- Installing: /workspaces/citros_example_robotic_arm/franka_ros2_ws/install/franka_moveit_config/share/franka_moveit_config/environment/ament_prefix_path.dsv
[0.925s] -- Installing: /workspaces/citros_example_robotic_arm/franka_ros2_ws/install/franka_moveit_config/share/franka_moveit_config/environment/path.sh
[0.925s] -- Installing: /workspaces/citros_example_robotic_arm/franka_ros2_ws/install/franka_moveit_config/share/franka_moveit_config/environment/path.dsv
[0.925s] -- Installing: /workspaces/citros_example_robotic_arm/franka_ros2_ws/install/franka_moveit_config/share/franka_moveit_config/local_setup.bash
[0.925s] -- Installing: /workspaces/citros_example_robotic_arm/franka_ros2_ws/install/franka_moveit_config/share/franka_moveit_config/local_setup.sh
[0.925s] -- Installing: /workspaces/citros_example_robotic_arm/franka_ros2_ws/install/franka_moveit_config/share/franka_moveit_config/local_setup.zsh
[0.925s] -- Installing: /workspaces/citros_example_robotic_arm/franka_ros2_ws/install/franka_moveit_config/share/franka_moveit_config/local_setup.dsv
[0.925s] -- Installing: /workspaces/citros_example_robotic_arm/franka_ros2_ws/install/franka_moveit_config/share/franka_moveit_config/package.dsv
[0.925s] -- Installing: /workspaces/citros_example_robotic_arm/franka_ros2_ws/install/franka_moveit_config/share/ament_index/resource_index/packages/franka_moveit_config
[0.925s] -- Installing: /workspaces/citros_example_robotic_arm/franka_ros2_ws/install/franka_moveit_config/share/franka_moveit_config/cmake/franka_moveit_configConfig.cmake
[0.925s] -- Installing: /workspaces/citros_example_robotic_arm/franka_ros2_ws/install/franka_moveit_config/share/franka_moveit_config/cmake/franka_moveit_configConfig-version.cmake
[0.925s] -- Installing: /workspaces/citros_example_robotic_arm/franka_ros2_ws/install/franka_moveit_config/share/franka_moveit_config/package.xml
[0.927s] Invoked command in '/workspaces/citros_example_robotic_arm/franka_ros2_ws/build/franka_moveit_config' returned '0': AMENT_PREFIX_PATH=/workspaces/citros_example_robotic_arm/franka_ros2_ws/install/franka_hardware:/workspaces/citros_example_robotic_arm/franka_ros2_ws/install/franka_gripper:/workspaces/citros_example_robotic_arm/franka_ros2_ws/install/franka_msgs:/workspaces/citros_example_robotic_arm/franka_ros2_ws/install/franka_description:${AMENT_PREFIX_PATH} CMAKE_PREFIX_PATH=/workspaces/citros_example_robotic_arm/franka_ros2_ws/install/franka_hardware:/workspaces/citros_example_robotic_arm/franka_ros2_ws/install/franka_gripper:/workspaces/citros_example_robotic_arm/franka_ros2_ws/install/franka_msgs:/workspaces/citros_example_robotic_arm/franka_ros2_ws/install/franka_description:/opt/ros/foxy LD_LIBRARY_PATH=/workspaces/citros_example_robotic_arm/franka_ros2_ws/install/franka_hardware/lib:/workspaces/citros_example_robotic_arm/franka_ros2_ws/install/franka_gripper/lib:/workspaces/citros_example_robotic_arm/franka_ros2_ws/install/franka_msgs/lib:${LD_LIBRARY_PATH} PYTHONPATH=/workspaces/citros_example_robotic_arm/franka_ros2_ws/install/franka_gripper/lib/python3.8/site-packages:/workspaces/citros_example_robotic_arm/franka_ros2_ws/install/franka_msgs/lib/python3.8/site-packages:${PYTHONPATH} /usr/bin/cmake --install /workspaces/citros_example_robotic_arm/franka_ros2_ws/build/franka_moveit_config
