running egg_info
creating ../../../build/my_sphere_pkg/my_sphere_pkg.egg-info
writing ../../../build/my_sphere_pkg/my_sphere_pkg.egg-info/PKG-INFO
writing dependency_links to ../../../build/my_sphere_pkg/my_sphere_pkg.egg-info/dependency_links.txt
writing entry points to ../../../build/my_sphere_pkg/my_sphere_pkg.egg-info/entry_points.txt
writing requirements to ../../../build/my_sphere_pkg/my_sphere_pkg.egg-info/requires.txt
writing top-level names to ../../../build/my_sphere_pkg/my_sphere_pkg.egg-info/top_level.txt
writing manifest file '../../../build/my_sphere_pkg/my_sphere_pkg.egg-info/SOURCES.txt'
reading manifest file '../../../build/my_sphere_pkg/my_sphere_pkg.egg-info/SOURCES.txt'
writing manifest file '../../../build/my_sphere_pkg/my_sphere_pkg.egg-info/SOURCES.txt'
running build
running build_py
creating /workspaces/citros_example_robotic_arm/ros2_ws/build/my_sphere_pkg/build
creating /workspaces/citros_example_robotic_arm/ros2_ws/build/my_sphere_pkg/build/lib
creating /workspaces/citros_example_robotic_arm/ros2_ws/build/my_sphere_pkg/build/lib/my_sphere_pkg
copying my_sphere_pkg/client_node.py -> /workspaces/citros_example_robotic_arm/ros2_ws/build/my_sphere_pkg/build/lib/my_sphere_pkg
copying my_sphere_pkg/coordinate_node.py -> /workspaces/citros_example_robotic_arm/ros2_ws/build/my_sphere_pkg/build/lib/my_sphere_pkg
copying my_sphere_pkg/__init__.py -> /workspaces/citros_example_robotic_arm/ros2_ws/build/my_sphere_pkg/build/lib/my_sphere_pkg
running install
running install_lib
creating /workspaces/citros_example_robotic_arm/ros2_ws/install/my_sphere_pkg/lib/python3.8/site-packages/my_sphere_pkg
copying /workspaces/citros_example_robotic_arm/ros2_ws/build/my_sphere_pkg/build/lib/my_sphere_pkg/client_node.py -> /workspaces/citros_example_robotic_arm/ros2_ws/install/my_sphere_pkg/lib/python3.8/site-packages/my_sphere_pkg
copying /workspaces/citros_example_robotic_arm/ros2_ws/build/my_sphere_pkg/build/lib/my_sphere_pkg/coordinate_node.py -> /workspaces/citros_example_robotic_arm/ros2_ws/install/my_sphere_pkg/lib/python3.8/site-packages/my_sphere_pkg
copying /workspaces/citros_example_robotic_arm/ros2_ws/build/my_sphere_pkg/build/lib/my_sphere_pkg/__init__.py -> /workspaces/citros_example_robotic_arm/ros2_ws/install/my_sphere_pkg/lib/python3.8/site-packages/my_sphere_pkg
byte-compiling /workspaces/citros_example_robotic_arm/ros2_ws/install/my_sphere_pkg/lib/python3.8/site-packages/my_sphere_pkg/client_node.py to client_node.cpython-38.pyc
byte-compiling /workspaces/citros_example_robotic_arm/ros2_ws/install/my_sphere_pkg/lib/python3.8/site-packages/my_sphere_pkg/coordinate_node.py to coordinate_node.cpython-38.pyc
byte-compiling /workspaces/citros_example_robotic_arm/ros2_ws/install/my_sphere_pkg/lib/python3.8/site-packages/my_sphere_pkg/__init__.py to __init__.cpython-38.pyc
running install_data
creating /workspaces/citros_example_robotic_arm/ros2_ws/install/my_sphere_pkg/share/ament_index
creating /workspaces/citros_example_robotic_arm/ros2_ws/install/my_sphere_pkg/share/ament_index/resource_index
creating /workspaces/citros_example_robotic_arm/ros2_ws/install/my_sphere_pkg/share/ament_index/resource_index/packages
copying resource/my_sphere_pkg -> /workspaces/citros_example_robotic_arm/ros2_ws/install/my_sphere_pkg/share/ament_index/resource_index/packages
copying package.xml -> /workspaces/citros_example_robotic_arm/ros2_ws/install/my_sphere_pkg/share/my_sphere_pkg
creating /workspaces/citros_example_robotic_arm/ros2_ws/install/my_sphere_pkg/share/my_sphere_pkg/launch
copying launch/my_sphere.launch.py -> /workspaces/citros_example_robotic_arm/ros2_ws/install/my_sphere_pkg/share/my_sphere_pkg/launch
creating /workspaces/citros_example_robotic_arm/ros2_ws/install/my_sphere_pkg/share/my_sphere_pkg/worlds
copying worlds/my_empty_world.world -> /workspaces/citros_example_robotic_arm/ros2_ws/install/my_sphere_pkg/share/my_sphere_pkg/worlds
creating /workspaces/citros_example_robotic_arm/ros2_ws/install/my_sphere_pkg/share/my_sphere_pkg/rviz
copying rviz/my_rviz_conf.rviz -> /workspaces/citros_example_robotic_arm/ros2_ws/install/my_sphere_pkg/share/my_sphere_pkg/rviz
creating /workspaces/citros_example_robotic_arm/ros2_ws/install/my_sphere_pkg/share/my_sphere_pkg/models
creating /workspaces/citros_example_robotic_arm/ros2_ws/install/my_sphere_pkg/share/my_sphere_pkg/models/sdf
creating /workspaces/citros_example_robotic_arm/ros2_ws/install/my_sphere_pkg/share/my_sphere_pkg/models/sdf/sphere_goal
copying models/sdf/sphere_goal/model.config -> /workspaces/citros_example_robotic_arm/ros2_ws/install/my_sphere_pkg/share/my_sphere_pkg/models/sdf/sphere_goal
copying models/sdf/sphere_goal/model.sdf -> /workspaces/citros_example_robotic_arm/ros2_ws/install/my_sphere_pkg/share/my_sphere_pkg/models/sdf/sphere_goal
creating /workspaces/citros_example_robotic_arm/ros2_ws/install/my_sphere_pkg/share/my_sphere_pkg/models/urdf
copying models/urdf/sphere.urdf -> /workspaces/citros_example_robotic_arm/ros2_ws/install/my_sphere_pkg/share/my_sphere_pkg/models/urdf
running install_egg_info
Copying ../../../build/my_sphere_pkg/my_sphere_pkg.egg-info to /workspaces/citros_example_robotic_arm/ros2_ws/install/my_sphere_pkg/lib/python3.8/site-packages/my_sphere_pkg-0.0.0-py3.8.egg-info
running install_scripts
Installing my_client_node script to /workspaces/citros_example_robotic_arm/ros2_ws/install/my_sphere_pkg/lib/my_sphere_pkg
Installing reader_mark_node script to /workspaces/citros_example_robotic_arm/ros2_ws/install/my_sphere_pkg/lib/my_sphere_pkg
writing list of installed files to '/workspaces/citros_example_robotic_arm/ros2_ws/build/my_sphere_pkg/install.log'
