[0.659s] Invoking command in '/workspaces/citros_example_robotic_arm/ros2_ws/src/robotic_arm_environment/my_sphere_pkg': PYTHONPATH=/workspaces/citros_example_robotic_arm/ros2_ws/build/my_sphere_pkg/prefix_override:/workspaces/citros_example_robotic_arm/ros2_ws/install/my_sphere_pkg/lib/python3.8/site-packages:${PYTHONPATH} /usr/bin/python3 setup.py egg_info --egg-base ../../../build/my_sphere_pkg build --build-base /workspaces/citros_example_robotic_arm/ros2_ws/build/my_sphere_pkg/build install --record /workspaces/citros_example_robotic_arm/ros2_ws/build/my_sphere_pkg/install.log --install-scripts $base/lib/my_sphere_pkg --single-version-externally-managed
[0.775s] running egg_info
[0.775s] creating ../../../build/my_sphere_pkg/my_sphere_pkg.egg-info
[0.775s] writing ../../../build/my_sphere_pkg/my_sphere_pkg.egg-info/PKG-INFO
[0.775s] writing dependency_links to ../../../build/my_sphere_pkg/my_sphere_pkg.egg-info/dependency_links.txt
[0.775s] writing entry points to ../../../build/my_sphere_pkg/my_sphere_pkg.egg-info/entry_points.txt
[0.775s] writing requirements to ../../../build/my_sphere_pkg/my_sphere_pkg.egg-info/requires.txt
[0.775s] writing top-level names to ../../../build/my_sphere_pkg/my_sphere_pkg.egg-info/top_level.txt
[0.775s] writing manifest file '../../../build/my_sphere_pkg/my_sphere_pkg.egg-info/SOURCES.txt'
[0.794s] reading manifest file '../../../build/my_sphere_pkg/my_sphere_pkg.egg-info/SOURCES.txt'
[0.795s] writing manifest file '../../../build/my_sphere_pkg/my_sphere_pkg.egg-info/SOURCES.txt'
[0.795s] running build
[0.795s] running build_py
[0.795s] creating /workspaces/citros_example_robotic_arm/ros2_ws/build/my_sphere_pkg/build
[0.795s] creating /workspaces/citros_example_robotic_arm/ros2_ws/build/my_sphere_pkg/build/lib
[0.795s] creating /workspaces/citros_example_robotic_arm/ros2_ws/build/my_sphere_pkg/build/lib/my_sphere_pkg
[0.795s] copying my_sphere_pkg/client_node.py -> /workspaces/citros_example_robotic_arm/ros2_ws/build/my_sphere_pkg/build/lib/my_sphere_pkg
[0.795s] copying my_sphere_pkg/coordinate_node.py -> /workspaces/citros_example_robotic_arm/ros2_ws/build/my_sphere_pkg/build/lib/my_sphere_pkg
[0.796s] copying my_sphere_pkg/__init__.py -> /workspaces/citros_example_robotic_arm/ros2_ws/build/my_sphere_pkg/build/lib/my_sphere_pkg
[0.796s] running install
[0.796s] running install_lib
[0.797s] creating /workspaces/citros_example_robotic_arm/ros2_ws/install/my_sphere_pkg/lib/python3.8/site-packages/my_sphere_pkg
[0.798s] copying /workspaces/citros_example_robotic_arm/ros2_ws/build/my_sphere_pkg/build/lib/my_sphere_pkg/client_node.py -> /workspaces/citros_example_robotic_arm/ros2_ws/install/my_sphere_pkg/lib/python3.8/site-packages/my_sphere_pkg
[0.798s] copying /workspaces/citros_example_robotic_arm/ros2_ws/build/my_sphere_pkg/build/lib/my_sphere_pkg/coordinate_node.py -> /workspaces/citros_example_robotic_arm/ros2_ws/install/my_sphere_pkg/lib/python3.8/site-packages/my_sphere_pkg
[0.798s] copying /workspaces/citros_example_robotic_arm/ros2_ws/build/my_sphere_pkg/build/lib/my_sphere_pkg/__init__.py -> /workspaces/citros_example_robotic_arm/ros2_ws/install/my_sphere_pkg/lib/python3.8/site-packages/my_sphere_pkg
[0.799s] byte-compiling /workspaces/citros_example_robotic_arm/ros2_ws/install/my_sphere_pkg/lib/python3.8/site-packages/my_sphere_pkg/client_node.py to client_node.cpython-38.pyc
[0.802s] byte-compiling /workspaces/citros_example_robotic_arm/ros2_ws/install/my_sphere_pkg/lib/python3.8/site-packages/my_sphere_pkg/coordinate_node.py to coordinate_node.cpython-38.pyc
[0.802s] byte-compiling /workspaces/citros_example_robotic_arm/ros2_ws/install/my_sphere_pkg/lib/python3.8/site-packages/my_sphere_pkg/__init__.py to __init__.cpython-38.pyc
[0.803s] running install_data
[0.803s] creating /workspaces/citros_example_robotic_arm/ros2_ws/install/my_sphere_pkg/share/ament_index
[0.803s] creating /workspaces/citros_example_robotic_arm/ros2_ws/install/my_sphere_pkg/share/ament_index/resource_index
[0.803s] creating /workspaces/citros_example_robotic_arm/ros2_ws/install/my_sphere_pkg/share/ament_index/resource_index/packages
[0.803s] copying resource/my_sphere_pkg -> /workspaces/citros_example_robotic_arm/ros2_ws/install/my_sphere_pkg/share/ament_index/resource_index/packages
[0.803s] copying package.xml -> /workspaces/citros_example_robotic_arm/ros2_ws/install/my_sphere_pkg/share/my_sphere_pkg
[0.803s] creating /workspaces/citros_example_robotic_arm/ros2_ws/install/my_sphere_pkg/share/my_sphere_pkg/launch
[0.803s] copying launch/my_sphere.launch.py -> /workspaces/citros_example_robotic_arm/ros2_ws/install/my_sphere_pkg/share/my_sphere_pkg/launch
[0.803s] creating /workspaces/citros_example_robotic_arm/ros2_ws/install/my_sphere_pkg/share/my_sphere_pkg/worlds
[0.804s] copying worlds/my_empty_world.world -> /workspaces/citros_example_robotic_arm/ros2_ws/install/my_sphere_pkg/share/my_sphere_pkg/worlds
[0.804s] creating /workspaces/citros_example_robotic_arm/ros2_ws/install/my_sphere_pkg/share/my_sphere_pkg/rviz
[0.804s] copying rviz/my_rviz_conf.rviz -> /workspaces/citros_example_robotic_arm/ros2_ws/install/my_sphere_pkg/share/my_sphere_pkg/rviz
[0.804s] creating /workspaces/citros_example_robotic_arm/ros2_ws/install/my_sphere_pkg/share/my_sphere_pkg/models
[0.804s] creating /workspaces/citros_example_robotic_arm/ros2_ws/install/my_sphere_pkg/share/my_sphere_pkg/models/sdf
[0.804s] creating /workspaces/citros_example_robotic_arm/ros2_ws/install/my_sphere_pkg/share/my_sphere_pkg/models/sdf/sphere_goal
[0.804s] copying models/sdf/sphere_goal/model.config -> /workspaces/citros_example_robotic_arm/ros2_ws/install/my_sphere_pkg/share/my_sphere_pkg/models/sdf/sphere_goal
[0.804s] copying models/sdf/sphere_goal/model.sdf -> /workspaces/citros_example_robotic_arm/ros2_ws/install/my_sphere_pkg/share/my_sphere_pkg/models/sdf/sphere_goal
[0.804s] creating /workspaces/citros_example_robotic_arm/ros2_ws/install/my_sphere_pkg/share/my_sphere_pkg/models/urdf
[0.805s] copying models/urdf/sphere.urdf -> /workspaces/citros_example_robotic_arm/ros2_ws/install/my_sphere_pkg/share/my_sphere_pkg/models/urdf
[0.805s] running install_egg_info
[0.805s] Copying ../../../build/my_sphere_pkg/my_sphere_pkg.egg-info to /workspaces/citros_example_robotic_arm/ros2_ws/install/my_sphere_pkg/lib/python3.8/site-packages/my_sphere_pkg-0.0.0-py3.8.egg-info
[0.805s] running install_scripts
[0.812s] Installing my_client_node script to /workspaces/citros_example_robotic_arm/ros2_ws/install/my_sphere_pkg/lib/my_sphere_pkg
[0.812s] Installing reader_mark_node script to /workspaces/citros_example_robotic_arm/ros2_ws/install/my_sphere_pkg/lib/my_sphere_pkg
[0.812s] writing list of installed files to '/workspaces/citros_example_robotic_arm/ros2_ws/build/my_sphere_pkg/install.log'
[0.844s] Invoked command in '/workspaces/citros_example_robotic_arm/ros2_ws/src/robotic_arm_environment/my_sphere_pkg' returned '0': PYTHONPATH=/workspaces/citros_example_robotic_arm/ros2_ws/build/my_sphere_pkg/prefix_override:/workspaces/citros_example_robotic_arm/ros2_ws/install/my_sphere_pkg/lib/python3.8/site-packages:${PYTHONPATH} /usr/bin/python3 setup.py egg_info --egg-base ../../../build/my_sphere_pkg build --build-base /workspaces/citros_example_robotic_arm/ros2_ws/build/my_sphere_pkg/build install --record /workspaces/citros_example_robotic_arm/ros2_ws/build/my_sphere_pkg/install.log --install-scripts $base/lib/my_sphere_pkg --single-version-externally-managed
