[0.396s] Invoking command in '/workspaces/citros_example_robotic_arm/ros2_ws/build/realtime_tools': CMAKE_PREFIX_PATH=/opt/ros/foxy /usr/bin/cmake --build /workspaces/citros_example_robotic_arm/ros2_ws/build/realtime_tools -- -j20 -l20
[0.433s] [ 23%] Built target gmock_main
[0.433s] [ 29%] Built target gmock
[0.433s] [ 41%] Built target realtime_tools
[0.448s] [ 52%] Built target realtime_buffer_tests
[0.450s] [ 64%] Built target realtime_box_tests
[0.457s] [ 88%] Built target realtime_server_goal_handle_tests
[0.458s] [ 88%] Built target realtime_clock_tests
[0.460s] [100%] Built target realtime_publisher_tests
[0.467s] Invoked command in '/workspaces/citros_example_robotic_arm/ros2_ws/build/realtime_tools' returned '0': CMAKE_PREFIX_PATH=/opt/ros/foxy /usr/bin/cmake --build /workspaces/citros_example_robotic_arm/ros2_ws/build/realtime_tools -- -j20 -l20
[0.492s] Invoking command in '/workspaces/citros_example_robotic_arm/ros2_ws/build/realtime_tools': CMAKE_PREFIX_PATH=/opt/ros/foxy /usr/bin/cmake --install /workspaces/citros_example_robotic_arm/ros2_ws/build/realtime_tools
[0.498s] -- Install configuration: ""
[0.498s] -- Up-to-date: /workspaces/citros_example_robotic_arm/ros2_ws/install/realtime_tools/include
[0.498s] -- Up-to-date: /workspaces/citros_example_robotic_arm/ros2_ws/install/realtime_tools/include/realtime_tools
[0.499s] -- Up-to-date: /workspaces/citros_example_robotic_arm/ros2_ws/install/realtime_tools/include/realtime_tools/realtime_clock.h
[0.499s] -- Up-to-date: /workspaces/citros_example_robotic_arm/ros2_ws/install/realtime_tools/include/realtime_tools/realtime_buffer.h
[0.499s] -- Up-to-date: /workspaces/citros_example_robotic_arm/ros2_ws/install/realtime_tools/include/realtime_tools/realtime_server_goal_handle.h
[0.499s] -- Up-to-date: /workspaces/citros_example_robotic_arm/ros2_ws/install/realtime_tools/include/realtime_tools/realtime_box.h
[0.499s] -- Up-to-date: /workspaces/citros_example_robotic_arm/ros2_ws/install/realtime_tools/include/realtime_tools/realtime_publisher.h
[0.499s] -- Up-to-date: /workspaces/citros_example_robotic_arm/ros2_ws/install/realtime_tools/lib/librealtime_tools.a
[0.499s] -- Up-to-date: /workspaces/citros_example_robotic_arm/ros2_ws/install/realtime_tools/share/realtime_tools/environment/library_path.sh
[0.499s] -- Up-to-date: /workspaces/citros_example_robotic_arm/ros2_ws/install/realtime_tools/share/realtime_tools/environment/library_path.dsv
[0.499s] -- Up-to-date: /workspaces/citros_example_robotic_arm/ros2_ws/install/realtime_tools/share/ament_index/resource_index/package_run_dependencies/realtime_tools
[0.499s] -- Up-to-date: /workspaces/citros_example_robotic_arm/ros2_ws/install/realtime_tools/share/ament_index/resource_index/parent_prefix_path/realtime_tools
[0.500s] -- Up-to-date: /workspaces/citros_example_robotic_arm/ros2_ws/install/realtime_tools/share/realtime_tools/environment/ament_prefix_path.sh
[0.502s] -- Up-to-date: /workspaces/citros_example_robotic_arm/ros2_ws/install/realtime_tools/share/realtime_tools/environment/ament_prefix_path.dsv
[0.502s] -- Up-to-date: /workspaces/citros_example_robotic_arm/ros2_ws/install/realtime_tools/share/realtime_tools/environment/path.sh
[0.502s] -- Up-to-date: /workspaces/citros_example_robotic_arm/ros2_ws/install/realtime_tools/share/realtime_tools/environment/path.dsv
[0.502s] -- Up-to-date: /workspaces/citros_example_robotic_arm/ros2_ws/install/realtime_tools/share/realtime_tools/local_setup.bash
[0.502s] -- Up-to-date: /workspaces/citros_example_robotic_arm/ros2_ws/install/realtime_tools/share/realtime_tools/local_setup.sh
[0.502s] -- Up-to-date: /workspaces/citros_example_robotic_arm/ros2_ws/install/realtime_tools/share/realtime_tools/local_setup.zsh
[0.502s] -- Up-to-date: /workspaces/citros_example_robotic_arm/ros2_ws/install/realtime_tools/share/realtime_tools/local_setup.dsv
[0.502s] -- Installing: /workspaces/citros_example_robotic_arm/ros2_ws/install/realtime_tools/share/realtime_tools/package.dsv
[0.502s] -- Up-to-date: /workspaces/citros_example_robotic_arm/ros2_ws/install/realtime_tools/share/ament_index/resource_index/packages/realtime_tools
[0.503s] -- Up-to-date: /workspaces/citros_example_robotic_arm/ros2_ws/install/realtime_tools/share/realtime_tools/cmake/ament_cmake_export_include_directories-extras.cmake
[0.503s] -- Up-to-date: /workspaces/citros_example_robotic_arm/ros2_ws/install/realtime_tools/share/realtime_tools/cmake/ament_cmake_export_libraries-extras.cmake
[0.504s] -- Up-to-date: /workspaces/citros_example_robotic_arm/ros2_ws/install/realtime_tools/share/realtime_tools/cmake/ament_cmake_export_dependencies-extras.cmake
[0.504s] -- Up-to-date: /workspaces/citros_example_robotic_arm/ros2_ws/install/realtime_tools/share/realtime_tools/cmake/realtime_toolsConfig.cmake
[0.504s] -- Up-to-date: /workspaces/citros_example_robotic_arm/ros2_ws/install/realtime_tools/share/realtime_tools/cmake/realtime_toolsConfig-version.cmake
[0.504s] -- Up-to-date: /workspaces/citros_example_robotic_arm/ros2_ws/install/realtime_tools/share/realtime_tools/package.xml
[0.505s] Invoked command in '/workspaces/citros_example_robotic_arm/ros2_ws/build/realtime_tools' returned '0': CMAKE_PREFIX_PATH=/opt/ros/foxy /usr/bin/cmake --install /workspaces/citros_example_robotic_arm/ros2_ws/build/realtime_tools
