[0.013s] Invoking command in '/workspaces/citros_example_robotic_arm/ros2_ws/build/control_msgs': CMAKE_PREFIX_PATH=/opt/ros/foxy /usr/bin/cmake /workspaces/citros_example_robotic_arm/ros2_ws/src/ros-controls/control_msgs/control_msgs -DCMAKE_INSTALL_PREFIX=/workspaces/citros_example_robotic_arm/ros2_ws/install/control_msgs
[0.050s] -- The C compiler identification is GNU 9.4.0
[0.085s] -- The CXX compiler identification is GNU 9.4.0
[0.088s] -- Check for working C compiler: /usr/bin/cc
[0.133s] -- Check for working C compiler: /usr/bin/cc -- works
[0.134s] -- Detecting C compiler ABI info
[0.177s] -- Detecting C compiler ABI info - done
[0.184s] -- Detecting C compile features
[0.184s] -- Detecting C compile features - done
[0.186s] -- Check for working CXX compiler: /usr/bin/c++
[0.239s] -- Check for working CXX compiler: /usr/bin/c++ -- works
[0.239s] -- Detecting CXX compiler ABI info
[0.290s] -- Detecting CXX compiler ABI info - done
[0.298s] -- Detecting CXX compile features
[0.298s] -- Detecting CXX compile features - done
[0.300s] -- Found ament_cmake: 0.9.11 (/opt/ros/foxy/share/ament_cmake/cmake)
[0.317s] -- Found PythonInterp: /usr/bin/python3 (found suitable version "3.8.10", minimum required is "3") 
[0.317s] -- Using PYTHON_EXECUTABLE: /usr/bin/python3
[0.434s] -- Found builtin_interfaces: 1.0.0 (/opt/ros/foxy/share/builtin_interfaces/cmake)
[0.455s] -- Using all available rosidl_typesupport_c: rosidl_typesupport_fastrtps_c;rosidl_typesupport_introspection_c
[0.460s] -- Found rosidl_adapter: 1.3.0 (/opt/ros/foxy/share/rosidl_adapter/cmake)
[0.518s] -- Found OpenSSL: /usr/lib/x86_64-linux-gnu/libcrypto.so (found version "1.1.1f")  
[0.544s] -- Found FastRTPS: /opt/ros/foxy/include  
[0.605s] -- Using all available rosidl_typesupport_cpp: rosidl_typesupport_fastrtps_cpp;rosidl_typesupport_introspection_cpp
[0.624s] -- Found rosidl_default_generators: 1.0.1 (/opt/ros/foxy/share/rosidl_default_generators/cmake)
[0.632s] -- Found action_msgs: 1.0.0 (/opt/ros/foxy/share/action_msgs/cmake)
[0.659s] -- Found geometry_msgs: 2.0.5 (/opt/ros/foxy/share/geometry_msgs/cmake)
[0.699s] -- Found trajectory_msgs: 2.0.5 (/opt/ros/foxy/share/trajectory_msgs/cmake)
[0.748s] -- Found ament_lint_auto: 0.9.7 (/opt/ros/foxy/share/ament_lint_auto/cmake)
[0.813s] -- Found PythonInterp: /usr/bin/python3 (found version "3.8.10") 
[0.963s] -- Found ament_cmake_ros: 0.9.2 (/opt/ros/foxy/share/ament_cmake_ros/cmake)
[1.157s] -- Using all available rosidl_typesupport_c: rosidl_typesupport_fastrtps_c;rosidl_typesupport_introspection_c
[1.237s] -- Using all available rosidl_typesupport_cpp: rosidl_typesupport_fastrtps_cpp;rosidl_typesupport_introspection_cpp
[1.257s] -- Found PythonInterp: /usr/bin/python3 (found suitable version "3.8.10", minimum required is "3.5") 
[1.258s] -- Found python_cmake_module: 0.8.1 (/opt/ros/foxy/share/python_cmake_module/cmake)
[1.276s] -- Found PythonLibs: /usr/lib/x86_64-linux-gnu/libpython3.8.so (found suitable version "3.8.10", minimum required is "3.5") 
[1.276s] -- Using PYTHON_EXECUTABLE: /usr/bin/python3
[1.276s] -- Using PYTHON_INCLUDE_DIRS: /usr/include/python3.8
[1.276s] -- Using PYTHON_LIBRARIES: /usr/lib/x86_64-linux-gnu/libpython3.8.so
[1.291s] -- Found PythonExtra: .so  
[1.353s] -- Added test 'copyright' to check source files copyright and LICENSE
[1.354s] -- Added test 'lint_cmake' to check CMake code style
[1.355s] -- Added test 'xmllint' to check XML markup files
[1.359s] -- Configuring done
[1.427s] -- Generating done
[1.429s] -- Build files have been written to: /workspaces/citros_example_robotic_arm/ros2_ws/build/control_msgs
[1.436s] Invoked command in '/workspaces/citros_example_robotic_arm/ros2_ws/build/control_msgs' returned '0': CMAKE_PREFIX_PATH=/opt/ros/foxy /usr/bin/cmake /workspaces/citros_example_robotic_arm/ros2_ws/src/ros-controls/control_msgs/control_msgs -DCMAKE_INSTALL_PREFIX=/workspaces/citros_example_robotic_arm/ros2_ws/install/control_msgs
[1.439s] Invoking command in '/workspaces/citros_example_robotic_arm/ros2_ws/build/control_msgs': CMAKE_PREFIX_PATH=/opt/ros/foxy /usr/bin/cmake --build /workspaces/citros_example_robotic_arm/ros2_ws/build/control_msgs -- -j20 -l20
[1.471s] [  1%] [34m[1mGenerating C code for ROS interfaces[0m
[1.471s] [35m[1mScanning dependencies of target control_msgs__cpp[0m
[1.478s] [  1%] [34m[1mGenerating C++ code for ROS interfaces[0m
[2.662s] [  1%] Built target control_msgs__cpp
[2.669s] [  3%] [34m[1mGenerating C++ type support for eProsima Fast-RTPS[0m
[2.669s] [  3%] [34m[1mGenerating C++ type support dispatch for ROS interfaces[0m
[2.669s] [  3%] [34m[1mGenerating C++ introspection for ROS interfaces[0m
[2.808s] [35m[1mScanning dependencies of target control_msgs__rosidl_generator_c[0m
[2.836s] [  3%] [32mBuilding C object CMakeFiles/control_msgs__rosidl_generator_c.dir/rosidl_generator_c/control_msgs/msg/detail/dynamic_joint_state__functions.c.o[0m
[2.837s] [  4%] [32mBuilding C object CMakeFiles/control_msgs__rosidl_generator_c.dir/rosidl_generator_c/control_msgs/msg/detail/joint_controller_state__functions.c.o[0m
[2.839s] [  6%] [32mBuilding C object CMakeFiles/control_msgs__rosidl_generator_c.dir/rosidl_generator_c/control_msgs/msg/detail/gripper_command__functions.c.o[0m
[2.839s] [  6%] [32mBuilding C object CMakeFiles/control_msgs__rosidl_generator_c.dir/rosidl_generator_c/control_msgs/msg/detail/interface_value__functions.c.o[0m
[2.839s] [  7%] [32mBuilding C object CMakeFiles/control_msgs__rosidl_generator_c.dir/rosidl_generator_c/control_msgs/msg/detail/joint_trajectory_controller_state__functions.c.o[0m
[2.839s] [  7%] [32mBuilding C object CMakeFiles/control_msgs__rosidl_generator_c.dir/rosidl_generator_c/control_msgs/action/detail/follow_joint_trajectory__functions.c.o[0m
[2.839s] [  7%] [32mBuilding C object CMakeFiles/control_msgs__rosidl_generator_c.dir/rosidl_generator_c/control_msgs/msg/detail/joint_jog__functions.c.o[0m
[2.840s] [  9%] [32mBuilding C object CMakeFiles/control_msgs__rosidl_generator_c.dir/rosidl_generator_c/control_msgs/srv/detail/query_calibration_state__functions.c.o[0m
[2.840s] [  9%] [32mBuilding C object CMakeFiles/control_msgs__rosidl_generator_c.dir/rosidl_generator_c/control_msgs/srv/detail/query_trajectory_state__functions.c.o[0m
[2.840s] [ 10%] [32mBuilding C object CMakeFiles/control_msgs__rosidl_generator_c.dir/rosidl_generator_c/control_msgs/msg/detail/pid_state__functions.c.o[0m
[2.840s] [ 10%] [32mBuilding C object CMakeFiles/control_msgs__rosidl_generator_c.dir/rosidl_generator_c/control_msgs/action/detail/joint_trajectory__functions.c.o[0m
[2.840s] [ 11%] [32mBuilding C object CMakeFiles/control_msgs__rosidl_generator_c.dir/rosidl_generator_c/control_msgs/msg/detail/joint_tolerance__functions.c.o[0m
[2.842s] [ 12%] [32mBuilding C object CMakeFiles/control_msgs__rosidl_generator_c.dir/rosidl_generator_c/control_msgs/action/detail/gripper_command__functions.c.o[0m
[2.842s] [ 12%] [32mBuilding C object CMakeFiles/control_msgs__rosidl_generator_c.dir/rosidl_generator_c/control_msgs/action/detail/single_joint_position__functions.c.o[0m
[2.849s] [ 13%] [32mBuilding C object CMakeFiles/control_msgs__rosidl_generator_c.dir/rosidl_generator_c/control_msgs/action/detail/point_head__functions.c.o[0m
[2.978s] [ 14%] [32m[1mLinking C shared library libcontrol_msgs__rosidl_generator_c.so[0m
[3.009s] [ 14%] Built target control_msgs__rosidl_generator_c
[3.017s] [ 16%] [34m[1mGenerating C introspection for ROS interfaces[0m
[3.017s] [ 16%] [34m[1mGenerating C type support dispatch for ROS interfaces[0m
[3.486s] [35m[1mScanning dependencies of target control_msgs__rosidl_typesupport_cpp[0m
[3.515s] [ 17%] [32mBuilding CXX object CMakeFiles/control_msgs__rosidl_typesupport_cpp.dir/rosidl_typesupport_cpp/control_msgs/msg/dynamic_joint_state__type_support.cpp.o[0m
[3.516s] [ 18%] [32mBuilding CXX object CMakeFiles/control_msgs__rosidl_typesupport_cpp.dir/rosidl_typesupport_cpp/control_msgs/msg/interface_value__type_support.cpp.o[0m
[3.517s] [ 19%] [32mBuilding CXX object CMakeFiles/control_msgs__rosidl_typesupport_cpp.dir/rosidl_typesupport_cpp/control_msgs/msg/joint_tolerance__type_support.cpp.o[0m
[3.517s] [ 20%] [32mBuilding CXX object CMakeFiles/control_msgs__rosidl_typesupport_cpp.dir/rosidl_typesupport_cpp/control_msgs/msg/joint_trajectory_controller_state__type_support.cpp.o[0m
[3.517s] [ 21%] [32mBuilding CXX object CMakeFiles/control_msgs__rosidl_typesupport_cpp.dir/rosidl_typesupport_cpp/control_msgs/msg/joint_controller_state__type_support.cpp.o[0m
[3.518s] [ 21%] [32mBuilding CXX object CMakeFiles/control_msgs__rosidl_typesupport_cpp.dir/rosidl_typesupport_cpp/control_msgs/msg/joint_jog__type_support.cpp.o[0m
[3.518s] [ 21%] [32mBuilding CXX object CMakeFiles/control_msgs__rosidl_typesupport_cpp.dir/rosidl_typesupport_cpp/control_msgs/msg/gripper_command__type_support.cpp.o[0m
[3.518s] [ 22%] [32mBuilding CXX object CMakeFiles/control_msgs__rosidl_typesupport_cpp.dir/rosidl_typesupport_cpp/control_msgs/msg/pid_state__type_support.cpp.o[0m
[3.522s] [ 22%] [32mBuilding CXX object CMakeFiles/control_msgs__rosidl_typesupport_cpp.dir/rosidl_typesupport_cpp/control_msgs/srv/query_calibration_state__type_support.cpp.o[0m
[3.523s] [ 22%] [32mBuilding CXX object CMakeFiles/control_msgs__rosidl_typesupport_cpp.dir/rosidl_typesupport_cpp/control_msgs/action/gripper_command__type_support.cpp.o[0m
[3.526s] [ 23%] [32mBuilding CXX object CMakeFiles/control_msgs__rosidl_typesupport_cpp.dir/rosidl_typesupport_cpp/control_msgs/srv/query_trajectory_state__type_support.cpp.o[0m
[3.526s] [ 25%] [32mBuilding CXX object CMakeFiles/control_msgs__rosidl_typesupport_cpp.dir/rosidl_typesupport_cpp/control_msgs/action/follow_joint_trajectory__type_support.cpp.o[0m
[3.526s] [ 25%] [32mBuilding CXX object CMakeFiles/control_msgs__rosidl_typesupport_cpp.dir/rosidl_typesupport_cpp/control_msgs/action/point_head__type_support.cpp.o[0m
[3.526s] [ 26%] [32mBuilding CXX object CMakeFiles/control_msgs__rosidl_typesupport_cpp.dir/rosidl_typesupport_cpp/control_msgs/action/joint_trajectory__type_support.cpp.o[0m
[3.531s] [ 26%] [32mBuilding CXX object CMakeFiles/control_msgs__rosidl_typesupport_cpp.dir/rosidl_typesupport_cpp/control_msgs/action/single_joint_position__type_support.cpp.o[0m
[3.893s] [35m[1mScanning dependencies of target control_msgs__rosidl_typesupport_introspection_cpp[0m
[3.914s] [ 27%] [32mBuilding CXX object CMakeFiles/control_msgs__rosidl_typesupport_introspection_cpp.dir/rosidl_typesupport_introspection_cpp/control_msgs/msg/detail/dynamic_joint_state__type_support.cpp.o[0m
[3.915s] [ 28%] [32mBuilding CXX object CMakeFiles/control_msgs__rosidl_typesupport_introspection_cpp.dir/rosidl_typesupport_introspection_cpp/control_msgs/msg/detail/gripper_command__type_support.cpp.o[0m
[3.925s] [ 28%] [32mBuilding CXX object CMakeFiles/control_msgs__rosidl_typesupport_introspection_cpp.dir/rosidl_typesupport_introspection_cpp/control_msgs/msg/detail/joint_trajectory_controller_state__type_support.cpp.o[0m
[3.925s] [ 29%] [32mBuilding CXX object CMakeFiles/control_msgs__rosidl_typesupport_introspection_cpp.dir/rosidl_typesupport_introspection_cpp/control_msgs/msg/detail/joint_controller_state__type_support.cpp.o[0m
[3.932s] [ 29%] [32mBuilding CXX object CMakeFiles/control_msgs__rosidl_typesupport_introspection_cpp.dir/rosidl_typesupport_introspection_cpp/control_msgs/msg/detail/interface_value__type_support.cpp.o[0m
[3.947s] [ 31%] [32mBuilding CXX object CMakeFiles/control_msgs__rosidl_typesupport_introspection_cpp.dir/rosidl_typesupport_introspection_cpp/control_msgs/msg/detail/joint_tolerance__type_support.cpp.o[0m
[3.952s] [ 31%] [32mBuilding CXX object CMakeFiles/control_msgs__rosidl_typesupport_introspection_cpp.dir/rosidl_typesupport_introspection_cpp/control_msgs/msg/detail/joint_jog__type_support.cpp.o[0m
[3.952s] [ 31%] [32mBuilding CXX object CMakeFiles/control_msgs__rosidl_typesupport_introspection_cpp.dir/rosidl_typesupport_introspection_cpp/control_msgs/srv/detail/query_trajectory_state__type_support.cpp.o[0m
[3.954s] [ 33%] [32mBuilding CXX object CMakeFiles/control_msgs__rosidl_typesupport_introspection_cpp.dir/rosidl_typesupport_introspection_cpp/control_msgs/action/detail/follow_joint_trajectory__type_support.cpp.o[0m
[3.959s] [ 34%] [32mBuilding CXX object CMakeFiles/control_msgs__rosidl_typesupport_introspection_cpp.dir/rosidl_typesupport_introspection_cpp/control_msgs/msg/detail/pid_state__type_support.cpp.o[0m
[3.960s] [ 34%] [32mBuilding CXX object CMakeFiles/control_msgs__rosidl_typesupport_introspection_cpp.dir/rosidl_typesupport_introspection_cpp/control_msgs/srv/detail/query_calibration_state__type_support.cpp.o[0m
[3.962s] [ 35%] [32mBuilding CXX object CMakeFiles/control_msgs__rosidl_typesupport_introspection_cpp.dir/rosidl_typesupport_introspection_cpp/control_msgs/action/detail/gripper_command__type_support.cpp.o[0m
[4.031s] [ 35%] [32mBuilding CXX object CMakeFiles/control_msgs__rosidl_typesupport_introspection_cpp.dir/rosidl_typesupport_introspection_cpp/control_msgs/action/detail/joint_trajectory__type_support.cpp.o[0m
[4.038s] [ 36%] [32m[1mLinking CXX shared library libcontrol_msgs__rosidl_typesupport_cpp.so[0m
[4.044s] [ 38%] [32mBuilding CXX object CMakeFiles/control_msgs__rosidl_typesupport_introspection_cpp.dir/rosidl_typesupport_introspection_cpp/control_msgs/action/detail/single_joint_position__type_support.cpp.o[0m
[4.044s] [ 38%] [32mBuilding CXX object CMakeFiles/control_msgs__rosidl_typesupport_introspection_cpp.dir/rosidl_typesupport_introspection_cpp/control_msgs/action/detail/point_head__type_support.cpp.o[0m
[4.161s] [ 38%] Built target control_msgs__rosidl_typesupport_cpp
[4.364s] [35m[1mScanning dependencies of target control_msgs__rosidl_typesupport_c[0m
[4.401s] [ 39%] [32mBuilding CXX object CMakeFiles/control_msgs__rosidl_typesupport_c.dir/rosidl_typesupport_c/control_msgs/msg/dynamic_joint_state__type_support.cpp.o[0m
[4.402s] [ 39%] [32mBuilding CXX object CMakeFiles/control_msgs__rosidl_typesupport_c.dir/rosidl_typesupport_c/control_msgs/msg/gripper_command__type_support.cpp.o[0m
[4.408s] [ 40%] [32mBuilding CXX object CMakeFiles/control_msgs__rosidl_typesupport_c.dir/rosidl_typesupport_c/control_msgs/msg/interface_value__type_support.cpp.o[0m
[4.409s] [ 41%] [32mBuilding CXX object CMakeFiles/control_msgs__rosidl_typesupport_c.dir/rosidl_typesupport_c/control_msgs/msg/joint_tolerance__type_support.cpp.o[0m
[4.430s] [ 41%] [32mBuilding CXX object CMakeFiles/control_msgs__rosidl_typesupport_c.dir/rosidl_typesupport_c/control_msgs/msg/joint_controller_state__type_support.cpp.o[0m
[4.434s] [ 42%] [32mBuilding CXX object CMakeFiles/control_msgs__rosidl_typesupport_c.dir/rosidl_typesupport_c/control_msgs/msg/joint_trajectory_controller_state__type_support.cpp.o[0m
[4.434s] [ 43%] [32mBuilding CXX object CMakeFiles/control_msgs__rosidl_typesupport_c.dir/rosidl_typesupport_c/control_msgs/msg/joint_jog__type_support.cpp.o[0m
[4.439s] [ 44%] [32mBuilding CXX object CMakeFiles/control_msgs__rosidl_typesupport_c.dir/rosidl_typesupport_c/control_msgs/srv/query_calibration_state__type_support.cpp.o[0m
[4.445s] [ 44%] [32mBuilding CXX object CMakeFiles/control_msgs__rosidl_typesupport_c.dir/rosidl_typesupport_c/control_msgs/msg/pid_state__type_support.cpp.o[0m
[4.463s] [ 45%] [32mBuilding CXX object CMakeFiles/control_msgs__rosidl_typesupport_c.dir/rosidl_typesupport_c/control_msgs/action/follow_joint_trajectory__type_support.cpp.o[0m
[4.463s] [ 45%] [32mBuilding CXX object CMakeFiles/control_msgs__rosidl_typesupport_c.dir/rosidl_typesupport_c/control_msgs/srv/query_trajectory_state__type_support.cpp.o[0m
[4.464s] [35m[1mScanning dependencies of target control_msgs__rosidl_typesupport_fastrtps_cpp[0m
[4.468s] [ 46%] [32mBuilding CXX object CMakeFiles/control_msgs__rosidl_typesupport_c.dir/rosidl_typesupport_c/control_msgs/action/joint_trajectory__type_support.cpp.o[0m
[4.472s] [ 47%] [32mBuilding CXX object CMakeFiles/control_msgs__rosidl_typesupport_c.dir/rosidl_typesupport_c/control_msgs/action/gripper_command__type_support.cpp.o[0m
[4.478s] [ 47%] [32mBuilding CXX object CMakeFiles/control_msgs__rosidl_typesupport_c.dir/rosidl_typesupport_c/control_msgs/action/point_head__type_support.cpp.o[0m
[4.480s] [ 48%] [32mBuilding CXX object CMakeFiles/control_msgs__rosidl_typesupport_c.dir/rosidl_typesupport_c/control_msgs/action/single_joint_position__type_support.cpp.o[0m
[4.502s] [ 51%] [32mBuilding CXX object CMakeFiles/control_msgs__rosidl_typesupport_fastrtps_cpp.dir/rosidl_typesupport_fastrtps_cpp/control_msgs/msg/detail/dds_fastrtps/joint_controller_state__type_support.cpp.o[0m
[4.502s] [ 51%] [32mBuilding CXX object CMakeFiles/control_msgs__rosidl_typesupport_fastrtps_cpp.dir/rosidl_typesupport_fastrtps_cpp/control_msgs/msg/detail/dds_fastrtps/gripper_command__type_support.cpp.o[0m
[4.502s] [ 51%] [32mBuilding CXX object CMakeFiles/control_msgs__rosidl_typesupport_fastrtps_cpp.dir/rosidl_typesupport_fastrtps_cpp/control_msgs/msg/detail/dds_fastrtps/interface_value__type_support.cpp.o[0m
[4.502s] [ 51%] [32mBuilding CXX object CMakeFiles/control_msgs__rosidl_typesupport_fastrtps_cpp.dir/rosidl_typesupport_fastrtps_cpp/control_msgs/msg/detail/dds_fastrtps/dynamic_joint_state__type_support.cpp.o[0m
[4.510s] [ 52%] [32mBuilding CXX object CMakeFiles/control_msgs__rosidl_typesupport_fastrtps_cpp.dir/rosidl_typesupport_fastrtps_cpp/control_msgs/msg/detail/dds_fastrtps/joint_jog__type_support.cpp.o[0m
[4.520s] [ 53%] [32mBuilding CXX object CMakeFiles/control_msgs__rosidl_typesupport_fastrtps_cpp.dir/rosidl_typesupport_fastrtps_cpp/control_msgs/msg/detail/dds_fastrtps/joint_trajectory_controller_state__type_support.cpp.o[0m
[4.521s] [ 54%] [32mBuilding CXX object CMakeFiles/control_msgs__rosidl_typesupport_fastrtps_cpp.dir/rosidl_typesupport_fastrtps_cpp/control_msgs/msg/detail/dds_fastrtps/pid_state__type_support.cpp.o[0m
[4.531s] [ 54%] [32mBuilding CXX object CMakeFiles/control_msgs__rosidl_typesupport_fastrtps_cpp.dir/rosidl_typesupport_fastrtps_cpp/control_msgs/msg/detail/dds_fastrtps/joint_tolerance__type_support.cpp.o[0m
[4.534s] [ 55%] [32mBuilding CXX object CMakeFiles/control_msgs__rosidl_typesupport_fastrtps_cpp.dir/rosidl_typesupport_fastrtps_cpp/control_msgs/action/detail/dds_fastrtps/follow_joint_trajectory__type_support.cpp.o[0m
[4.538s] [ 55%] [32mBuilding CXX object CMakeFiles/control_msgs__rosidl_typesupport_fastrtps_cpp.dir/rosidl_typesupport_fastrtps_cpp/control_msgs/srv/detail/dds_fastrtps/query_calibration_state__type_support.cpp.o[0m
[4.544s] [ 56%] [32mBuilding CXX object CMakeFiles/control_msgs__rosidl_typesupport_fastrtps_cpp.dir/rosidl_typesupport_fastrtps_cpp/control_msgs/action/detail/dds_fastrtps/gripper_command__type_support.cpp.o[0m
[4.546s] [ 57%] [32m[1mLinking CXX shared library libcontrol_msgs__rosidl_typesupport_c.so[0m
[4.550s] [ 58%] [32mBuilding CXX object CMakeFiles/control_msgs__rosidl_typesupport_fastrtps_cpp.dir/rosidl_typesupport_fastrtps_cpp/control_msgs/srv/detail/dds_fastrtps/query_trajectory_state__type_support.cpp.o[0m
[4.561s] [ 58%] [32mBuilding CXX object CMakeFiles/control_msgs__rosidl_typesupport_fastrtps_cpp.dir/rosidl_typesupport_fastrtps_cpp/control_msgs/action/detail/dds_fastrtps/joint_trajectory__type_support.cpp.o[0m
[4.594s] [ 59%] [32mBuilding CXX object CMakeFiles/control_msgs__rosidl_typesupport_fastrtps_cpp.dir/rosidl_typesupport_fastrtps_cpp/control_msgs/action/detail/dds_fastrtps/single_joint_position__type_support.cpp.o[0m
[4.594s] [ 60%] [32mBuilding CXX object CMakeFiles/control_msgs__rosidl_typesupport_fastrtps_cpp.dir/rosidl_typesupport_fastrtps_cpp/control_msgs/action/detail/dds_fastrtps/point_head__type_support.cpp.o[0m
[4.611s] [ 60%] Built target control_msgs__rosidl_typesupport_c
[4.631s] [ 61%] [32m[1mLinking CXX shared library libcontrol_msgs__rosidl_typesupport_introspection_cpp.so[0m
[4.809s] [35m[1mScanning dependencies of target control_msgs__rosidl_typesupport_introspection_c[0m
[4.842s] [ 61%] Built target control_msgs__rosidl_typesupport_introspection_cpp
[4.857s] [ 62%] [32mBuilding C object CMakeFiles/control_msgs__rosidl_typesupport_introspection_c.dir/rosidl_typesupport_introspection_c/control_msgs/msg/detail/dynamic_joint_state__type_support.c.o[0m
[4.866s] [ 63%] [32mBuilding C object CMakeFiles/control_msgs__rosidl_typesupport_introspection_c.dir/rosidl_typesupport_introspection_c/control_msgs/msg/detail/interface_value__type_support.c.o[0m
[4.870s] [ 64%] [32mBuilding C object CMakeFiles/control_msgs__rosidl_typesupport_introspection_c.dir/rosidl_typesupport_introspection_c/control_msgs/msg/detail/joint_controller_state__type_support.c.o[0m
[4.878s] [ 64%] [32mBuilding C object CMakeFiles/control_msgs__rosidl_typesupport_introspection_c.dir/rosidl_typesupport_introspection_c/control_msgs/msg/detail/gripper_command__type_support.c.o[0m
[4.889s] [ 65%] [32mBuilding C object CMakeFiles/control_msgs__rosidl_typesupport_introspection_c.dir/rosidl_typesupport_introspection_c/control_msgs/msg/detail/joint_jog__type_support.c.o[0m
[4.944s] [ 65%] [32mBuilding C object CMakeFiles/control_msgs__rosidl_typesupport_introspection_c.dir/rosidl_typesupport_introspection_c/control_msgs/msg/detail/joint_tolerance__type_support.c.o[0m
[4.966s] [ 66%] [32mBuilding C object CMakeFiles/control_msgs__rosidl_typesupport_introspection_c.dir/rosidl_typesupport_introspection_c/control_msgs/msg/detail/joint_trajectory_controller_state__type_support.c.o[0m
[4.978s] [ 66%] [32mBuilding C object CMakeFiles/control_msgs__rosidl_typesupport_introspection_c.dir/rosidl_typesupport_introspection_c/control_msgs/srv/detail/query_calibration_state__type_support.c.o[0m
[4.980s] [ 67%] [32mBuilding C object CMakeFiles/control_msgs__rosidl_typesupport_introspection_c.dir/rosidl_typesupport_introspection_c/control_msgs/msg/detail/pid_state__type_support.c.o[0m
[4.980s] [ 68%] [32mBuilding C object CMakeFiles/control_msgs__rosidl_typesupport_introspection_c.dir/rosidl_typesupport_introspection_c/control_msgs/srv/detail/query_trajectory_state__type_support.c.o[0m
[5.002s] [ 69%] [32mBuilding C object CMakeFiles/control_msgs__rosidl_typesupport_introspection_c.dir/rosidl_typesupport_introspection_c/control_msgs/action/detail/follow_joint_trajectory__type_support.c.o[0m
[5.021s] [ 70%] [32mBuilding C object CMakeFiles/control_msgs__rosidl_typesupport_introspection_c.dir/rosidl_typesupport_introspection_c/control_msgs/action/detail/joint_trajectory__type_support.c.o[0m
[5.032s] [ 71%] [32mBuilding C object CMakeFiles/control_msgs__rosidl_typesupport_introspection_c.dir/rosidl_typesupport_introspection_c/control_msgs/action/detail/single_joint_position__type_support.c.o[0m
[5.035s] [ 71%] [32mBuilding C object CMakeFiles/control_msgs__rosidl_typesupport_introspection_c.dir/rosidl_typesupport_introspection_c/control_msgs/action/detail/gripper_command__type_support.c.o[0m
[5.036s] [ 72%] [32mBuilding C object CMakeFiles/control_msgs__rosidl_typesupport_introspection_c.dir/rosidl_typesupport_introspection_c/control_msgs/action/detail/point_head__type_support.c.o[0m
[5.087s] [ 72%] [32m[1mLinking C shared library libcontrol_msgs__rosidl_typesupport_introspection_c.so[0m
[5.114s] [ 72%] Built target control_msgs__rosidl_typesupport_introspection_c
[5.231s] [ 72%] [32m[1mLinking CXX shared library libcontrol_msgs__rosidl_typesupport_fastrtps_cpp.so[0m
[5.302s] [ 72%] Built target control_msgs__rosidl_typesupport_fastrtps_cpp
[5.311s] [ 73%] [34m[1mGenerating C type support for eProsima Fast-RTPS[0m
[6.425s] [35m[1mScanning dependencies of target control_msgs__rosidl_typesupport_fastrtps_c[0m
[6.456s] [ 73%] [32mBuilding CXX object CMakeFiles/control_msgs__rosidl_typesupport_fastrtps_c.dir/rosidl_typesupport_fastrtps_c/control_msgs/msg/detail/gripper_command__type_support_c.cpp.o[0m
[6.456s] [ 75%] [32mBuilding CXX object CMakeFiles/control_msgs__rosidl_typesupport_fastrtps_c.dir/rosidl_typesupport_fastrtps_c/control_msgs/msg/detail/joint_controller_state__type_support_c.cpp.o[0m
[6.456s] [ 75%] [32mBuilding CXX object CMakeFiles/control_msgs__rosidl_typesupport_fastrtps_c.dir/rosidl_typesupport_fastrtps_c/control_msgs/msg/detail/interface_value__type_support_c.cpp.o[0m
[6.457s] [ 76%] [32mBuilding CXX object CMakeFiles/control_msgs__rosidl_typesupport_fastrtps_c.dir/rosidl_typesupport_fastrtps_c/control_msgs/msg/detail/dynamic_joint_state__type_support_c.cpp.o[0m
[6.459s] [ 76%] [32mBuilding CXX object CMakeFiles/control_msgs__rosidl_typesupport_fastrtps_c.dir/rosidl_typesupport_fastrtps_c/control_msgs/msg/detail/pid_state__type_support_c.cpp.o[0m
[6.460s] [ 77%] [32mBuilding CXX object CMakeFiles/control_msgs__rosidl_typesupport_fastrtps_c.dir/rosidl_typesupport_fastrtps_c/control_msgs/msg/detail/joint_jog__type_support_c.cpp.o[0m
[6.460s] [ 77%] [32mBuilding CXX object CMakeFiles/control_msgs__rosidl_typesupport_fastrtps_c.dir/rosidl_typesupport_fastrtps_c/control_msgs/msg/detail/joint_tolerance__type_support_c.cpp.o[0m
[6.460s] [ 78%] [32mBuilding CXX object CMakeFiles/control_msgs__rosidl_typesupport_fastrtps_c.dir/rosidl_typesupport_fastrtps_c/control_msgs/msg/detail/joint_trajectory_controller_state__type_support_c.cpp.o[0m
[6.461s] [ 79%] [32mBuilding CXX object CMakeFiles/control_msgs__rosidl_typesupport_fastrtps_c.dir/rosidl_typesupport_fastrtps_c/control_msgs/action/detail/point_head__type_support_c.cpp.o[0m
[6.461s] [ 80%] [32mBuilding CXX object CMakeFiles/control_msgs__rosidl_typesupport_fastrtps_c.dir/rosidl_typesupport_fastrtps_c/control_msgs/action/detail/follow_joint_trajectory__type_support_c.cpp.o[0m
[6.461s] [ 81%] [32mBuilding CXX object CMakeFiles/control_msgs__rosidl_typesupport_fastrtps_c.dir/rosidl_typesupport_fastrtps_c/control_msgs/srv/detail/query_calibration_state__type_support_c.cpp.o[0m
[6.462s] [ 82%] [32mBuilding CXX object CMakeFiles/control_msgs__rosidl_typesupport_fastrtps_c.dir/rosidl_typesupport_fastrtps_c/control_msgs/srv/detail/query_trajectory_state__type_support_c.cpp.o[0m
[6.462s] [ 82%] [32mBuilding CXX object CMakeFiles/control_msgs__rosidl_typesupport_fastrtps_c.dir/rosidl_typesupport_fastrtps_c/control_msgs/action/detail/single_joint_position__type_support_c.cpp.o[0m
[6.462s] [ 83%] [32mBuilding CXX object CMakeFiles/control_msgs__rosidl_typesupport_fastrtps_c.dir/rosidl_typesupport_fastrtps_c/control_msgs/action/detail/joint_trajectory__type_support_c.cpp.o[0m
[6.462s] [ 83%] [32mBuilding CXX object CMakeFiles/control_msgs__rosidl_typesupport_fastrtps_c.dir/rosidl_typesupport_fastrtps_c/control_msgs/action/detail/gripper_command__type_support_c.cpp.o[0m
[6.920s] [ 84%] [32m[1mLinking CXX shared library libcontrol_msgs__rosidl_typesupport_fastrtps_c.so[0m
[6.985s] [ 84%] Built target control_msgs__rosidl_typesupport_fastrtps_c
[6.992s] [35m[1mScanning dependencies of target control_msgs[0m
[6.999s] [ 84%] Built target control_msgs
[7.007s] [35m[1mScanning dependencies of target control_msgs__py[0m
[7.015s] [ 85%] [34m[1mGenerating Python code for ROS interfaces[0m
[9.695s] [ 85%] Built target control_msgs__py
[9.701s] [35m[1mScanning dependencies of target control_msgs__python[0m
[9.733s] [ 85%] [32mBuilding C object CMakeFiles/control_msgs__python.dir/rosidl_generator_py/control_msgs/msg/_gripper_command_s.c.o[0m
[9.733s] [ 86%] [32mBuilding C object CMakeFiles/control_msgs__python.dir/rosidl_generator_py/control_msgs/msg/_dynamic_joint_state_s.c.o[0m
[9.734s] [ 86%] [32mBuilding C object CMakeFiles/control_msgs__python.dir/rosidl_generator_py/control_msgs/msg/_joint_jog_s.c.o[0m
[9.734s] [ 87%] [32mBuilding C object CMakeFiles/control_msgs__python.dir/rosidl_generator_py/control_msgs/msg/_interface_value_s.c.o[0m
[9.734s] [ 88%] [32mBuilding C object CMakeFiles/control_msgs__python.dir/rosidl_generator_py/control_msgs/msg/_joint_controller_state_s.c.o[0m
[9.736s] [ 88%] [32mBuilding C object CMakeFiles/control_msgs__python.dir/rosidl_generator_py/control_msgs/msg/_pid_state_s.c.o[0m
[9.738s] [ 89%] [32mBuilding C object CMakeFiles/control_msgs__python.dir/rosidl_generator_py/control_msgs/action/_joint_trajectory_s.c.o[0m
[9.738s] [ 90%] [32mBuilding C object CMakeFiles/control_msgs__python.dir/rosidl_generator_py/control_msgs/action/_follow_joint_trajectory_s.c.o[0m
[9.739s] [ 91%] [32mBuilding C object CMakeFiles/control_msgs__python.dir/rosidl_generator_py/control_msgs/msg/_joint_tolerance_s.c.o[0m
[9.740s] [ 93%] [32mBuilding C object CMakeFiles/control_msgs__python.dir/rosidl_generator_py/control_msgs/srv/_query_calibration_state_s.c.o[0m
[9.740s] [ 94%] [32mBuilding C object CMakeFiles/control_msgs__python.dir/rosidl_generator_py/control_msgs/msg/_joint_trajectory_controller_state_s.c.o[0m
[9.740s] [ 94%] [32mBuilding C object CMakeFiles/control_msgs__python.dir/rosidl_generator_py/control_msgs/srv/_query_trajectory_state_s.c.o[0m
[9.741s] [ 95%] [32mBuilding C object CMakeFiles/control_msgs__python.dir/rosidl_generator_py/control_msgs/action/_point_head_s.c.o[0m
[9.741s] [ 95%] [32mBuilding C object CMakeFiles/control_msgs__python.dir/rosidl_generator_py/control_msgs/action/_gripper_command_s.c.o[0m
[9.742s] [ 95%] [32mBuilding C object CMakeFiles/control_msgs__python.dir/rosidl_generator_py/control_msgs/action/_single_joint_position_s.c.o[0m
[9.870s] [ 96%] [32m[1mLinking C shared library rosidl_generator_py/control_msgs/libcontrol_msgs__python.so[0m
[9.911s] [ 96%] Built target control_msgs__python
[9.922s] [35m[1mScanning dependencies of target control_msgs__rosidl_typesupport_c__pyext[0m
[9.922s] [35m[1mScanning dependencies of target control_msgs__rosidl_typesupport_introspection_c__pyext[0m
[9.922s] [35m[1mScanning dependencies of target control_msgs__rosidl_typesupport_fastrtps_c__pyext[0m
[9.937s] [ 98%] [32mBuilding C object CMakeFiles/control_msgs__rosidl_typesupport_c__pyext.dir/rosidl_generator_py/control_msgs/_control_msgs_s.ep.rosidl_typesupport_c.c.o[0m
[9.937s] [ 98%] [32mBuilding C object CMakeFiles/control_msgs__rosidl_typesupport_introspection_c__pyext.dir/rosidl_generator_py/control_msgs/_control_msgs_s.ep.rosidl_typesupport_introspection_c.c.o[0m
[9.939s] [ 99%] [32mBuilding C object CMakeFiles/control_msgs__rosidl_typesupport_fastrtps_c__pyext.dir/rosidl_generator_py/control_msgs/_control_msgs_s.ep.rosidl_typesupport_fastrtps_c.c.o[0m
[10.090s] [100%] [32m[1mLinking C shared library rosidl_generator_py/control_msgs/control_msgs_s__rosidl_typesupport_introspection_c.cpython-38-x86_64-linux-gnu.so[0m
[10.090s] [100%] [32m[1mLinking C shared library rosidl_generator_py/control_msgs/control_msgs_s__rosidl_typesupport_c.cpython-38-x86_64-linux-gnu.so[0m
[10.090s] [100%] [32m[1mLinking CXX shared library rosidl_generator_py/control_msgs/control_msgs_s__rosidl_typesupport_fastrtps_c.cpython-38-x86_64-linux-gnu.so[0m
[10.120s] [100%] Built target control_msgs__rosidl_typesupport_introspection_c__pyext
[10.121s] [100%] Built target control_msgs__rosidl_typesupport_c__pyext
[10.143s] [100%] Built target control_msgs__rosidl_typesupport_fastrtps_c__pyext
[10.151s] Invoked command in '/workspaces/citros_example_robotic_arm/ros2_ws/build/control_msgs' returned '0': CMAKE_PREFIX_PATH=/opt/ros/foxy /usr/bin/cmake --build /workspaces/citros_example_robotic_arm/ros2_ws/build/control_msgs -- -j20 -l20
[10.471s] Invoking command in '/workspaces/citros_example_robotic_arm/ros2_ws/build/control_msgs': CMAKE_PREFIX_PATH=/opt/ros/foxy /usr/bin/cmake --install /workspaces/citros_example_robotic_arm/ros2_ws/build/control_msgs
[10.483s] -- Install configuration: ""
[10.483s] -- Installing: /workspaces/citros_example_robotic_arm/ros2_ws/install/control_msgs/share/ament_index/resource_index/rosidl_interfaces/control_msgs
[10.483s] -- Installing: /workspaces/citros_example_robotic_arm/ros2_ws/install/control_msgs/include/control_msgs
[10.483s] -- Installing: /workspaces/citros_example_robotic_arm/ros2_ws/install/control_msgs/include/control_msgs/srv
[10.483s] -- Installing: /workspaces/citros_example_robotic_arm/ros2_ws/install/control_msgs/include/control_msgs/srv/query_trajectory_state.h
[10.483s] -- Installing: /workspaces/citros_example_robotic_arm/ros2_ws/install/control_msgs/include/control_msgs/srv/detail
[10.484s] -- Installing: /workspaces/citros_example_robotic_arm/ros2_ws/install/control_msgs/include/control_msgs/srv/detail/query_calibration_state__functions.h
[10.484s] -- Installing: /workspaces/citros_example_robotic_arm/ros2_ws/install/control_msgs/include/control_msgs/srv/detail/query_trajectory_state__functions.c
[10.484s] -- Installing: /workspaces/citros_example_robotic_arm/ros2_ws/install/control_msgs/include/control_msgs/srv/detail/query_trajectory_state__type_support.h
[10.484s] -- Installing: /workspaces/citros_example_robotic_arm/ros2_ws/install/control_msgs/include/control_msgs/srv/detail/query_trajectory_state__functions.h
[10.484s] -- Installing: /workspaces/citros_example_robotic_arm/ros2_ws/install/control_msgs/include/control_msgs/srv/detail/query_trajectory_state__struct.h
[10.484s] -- Installing: /workspaces/citros_example_robotic_arm/ros2_ws/install/control_msgs/include/control_msgs/srv/detail/query_calibration_state__functions.c
[10.484s] -- Installing: /workspaces/citros_example_robotic_arm/ros2_ws/install/control_msgs/include/control_msgs/srv/detail/query_calibration_state__type_support.h
[10.484s] -- Installing: /workspaces/citros_example_robotic_arm/ros2_ws/install/control_msgs/include/control_msgs/srv/detail/query_calibration_state__struct.h
[10.484s] -- Installing: /workspaces/citros_example_robotic_arm/ros2_ws/install/control_msgs/include/control_msgs/srv/query_calibration_state.h
[10.484s] -- Installing: /workspaces/citros_example_robotic_arm/ros2_ws/install/control_msgs/include/control_msgs/msg
[10.484s] -- Installing: /workspaces/citros_example_robotic_arm/ros2_ws/install/control_msgs/include/control_msgs/msg/joint_trajectory_controller_state.h
[10.484s] -- Installing: /workspaces/citros_example_robotic_arm/ros2_ws/install/control_msgs/include/control_msgs/msg/gripper_command.h
[10.484s] -- Installing: /workspaces/citros_example_robotic_arm/ros2_ws/install/control_msgs/include/control_msgs/msg/pid_state.h
[10.484s] -- Installing: /workspaces/citros_example_robotic_arm/ros2_ws/install/control_msgs/include/control_msgs/msg/detail
[10.484s] -- Installing: /workspaces/citros_example_robotic_arm/ros2_ws/install/control_msgs/include/control_msgs/msg/detail/pid_state__functions.c
[10.484s] -- Installing: /workspaces/citros_example_robotic_arm/ros2_ws/install/control_msgs/include/control_msgs/msg/detail/gripper_command__functions.c
[10.484s] -- Installing: /workspaces/citros_example_robotic_arm/ros2_ws/install/control_msgs/include/control_msgs/msg/detail/joint_trajectory_controller_state__struct.h
[10.484s] -- Installing: /workspaces/citros_example_robotic_arm/ros2_ws/install/control_msgs/include/control_msgs/msg/detail/joint_controller_state__functions.h
[10.485s] -- Installing: /workspaces/citros_example_robotic_arm/ros2_ws/install/control_msgs/include/control_msgs/msg/detail/interface_value__functions.c
[10.485s] -- Installing: /workspaces/citros_example_robotic_arm/ros2_ws/install/control_msgs/include/control_msgs/msg/detail/joint_jog__functions.c
[10.485s] -- Installing: /workspaces/citros_example_robotic_arm/ros2_ws/install/control_msgs/include/control_msgs/msg/detail/joint_jog__struct.h
[10.485s] -- Installing: /workspaces/citros_example_robotic_arm/ros2_ws/install/control_msgs/include/control_msgs/msg/detail/gripper_command__type_support.h
[10.485s] -- Installing: /workspaces/citros_example_robotic_arm/ros2_ws/install/control_msgs/include/control_msgs/msg/detail/interface_value__functions.h
[10.485s] -- Installing: /workspaces/citros_example_robotic_arm/ros2_ws/install/control_msgs/include/control_msgs/msg/detail/joint_tolerance__functions.c
[10.485s] -- Installing: /workspaces/citros_example_robotic_arm/ros2_ws/install/control_msgs/include/control_msgs/msg/detail/joint_tolerance__type_support.h
[10.485s] -- Installing: /workspaces/citros_example_robotic_arm/ros2_ws/install/control_msgs/include/control_msgs/msg/detail/joint_controller_state__type_support.h
[10.485s] -- Installing: /workspaces/citros_example_robotic_arm/ros2_ws/install/control_msgs/include/control_msgs/msg/detail/joint_trajectory_controller_state__type_support.h
[10.485s] -- Installing: /workspaces/citros_example_robotic_arm/ros2_ws/install/control_msgs/include/control_msgs/msg/detail/gripper_command__struct.h
[10.485s] -- Installing: /workspaces/citros_example_robotic_arm/ros2_ws/install/control_msgs/include/control_msgs/msg/detail/dynamic_joint_state__functions.c
[10.485s] -- Installing: /workspaces/citros_example_robotic_arm/ros2_ws/install/control_msgs/include/control_msgs/msg/detail/joint_trajectory_controller_state__functions.h
[10.485s] -- Installing: /workspaces/citros_example_robotic_arm/ros2_ws/install/control_msgs/include/control_msgs/msg/detail/joint_tolerance__functions.h
[10.485s] -- Installing: /workspaces/citros_example_robotic_arm/ros2_ws/install/control_msgs/include/control_msgs/msg/detail/interface_value__type_support.h
[10.485s] -- Installing: /workspaces/citros_example_robotic_arm/ros2_ws/install/control_msgs/include/control_msgs/msg/detail/dynamic_joint_state__functions.h
[10.485s] -- Installing: /workspaces/citros_example_robotic_arm/ros2_ws/install/control_msgs/include/control_msgs/msg/detail/joint_controller_state__functions.c
[10.485s] -- Installing: /workspaces/citros_example_robotic_arm/ros2_ws/install/control_msgs/include/control_msgs/msg/detail/interface_value__struct.h
[10.485s] -- Installing: /workspaces/citros_example_robotic_arm/ros2_ws/install/control_msgs/include/control_msgs/msg/detail/joint_jog__functions.h
[10.485s] -- Installing: /workspaces/citros_example_robotic_arm/ros2_ws/install/control_msgs/include/control_msgs/msg/detail/pid_state__type_support.h
[10.486s] -- Installing: /workspaces/citros_example_robotic_arm/ros2_ws/install/control_msgs/include/control_msgs/msg/detail/dynamic_joint_state__struct.h
[10.486s] -- Installing: /workspaces/citros_example_robotic_arm/ros2_ws/install/control_msgs/include/control_msgs/msg/detail/gripper_command__functions.h
[10.486s] -- Installing: /workspaces/citros_example_robotic_arm/ros2_ws/install/control_msgs/include/control_msgs/msg/detail/joint_controller_state__struct.h
[10.486s] -- Installing: /workspaces/citros_example_robotic_arm/ros2_ws/install/control_msgs/include/control_msgs/msg/detail/dynamic_joint_state__type_support.h
[10.486s] -- Installing: /workspaces/citros_example_robotic_arm/ros2_ws/install/control_msgs/include/control_msgs/msg/detail/pid_state__struct.h
[10.486s] -- Installing: /workspaces/citros_example_robotic_arm/ros2_ws/install/control_msgs/include/control_msgs/msg/detail/joint_tolerance__struct.h
[10.486s] -- Installing: /workspaces/citros_example_robotic_arm/ros2_ws/install/control_msgs/include/control_msgs/msg/detail/joint_trajectory_controller_state__functions.c
[10.486s] -- Installing: /workspaces/citros_example_robotic_arm/ros2_ws/install/control_msgs/include/control_msgs/msg/detail/joint_jog__type_support.h
[10.486s] -- Installing: /workspaces/citros_example_robotic_arm/ros2_ws/install/control_msgs/include/control_msgs/msg/detail/pid_state__functions.h
[10.486s] -- Installing: /workspaces/citros_example_robotic_arm/ros2_ws/install/control_msgs/include/control_msgs/msg/joint_jog.h
[10.486s] -- Installing: /workspaces/citros_example_robotic_arm/ros2_ws/install/control_msgs/include/control_msgs/msg/joint_tolerance.h
[10.486s] -- Installing: /workspaces/citros_example_robotic_arm/ros2_ws/install/control_msgs/include/control_msgs/msg/dynamic_joint_state.h
[10.486s] -- Installing: /workspaces/citros_example_robotic_arm/ros2_ws/install/control_msgs/include/control_msgs/msg/interface_value.h
[10.486s] -- Installing: /workspaces/citros_example_robotic_arm/ros2_ws/install/control_msgs/include/control_msgs/msg/joint_controller_state.h
[10.486s] -- Installing: /workspaces/citros_example_robotic_arm/ros2_ws/install/control_msgs/include/control_msgs/msg/rosidl_generator_c__visibility_control.h
[10.486s] -- Installing: /workspaces/citros_example_robotic_arm/ros2_ws/install/control_msgs/include/control_msgs/action
[10.486s] -- Installing: /workspaces/citros_example_robotic_arm/ros2_ws/install/control_msgs/include/control_msgs/action/gripper_command.h
[10.486s] -- Installing: /workspaces/citros_example_robotic_arm/ros2_ws/install/control_msgs/include/control_msgs/action/follow_joint_trajectory.h
[10.486s] -- Installing: /workspaces/citros_example_robotic_arm/ros2_ws/install/control_msgs/include/control_msgs/action/detail
[10.486s] -- Installing: /workspaces/citros_example_robotic_arm/ros2_ws/install/control_msgs/include/control_msgs/action/detail/gripper_command__functions.c
[10.486s] -- Installing: /workspaces/citros_example_robotic_arm/ros2_ws/install/control_msgs/include/control_msgs/action/detail/single_joint_position__functions.h
[10.486s] -- Installing: /workspaces/citros_example_robotic_arm/ros2_ws/install/control_msgs/include/control_msgs/action/detail/joint_trajectory__type_support.h
[10.487s] -- Installing: /workspaces/citros_example_robotic_arm/ros2_ws/install/control_msgs/include/control_msgs/action/detail/point_head__functions.h
[10.487s] -- Installing: /workspaces/citros_example_robotic_arm/ros2_ws/install/control_msgs/include/control_msgs/action/detail/gripper_command__type_support.h
[10.487s] -- Installing: /workspaces/citros_example_robotic_arm/ros2_ws/install/control_msgs/include/control_msgs/action/detail/joint_trajectory__struct.h
[10.487s] -- Installing: /workspaces/citros_example_robotic_arm/ros2_ws/install/control_msgs/include/control_msgs/action/detail/point_head__type_support.h
[10.487s] -- Installing: /workspaces/citros_example_robotic_arm/ros2_ws/install/control_msgs/include/control_msgs/action/detail/joint_trajectory__functions.c
[10.487s] -- Installing: /workspaces/citros_example_robotic_arm/ros2_ws/install/control_msgs/include/control_msgs/action/detail/point_head__struct.h
[10.487s] -- Installing: /workspaces/citros_example_robotic_arm/ros2_ws/install/control_msgs/include/control_msgs/action/detail/follow_joint_trajectory__functions.h
[10.487s] -- Installing: /workspaces/citros_example_robotic_arm/ros2_ws/install/control_msgs/include/control_msgs/action/detail/point_head__functions.c
[10.487s] -- Installing: /workspaces/citros_example_robotic_arm/ros2_ws/install/control_msgs/include/control_msgs/action/detail/gripper_command__struct.h
[10.487s] -- Installing: /workspaces/citros_example_robotic_arm/ros2_ws/install/control_msgs/include/control_msgs/action/detail/single_joint_position__type_support.h
[10.487s] -- Installing: /workspaces/citros_example_robotic_arm/ros2_ws/install/control_msgs/include/control_msgs/action/detail/follow_joint_trajectory__type_support.h
[10.487s] -- Installing: /workspaces/citros_example_robotic_arm/ros2_ws/install/control_msgs/include/control_msgs/action/detail/single_joint_position__struct.h
[10.487s] -- Installing: /workspaces/citros_example_robotic_arm/ros2_ws/install/control_msgs/include/control_msgs/action/detail/follow_joint_trajectory__functions.c
[10.487s] -- Installing: /workspaces/citros_example_robotic_arm/ros2_ws/install/control_msgs/include/control_msgs/action/detail/joint_trajectory__functions.h
[10.487s] -- Installing: /workspaces/citros_example_robotic_arm/ros2_ws/install/control_msgs/include/control_msgs/action/detail/gripper_command__functions.h
[10.487s] -- Installing: /workspaces/citros_example_robotic_arm/ros2_ws/install/control_msgs/include/control_msgs/action/detail/single_joint_position__functions.c
[10.488s] -- Installing: /workspaces/citros_example_robotic_arm/ros2_ws/install/control_msgs/include/control_msgs/action/detail/follow_joint_trajectory__struct.h
[10.488s] -- Installing: /workspaces/citros_example_robotic_arm/ros2_ws/install/control_msgs/include/control_msgs/action/point_head.h
[10.488s] -- Installing: /workspaces/citros_example_robotic_arm/ros2_ws/install/control_msgs/include/control_msgs/action/joint_trajectory.h
[10.488s] -- Installing: /workspaces/citros_example_robotic_arm/ros2_ws/install/control_msgs/include/control_msgs/action/single_joint_position.h
[10.488s] -- Installing: /workspaces/citros_example_robotic_arm/ros2_ws/install/control_msgs/share/control_msgs/environment/library_path.sh
[10.488s] -- Installing: /workspaces/citros_example_robotic_arm/ros2_ws/install/control_msgs/share/control_msgs/environment/library_path.dsv
[10.488s] -- Installing: /workspaces/citros_example_robotic_arm/ros2_ws/install/control_msgs/lib/libcontrol_msgs__rosidl_generator_c.so
[10.488s] -- Set runtime path of "/workspaces/citros_example_robotic_arm/ros2_ws/install/control_msgs/lib/libcontrol_msgs__rosidl_generator_c.so" to ""
[10.488s] -- Up-to-date: /workspaces/citros_example_robotic_arm/ros2_ws/install/control_msgs/include/control_msgs
[10.489s] -- Up-to-date: /workspaces/citros_example_robotic_arm/ros2_ws/install/control_msgs/include/control_msgs/srv
[10.489s] -- Up-to-date: /workspaces/citros_example_robotic_arm/ros2_ws/install/control_msgs/include/control_msgs/srv/detail
[10.489s] -- Installing: /workspaces/citros_example_robotic_arm/ros2_ws/install/control_msgs/include/control_msgs/srv/detail/query_calibration_state__rosidl_typesupport_fastrtps_c.h
[10.489s] -- Installing: /workspaces/citros_example_robotic_arm/ros2_ws/install/control_msgs/include/control_msgs/srv/detail/query_trajectory_state__rosidl_typesupport_fastrtps_c.h
[10.489s] -- Up-to-date: /workspaces/citros_example_robotic_arm/ros2_ws/install/control_msgs/include/control_msgs/msg
[10.489s] -- Up-to-date: /workspaces/citros_example_robotic_arm/ros2_ws/install/control_msgs/include/control_msgs/msg/detail
[10.489s] -- Installing: /workspaces/citros_example_robotic_arm/ros2_ws/install/control_msgs/include/control_msgs/msg/detail/joint_controller_state__rosidl_typesupport_fastrtps_c.h
[10.489s] -- Installing: /workspaces/citros_example_robotic_arm/ros2_ws/install/control_msgs/include/control_msgs/msg/detail/gripper_command__rosidl_typesupport_fastrtps_c.h
[10.489s] -- Installing: /workspaces/citros_example_robotic_arm/ros2_ws/install/control_msgs/include/control_msgs/msg/detail/joint_trajectory_controller_state__rosidl_typesupport_fastrtps_c.h
[10.489s] -- Installing: /workspaces/citros_example_robotic_arm/ros2_ws/install/control_msgs/include/control_msgs/msg/detail/pid_state__rosidl_typesupport_fastrtps_c.h
[10.489s] -- Installing: /workspaces/citros_example_robotic_arm/ros2_ws/install/control_msgs/include/control_msgs/msg/detail/joint_jog__rosidl_typesupport_fastrtps_c.h
[10.489s] -- Installing: /workspaces/citros_example_robotic_arm/ros2_ws/install/control_msgs/include/control_msgs/msg/detail/dynamic_joint_state__rosidl_typesupport_fastrtps_c.h
[10.489s] -- Installing: /workspaces/citros_example_robotic_arm/ros2_ws/install/control_msgs/include/control_msgs/msg/detail/joint_tolerance__rosidl_typesupport_fastrtps_c.h
[10.489s] -- Installing: /workspaces/citros_example_robotic_arm/ros2_ws/install/control_msgs/include/control_msgs/msg/detail/interface_value__rosidl_typesupport_fastrtps_c.h
[10.489s] -- Installing: /workspaces/citros_example_robotic_arm/ros2_ws/install/control_msgs/include/control_msgs/msg/rosidl_typesupport_fastrtps_c__visibility_control.h
[10.489s] -- Up-to-date: /workspaces/citros_example_robotic_arm/ros2_ws/install/control_msgs/include/control_msgs/action
[10.489s] -- Up-to-date: /workspaces/citros_example_robotic_arm/ros2_ws/install/control_msgs/include/control_msgs/action/detail
[10.489s] -- Installing: /workspaces/citros_example_robotic_arm/ros2_ws/install/control_msgs/include/control_msgs/action/detail/gripper_command__rosidl_typesupport_fastrtps_c.h
[10.489s] -- Installing: /workspaces/citros_example_robotic_arm/ros2_ws/install/control_msgs/include/control_msgs/action/detail/follow_joint_trajectory__rosidl_typesupport_fastrtps_c.h
[10.489s] -- Installing: /workspaces/citros_example_robotic_arm/ros2_ws/install/control_msgs/include/control_msgs/action/detail/point_head__rosidl_typesupport_fastrtps_c.h
[10.489s] -- Installing: /workspaces/citros_example_robotic_arm/ros2_ws/install/control_msgs/include/control_msgs/action/detail/single_joint_position__rosidl_typesupport_fastrtps_c.h
[10.489s] -- Installing: /workspaces/citros_example_robotic_arm/ros2_ws/install/control_msgs/include/control_msgs/action/detail/joint_trajectory__rosidl_typesupport_fastrtps_c.h
[10.489s] -- Installing: /workspaces/citros_example_robotic_arm/ros2_ws/install/control_msgs/lib/libcontrol_msgs__rosidl_typesupport_fastrtps_c.so
[10.490s] -- Set runtime path of "/workspaces/citros_example_robotic_arm/ros2_ws/install/control_msgs/lib/libcontrol_msgs__rosidl_typesupport_fastrtps_c.so" to ""
[10.490s] -- Up-to-date: /workspaces/citros_example_robotic_arm/ros2_ws/install/control_msgs/include/control_msgs
[10.490s] -- Up-to-date: /workspaces/citros_example_robotic_arm/ros2_ws/install/control_msgs/include/control_msgs/srv
[10.490s] -- Up-to-date: /workspaces/citros_example_robotic_arm/ros2_ws/install/control_msgs/include/control_msgs/srv/detail
[10.490s] -- Installing: /workspaces/citros_example_robotic_arm/ros2_ws/install/control_msgs/include/control_msgs/srv/detail/dds_fastrtps
[10.490s] -- Installing: /workspaces/citros_example_robotic_arm/ros2_ws/install/control_msgs/include/control_msgs/srv/detail/query_trajectory_state__rosidl_typesupport_fastrtps_cpp.hpp
[10.490s] -- Installing: /workspaces/citros_example_robotic_arm/ros2_ws/install/control_msgs/include/control_msgs/srv/detail/query_calibration_state__rosidl_typesupport_fastrtps_cpp.hpp
[10.490s] -- Up-to-date: /workspaces/citros_example_robotic_arm/ros2_ws/install/control_msgs/include/control_msgs/msg
[10.490s] -- Up-to-date: /workspaces/citros_example_robotic_arm/ros2_ws/install/control_msgs/include/control_msgs/msg/detail
[10.490s] -- Installing: /workspaces/citros_example_robotic_arm/ros2_ws/install/control_msgs/include/control_msgs/msg/detail/dds_fastrtps
[10.490s] -- Installing: /workspaces/citros_example_robotic_arm/ros2_ws/install/control_msgs/include/control_msgs/msg/detail/joint_trajectory_controller_state__rosidl_typesupport_fastrtps_cpp.hpp
[10.490s] -- Installing: /workspaces/citros_example_robotic_arm/ros2_ws/install/control_msgs/include/control_msgs/msg/detail/dynamic_joint_state__rosidl_typesupport_fastrtps_cpp.hpp
[10.490s] -- Installing: /workspaces/citros_example_robotic_arm/ros2_ws/install/control_msgs/include/control_msgs/msg/detail/gripper_command__rosidl_typesupport_fastrtps_cpp.hpp
[10.490s] -- Installing: /workspaces/citros_example_robotic_arm/ros2_ws/install/control_msgs/include/control_msgs/msg/detail/pid_state__rosidl_typesupport_fastrtps_cpp.hpp
[10.490s] -- Installing: /workspaces/citros_example_robotic_arm/ros2_ws/install/control_msgs/include/control_msgs/msg/detail/interface_value__rosidl_typesupport_fastrtps_cpp.hpp
[10.490s] -- Installing: /workspaces/citros_example_robotic_arm/ros2_ws/install/control_msgs/include/control_msgs/msg/detail/joint_jog__rosidl_typesupport_fastrtps_cpp.hpp
[10.490s] -- Installing: /workspaces/citros_example_robotic_arm/ros2_ws/install/control_msgs/include/control_msgs/msg/detail/joint_tolerance__rosidl_typesupport_fastrtps_cpp.hpp
[10.490s] -- Installing: /workspaces/citros_example_robotic_arm/ros2_ws/install/control_msgs/include/control_msgs/msg/detail/joint_controller_state__rosidl_typesupport_fastrtps_cpp.hpp
[10.490s] -- Installing: /workspaces/citros_example_robotic_arm/ros2_ws/install/control_msgs/include/control_msgs/msg/rosidl_typesupport_fastrtps_cpp__visibility_control.h
[10.490s] -- Up-to-date: /workspaces/citros_example_robotic_arm/ros2_ws/install/control_msgs/include/control_msgs/action
[10.490s] -- Up-to-date: /workspaces/citros_example_robotic_arm/ros2_ws/install/control_msgs/include/control_msgs/action/detail
[10.490s] -- Installing: /workspaces/citros_example_robotic_arm/ros2_ws/install/control_msgs/include/control_msgs/action/detail/dds_fastrtps
[10.490s] -- Installing: /workspaces/citros_example_robotic_arm/ros2_ws/install/control_msgs/include/control_msgs/action/detail/joint_trajectory__rosidl_typesupport_fastrtps_cpp.hpp
[10.491s] -- Installing: /workspaces/citros_example_robotic_arm/ros2_ws/install/control_msgs/include/control_msgs/action/detail/single_joint_position__rosidl_typesupport_fastrtps_cpp.hpp
[10.491s] -- Installing: /workspaces/citros_example_robotic_arm/ros2_ws/install/control_msgs/include/control_msgs/action/detail/gripper_command__rosidl_typesupport_fastrtps_cpp.hpp
[10.491s] -- Installing: /workspaces/citros_example_robotic_arm/ros2_ws/install/control_msgs/include/control_msgs/action/detail/point_head__rosidl_typesupport_fastrtps_cpp.hpp
[10.491s] -- Installing: /workspaces/citros_example_robotic_arm/ros2_ws/install/control_msgs/include/control_msgs/action/detail/follow_joint_trajectory__rosidl_typesupport_fastrtps_cpp.hpp
[10.491s] -- Installing: /workspaces/citros_example_robotic_arm/ros2_ws/install/control_msgs/lib/libcontrol_msgs__rosidl_typesupport_fastrtps_cpp.so
[10.491s] -- Set runtime path of "/workspaces/citros_example_robotic_arm/ros2_ws/install/control_msgs/lib/libcontrol_msgs__rosidl_typesupport_fastrtps_cpp.so" to ""
[10.491s] -- Up-to-date: /workspaces/citros_example_robotic_arm/ros2_ws/install/control_msgs/include/control_msgs
[10.491s] -- Up-to-date: /workspaces/citros_example_robotic_arm/ros2_ws/install/control_msgs/include/control_msgs/srv
[10.492s] -- Up-to-date: /workspaces/citros_example_robotic_arm/ros2_ws/install/control_msgs/include/control_msgs/srv/detail
[10.492s] -- Installing: /workspaces/citros_example_robotic_arm/ros2_ws/install/control_msgs/include/control_msgs/srv/detail/query_trajectory_state__type_support.c
[10.492s] -- Installing: /workspaces/citros_example_robotic_arm/ros2_ws/install/control_msgs/include/control_msgs/srv/detail/query_trajectory_state__rosidl_typesupport_introspection_c.h
[10.492s] -- Installing: /workspaces/citros_example_robotic_arm/ros2_ws/install/control_msgs/include/control_msgs/srv/detail/query_calibration_state__type_support.c
[10.492s] -- Installing: /workspaces/citros_example_robotic_arm/ros2_ws/install/control_msgs/include/control_msgs/srv/detail/query_calibration_state__rosidl_typesupport_introspection_c.h
[10.492s] -- Up-to-date: /workspaces/citros_example_robotic_arm/ros2_ws/install/control_msgs/include/control_msgs/msg
[10.492s] -- Installing: /workspaces/citros_example_robotic_arm/ros2_ws/install/control_msgs/include/control_msgs/msg/rosidl_typesupport_introspection_c__visibility_control.h
[10.492s] -- Up-to-date: /workspaces/citros_example_robotic_arm/ros2_ws/install/control_msgs/include/control_msgs/msg/detail
[10.492s] -- Installing: /workspaces/citros_example_robotic_arm/ros2_ws/install/control_msgs/include/control_msgs/msg/detail/joint_controller_state__rosidl_typesupport_introspection_c.h
[10.492s] -- Installing: /workspaces/citros_example_robotic_arm/ros2_ws/install/control_msgs/include/control_msgs/msg/detail/interface_value__type_support.c
[10.492s] -- Installing: /workspaces/citros_example_robotic_arm/ros2_ws/install/control_msgs/include/control_msgs/msg/detail/joint_tolerance__rosidl_typesupport_introspection_c.h
[10.492s] -- Installing: /workspaces/citros_example_robotic_arm/ros2_ws/install/control_msgs/include/control_msgs/msg/detail/gripper_command__rosidl_typesupport_introspection_c.h
[10.492s] -- Installing: /workspaces/citros_example_robotic_arm/ros2_ws/install/control_msgs/include/control_msgs/msg/detail/joint_tolerance__type_support.c
[10.492s] -- Installing: /workspaces/citros_example_robotic_arm/ros2_ws/install/control_msgs/include/control_msgs/msg/detail/joint_jog__rosidl_typesupport_introspection_c.h
[10.492s] -- Installing: /workspaces/citros_example_robotic_arm/ros2_ws/install/control_msgs/include/control_msgs/msg/detail/joint_trajectory_controller_state__type_support.c
[10.492s] -- Installing: /workspaces/citros_example_robotic_arm/ros2_ws/install/control_msgs/include/control_msgs/msg/detail/joint_jog__type_support.c
[10.492s] -- Installing: /workspaces/citros_example_robotic_arm/ros2_ws/install/control_msgs/include/control_msgs/msg/detail/dynamic_joint_state__type_support.c
[10.492s] -- Installing: /workspaces/citros_example_robotic_arm/ros2_ws/install/control_msgs/include/control_msgs/msg/detail/pid_state__type_support.c
[10.492s] -- Installing: /workspaces/citros_example_robotic_arm/ros2_ws/install/control_msgs/include/control_msgs/msg/detail/interface_value__rosidl_typesupport_introspection_c.h
[10.492s] -- Installing: /workspaces/citros_example_robotic_arm/ros2_ws/install/control_msgs/include/control_msgs/msg/detail/joint_trajectory_controller_state__rosidl_typesupport_introspection_c.h
[10.492s] -- Installing: /workspaces/citros_example_robotic_arm/ros2_ws/install/control_msgs/include/control_msgs/msg/detail/pid_state__rosidl_typesupport_introspection_c.h
[10.492s] -- Installing: /workspaces/citros_example_robotic_arm/ros2_ws/install/control_msgs/include/control_msgs/msg/detail/joint_controller_state__type_support.c
[10.492s] -- Installing: /workspaces/citros_example_robotic_arm/ros2_ws/install/control_msgs/include/control_msgs/msg/detail/gripper_command__type_support.c
[10.492s] -- Installing: /workspaces/citros_example_robotic_arm/ros2_ws/install/control_msgs/include/control_msgs/msg/detail/dynamic_joint_state__rosidl_typesupport_introspection_c.h
[10.492s] -- Up-to-date: /workspaces/citros_example_robotic_arm/ros2_ws/install/control_msgs/include/control_msgs/action
[10.492s] -- Up-to-date: /workspaces/citros_example_robotic_arm/ros2_ws/install/control_msgs/include/control_msgs/action/detail
[10.492s] -- Installing: /workspaces/citros_example_robotic_arm/ros2_ws/install/control_msgs/include/control_msgs/action/detail/joint_trajectory__type_support.c
[10.493s] -- Installing: /workspaces/citros_example_robotic_arm/ros2_ws/install/control_msgs/include/control_msgs/action/detail/single_joint_position__rosidl_typesupport_introspection_c.h
[10.493s] -- Installing: /workspaces/citros_example_robotic_arm/ros2_ws/install/control_msgs/include/control_msgs/action/detail/gripper_command__rosidl_typesupport_introspection_c.h
[10.493s] -- Installing: /workspaces/citros_example_robotic_arm/ros2_ws/install/control_msgs/include/control_msgs/action/detail/follow_joint_trajectory__rosidl_typesupport_introspection_c.h
[10.493s] -- Installing: /workspaces/citros_example_robotic_arm/ros2_ws/install/control_msgs/include/control_msgs/action/detail/joint_trajectory__rosidl_typesupport_introspection_c.h
[10.493s] -- Installing: /workspaces/citros_example_robotic_arm/ros2_ws/install/control_msgs/include/control_msgs/action/detail/single_joint_position__type_support.c
[10.493s] -- Installing: /workspaces/citros_example_robotic_arm/ros2_ws/install/control_msgs/include/control_msgs/action/detail/follow_joint_trajectory__type_support.c
[10.493s] -- Installing: /workspaces/citros_example_robotic_arm/ros2_ws/install/control_msgs/include/control_msgs/action/detail/point_head__rosidl_typesupport_introspection_c.h
[10.493s] -- Installing: /workspaces/citros_example_robotic_arm/ros2_ws/install/control_msgs/include/control_msgs/action/detail/gripper_command__type_support.c
[10.493s] -- Installing: /workspaces/citros_example_robotic_arm/ros2_ws/install/control_msgs/include/control_msgs/action/detail/point_head__type_support.c
[10.493s] -- Installing: /workspaces/citros_example_robotic_arm/ros2_ws/install/control_msgs/lib/libcontrol_msgs__rosidl_typesupport_introspection_c.so
[10.493s] -- Set runtime path of "/workspaces/citros_example_robotic_arm/ros2_ws/install/control_msgs/lib/libcontrol_msgs__rosidl_typesupport_introspection_c.so" to ""
[10.493s] -- Installing: /workspaces/citros_example_robotic_arm/ros2_ws/install/control_msgs/lib/libcontrol_msgs__rosidl_typesupport_c.so
[10.493s] -- Set runtime path of "/workspaces/citros_example_robotic_arm/ros2_ws/install/control_msgs/lib/libcontrol_msgs__rosidl_typesupport_c.so" to ""
[10.494s] -- Up-to-date: /workspaces/citros_example_robotic_arm/ros2_ws/install/control_msgs/include/control_msgs
[10.494s] -- Up-to-date: /workspaces/citros_example_robotic_arm/ros2_ws/install/control_msgs/include/control_msgs/srv
[10.494s] -- Installing: /workspaces/citros_example_robotic_arm/ros2_ws/install/control_msgs/include/control_msgs/srv/query_calibration_state.hpp
[10.494s] -- Up-to-date: /workspaces/citros_example_robotic_arm/ros2_ws/install/control_msgs/include/control_msgs/srv/detail
[10.494s] -- Installing: /workspaces/citros_example_robotic_arm/ros2_ws/install/control_msgs/include/control_msgs/srv/detail/query_calibration_state__traits.hpp
[10.494s] -- Installing: /workspaces/citros_example_robotic_arm/ros2_ws/install/control_msgs/include/control_msgs/srv/detail/query_calibration_state__builder.hpp
[10.494s] -- Installing: /workspaces/citros_example_robotic_arm/ros2_ws/install/control_msgs/include/control_msgs/srv/detail/query_calibration_state__struct.hpp
[10.494s] -- Installing: /workspaces/citros_example_robotic_arm/ros2_ws/install/control_msgs/include/control_msgs/srv/detail/query_trajectory_state__traits.hpp
[10.494s] -- Installing: /workspaces/citros_example_robotic_arm/ros2_ws/install/control_msgs/include/control_msgs/srv/detail/query_trajectory_state__builder.hpp
[10.494s] -- Installing: /workspaces/citros_example_robotic_arm/ros2_ws/install/control_msgs/include/control_msgs/srv/detail/query_trajectory_state__struct.hpp
[10.494s] -- Installing: /workspaces/citros_example_robotic_arm/ros2_ws/install/control_msgs/include/control_msgs/srv/query_trajectory_state.hpp
[10.494s] -- Up-to-date: /workspaces/citros_example_robotic_arm/ros2_ws/install/control_msgs/include/control_msgs/msg
[10.494s] -- Installing: /workspaces/citros_example_robotic_arm/ros2_ws/install/control_msgs/include/control_msgs/msg/pid_state.hpp
[10.494s] -- Installing: /workspaces/citros_example_robotic_arm/ros2_ws/install/control_msgs/include/control_msgs/msg/joint_tolerance.hpp
[10.494s] -- Installing: /workspaces/citros_example_robotic_arm/ros2_ws/install/control_msgs/include/control_msgs/msg/joint_jog.hpp
[10.494s] -- Up-to-date: /workspaces/citros_example_robotic_arm/ros2_ws/install/control_msgs/include/control_msgs/msg/detail
[10.494s] -- Installing: /workspaces/citros_example_robotic_arm/ros2_ws/install/control_msgs/include/control_msgs/msg/detail/joint_controller_state__builder.hpp
[10.494s] -- Installing: /workspaces/citros_example_robotic_arm/ros2_ws/install/control_msgs/include/control_msgs/msg/detail/interface_value__struct.hpp
[10.494s] -- Installing: /workspaces/citros_example_robotic_arm/ros2_ws/install/control_msgs/include/control_msgs/msg/detail/joint_controller_state__struct.hpp
[10.494s] -- Installing: /workspaces/citros_example_robotic_arm/ros2_ws/install/control_msgs/include/control_msgs/msg/detail/interface_value__builder.hpp
[10.494s] -- Installing: /workspaces/citros_example_robotic_arm/ros2_ws/install/control_msgs/include/control_msgs/msg/detail/joint_tolerance__struct.hpp
[10.494s] -- Installing: /workspaces/citros_example_robotic_arm/ros2_ws/install/control_msgs/include/control_msgs/msg/detail/pid_state__builder.hpp
[10.494s] -- Installing: /workspaces/citros_example_robotic_arm/ros2_ws/install/control_msgs/include/control_msgs/msg/detail/pid_state__traits.hpp
[10.494s] -- Installing: /workspaces/citros_example_robotic_arm/ros2_ws/install/control_msgs/include/control_msgs/msg/detail/joint_tolerance__builder.hpp
[10.495s] -- Installing: /workspaces/citros_example_robotic_arm/ros2_ws/install/control_msgs/include/control_msgs/msg/detail/joint_jog__builder.hpp
[10.495s] -- Installing: /workspaces/citros_example_robotic_arm/ros2_ws/install/control_msgs/include/control_msgs/msg/detail/joint_controller_state__traits.hpp
[10.495s] -- Installing: /workspaces/citros_example_robotic_arm/ros2_ws/install/control_msgs/include/control_msgs/msg/detail/pid_state__struct.hpp
[10.495s] -- Installing: /workspaces/citros_example_robotic_arm/ros2_ws/install/control_msgs/include/control_msgs/msg/detail/dynamic_joint_state__traits.hpp
[10.495s] -- Installing: /workspaces/citros_example_robotic_arm/ros2_ws/install/control_msgs/include/control_msgs/msg/detail/joint_jog__traits.hpp
[10.495s] -- Installing: /workspaces/citros_example_robotic_arm/ros2_ws/install/control_msgs/include/control_msgs/msg/detail/joint_trajectory_controller_state__struct.hpp
[10.495s] -- Installing: /workspaces/citros_example_robotic_arm/ros2_ws/install/control_msgs/include/control_msgs/msg/detail/joint_trajectory_controller_state__builder.hpp
[10.495s] -- Installing: /workspaces/citros_example_robotic_arm/ros2_ws/install/control_msgs/include/control_msgs/msg/detail/gripper_command__traits.hpp
[10.495s] -- Installing: /workspaces/citros_example_robotic_arm/ros2_ws/install/control_msgs/include/control_msgs/msg/detail/dynamic_joint_state__builder.hpp
[10.495s] -- Installing: /workspaces/citros_example_robotic_arm/ros2_ws/install/control_msgs/include/control_msgs/msg/detail/gripper_command__struct.hpp
[10.495s] -- Installing: /workspaces/citros_example_robotic_arm/ros2_ws/install/control_msgs/include/control_msgs/msg/detail/dynamic_joint_state__struct.hpp
[10.495s] -- Installing: /workspaces/citros_example_robotic_arm/ros2_ws/install/control_msgs/include/control_msgs/msg/detail/joint_jog__struct.hpp
[10.495s] -- Installing: /workspaces/citros_example_robotic_arm/ros2_ws/install/control_msgs/include/control_msgs/msg/detail/joint_tolerance__traits.hpp
[10.495s] -- Installing: /workspaces/citros_example_robotic_arm/ros2_ws/install/control_msgs/include/control_msgs/msg/detail/interface_value__traits.hpp
[10.495s] -- Installing: /workspaces/citros_example_robotic_arm/ros2_ws/install/control_msgs/include/control_msgs/msg/detail/joint_trajectory_controller_state__traits.hpp
[10.495s] -- Installing: /workspaces/citros_example_robotic_arm/ros2_ws/install/control_msgs/include/control_msgs/msg/detail/gripper_command__builder.hpp
[10.495s] -- Installing: /workspaces/citros_example_robotic_arm/ros2_ws/install/control_msgs/include/control_msgs/msg/joint_trajectory_controller_state.hpp
[10.495s] -- Installing: /workspaces/citros_example_robotic_arm/ros2_ws/install/control_msgs/include/control_msgs/msg/joint_controller_state.hpp
[10.495s] -- Installing: /workspaces/citros_example_robotic_arm/ros2_ws/install/control_msgs/include/control_msgs/msg/gripper_command.hpp
[10.495s] -- Installing: /workspaces/citros_example_robotic_arm/ros2_ws/install/control_msgs/include/control_msgs/msg/interface_value.hpp
[10.495s] -- Installing: /workspaces/citros_example_robotic_arm/ros2_ws/install/control_msgs/include/control_msgs/msg/dynamic_joint_state.hpp
[10.495s] -- Up-to-date: /workspaces/citros_example_robotic_arm/ros2_ws/install/control_msgs/include/control_msgs/action
[10.495s] -- Installing: /workspaces/citros_example_robotic_arm/ros2_ws/install/control_msgs/include/control_msgs/action/point_head.hpp
[10.495s] -- Up-to-date: /workspaces/citros_example_robotic_arm/ros2_ws/install/control_msgs/include/control_msgs/action/detail
[10.495s] -- Installing: /workspaces/citros_example_robotic_arm/ros2_ws/install/control_msgs/include/control_msgs/action/detail/joint_trajectory__traits.hpp
[10.496s] -- Installing: /workspaces/citros_example_robotic_arm/ros2_ws/install/control_msgs/include/control_msgs/action/detail/follow_joint_trajectory__struct.hpp
[10.496s] -- Installing: /workspaces/citros_example_robotic_arm/ros2_ws/install/control_msgs/include/control_msgs/action/detail/follow_joint_trajectory__traits.hpp
[10.496s] -- Installing: /workspaces/citros_example_robotic_arm/ros2_ws/install/control_msgs/include/control_msgs/action/detail/point_head__traits.hpp
[10.496s] -- Installing: /workspaces/citros_example_robotic_arm/ros2_ws/install/control_msgs/include/control_msgs/action/detail/single_joint_position__traits.hpp
[10.496s] -- Installing: /workspaces/citros_example_robotic_arm/ros2_ws/install/control_msgs/include/control_msgs/action/detail/follow_joint_trajectory__builder.hpp
[10.496s] -- Installing: /workspaces/citros_example_robotic_arm/ros2_ws/install/control_msgs/include/control_msgs/action/detail/point_head__builder.hpp
[10.496s] -- Installing: /workspaces/citros_example_robotic_arm/ros2_ws/install/control_msgs/include/control_msgs/action/detail/single_joint_position__struct.hpp
[10.496s] -- Installing: /workspaces/citros_example_robotic_arm/ros2_ws/install/control_msgs/include/control_msgs/action/detail/joint_trajectory__builder.hpp
[10.496s] -- Installing: /workspaces/citros_example_robotic_arm/ros2_ws/install/control_msgs/include/control_msgs/action/detail/joint_trajectory__struct.hpp
[10.496s] -- Installing: /workspaces/citros_example_robotic_arm/ros2_ws/install/control_msgs/include/control_msgs/action/detail/gripper_command__traits.hpp
[10.496s] -- Installing: /workspaces/citros_example_robotic_arm/ros2_ws/install/control_msgs/include/control_msgs/action/detail/gripper_command__struct.hpp
[10.496s] -- Installing: /workspaces/citros_example_robotic_arm/ros2_ws/install/control_msgs/include/control_msgs/action/detail/single_joint_position__builder.hpp
[10.496s] -- Installing: /workspaces/citros_example_robotic_arm/ros2_ws/install/control_msgs/include/control_msgs/action/detail/point_head__struct.hpp
[10.496s] -- Installing: /workspaces/citros_example_robotic_arm/ros2_ws/install/control_msgs/include/control_msgs/action/detail/gripper_command__builder.hpp
[10.496s] -- Installing: /workspaces/citros_example_robotic_arm/ros2_ws/install/control_msgs/include/control_msgs/action/joint_trajectory.hpp
[10.496s] -- Installing: /workspaces/citros_example_robotic_arm/ros2_ws/install/control_msgs/include/control_msgs/action/follow_joint_trajectory.hpp
[10.496s] -- Installing: /workspaces/citros_example_robotic_arm/ros2_ws/install/control_msgs/include/control_msgs/action/gripper_command.hpp
[10.496s] -- Installing: /workspaces/citros_example_robotic_arm/ros2_ws/install/control_msgs/include/control_msgs/action/single_joint_position.hpp
[10.496s] -- Up-to-date: /workspaces/citros_example_robotic_arm/ros2_ws/install/control_msgs/include/control_msgs
[10.496s] -- Up-to-date: /workspaces/citros_example_robotic_arm/ros2_ws/install/control_msgs/include/control_msgs/srv
[10.497s] -- Up-to-date: /workspaces/citros_example_robotic_arm/ros2_ws/install/control_msgs/include/control_msgs/srv/detail
[10.497s] -- Installing: /workspaces/citros_example_robotic_arm/ros2_ws/install/control_msgs/include/control_msgs/srv/detail/query_calibration_state__type_support.cpp
[10.497s] -- Installing: /workspaces/citros_example_robotic_arm/ros2_ws/install/control_msgs/include/control_msgs/srv/detail/query_trajectory_state__rosidl_typesupport_introspection_cpp.hpp
[10.497s] -- Installing: /workspaces/citros_example_robotic_arm/ros2_ws/install/control_msgs/include/control_msgs/srv/detail/query_calibration_state__rosidl_typesupport_introspection_cpp.hpp
[10.497s] -- Installing: /workspaces/citros_example_robotic_arm/ros2_ws/install/control_msgs/include/control_msgs/srv/detail/query_trajectory_state__type_support.cpp
[10.497s] -- Up-to-date: /workspaces/citros_example_robotic_arm/ros2_ws/install/control_msgs/include/control_msgs/msg
[10.497s] -- Up-to-date: /workspaces/citros_example_robotic_arm/ros2_ws/install/control_msgs/include/control_msgs/msg/detail
[10.497s] -- Installing: /workspaces/citros_example_robotic_arm/ros2_ws/install/control_msgs/include/control_msgs/msg/detail/joint_trajectory_controller_state__rosidl_typesupport_introspection_cpp.hpp
[10.497s] -- Installing: /workspaces/citros_example_robotic_arm/ros2_ws/install/control_msgs/include/control_msgs/msg/detail/gripper_command__type_support.cpp
[10.497s] -- Installing: /workspaces/citros_example_robotic_arm/ros2_ws/install/control_msgs/include/control_msgs/msg/detail/interface_value__rosidl_typesupport_introspection_cpp.hpp
[10.497s] -- Installing: /workspaces/citros_example_robotic_arm/ros2_ws/install/control_msgs/include/control_msgs/msg/detail/joint_controller_state__type_support.cpp
[10.497s] -- Installing: /workspaces/citros_example_robotic_arm/ros2_ws/install/control_msgs/include/control_msgs/msg/detail/dynamic_joint_state__rosidl_typesupport_introspection_cpp.hpp
[10.497s] -- Installing: /workspaces/citros_example_robotic_arm/ros2_ws/install/control_msgs/include/control_msgs/msg/detail/joint_jog__rosidl_typesupport_introspection_cpp.hpp
[10.497s] -- Installing: /workspaces/citros_example_robotic_arm/ros2_ws/install/control_msgs/include/control_msgs/msg/detail/gripper_command__rosidl_typesupport_introspection_cpp.hpp
[10.497s] -- Installing: /workspaces/citros_example_robotic_arm/ros2_ws/install/control_msgs/include/control_msgs/msg/detail/joint_trajectory_controller_state__type_support.cpp
[10.497s] -- Installing: /workspaces/citros_example_robotic_arm/ros2_ws/install/control_msgs/include/control_msgs/msg/detail/joint_controller_state__rosidl_typesupport_introspection_cpp.hpp
[10.497s] -- Installing: /workspaces/citros_example_robotic_arm/ros2_ws/install/control_msgs/include/control_msgs/msg/detail/interface_value__type_support.cpp
[10.497s] -- Installing: /workspaces/citros_example_robotic_arm/ros2_ws/install/control_msgs/include/control_msgs/msg/detail/joint_tolerance__rosidl_typesupport_introspection_cpp.hpp
[10.497s] -- Installing: /workspaces/citros_example_robotic_arm/ros2_ws/install/control_msgs/include/control_msgs/msg/detail/pid_state__type_support.cpp
[10.497s] -- Installing: /workspaces/citros_example_robotic_arm/ros2_ws/install/control_msgs/include/control_msgs/msg/detail/joint_tolerance__type_support.cpp
[10.497s] -- Installing: /workspaces/citros_example_robotic_arm/ros2_ws/install/control_msgs/include/control_msgs/msg/detail/dynamic_joint_state__type_support.cpp
[10.497s] -- Installing: /workspaces/citros_example_robotic_arm/ros2_ws/install/control_msgs/include/control_msgs/msg/detail/pid_state__rosidl_typesupport_introspection_cpp.hpp
[10.497s] -- Installing: /workspaces/citros_example_robotic_arm/ros2_ws/install/control_msgs/include/control_msgs/msg/detail/joint_jog__type_support.cpp
[10.497s] -- Up-to-date: /workspaces/citros_example_robotic_arm/ros2_ws/install/control_msgs/include/control_msgs/action
[10.498s] -- Up-to-date: /workspaces/citros_example_robotic_arm/ros2_ws/install/control_msgs/include/control_msgs/action/detail
[10.498s] -- Installing: /workspaces/citros_example_robotic_arm/ros2_ws/install/control_msgs/include/control_msgs/action/detail/joint_trajectory__type_support.cpp
[10.498s] -- Installing: /workspaces/citros_example_robotic_arm/ros2_ws/install/control_msgs/include/control_msgs/action/detail/gripper_command__type_support.cpp
[10.498s] -- Installing: /workspaces/citros_example_robotic_arm/ros2_ws/install/control_msgs/include/control_msgs/action/detail/single_joint_position__type_support.cpp
[10.498s] -- Installing: /workspaces/citros_example_robotic_arm/ros2_ws/install/control_msgs/include/control_msgs/action/detail/point_head__type_support.cpp
[10.498s] -- Installing: /workspaces/citros_example_robotic_arm/ros2_ws/install/control_msgs/include/control_msgs/action/detail/single_joint_position__rosidl_typesupport_introspection_cpp.hpp
[10.498s] -- Installing: /workspaces/citros_example_robotic_arm/ros2_ws/install/control_msgs/include/control_msgs/action/detail/gripper_command__rosidl_typesupport_introspection_cpp.hpp
[10.498s] -- Installing: /workspaces/citros_example_robotic_arm/ros2_ws/install/control_msgs/include/control_msgs/action/detail/follow_joint_trajectory__rosidl_typesupport_introspection_cpp.hpp
[10.498s] -- Installing: /workspaces/citros_example_robotic_arm/ros2_ws/install/control_msgs/include/control_msgs/action/detail/follow_joint_trajectory__type_support.cpp
[10.498s] -- Installing: /workspaces/citros_example_robotic_arm/ros2_ws/install/control_msgs/include/control_msgs/action/detail/point_head__rosidl_typesupport_introspection_cpp.hpp
[10.498s] -- Installing: /workspaces/citros_example_robotic_arm/ros2_ws/install/control_msgs/include/control_msgs/action/detail/joint_trajectory__rosidl_typesupport_introspection_cpp.hpp
[10.498s] -- Installing: /workspaces/citros_example_robotic_arm/ros2_ws/install/control_msgs/lib/libcontrol_msgs__rosidl_typesupport_introspection_cpp.so
[10.499s] -- Set runtime path of "/workspaces/citros_example_robotic_arm/ros2_ws/install/control_msgs/lib/libcontrol_msgs__rosidl_typesupport_introspection_cpp.so" to ""
[10.499s] -- Installing: /workspaces/citros_example_robotic_arm/ros2_ws/install/control_msgs/lib/libcontrol_msgs__rosidl_typesupport_cpp.so
[10.499s] -- Set runtime path of "/workspaces/citros_example_robotic_arm/ros2_ws/install/control_msgs/lib/libcontrol_msgs__rosidl_typesupport_cpp.so" to ""
[10.499s] -- Installing: /workspaces/citros_example_robotic_arm/ros2_ws/install/control_msgs/share/control_msgs/environment/pythonpath.sh
[10.499s] -- Installing: /workspaces/citros_example_robotic_arm/ros2_ws/install/control_msgs/share/control_msgs/environment/pythonpath.dsv
[10.499s] -- Installing: /workspaces/citros_example_robotic_arm/ros2_ws/install/control_msgs/lib/python3.8/site-packages/control_msgs/__init__.py
[10.518s] Compiling '/workspaces/citros_example_robotic_arm/ros2_ws/install/control_msgs/lib/python3.8/site-packages/control_msgs/__init__.py'...
[10.521s] -- Installing: /workspaces/citros_example_robotic_arm/ros2_ws/install/control_msgs/lib/python3.8/site-packages/control_msgs/msg
[10.521s] -- Installing: /workspaces/citros_example_robotic_arm/ros2_ws/install/control_msgs/lib/python3.8/site-packages/control_msgs/msg/_joint_trajectory_controller_state.py
[10.521s] -- Installing: /workspaces/citros_example_robotic_arm/ros2_ws/install/control_msgs/lib/python3.8/site-packages/control_msgs/msg/_joint_jog_s.c
[10.521s] -- Installing: /workspaces/citros_example_robotic_arm/ros2_ws/install/control_msgs/lib/python3.8/site-packages/control_msgs/msg/_joint_tolerance_s.c
[10.521s] -- Installing: /workspaces/citros_example_robotic_arm/ros2_ws/install/control_msgs/lib/python3.8/site-packages/control_msgs/msg/_joint_tolerance.py
[10.521s] -- Installing: /workspaces/citros_example_robotic_arm/ros2_ws/install/control_msgs/lib/python3.8/site-packages/control_msgs/msg/_interface_value.py
[10.521s] -- Installing: /workspaces/citros_example_robotic_arm/ros2_ws/install/control_msgs/lib/python3.8/site-packages/control_msgs/msg/_gripper_command.py
[10.521s] -- Installing: /workspaces/citros_example_robotic_arm/ros2_ws/install/control_msgs/lib/python3.8/site-packages/control_msgs/msg/_gripper_command_s.c
[10.521s] -- Installing: /workspaces/citros_example_robotic_arm/ros2_ws/install/control_msgs/lib/python3.8/site-packages/control_msgs/msg/_pid_state.py
[10.521s] -- Installing: /workspaces/citros_example_robotic_arm/ros2_ws/install/control_msgs/lib/python3.8/site-packages/control_msgs/msg/_joint_trajectory_controller_state_s.c
[10.521s] -- Installing: /workspaces/citros_example_robotic_arm/ros2_ws/install/control_msgs/lib/python3.8/site-packages/control_msgs/msg/_joint_jog.py
[10.521s] -- Installing: /workspaces/citros_example_robotic_arm/ros2_ws/install/control_msgs/lib/python3.8/site-packages/control_msgs/msg/_dynamic_joint_state.py
[10.521s] -- Installing: /workspaces/citros_example_robotic_arm/ros2_ws/install/control_msgs/lib/python3.8/site-packages/control_msgs/msg/_joint_controller_state.py
[10.521s] -- Installing: /workspaces/citros_example_robotic_arm/ros2_ws/install/control_msgs/lib/python3.8/site-packages/control_msgs/msg/_pid_state_s.c
[10.521s] -- Installing: /workspaces/citros_example_robotic_arm/ros2_ws/install/control_msgs/lib/python3.8/site-packages/control_msgs/msg/_dynamic_joint_state_s.c
[10.522s] -- Installing: /workspaces/citros_example_robotic_arm/ros2_ws/install/control_msgs/lib/python3.8/site-packages/control_msgs/msg/_interface_value_s.c
[10.522s] -- Installing: /workspaces/citros_example_robotic_arm/ros2_ws/install/control_msgs/lib/python3.8/site-packages/control_msgs/msg/_joint_controller_state_s.c
[10.522s] -- Installing: /workspaces/citros_example_robotic_arm/ros2_ws/install/control_msgs/lib/python3.8/site-packages/control_msgs/msg/__init__.py
[10.522s] -- Installing: /workspaces/citros_example_robotic_arm/ros2_ws/install/control_msgs/lib/python3.8/site-packages/control_msgs/srv
[10.522s] -- Installing: /workspaces/citros_example_robotic_arm/ros2_ws/install/control_msgs/lib/python3.8/site-packages/control_msgs/srv/_query_calibration_state.py
[10.522s] -- Installing: /workspaces/citros_example_robotic_arm/ros2_ws/install/control_msgs/lib/python3.8/site-packages/control_msgs/srv/_query_trajectory_state.py
[10.522s] -- Installing: /workspaces/citros_example_robotic_arm/ros2_ws/install/control_msgs/lib/python3.8/site-packages/control_msgs/srv/_query_calibration_state_s.c
[10.522s] -- Installing: /workspaces/citros_example_robotic_arm/ros2_ws/install/control_msgs/lib/python3.8/site-packages/control_msgs/srv/_query_trajectory_state_s.c
[10.522s] -- Installing: /workspaces/citros_example_robotic_arm/ros2_ws/install/control_msgs/lib/python3.8/site-packages/control_msgs/srv/__init__.py
[10.522s] -- Installing: /workspaces/citros_example_robotic_arm/ros2_ws/install/control_msgs/lib/python3.8/site-packages/control_msgs/action
[10.522s] -- Installing: /workspaces/citros_example_robotic_arm/ros2_ws/install/control_msgs/lib/python3.8/site-packages/control_msgs/action/_follow_joint_trajectory.py
[10.522s] -- Installing: /workspaces/citros_example_robotic_arm/ros2_ws/install/control_msgs/lib/python3.8/site-packages/control_msgs/action/_gripper_command.py
[10.522s] -- Installing: /workspaces/citros_example_robotic_arm/ros2_ws/install/control_msgs/lib/python3.8/site-packages/control_msgs/action/_gripper_command_s.c
[10.522s] -- Installing: /workspaces/citros_example_robotic_arm/ros2_ws/install/control_msgs/lib/python3.8/site-packages/control_msgs/action/_joint_trajectory_s.c
[10.522s] -- Installing: /workspaces/citros_example_robotic_arm/ros2_ws/install/control_msgs/lib/python3.8/site-packages/control_msgs/action/_point_head_s.c
[10.522s] -- Installing: /workspaces/citros_example_robotic_arm/ros2_ws/install/control_msgs/lib/python3.8/site-packages/control_msgs/action/_follow_joint_trajectory_s.c
[10.522s] -- Installing: /workspaces/citros_example_robotic_arm/ros2_ws/install/control_msgs/lib/python3.8/site-packages/control_msgs/action/_single_joint_position.py
[10.522s] -- Installing: /workspaces/citros_example_robotic_arm/ros2_ws/install/control_msgs/lib/python3.8/site-packages/control_msgs/action/_point_head.py
[10.522s] -- Installing: /workspaces/citros_example_robotic_arm/ros2_ws/install/control_msgs/lib/python3.8/site-packages/control_msgs/action/_joint_trajectory.py
[10.523s] -- Installing: /workspaces/citros_example_robotic_arm/ros2_ws/install/control_msgs/lib/python3.8/site-packages/control_msgs/action/__init__.py
[10.523s] -- Installing: /workspaces/citros_example_robotic_arm/ros2_ws/install/control_msgs/lib/python3.8/site-packages/control_msgs/action/_single_joint_position_s.c
[10.523s] -- Installing: /workspaces/citros_example_robotic_arm/ros2_ws/install/control_msgs/lib/python3.8/site-packages/control_msgs/control_msgs_s__rosidl_typesupport_fastrtps_c.cpython-38-x86_64-linux-gnu.so
[10.523s] -- Set runtime path of "/workspaces/citros_example_robotic_arm/ros2_ws/install/control_msgs/lib/python3.8/site-packages/control_msgs/control_msgs_s__rosidl_typesupport_fastrtps_c.cpython-38-x86_64-linux-gnu.so" to ""
[10.523s] -- Installing: /workspaces/citros_example_robotic_arm/ros2_ws/install/control_msgs/lib/python3.8/site-packages/control_msgs/control_msgs_s__rosidl_typesupport_introspection_c.cpython-38-x86_64-linux-gnu.so
[10.524s] -- Set runtime path of "/workspaces/citros_example_robotic_arm/ros2_ws/install/control_msgs/lib/python3.8/site-packages/control_msgs/control_msgs_s__rosidl_typesupport_introspection_c.cpython-38-x86_64-linux-gnu.so" to ""
[10.524s] -- Installing: /workspaces/citros_example_robotic_arm/ros2_ws/install/control_msgs/lib/python3.8/site-packages/control_msgs/control_msgs_s__rosidl_typesupport_c.cpython-38-x86_64-linux-gnu.so
[10.524s] -- Set runtime path of "/workspaces/citros_example_robotic_arm/ros2_ws/install/control_msgs/lib/python3.8/site-packages/control_msgs/control_msgs_s__rosidl_typesupport_c.cpython-38-x86_64-linux-gnu.so" to ""
[10.524s] -- Installing: /workspaces/citros_example_robotic_arm/ros2_ws/install/control_msgs/lib/libcontrol_msgs__python.so
[10.525s] -- Set runtime path of "/workspaces/citros_example_robotic_arm/ros2_ws/install/control_msgs/lib/libcontrol_msgs__python.so" to ""
[10.525s] -- Installing: /workspaces/citros_example_robotic_arm/ros2_ws/install/control_msgs/share/control_msgs/msg/DynamicJointState.idl
[10.525s] -- Installing: /workspaces/citros_example_robotic_arm/ros2_ws/install/control_msgs/share/control_msgs/msg/GripperCommand.idl
[10.525s] -- Installing: /workspaces/citros_example_robotic_arm/ros2_ws/install/control_msgs/share/control_msgs/msg/InterfaceValue.idl
[10.525s] -- Installing: /workspaces/citros_example_robotic_arm/ros2_ws/install/control_msgs/share/control_msgs/msg/JointControllerState.idl
[10.525s] -- Installing: /workspaces/citros_example_robotic_arm/ros2_ws/install/control_msgs/share/control_msgs/msg/JointJog.idl
[10.525s] -- Installing: /workspaces/citros_example_robotic_arm/ros2_ws/install/control_msgs/share/control_msgs/msg/JointTolerance.idl
[10.525s] -- Installing: /workspaces/citros_example_robotic_arm/ros2_ws/install/control_msgs/share/control_msgs/msg/JointTrajectoryControllerState.idl
[10.525s] -- Installing: /workspaces/citros_example_robotic_arm/ros2_ws/install/control_msgs/share/control_msgs/msg/PidState.idl
[10.525s] -- Installing: /workspaces/citros_example_robotic_arm/ros2_ws/install/control_msgs/share/control_msgs/srv/QueryCalibrationState.idl
[10.525s] -- Installing: /workspaces/citros_example_robotic_arm/ros2_ws/install/control_msgs/share/control_msgs/srv/QueryTrajectoryState.idl
[10.525s] -- Installing: /workspaces/citros_example_robotic_arm/ros2_ws/install/control_msgs/share/control_msgs/action/FollowJointTrajectory.idl
[10.525s] -- Installing: /workspaces/citros_example_robotic_arm/ros2_ws/install/control_msgs/share/control_msgs/action/GripperCommand.idl
[10.525s] -- Installing: /workspaces/citros_example_robotic_arm/ros2_ws/install/control_msgs/share/control_msgs/action/JointTrajectory.idl
[10.525s] -- Installing: /workspaces/citros_example_robotic_arm/ros2_ws/install/control_msgs/share/control_msgs/action/PointHead.idl
[10.526s] -- Installing: /workspaces/citros_example_robotic_arm/ros2_ws/install/control_msgs/share/control_msgs/action/SingleJointPosition.idl
[10.526s] -- Installing: /workspaces/citros_example_robotic_arm/ros2_ws/install/control_msgs/share/control_msgs/msg/DynamicJointState.msg
[10.526s] -- Installing: /workspaces/citros_example_robotic_arm/ros2_ws/install/control_msgs/share/control_msgs/msg/GripperCommand.msg
[10.526s] -- Installing: /workspaces/citros_example_robotic_arm/ros2_ws/install/control_msgs/share/control_msgs/msg/InterfaceValue.msg
[10.526s] -- Installing: /workspaces/citros_example_robotic_arm/ros2_ws/install/control_msgs/share/control_msgs/msg/JointControllerState.msg
[10.526s] -- Installing: /workspaces/citros_example_robotic_arm/ros2_ws/install/control_msgs/share/control_msgs/msg/JointJog.msg
[10.526s] -- Installing: /workspaces/citros_example_robotic_arm/ros2_ws/install/control_msgs/share/control_msgs/msg/JointTolerance.msg
[10.526s] -- Installing: /workspaces/citros_example_robotic_arm/ros2_ws/install/control_msgs/share/control_msgs/msg/JointTrajectoryControllerState.msg
[10.526s] -- Installing: /workspaces/citros_example_robotic_arm/ros2_ws/install/control_msgs/share/control_msgs/msg/PidState.msg
[10.526s] -- Installing: /workspaces/citros_example_robotic_arm/ros2_ws/install/control_msgs/share/control_msgs/srv/QueryCalibrationState.srv
[10.526s] -- Installing: /workspaces/citros_example_robotic_arm/ros2_ws/install/control_msgs/share/control_msgs/srv/QueryCalibrationState_Request.msg
[10.526s] -- Installing: /workspaces/citros_example_robotic_arm/ros2_ws/install/control_msgs/share/control_msgs/srv/QueryCalibrationState_Response.msg
[10.526s] -- Installing: /workspaces/citros_example_robotic_arm/ros2_ws/install/control_msgs/share/control_msgs/srv/QueryTrajectoryState.srv
[10.526s] -- Installing: /workspaces/citros_example_robotic_arm/ros2_ws/install/control_msgs/share/control_msgs/srv/QueryTrajectoryState_Request.msg
[10.526s] -- Installing: /workspaces/citros_example_robotic_arm/ros2_ws/install/control_msgs/share/control_msgs/srv/QueryTrajectoryState_Response.msg
[10.526s] -- Installing: /workspaces/citros_example_robotic_arm/ros2_ws/install/control_msgs/share/control_msgs/action/FollowJointTrajectory.action
[10.526s] -- Installing: /workspaces/citros_example_robotic_arm/ros2_ws/install/control_msgs/share/control_msgs/action/GripperCommand.action
[10.527s] -- Installing: /workspaces/citros_example_robotic_arm/ros2_ws/install/control_msgs/share/control_msgs/action/JointTrajectory.action
[10.527s] -- Installing: /workspaces/citros_example_robotic_arm/ros2_ws/install/control_msgs/share/control_msgs/action/PointHead.action
[10.527s] -- Installing: /workspaces/citros_example_robotic_arm/ros2_ws/install/control_msgs/share/control_msgs/action/SingleJointPosition.action
[10.527s] -- Installing: /workspaces/citros_example_robotic_arm/ros2_ws/install/control_msgs/share/ament_index/resource_index/package_run_dependencies/control_msgs
[10.527s] -- Installing: /workspaces/citros_example_robotic_arm/ros2_ws/install/control_msgs/share/ament_index/resource_index/parent_prefix_path/control_msgs
[10.527s] -- Installing: /workspaces/citros_example_robotic_arm/ros2_ws/install/control_msgs/share/control_msgs/environment/ament_prefix_path.sh
[10.527s] -- Installing: /workspaces/citros_example_robotic_arm/ros2_ws/install/control_msgs/share/control_msgs/environment/ament_prefix_path.dsv
[10.527s] -- Installing: /workspaces/citros_example_robotic_arm/ros2_ws/install/control_msgs/share/control_msgs/environment/path.sh
[10.527s] -- Installing: /workspaces/citros_example_robotic_arm/ros2_ws/install/control_msgs/share/control_msgs/environment/path.dsv
[10.527s] -- Installing: /workspaces/citros_example_robotic_arm/ros2_ws/install/control_msgs/share/control_msgs/local_setup.bash
[10.527s] -- Installing: /workspaces/citros_example_robotic_arm/ros2_ws/install/control_msgs/share/control_msgs/local_setup.sh
[10.527s] -- Installing: /workspaces/citros_example_robotic_arm/ros2_ws/install/control_msgs/share/control_msgs/local_setup.zsh
[10.527s] -- Installing: /workspaces/citros_example_robotic_arm/ros2_ws/install/control_msgs/share/control_msgs/local_setup.dsv
[10.527s] -- Installing: /workspaces/citros_example_robotic_arm/ros2_ws/install/control_msgs/share/control_msgs/package.dsv
[10.527s] -- Installing: /workspaces/citros_example_robotic_arm/ros2_ws/install/control_msgs/share/ament_index/resource_index/packages/control_msgs
[10.528s] -- Installing: /workspaces/citros_example_robotic_arm/ros2_ws/install/control_msgs/share/control_msgs/cmake/control_msgs__rosidl_generator_cExport.cmake
[10.528s] -- Installing: /workspaces/citros_example_robotic_arm/ros2_ws/install/control_msgs/share/control_msgs/cmake/control_msgs__rosidl_generator_cExport-noconfig.cmake
[10.528s] -- Installing: /workspaces/citros_example_robotic_arm/ros2_ws/install/control_msgs/share/control_msgs/cmake/control_msgs__rosidl_typesupport_introspection_cExport.cmake
[10.528s] -- Installing: /workspaces/citros_example_robotic_arm/ros2_ws/install/control_msgs/share/control_msgs/cmake/control_msgs__rosidl_typesupport_introspection_cExport-noconfig.cmake
[10.528s] -- Installing: /workspaces/citros_example_robotic_arm/ros2_ws/install/control_msgs/share/control_msgs/cmake/control_msgs__rosidl_typesupport_cExport.cmake
[10.528s] -- Installing: /workspaces/citros_example_robotic_arm/ros2_ws/install/control_msgs/share/control_msgs/cmake/control_msgs__rosidl_typesupport_cExport-noconfig.cmake
[10.528s] -- Installing: /workspaces/citros_example_robotic_arm/ros2_ws/install/control_msgs/share/control_msgs/cmake/control_msgs__rosidl_generator_cppExport.cmake
[10.528s] -- Installing: /workspaces/citros_example_robotic_arm/ros2_ws/install/control_msgs/share/control_msgs/cmake/control_msgs__rosidl_typesupport_introspection_cppExport.cmake
[10.528s] -- Installing: /workspaces/citros_example_robotic_arm/ros2_ws/install/control_msgs/share/control_msgs/cmake/control_msgs__rosidl_typesupport_introspection_cppExport-noconfig.cmake
[10.528s] -- Installing: /workspaces/citros_example_robotic_arm/ros2_ws/install/control_msgs/share/control_msgs/cmake/control_msgs__rosidl_typesupport_cppExport.cmake
[10.528s] -- Installing: /workspaces/citros_example_robotic_arm/ros2_ws/install/control_msgs/share/control_msgs/cmake/control_msgs__rosidl_typesupport_cppExport-noconfig.cmake
[10.529s] -- Installing: /workspaces/citros_example_robotic_arm/ros2_ws/install/control_msgs/share/control_msgs/cmake/rosidl_cmake-extras.cmake
[10.529s] -- Installing: /workspaces/citros_example_robotic_arm/ros2_ws/install/control_msgs/share/control_msgs/cmake/ament_cmake_export_dependencies-extras.cmake
[10.529s] -- Installing: /workspaces/citros_example_robotic_arm/ros2_ws/install/control_msgs/share/control_msgs/cmake/ament_cmake_export_libraries-extras.cmake
[10.529s] -- Installing: /workspaces/citros_example_robotic_arm/ros2_ws/install/control_msgs/share/control_msgs/cmake/ament_cmake_export_targets-extras.cmake
[10.529s] -- Installing: /workspaces/citros_example_robotic_arm/ros2_ws/install/control_msgs/share/control_msgs/cmake/ament_cmake_export_include_directories-extras.cmake
[10.529s] -- Installing: /workspaces/citros_example_robotic_arm/ros2_ws/install/control_msgs/share/control_msgs/cmake/rosidl_cmake_export_typesupport_libraries-extras.cmake
[10.529s] -- Installing: /workspaces/citros_example_robotic_arm/ros2_ws/install/control_msgs/share/control_msgs/cmake/rosidl_cmake_export_typesupport_targets-extras.cmake
[10.529s] -- Installing: /workspaces/citros_example_robotic_arm/ros2_ws/install/control_msgs/share/control_msgs/cmake/control_msgsConfig.cmake
[10.529s] -- Installing: /workspaces/citros_example_robotic_arm/ros2_ws/install/control_msgs/share/control_msgs/cmake/control_msgsConfig-version.cmake
[10.529s] -- Installing: /workspaces/citros_example_robotic_arm/ros2_ws/install/control_msgs/share/control_msgs/package.xml
[10.531s] Invoked command in '/workspaces/citros_example_robotic_arm/ros2_ws/build/control_msgs' returned '0': CMAKE_PREFIX_PATH=/opt/ros/foxy /usr/bin/cmake --install /workspaces/citros_example_robotic_arm/ros2_ws/build/control_msgs
