[0.010s] Invoking command in '/workspaces/citros_example_robotic_arm/franka_ros2_ws/build/franka_bringup': AMENT_PREFIX_PATH=/workspaces/citros_example_robotic_arm/franka_ros2_ws/install/franka_hardware:/workspaces/citros_example_robotic_arm/franka_ros2_ws/install/franka_msgs:/workspaces/citros_example_robotic_arm/franka_ros2_ws/install/franka_description:${AMENT_PREFIX_PATH} CMAKE_PREFIX_PATH=/workspaces/citros_example_robotic_arm/franka_ros2_ws/install/franka_hardware:/workspaces/citros_example_robotic_arm/franka_ros2_ws/install/franka_msgs:/workspaces/citros_example_robotic_arm/franka_ros2_ws/install/franka_description:/opt/ros/foxy LD_LIBRARY_PATH=/workspaces/citros_example_robotic_arm/franka_ros2_ws/install/franka_hardware/lib:/workspaces/citros_example_robotic_arm/franka_ros2_ws/install/franka_msgs/lib:${LD_LIBRARY_PATH} PYTHONPATH=/workspaces/citros_example_robotic_arm/franka_ros2_ws/install/franka_msgs/lib/python3.8/site-packages:${PYTHONPATH} /usr/bin/cmake /workspaces/citros_example_robotic_arm/franka_ros2_ws/src/franka_ros2/franka_bringup -DCMAKE_INSTALL_PREFIX=/workspaces/citros_example_robotic_arm/franka_ros2_ws/install/franka_bringup
[0.045s] -- The C compiler identification is GNU 9.4.0
[0.081s] -- The CXX compiler identification is GNU 9.4.0
[0.085s] -- Check for working C compiler: /usr/bin/cc
[0.132s] -- Check for working C compiler: /usr/bin/cc -- works
[0.133s] -- Detecting C compiler ABI info
[0.180s] -- Detecting C compiler ABI info - done
[0.188s] -- Detecting C compile features
[0.188s] -- Detecting C compile features - done
[0.190s] -- Check for working CXX compiler: /usr/bin/c++
[0.245s] -- Check for working CXX compiler: /usr/bin/c++ -- works
[0.246s] -- Detecting CXX compiler ABI info
[0.301s] -- Detecting CXX compiler ABI info - done
[0.310s] -- Detecting CXX compile features
[0.310s] -- Detecting CXX compile features - done
[0.312s] -- Found ament_cmake: 0.9.11 (/opt/ros/foxy/share/ament_cmake/cmake)
[0.331s] -- Found PythonInterp: /usr/bin/python3 (found suitable version "3.8.10", minimum required is "3") 
[0.331s] -- Using PYTHON_EXECUTABLE: /usr/bin/python3
[0.450s] -- Found ament_lint_auto: 0.9.7 (/opt/ros/foxy/share/ament_lint_auto/cmake)
[0.504s] -- Added test 'copyright' to check source files copyright and LICENSE
[0.505s] -- Added test 'flake8' to check Python code syntax and style conventions
[0.506s] -- Added test 'lint_cmake' to check CMake code style
[0.506s] -- Added test 'pep257' to check Python code against some of the style conventions in PEP 257
[0.506s] -- Added test 'xmllint' to check XML markup files
[0.508s] -- Configuring done
[0.509s] -- Generating done
[0.509s] -- Build files have been written to: /workspaces/citros_example_robotic_arm/franka_ros2_ws/build/franka_bringup
[0.512s] Invoked command in '/workspaces/citros_example_robotic_arm/franka_ros2_ws/build/franka_bringup' returned '0': AMENT_PREFIX_PATH=/workspaces/citros_example_robotic_arm/franka_ros2_ws/install/franka_hardware:/workspaces/citros_example_robotic_arm/franka_ros2_ws/install/franka_msgs:/workspaces/citros_example_robotic_arm/franka_ros2_ws/install/franka_description:${AMENT_PREFIX_PATH} CMAKE_PREFIX_PATH=/workspaces/citros_example_robotic_arm/franka_ros2_ws/install/franka_hardware:/workspaces/citros_example_robotic_arm/franka_ros2_ws/install/franka_msgs:/workspaces/citros_example_robotic_arm/franka_ros2_ws/install/franka_description:/opt/ros/foxy LD_LIBRARY_PATH=/workspaces/citros_example_robotic_arm/franka_ros2_ws/install/franka_hardware/lib:/workspaces/citros_example_robotic_arm/franka_ros2_ws/install/franka_msgs/lib:${LD_LIBRARY_PATH} PYTHONPATH=/workspaces/citros_example_robotic_arm/franka_ros2_ws/install/franka_msgs/lib/python3.8/site-packages:${PYTHONPATH} /usr/bin/cmake /workspaces/citros_example_robotic_arm/franka_ros2_ws/src/franka_ros2/franka_bringup -DCMAKE_INSTALL_PREFIX=/workspaces/citros_example_robotic_arm/franka_ros2_ws/install/franka_bringup
[0.514s] Invoking command in '/workspaces/citros_example_robotic_arm/franka_ros2_ws/build/franka_bringup': AMENT_PREFIX_PATH=/workspaces/citros_example_robotic_arm/franka_ros2_ws/install/franka_hardware:/workspaces/citros_example_robotic_arm/franka_ros2_ws/install/franka_msgs:/workspaces/citros_example_robotic_arm/franka_ros2_ws/install/franka_description:${AMENT_PREFIX_PATH} CMAKE_PREFIX_PATH=/workspaces/citros_example_robotic_arm/franka_ros2_ws/install/franka_hardware:/workspaces/citros_example_robotic_arm/franka_ros2_ws/install/franka_msgs:/workspaces/citros_example_robotic_arm/franka_ros2_ws/install/franka_description:/opt/ros/foxy LD_LIBRARY_PATH=/workspaces/citros_example_robotic_arm/franka_ros2_ws/install/franka_hardware/lib:/workspaces/citros_example_robotic_arm/franka_ros2_ws/install/franka_msgs/lib:${LD_LIBRARY_PATH} PYTHONPATH=/workspaces/citros_example_robotic_arm/franka_ros2_ws/install/franka_msgs/lib/python3.8/site-packages:${PYTHONPATH} /usr/bin/cmake --build /workspaces/citros_example_robotic_arm/franka_ros2_ws/build/franka_bringup -- -j20 -l20
[0.543s] Invoked command in '/workspaces/citros_example_robotic_arm/franka_ros2_ws/build/franka_bringup' returned '0': AMENT_PREFIX_PATH=/workspaces/citros_example_robotic_arm/franka_ros2_ws/install/franka_hardware:/workspaces/citros_example_robotic_arm/franka_ros2_ws/install/franka_msgs:/workspaces/citros_example_robotic_arm/franka_ros2_ws/install/franka_description:${AMENT_PREFIX_PATH} CMAKE_PREFIX_PATH=/workspaces/citros_example_robotic_arm/franka_ros2_ws/install/franka_hardware:/workspaces/citros_example_robotic_arm/franka_ros2_ws/install/franka_msgs:/workspaces/citros_example_robotic_arm/franka_ros2_ws/install/franka_description:/opt/ros/foxy LD_LIBRARY_PATH=/workspaces/citros_example_robotic_arm/franka_ros2_ws/install/franka_hardware/lib:/workspaces/citros_example_robotic_arm/franka_ros2_ws/install/franka_msgs/lib:${LD_LIBRARY_PATH} PYTHONPATH=/workspaces/citros_example_robotic_arm/franka_ros2_ws/install/franka_msgs/lib/python3.8/site-packages:${PYTHONPATH} /usr/bin/cmake --build /workspaces/citros_example_robotic_arm/franka_ros2_ws/build/franka_bringup -- -j20 -l20
[0.557s] Invoking command in '/workspaces/citros_example_robotic_arm/franka_ros2_ws/build/franka_bringup': AMENT_PREFIX_PATH=/workspaces/citros_example_robotic_arm/franka_ros2_ws/install/franka_hardware:/workspaces/citros_example_robotic_arm/franka_ros2_ws/install/franka_msgs:/workspaces/citros_example_robotic_arm/franka_ros2_ws/install/franka_description:${AMENT_PREFIX_PATH} CMAKE_PREFIX_PATH=/workspaces/citros_example_robotic_arm/franka_ros2_ws/install/franka_hardware:/workspaces/citros_example_robotic_arm/franka_ros2_ws/install/franka_msgs:/workspaces/citros_example_robotic_arm/franka_ros2_ws/install/franka_description:/opt/ros/foxy LD_LIBRARY_PATH=/workspaces/citros_example_robotic_arm/franka_ros2_ws/install/franka_hardware/lib:/workspaces/citros_example_robotic_arm/franka_ros2_ws/install/franka_msgs/lib:${LD_LIBRARY_PATH} PYTHONPATH=/workspaces/citros_example_robotic_arm/franka_ros2_ws/install/franka_msgs/lib/python3.8/site-packages:${PYTHONPATH} /usr/bin/cmake --install /workspaces/citros_example_robotic_arm/franka_ros2_ws/build/franka_bringup
[0.563s] -- Install configuration: ""
[0.563s] -- Installing: /workspaces/citros_example_robotic_arm/franka_ros2_ws/install/franka_bringup/share/franka_bringup/config
[0.563s] -- Installing: /workspaces/citros_example_robotic_arm/franka_ros2_ws/install/franka_bringup/share/franka_bringup/config/controllers.yaml
[0.563s] -- Installing: /workspaces/citros_example_robotic_arm/franka_ros2_ws/install/franka_bringup/share/franka_bringup/launch
[0.563s] -- Installing: /workspaces/citros_example_robotic_arm/franka_ros2_ws/install/franka_bringup/share/franka_bringup/launch/move_to_start_example_controller.launch.py
[0.563s] -- Installing: /workspaces/citros_example_robotic_arm/franka_ros2_ws/install/franka_bringup/share/franka_bringup/launch/joint_impedance_example_controller.launch.py
[0.563s] -- Installing: /workspaces/citros_example_robotic_arm/franka_ros2_ws/install/franka_bringup/share/franka_bringup/launch/gravity_compensation_example_controller.launch.py
[0.563s] -- Installing: /workspaces/citros_example_robotic_arm/franka_ros2_ws/install/franka_bringup/share/franka_bringup/launch/franka.launch.py
[0.563s] -- Installing: /workspaces/citros_example_robotic_arm/franka_ros2_ws/install/franka_bringup/share/ament_index/resource_index/package_run_dependencies/franka_bringup
[0.563s] -- Installing: /workspaces/citros_example_robotic_arm/franka_ros2_ws/install/franka_bringup/share/ament_index/resource_index/parent_prefix_path/franka_bringup
[0.563s] -- Installing: /workspaces/citros_example_robotic_arm/franka_ros2_ws/install/franka_bringup/share/franka_bringup/environment/ament_prefix_path.sh
[0.563s] -- Installing: /workspaces/citros_example_robotic_arm/franka_ros2_ws/install/franka_bringup/share/franka_bringup/environment/ament_prefix_path.dsv
[0.563s] -- Installing: /workspaces/citros_example_robotic_arm/franka_ros2_ws/install/franka_bringup/share/franka_bringup/environment/path.sh
[0.564s] -- Installing: /workspaces/citros_example_robotic_arm/franka_ros2_ws/install/franka_bringup/share/franka_bringup/environment/path.dsv
[0.564s] -- Installing: /workspaces/citros_example_robotic_arm/franka_ros2_ws/install/franka_bringup/share/franka_bringup/local_setup.bash
[0.564s] -- Installing: /workspaces/citros_example_robotic_arm/franka_ros2_ws/install/franka_bringup/share/franka_bringup/local_setup.sh
[0.564s] -- Installing: /workspaces/citros_example_robotic_arm/franka_ros2_ws/install/franka_bringup/share/franka_bringup/local_setup.zsh
[0.564s] -- Installing: /workspaces/citros_example_robotic_arm/franka_ros2_ws/install/franka_bringup/share/franka_bringup/local_setup.dsv
[0.564s] -- Installing: /workspaces/citros_example_robotic_arm/franka_ros2_ws/install/franka_bringup/share/franka_bringup/package.dsv
[0.564s] -- Installing: /workspaces/citros_example_robotic_arm/franka_ros2_ws/install/franka_bringup/share/ament_index/resource_index/packages/franka_bringup
[0.564s] -- Installing: /workspaces/citros_example_robotic_arm/franka_ros2_ws/install/franka_bringup/share/franka_bringup/cmake/franka_bringupConfig.cmake
[0.564s] -- Installing: /workspaces/citros_example_robotic_arm/franka_ros2_ws/install/franka_bringup/share/franka_bringup/cmake/franka_bringupConfig-version.cmake
[0.564s] -- Installing: /workspaces/citros_example_robotic_arm/franka_ros2_ws/install/franka_bringup/share/franka_bringup/package.xml
[0.567s] Invoked command in '/workspaces/citros_example_robotic_arm/franka_ros2_ws/build/franka_bringup' returned '0': AMENT_PREFIX_PATH=/workspaces/citros_example_robotic_arm/franka_ros2_ws/install/franka_hardware:/workspaces/citros_example_robotic_arm/franka_ros2_ws/install/franka_msgs:/workspaces/citros_example_robotic_arm/franka_ros2_ws/install/franka_description:${AMENT_PREFIX_PATH} CMAKE_PREFIX_PATH=/workspaces/citros_example_robotic_arm/franka_ros2_ws/install/franka_hardware:/workspaces/citros_example_robotic_arm/franka_ros2_ws/install/franka_msgs:/workspaces/citros_example_robotic_arm/franka_ros2_ws/install/franka_description:/opt/ros/foxy LD_LIBRARY_PATH=/workspaces/citros_example_robotic_arm/franka_ros2_ws/install/franka_hardware/lib:/workspaces/citros_example_robotic_arm/franka_ros2_ws/install/franka_msgs/lib:${LD_LIBRARY_PATH} PYTHONPATH=/workspaces/citros_example_robotic_arm/franka_ros2_ws/install/franka_msgs/lib/python3.8/site-packages:${PYTHONPATH} /usr/bin/cmake --install /workspaces/citros_example_robotic_arm/franka_ros2_ws/build/franka_bringup
