[0.009s] Invoking command in '/workspaces/citros_example_robotic_arm/ros2_ws/build/realtime_tools': CMAKE_PREFIX_PATH=/opt/ros/foxy /usr/bin/cmake /workspaces/citros_example_robotic_arm/ros2_ws/src/ros-controls/realtime_tools -DCMAKE_INSTALL_PREFIX=/workspaces/citros_example_robotic_arm/ros2_ws/install/realtime_tools
[0.043s] -- The C compiler identification is GNU 9.4.0
[0.078s] -- The CXX compiler identification is GNU 9.4.0
[0.080s] -- Check for working C compiler: /usr/bin/cc
[0.125s] -- Check for working C compiler: /usr/bin/cc -- works
[0.126s] -- Detecting C compiler ABI info
[0.169s] -- Detecting C compiler ABI info - done
[0.177s] -- Detecting C compile features
[0.178s] -- Detecting C compile features - done
[0.179s] -- Check for working CXX compiler: /usr/bin/c++
[0.232s] -- Check for working CXX compiler: /usr/bin/c++ -- works
[0.234s] -- Detecting CXX compiler ABI info
[0.283s] -- Detecting CXX compiler ABI info - done
[0.290s] -- Detecting CXX compile features
[0.291s] -- Detecting CXX compile features - done
[0.293s] -- Found ament_cmake: 0.9.11 (/opt/ros/foxy/share/ament_cmake/cmake)
[0.310s] -- Found PythonInterp: /usr/bin/python3 (found suitable version "3.8.10", minimum required is "3") 
[0.310s] -- Using PYTHON_EXECUTABLE: /usr/bin/python3
[0.426s] -- Found rclcpp: 2.4.2 (/opt/ros/foxy/share/rclcpp/cmake)
[0.460s] -- Using all available rosidl_typesupport_c: rosidl_typesupport_fastrtps_c;rosidl_typesupport_introspection_c
[0.466s] -- Found rosidl_adapter: 1.3.0 (/opt/ros/foxy/share/rosidl_adapter/cmake)
[0.524s] -- Found OpenSSL: /usr/lib/x86_64-linux-gnu/libcrypto.so (found version "1.1.1f")  
[0.550s] -- Found FastRTPS: /opt/ros/foxy/include  
[0.612s] -- Using all available rosidl_typesupport_cpp: rosidl_typesupport_fastrtps_cpp;rosidl_typesupport_introspection_cpp
[0.651s] -- Found rmw_implementation_cmake: 1.0.3 (/opt/ros/foxy/share/rmw_implementation_cmake/cmake)
[0.652s] -- Using RMW implementation 'rmw_cyclonedds_cpp' as default
[0.661s] -- Looking for pthread.h
[0.707s] -- Looking for pthread.h - found
[0.707s] -- Performing Test CMAKE_HAVE_LIBC_PTHREAD
[0.755s] -- Performing Test CMAKE_HAVE_LIBC_PTHREAD - Failed
[0.756s] -- Looking for pthread_create in pthreads
[0.793s] -- Looking for pthread_create in pthreads - not found
[0.793s] -- Looking for pthread_create in pthread
[0.842s] -- Looking for pthread_create in pthread - found
[0.843s] -- Found Threads: TRUE  
[0.946s] -- Found rclcpp_action: 2.4.2 (/opt/ros/foxy/share/rclcpp_action/cmake)
[1.001s] -- Found ament_cmake_cppcheck: 0.9.7 (/opt/ros/foxy/share/ament_cmake_cppcheck/cmake)
[1.002s] -- Found ament_cmake_cpplint: 0.9.7 (/opt/ros/foxy/share/ament_cmake_cpplint/cmake)
[1.004s] -- Found ament_cmake_lint_cmake: 0.9.7 (/opt/ros/foxy/share/ament_cmake_lint_cmake/cmake)
[1.005s] -- Found ament_cmake_uncrustify: 0.9.7 (/opt/ros/foxy/share/ament_cmake_uncrustify/cmake)
[1.007s] -- Found ament_cmake_gmock: 0.9.11 (/opt/ros/foxy/share/ament_cmake_gmock/cmake)
[1.009s] -- Found test_msgs: 1.0.0 (/opt/ros/foxy/share/test_msgs/cmake)
[1.060s] -- Found gmock sources under '/opt/ros/foxy/src/gmock_vendor': C++ tests using 'Google Mock' will be built
[1.064s] -- Found ament_cmake_gtest: 0.9.11 (/opt/ros/foxy/share/ament_cmake_gtest/cmake)
[1.065s] -- Found gtest sources under '/opt/ros/foxy/src/gtest_vendor': C++ tests using 'Google Test' will be built
[1.109s] -- Configuring done
[1.173s] -- Generating done
[1.175s] -- Build files have been written to: /workspaces/citros_example_robotic_arm/ros2_ws/build/realtime_tools
[1.183s] Invoked command in '/workspaces/citros_example_robotic_arm/ros2_ws/build/realtime_tools' returned '0': CMAKE_PREFIX_PATH=/opt/ros/foxy /usr/bin/cmake /workspaces/citros_example_robotic_arm/ros2_ws/src/ros-controls/realtime_tools -DCMAKE_INSTALL_PREFIX=/workspaces/citros_example_robotic_arm/ros2_ws/install/realtime_tools
[1.184s] Invoking command in '/workspaces/citros_example_robotic_arm/ros2_ws/build/realtime_tools': CMAKE_PREFIX_PATH=/opt/ros/foxy /usr/bin/cmake --build /workspaces/citros_example_robotic_arm/ros2_ws/build/realtime_tools -- -j20 -l20
[1.209s] [35m[1mScanning dependencies of target realtime_tools[0m
[1.209s] [35m[1mScanning dependencies of target gmock_main[0m
[1.209s] [35m[1mScanning dependencies of target gmock[0m
[1.220s] [  5%] [32mBuilding CXX object CMakeFiles/realtime_tools.dir/src/realtime_clock.cpp.o[0m
[1.230s] [ 11%] [32mBuilding CXX object gmock/CMakeFiles/gmock_main.dir/src/gmock_main.cc.o[0m
[1.236s] [ 17%] [32mBuilding CXX object gmock/CMakeFiles/gmock.dir/opt/ros/foxy/src/gtest_vendor/src/gtest-all.cc.o[0m
[1.236s] [ 23%] [32mBuilding CXX object gmock/CMakeFiles/gmock.dir/src/gmock-all.cc.o[0m
[1.612s] [ 29%] [32m[1mLinking CXX static library librealtime_tools.a[0m
[1.634s] [ 29%] Built target realtime_tools
[1.721s] [ 35%] [32m[1mLinking CXX static library libgmock_main.a[0m
[1.742s] [ 35%] Built target gmock_main
[3.159s] [ 41%] [32m[1mLinking CXX static library libgmock.a[0m
[3.203s] [ 41%] Built target gmock
[3.210s] [35m[1mScanning dependencies of target realtime_buffer_tests[0m
[3.213s] [35m[1mScanning dependencies of target realtime_clock_tests[0m
[3.213s] [35m[1mScanning dependencies of target realtime_publisher_tests[0m
[3.213s] [35m[1mScanning dependencies of target realtime_server_goal_handle_tests[0m
[3.214s] [35m[1mScanning dependencies of target realtime_box_tests[0m
[3.224s] [ 47%] [32mBuilding CXX object CMakeFiles/realtime_buffer_tests.dir/test/realtime_buffer_tests.cpp.o[0m
[3.231s] [ 52%] [32mBuilding CXX object CMakeFiles/realtime_box_tests.dir/test/realtime_box_tests.cpp.o[0m
[3.238s] [ 58%] [32mBuilding CXX object CMakeFiles/realtime_clock_tests.dir/test/realtime_clock_tests.cpp.o[0m
[3.258s] [ 64%] [32mBuilding CXX object CMakeFiles/realtime_publisher_tests.dir/test/realtime_publisher_tests.cpp.o[0m
[3.263s] [ 70%] [32mBuilding CXX object CMakeFiles/realtime_server_goal_handle_tests.dir/test/realtime_server_goal_handle_tests.cpp.o[0m
[4.463s] [ 76%] [32m[1mLinking CXX executable realtime_buffer_tests[0m
[4.557s] [ 82%] [32m[1mLinking CXX executable realtime_clock_tests[0m
[4.596s] [ 88%] [32m[1mLinking CXX executable realtime_box_tests[0m
[4.849s] [ 88%] Built target realtime_buffer_tests
[4.958s] [ 88%] Built target realtime_box_tests
[5.035s] [ 88%] Built target realtime_clock_tests
[7.045s] [ 94%] [32m[1mLinking CXX executable realtime_server_goal_handle_tests[0m
[7.355s] [ 94%] Built target realtime_server_goal_handle_tests
[7.522s] [100%] [32m[1mLinking CXX executable realtime_publisher_tests[0m
[7.870s] [100%] Built target realtime_publisher_tests
[7.882s] Invoked command in '/workspaces/citros_example_robotic_arm/ros2_ws/build/realtime_tools' returned '0': CMAKE_PREFIX_PATH=/opt/ros/foxy /usr/bin/cmake --build /workspaces/citros_example_robotic_arm/ros2_ws/build/realtime_tools -- -j20 -l20
[7.912s] Invoking command in '/workspaces/citros_example_robotic_arm/ros2_ws/build/realtime_tools': CMAKE_PREFIX_PATH=/opt/ros/foxy /usr/bin/cmake --install /workspaces/citros_example_robotic_arm/ros2_ws/build/realtime_tools
[7.917s] -- Install configuration: ""
[7.917s] -- Installing: /workspaces/citros_example_robotic_arm/ros2_ws/install/realtime_tools/include
[7.917s] -- Installing: /workspaces/citros_example_robotic_arm/ros2_ws/install/realtime_tools/include/realtime_tools
[7.917s] -- Installing: /workspaces/citros_example_robotic_arm/ros2_ws/install/realtime_tools/include/realtime_tools/realtime_clock.h
[7.917s] -- Installing: /workspaces/citros_example_robotic_arm/ros2_ws/install/realtime_tools/include/realtime_tools/realtime_buffer.h
[7.917s] -- Installing: /workspaces/citros_example_robotic_arm/ros2_ws/install/realtime_tools/include/realtime_tools/realtime_server_goal_handle.h
[7.917s] -- Installing: /workspaces/citros_example_robotic_arm/ros2_ws/install/realtime_tools/include/realtime_tools/realtime_box.h
[7.917s] -- Installing: /workspaces/citros_example_robotic_arm/ros2_ws/install/realtime_tools/include/realtime_tools/realtime_publisher.h
[7.918s] -- Installing: /workspaces/citros_example_robotic_arm/ros2_ws/install/realtime_tools/lib/librealtime_tools.a
[7.918s] -- Installing: /workspaces/citros_example_robotic_arm/ros2_ws/install/realtime_tools/share/realtime_tools/environment/library_path.sh
[7.918s] -- Installing: /workspaces/citros_example_robotic_arm/ros2_ws/install/realtime_tools/share/realtime_tools/environment/library_path.dsv
[7.918s] -- Installing: /workspaces/citros_example_robotic_arm/ros2_ws/install/realtime_tools/share/ament_index/resource_index/package_run_dependencies/realtime_tools
[7.918s] -- Installing: /workspaces/citros_example_robotic_arm/ros2_ws/install/realtime_tools/share/ament_index/resource_index/parent_prefix_path/realtime_tools
[7.918s] -- Installing: /workspaces/citros_example_robotic_arm/ros2_ws/install/realtime_tools/share/realtime_tools/environment/ament_prefix_path.sh
[7.918s] -- Installing: /workspaces/citros_example_robotic_arm/ros2_ws/install/realtime_tools/share/realtime_tools/environment/ament_prefix_path.dsv
[7.919s] -- Installing: /workspaces/citros_example_robotic_arm/ros2_ws/install/realtime_tools/share/realtime_tools/environment/path.sh
[7.919s] -- Installing: /workspaces/citros_example_robotic_arm/ros2_ws/install/realtime_tools/share/realtime_tools/environment/path.dsv
[7.919s] -- Installing: /workspaces/citros_example_robotic_arm/ros2_ws/install/realtime_tools/share/realtime_tools/local_setup.bash
[7.919s] -- Installing: /workspaces/citros_example_robotic_arm/ros2_ws/install/realtime_tools/share/realtime_tools/local_setup.sh
[7.919s] -- Installing: /workspaces/citros_example_robotic_arm/ros2_ws/install/realtime_tools/share/realtime_tools/local_setup.zsh
[7.919s] -- Installing: /workspaces/citros_example_robotic_arm/ros2_ws/install/realtime_tools/share/realtime_tools/local_setup.dsv
[7.919s] -- Installing: /workspaces/citros_example_robotic_arm/ros2_ws/install/realtime_tools/share/realtime_tools/package.dsv
[7.919s] -- Installing: /workspaces/citros_example_robotic_arm/ros2_ws/install/realtime_tools/share/ament_index/resource_index/packages/realtime_tools
[7.919s] -- Installing: /workspaces/citros_example_robotic_arm/ros2_ws/install/realtime_tools/share/realtime_tools/cmake/ament_cmake_export_include_directories-extras.cmake
[7.919s] -- Installing: /workspaces/citros_example_robotic_arm/ros2_ws/install/realtime_tools/share/realtime_tools/cmake/ament_cmake_export_libraries-extras.cmake
[7.921s] -- Installing: /workspaces/citros_example_robotic_arm/ros2_ws/install/realtime_tools/share/realtime_tools/cmake/ament_cmake_export_dependencies-extras.cmake
[7.921s] -- Installing: /workspaces/citros_example_robotic_arm/ros2_ws/install/realtime_tools/share/realtime_tools/cmake/realtime_toolsConfig.cmake
[7.922s] -- Installing: /workspaces/citros_example_robotic_arm/ros2_ws/install/realtime_tools/share/realtime_tools/cmake/realtime_toolsConfig-version.cmake
[7.922s] -- Installing: /workspaces/citros_example_robotic_arm/ros2_ws/install/realtime_tools/share/realtime_tools/package.xml
[7.922s] Invoked command in '/workspaces/citros_example_robotic_arm/ros2_ws/build/realtime_tools' returned '0': CMAKE_PREFIX_PATH=/opt/ros/foxy /usr/bin/cmake --install /workspaces/citros_example_robotic_arm/ros2_ws/build/realtime_tools
