[ 50%] Built target franka_gripper_node
[100%] Built target gripper_server
-- Install configuration: ""
-- Up-to-date: /workspaces/citros_example_robotic_arm/franka_ros2_ws/install/franka_gripper/lib/franka_gripper/franka_gripper_node
-- Up-to-date: /workspaces/citros_example_robotic_arm/franka_ros2_ws/install/franka_gripper/lib/libgripper_server.so
-- Up-to-date: /workspaces/citros_example_robotic_arm/franka_ros2_ws/install/franka_gripper/share/franka_gripper//launch
-- Up-to-date: /workspaces/citros_example_robotic_arm/franka_ros2_ws/install/franka_gripper/share/franka_gripper//launch/gripper.launch.py
-- Up-to-date: /workspaces/citros_example_robotic_arm/franka_ros2_ws/install/franka_gripper/share/franka_gripper//config
-- Up-to-date: /workspaces/citros_example_robotic_arm/franka_ros2_ws/install/franka_gripper/share/franka_gripper//config/franka_gripper_node.yaml
-- Up-to-date: /workspaces/citros_example_robotic_arm/franka_ros2_ws/install/franka_gripper/share/franka_gripper/environment/pythonpath.sh
-- Up-to-date: /workspaces/citros_example_robotic_arm/franka_ros2_ws/install/franka_gripper/share/franka_gripper/environment/pythonpath.dsv
-- Up-to-date: /workspaces/citros_example_robotic_arm/franka_ros2_ws/install/franka_gripper/lib/python3.8/site-packages/franka_gripper
-- Up-to-date: /workspaces/citros_example_robotic_arm/franka_ros2_ws/install/franka_gripper/lib/python3.8/site-packages/franka_gripper/__init__.py
Listing '/workspaces/citros_example_robotic_arm/franka_ros2_ws/install/franka_gripper/lib/python3.8/site-packages/franka_gripper'...
-- Up-to-date: /workspaces/citros_example_robotic_arm/franka_ros2_ws/install/franka_gripper/lib/franka_gripper/fake_gripper_state_publisher.py
-- Up-to-date: /workspaces/citros_example_robotic_arm/franka_ros2_ws/install/franka_gripper/share/ament_index/resource_index/package_run_dependencies/franka_gripper
-- Up-to-date: /workspaces/citros_example_robotic_arm/franka_ros2_ws/install/franka_gripper/share/ament_index/resource_index/parent_prefix_path/franka_gripper
-- Up-to-date: /workspaces/citros_example_robotic_arm/franka_ros2_ws/install/franka_gripper/share/franka_gripper/environment/ament_prefix_path.sh
-- Up-to-date: /workspaces/citros_example_robotic_arm/franka_ros2_ws/install/franka_gripper/share/franka_gripper/environment/ament_prefix_path.dsv
-- Up-to-date: /workspaces/citros_example_robotic_arm/franka_ros2_ws/install/franka_gripper/share/franka_gripper/environment/path.sh
-- Up-to-date: /workspaces/citros_example_robotic_arm/franka_ros2_ws/install/franka_gripper/share/franka_gripper/environment/path.dsv
-- Up-to-date: /workspaces/citros_example_robotic_arm/franka_ros2_ws/install/franka_gripper/share/franka_gripper/local_setup.bash
-- Up-to-date: /workspaces/citros_example_robotic_arm/franka_ros2_ws/install/franka_gripper/share/franka_gripper/local_setup.sh
-- Up-to-date: /workspaces/citros_example_robotic_arm/franka_ros2_ws/install/franka_gripper/share/franka_gripper/local_setup.zsh
-- Up-to-date: /workspaces/citros_example_robotic_arm/franka_ros2_ws/install/franka_gripper/share/franka_gripper/local_setup.dsv
-- Installing: /workspaces/citros_example_robotic_arm/franka_ros2_ws/install/franka_gripper/share/franka_gripper/package.dsv
-- Up-to-date: /workspaces/citros_example_robotic_arm/franka_ros2_ws/install/franka_gripper/share/ament_index/resource_index/packages/franka_gripper
-- Up-to-date: /workspaces/citros_example_robotic_arm/franka_ros2_ws/install/franka_gripper/share/ament_index/resource_index/rclcpp_components/franka_gripper
-- Up-to-date: /workspaces/citros_example_robotic_arm/franka_ros2_ws/install/franka_gripper/share/franka_gripper/cmake/franka_gripperConfig.cmake
-- Up-to-date: /workspaces/citros_example_robotic_arm/franka_ros2_ws/install/franka_gripper/share/franka_gripper/cmake/franka_gripperConfig-version.cmake
-- Up-to-date: /workspaces/citros_example_robotic_arm/franka_ros2_ws/install/franka_gripper/share/franka_gripper/package.xml
