[0.015s] Invoking command in '/workspaces/citros_example_robotic_arm/franka_ros2_ws/build/franka_description': CMAKE_PREFIX_PATH=/opt/ros/foxy /usr/bin/cmake /workspaces/citros_example_robotic_arm/franka_ros2_ws/src/franka_ros2/franka_description -DCMAKE_INSTALL_PREFIX=/workspaces/citros_example_robotic_arm/franka_ros2_ws/install/franka_description
[0.050s] -- The C compiler identification is GNU 9.4.0
[0.086s] -- The CXX compiler identification is GNU 9.4.0
[0.089s] -- Check for working C compiler: /usr/bin/cc
[0.133s] -- Check for working C compiler: /usr/bin/cc -- works
[0.133s] -- Detecting C compiler ABI info
[0.177s] -- Detecting C compiler ABI info - done
[0.184s] -- Detecting C compile features
[0.184s] -- Detecting C compile features - done
[0.186s] -- Check for working CXX compiler: /usr/bin/c++
[0.237s] -- Check for working CXX compiler: /usr/bin/c++ -- works
[0.237s] -- Detecting CXX compiler ABI info
[0.288s] -- Detecting CXX compiler ABI info - done
[0.295s] -- Detecting CXX compile features
[0.295s] -- Detecting CXX compile features - done
[0.297s] -- Found ament_cmake: 0.9.11 (/opt/ros/foxy/share/ament_cmake/cmake)
[0.314s] -- Found PythonInterp: /usr/bin/python3 (found suitable version "3.8.10", minimum required is "3") 
[0.314s] -- Using PYTHON_EXECUTABLE: /usr/bin/python3
[0.433s] -- Found ament_lint_auto: 0.9.7 (/opt/ros/foxy/share/ament_lint_auto/cmake)
[0.761s] -- Added test 'copyright' to check source files copyright and LICENSE
[0.763s] -- Added test 'flake8' to check Python code syntax and style conventions
[0.763s] -- Added test 'lint_cmake' to check CMake code style
[0.763s] -- Added test 'pep257' to check Python code against some of the style conventions in PEP 257
[0.764s] -- Added test 'xmllint' to check XML markup files
[0.765s] -- Configuring done
[0.766s] -- Generating done
[0.767s] -- Build files have been written to: /workspaces/citros_example_robotic_arm/franka_ros2_ws/build/franka_description
[0.771s] Invoked command in '/workspaces/citros_example_robotic_arm/franka_ros2_ws/build/franka_description' returned '0': CMAKE_PREFIX_PATH=/opt/ros/foxy /usr/bin/cmake /workspaces/citros_example_robotic_arm/franka_ros2_ws/src/franka_ros2/franka_description -DCMAKE_INSTALL_PREFIX=/workspaces/citros_example_robotic_arm/franka_ros2_ws/install/franka_description
[0.772s] Invoking command in '/workspaces/citros_example_robotic_arm/franka_ros2_ws/build/franka_description': CMAKE_PREFIX_PATH=/opt/ros/foxy /usr/bin/cmake --build /workspaces/citros_example_robotic_arm/franka_ros2_ws/build/franka_description -- -j20 -l20
[0.798s] Invoked command in '/workspaces/citros_example_robotic_arm/franka_ros2_ws/build/franka_description' returned '0': CMAKE_PREFIX_PATH=/opt/ros/foxy /usr/bin/cmake --build /workspaces/citros_example_robotic_arm/franka_ros2_ws/build/franka_description -- -j20 -l20
[0.818s] Invoking command in '/workspaces/citros_example_robotic_arm/franka_ros2_ws/build/franka_description': CMAKE_PREFIX_PATH=/opt/ros/foxy /usr/bin/cmake --install /workspaces/citros_example_robotic_arm/franka_ros2_ws/build/franka_description
[0.825s] -- Install configuration: ""
[0.825s] -- Installing: /workspaces/citros_example_robotic_arm/franka_ros2_ws/install/franka_description/share/franka_description//launch
[0.825s] -- Installing: /workspaces/citros_example_robotic_arm/franka_ros2_ws/install/franka_description/share/franka_description//launch/visualize_franka.launch.py
[0.825s] -- Installing: /workspaces/citros_example_robotic_arm/franka_ros2_ws/install/franka_description/share/franka_description//robots
[0.825s] -- Installing: /workspaces/citros_example_robotic_arm/franka_ros2_ws/install/franka_description/share/franka_description//robots/panda_arm.xacro
[0.825s] -- Installing: /workspaces/citros_example_robotic_arm/franka_ros2_ws/install/franka_description/share/franka_description//robots/hand.urdf.xacro
[0.825s] -- Installing: /workspaces/citros_example_robotic_arm/franka_ros2_ws/install/franka_description/share/franka_description//robots/panda_arm.urdf.xacro
[0.825s] -- Installing: /workspaces/citros_example_robotic_arm/franka_ros2_ws/install/franka_description/share/franka_description//robots/hand.xacro
[0.825s] -- Installing: /workspaces/citros_example_robotic_arm/franka_ros2_ws/install/franka_description/share/franka_description//robots/panda_arm.ros2_control.xacro
[0.825s] -- Installing: /workspaces/citros_example_robotic_arm/franka_ros2_ws/install/franka_description/share/franka_description//meshes
[0.825s] -- Installing: /workspaces/citros_example_robotic_arm/franka_ros2_ws/install/franka_description/share/franka_description//meshes/visual
[0.825s] -- Installing: /workspaces/citros_example_robotic_arm/franka_ros2_ws/install/franka_description/share/franka_description//meshes/visual/link2.dae
[0.826s] -- Installing: /workspaces/citros_example_robotic_arm/franka_ros2_ws/install/franka_description/share/franka_description//meshes/visual/hand.dae
[0.826s] -- Installing: /workspaces/citros_example_robotic_arm/franka_ros2_ws/install/franka_description/share/franka_description//meshes/visual/link5.dae
[0.827s] -- Installing: /workspaces/citros_example_robotic_arm/franka_ros2_ws/install/franka_description/share/franka_description//meshes/visual/finger.dae
[0.827s] -- Installing: /workspaces/citros_example_robotic_arm/franka_ros2_ws/install/franka_description/share/franka_description//meshes/visual/link4.dae
[0.828s] -- Installing: /workspaces/citros_example_robotic_arm/franka_ros2_ws/install/franka_description/share/franka_description//meshes/visual/link7.dae
[0.828s] -- Installing: /workspaces/citros_example_robotic_arm/franka_ros2_ws/install/franka_description/share/franka_description//meshes/visual/link0.dae
[0.829s] -- Installing: /workspaces/citros_example_robotic_arm/franka_ros2_ws/install/franka_description/share/franka_description//meshes/visual/link6.dae
[0.830s] -- Installing: /workspaces/citros_example_robotic_arm/franka_ros2_ws/install/franka_description/share/franka_description//meshes/visual/link3.dae
[0.831s] -- Installing: /workspaces/citros_example_robotic_arm/franka_ros2_ws/install/franka_description/share/franka_description//meshes/visual/link1.dae
[0.831s] -- Installing: /workspaces/citros_example_robotic_arm/franka_ros2_ws/install/franka_description/share/franka_description//rviz
[0.831s] -- Installing: /workspaces/citros_example_robotic_arm/franka_ros2_ws/install/franka_description/share/franka_description//rviz/visualize_franka.rviz
[0.832s] -- Installing: /workspaces/citros_example_robotic_arm/franka_ros2_ws/install/franka_description/share/ament_index/resource_index/package_run_dependencies/franka_description
[0.832s] -- Installing: /workspaces/citros_example_robotic_arm/franka_ros2_ws/install/franka_description/share/ament_index/resource_index/parent_prefix_path/franka_description
[0.832s] -- Installing: /workspaces/citros_example_robotic_arm/franka_ros2_ws/install/franka_description/share/franka_description/environment/ament_prefix_path.sh
[0.832s] -- Installing: /workspaces/citros_example_robotic_arm/franka_ros2_ws/install/franka_description/share/franka_description/environment/ament_prefix_path.dsv
[0.832s] -- Installing: /workspaces/citros_example_robotic_arm/franka_ros2_ws/install/franka_description/share/franka_description/environment/path.sh
[0.832s] -- Installing: /workspaces/citros_example_robotic_arm/franka_ros2_ws/install/franka_description/share/franka_description/environment/path.dsv
[0.832s] -- Installing: /workspaces/citros_example_robotic_arm/franka_ros2_ws/install/franka_description/share/franka_description/local_setup.bash
[0.832s] -- Installing: /workspaces/citros_example_robotic_arm/franka_ros2_ws/install/franka_description/share/franka_description/local_setup.sh
[0.832s] -- Installing: /workspaces/citros_example_robotic_arm/franka_ros2_ws/install/franka_description/share/franka_description/local_setup.zsh
[0.832s] -- Installing: /workspaces/citros_example_robotic_arm/franka_ros2_ws/install/franka_description/share/franka_description/local_setup.dsv
[0.832s] -- Installing: /workspaces/citros_example_robotic_arm/franka_ros2_ws/install/franka_description/share/franka_description/package.dsv
[0.832s] -- Installing: /workspaces/citros_example_robotic_arm/franka_ros2_ws/install/franka_description/share/ament_index/resource_index/packages/franka_description
[0.832s] -- Installing: /workspaces/citros_example_robotic_arm/franka_ros2_ws/install/franka_description/share/franka_description/cmake/franka_descriptionConfig.cmake
[0.832s] -- Installing: /workspaces/citros_example_robotic_arm/franka_ros2_ws/install/franka_description/share/franka_description/cmake/franka_descriptionConfig-version.cmake
[0.832s] -- Installing: /workspaces/citros_example_robotic_arm/franka_ros2_ws/install/franka_description/share/franka_description/package.xml
[0.834s] Invoked command in '/workspaces/citros_example_robotic_arm/franka_ros2_ws/build/franka_description' returned '0': CMAKE_PREFIX_PATH=/opt/ros/foxy /usr/bin/cmake --install /workspaces/citros_example_robotic_arm/franka_ros2_ws/build/franka_description
