[0.014s] Invoking command in '/workspaces/citros_example_robotic_arm/ros2_ws/build/gazebo_ros2_control': CMAKE_PREFIX_PATH=/opt/ros/foxy /usr/bin/cmake /workspaces/citros_example_robotic_arm/ros2_ws/src/gazebo_ros2_control/gazebo_ros2_control -DCMAKE_INSTALL_PREFIX=/workspaces/citros_example_robotic_arm/ros2_ws/install/gazebo_ros2_control
[0.050s] -- The C compiler identification is GNU 9.4.0
[0.093s] -- The CXX compiler identification is GNU 9.4.0
[0.094s] -- Check for working C compiler: /usr/bin/cc
[0.139s] -- Check for working C compiler: /usr/bin/cc -- works
[0.140s] -- Detecting C compiler ABI info
[0.183s] -- Detecting C compiler ABI info - done
[0.191s] -- Detecting C compile features
[0.191s] -- Detecting C compile features - done
[0.192s] -- Check for working CXX compiler: /usr/bin/c++
[0.243s] -- Check for working CXX compiler: /usr/bin/c++ -- works
[0.244s] -- Detecting CXX compiler ABI info
[0.294s] -- Detecting CXX compiler ABI info - done
[0.307s] -- Detecting CXX compile features
[0.307s] -- Detecting CXX compile features - done
[0.309s] -- Found ament_cmake: 0.9.11 (/opt/ros/foxy/share/ament_cmake/cmake)
[0.327s] -- Found PythonInterp: /usr/bin/python3 (found suitable version "3.8.10", minimum required is "3") 
[0.327s] -- Using PYTHON_EXECUTABLE: /usr/bin/python3
[0.443s] -- Found angles: 1.12.6 (/opt/ros/foxy/share/angles/cmake)
[0.445s] -- Found controller_manager: 0.11.0 (/opt/ros/foxy/share/controller_manager/cmake)
[0.475s] -- Using all available rosidl_typesupport_c: rosidl_typesupport_fastrtps_c;rosidl_typesupport_introspection_c
[0.481s] -- Found rosidl_adapter: 1.3.0 (/opt/ros/foxy/share/rosidl_adapter/cmake)
[0.537s] -- Found OpenSSL: /usr/lib/x86_64-linux-gnu/libcrypto.so (found version "1.1.1f")  
[0.563s] -- Found FastRTPS: /opt/ros/foxy/include  
[0.627s] -- Using all available rosidl_typesupport_cpp: rosidl_typesupport_fastrtps_cpp;rosidl_typesupport_introspection_cpp
[1.009s] -- Found rmw_implementation_cmake: 1.0.3 (/opt/ros/foxy/share/rmw_implementation_cmake/cmake)
[1.010s] -- Using RMW implementation 'rmw_cyclonedds_cpp' as default
[1.011s] -- Looking for pthread.h
[1.068s] -- Looking for pthread.h - found
[1.068s] -- Performing Test CMAKE_HAVE_LIBC_PTHREAD
[1.131s] -- Performing Test CMAKE_HAVE_LIBC_PTHREAD - Failed
[1.132s] -- Looking for pthread_create in pthreads
[1.172s] -- Looking for pthread_create in pthreads - not found
[1.172s] -- Looking for pthread_create in pthread
[1.241s] -- Looking for pthread_create in pthread - found
[1.242s] -- Found Threads: TRUE  
[1.468s] -- Found gazebo_dev: 3.5.3 (/opt/ros/foxy/share/gazebo_dev/cmake)
[1.482s] -- Found PkgConfig: /usr/bin/pkg-config (found version "0.29.1") 
[1.483s] -- Checking for module 'bullet>=2.82'
[1.493s] --   Found bullet, version 2.88
[1.593s] -- Found ccd: /usr/include (found suitable version "2.0", minimum required is "2.0") 
[1.653s] -- Found fcl: /usr/include (found suitable version "0.5.0", minimum required is "0.3.2") 
[1.728s] -- Found assimp: /usr/include (found version "5.0.0") 
[1.754s] -- Found DART: /usr/include (Required is at least version "6.6") found components: dart 
[1.777s] -- Found Boost: /usr/lib/x86_64-linux-gnu/cmake/Boost-1.71.0/BoostConfig.cmake (found suitable version "1.71.0", minimum required is "1.40.0") found components: thread system filesystem program_options regex iostreams date_time 
[1.789s] -- Found Protobuf: /usr/lib/x86_64-linux-gnu/libprotobuf.so;-lpthread (found version "3.6.1") 
[1.793s] -- Looking for ignition-math6 -- found version 6.13.0
[1.799s] -- Searching for dependencies of ignition-math6
[1.800s] -- Looking for OGRE...
[1.800s] -- OGRE_PREFIX_WATCH changed.
[1.804s] -- Checking for module 'OGRE'
[1.814s] --   Found OGRE, version 1.9.0
[1.848s] -- Found Ogre Ghadamon (1.9.0)
[1.854s] -- Found OGRE: optimized;/usr/lib/x86_64-linux-gnu/libOgreMain.so;debug;/usr/lib/x86_64-linux-gnu/libOgreMain.so
[1.862s] -- Looking for OGRE_Paging...
[1.865s] -- Found OGRE_Paging: optimized;/usr/lib/x86_64-linux-gnu/libOgrePaging.so;debug;/usr/lib/x86_64-linux-gnu/libOgrePaging.so
[1.865s] -- Looking for OGRE_Terrain...
[1.868s] -- Found OGRE_Terrain: optimized;/usr/lib/x86_64-linux-gnu/libOgreTerrain.so;debug;/usr/lib/x86_64-linux-gnu/libOgreTerrain.so
[1.868s] -- Looking for OGRE_Property...
[1.871s] -- Found OGRE_Property: optimized;/usr/lib/x86_64-linux-gnu/libOgreProperty.so;debug;/usr/lib/x86_64-linux-gnu/libOgreProperty.so
[1.871s] -- Looking for OGRE_RTShaderSystem...
[1.874s] -- Found OGRE_RTShaderSystem: optimized;/usr/lib/x86_64-linux-gnu/libOgreRTShaderSystem.so;debug;/usr/lib/x86_64-linux-gnu/libOgreRTShaderSystem.so
[1.874s] -- Looking for OGRE_Volume...
[1.877s] -- Found OGRE_Volume: optimized;/usr/lib/x86_64-linux-gnu/libOgreVolume.so;debug;/usr/lib/x86_64-linux-gnu/libOgreVolume.so
[1.877s] -- Looking for OGRE_Overlay...
[1.880s] -- Found OGRE_Overlay: optimized;/usr/lib/x86_64-linux-gnu/libOgreOverlay.so;debug;/usr/lib/x86_64-linux-gnu/libOgreOverlay.so
[1.946s] -- Looking for ignition-math6 -- found version 6.13.0
[1.948s] -- Looking for ignition-transport8 -- found version 8.3.0
[1.948s] -- Searching for dependencies of ignition-transport8
[1.966s] -- Found Protobuf: /usr/lib/x86_64-linux-gnu/libprotobuf.so;-lpthread (found suitable version "3.6.1", minimum required is "3") 
[1.978s] -- Config-file not installed for ZeroMQ -- checking for pkg-config
[1.981s] -- Checking for module 'libzmq >= 4'
[2.009s] --   Found libzmq , version 4.3.2
[2.065s] -- Found ZeroMQ: TRUE (Required is at least version "4") 
[2.072s] -- Checking for module 'uuid'
[2.090s] --   Found uuid, version 2.34.0
[2.143s] -- Found UUID: TRUE  
[2.147s] -- Looking for ignition-msgs5 -- found version 5.10.0
[2.147s] -- Searching for dependencies of ignition-msgs5
[2.166s] -- Looking for ignition-math6 -- found version 6.13.0
[2.170s] -- Checking for module 'tinyxml2'
[2.181s] --   Found tinyxml2, version 6.2.0
[2.230s] -- Looking for ignition-msgs5 -- found version 5.10.0
[2.235s] -- Looking for ignition-common3 -- found version 3.14.2
[2.235s] -- Searching for dependencies of ignition-common3
[2.236s] -- Looking for dlfcn.h - found
[2.237s] -- Looking for libdl - found
[2.239s] -- Found DL: TRUE  
[2.246s] -- Searching for <ignition-common3> component [graphics]
[2.248s] -- Looking for ignition-common3-graphics -- found version 3.14.2
[2.248s] -- Searching for dependencies of ignition-common3-graphics
[2.248s] -- Looking for ignition-math6 -- found version 6.13.0
[2.251s] -- Looking for ignition-fuel_tools4 -- found version 4.6.0
[2.251s] -- Searching for dependencies of ignition-fuel_tools4
[2.317s] -- Found CURL: /usr/lib/x86_64-linux-gnu/libcurl.so (found version "7.68.0")  
[2.323s] -- Checking for module 'jsoncpp'
[2.336s] --   Found jsoncpp, version 1.7.4
[2.381s] -- Found JSONCPP: TRUE  
[2.386s] -- Checking for module 'libzip'
[2.400s] --   Found libzip, version 1.5.1
[2.454s] -- Found ZIP: TRUE  
[2.454s] -- Looking for ignition-common3 -- found version 3.14.2
[2.455s] -- Looking for ignition-math6 -- found version 6.13.0
[2.455s] -- Looking for ignition-msgs5 -- found version 5.10.0
[2.457s] -- Gazebo version: 11.12
[2.459s] -- Found gazebo_ros: 3.5.3 (/opt/ros/foxy/share/gazebo_ros/cmake)
[2.475s] -- Found yaml_cpp_vendor: 7.0.3 (/opt/ros/foxy/share/yaml_cpp_vendor/cmake)
[2.475s] -- Setting yaml-cpp_DIR to: '/opt/ros/foxy/share/yaml_cpp_vendor/cmake/../../../opt/yaml_cpp_vendor/lib/cmake/yaml-cpp'
[2.598s] -- Found ament_cmake_gtest: 0.9.11 (/opt/ros/foxy/share/ament_cmake_gtest/cmake)
[2.599s] -- Found ament_lint_auto: 0.9.7 (/opt/ros/foxy/share/ament_lint_auto/cmake)
[2.653s] -- Added test 'copyright' to check source files copyright and LICENSE
[2.653s] -- Added test 'cppcheck' to perform static code analysis on C / C++ code
[2.654s] -- Configured cppcheck include dirs: /workspaces/citros_example_robotic_arm/ros2_ws/src/gazebo_ros2_control/gazebo_ros2_control/include
[2.654s] -- Configured cppcheck exclude dirs and/or files: 
[2.654s] -- Added test 'cpplint' to check C / C++ code against the Google style
[2.654s] -- Configured cpplint exclude dirs and/or files: 
[2.655s] -- Added test 'lint_cmake' to check CMake code style
[2.655s] -- Added test 'uncrustify' to check C / C++ code style
[2.655s] -- Configured uncrustify additional arguments: 
[2.655s] -- Added test 'xmllint' to check XML markup files
[2.659s] -- Configuring done
[2.697s] -- Generating done
[2.698s] -- Build files have been written to: /workspaces/citros_example_robotic_arm/ros2_ws/build/gazebo_ros2_control
[2.705s] Invoked command in '/workspaces/citros_example_robotic_arm/ros2_ws/build/gazebo_ros2_control' returned '0': CMAKE_PREFIX_PATH=/opt/ros/foxy /usr/bin/cmake /workspaces/citros_example_robotic_arm/ros2_ws/src/gazebo_ros2_control/gazebo_ros2_control -DCMAKE_INSTALL_PREFIX=/workspaces/citros_example_robotic_arm/ros2_ws/install/gazebo_ros2_control
[2.707s] Invoking command in '/workspaces/citros_example_robotic_arm/ros2_ws/build/gazebo_ros2_control': CMAKE_PREFIX_PATH=/opt/ros/foxy /usr/bin/cmake --build /workspaces/citros_example_robotic_arm/ros2_ws/build/gazebo_ros2_control -- -j20 -l20
[2.742s] [35m[1mScanning dependencies of target gazebo_hardware_plugins[0m
[2.742s] [35m[1mScanning dependencies of target gazebo_ros2_control[0m
[2.860s] [ 50%] [32mBuilding CXX object CMakeFiles/gazebo_hardware_plugins.dir/src/gazebo_system.cpp.o[0m
[2.861s] [ 50%] [32mBuilding CXX object CMakeFiles/gazebo_ros2_control.dir/src/gazebo_ros2_control_plugin.cpp.o[0m
[9.412s] [ 75%] [32m[1mLinking CXX shared library libgazebo_hardware_plugins.so[0m
[9.725s] [ 75%] Built target gazebo_hardware_plugins
[10.604s] [100%] [32m[1mLinking CXX shared library libgazebo_ros2_control.so[0m
[10.993s] [100%] Built target gazebo_ros2_control
[11.002s] Invoked command in '/workspaces/citros_example_robotic_arm/ros2_ws/build/gazebo_ros2_control' returned '0': CMAKE_PREFIX_PATH=/opt/ros/foxy /usr/bin/cmake --build /workspaces/citros_example_robotic_arm/ros2_ws/build/gazebo_ros2_control -- -j20 -l20
[11.026s] Invoking command in '/workspaces/citros_example_robotic_arm/ros2_ws/build/gazebo_ros2_control': CMAKE_PREFIX_PATH=/opt/ros/foxy /usr/bin/cmake --install /workspaces/citros_example_robotic_arm/ros2_ws/build/gazebo_ros2_control
[11.034s] -- Install configuration: ""
[11.034s] -- Installing: /workspaces/citros_example_robotic_arm/ros2_ws/install/gazebo_ros2_control/lib/libgazebo_ros2_control.so
[11.037s] -- Set runtime path of "/workspaces/citros_example_robotic_arm/ros2_ws/install/gazebo_ros2_control/lib/libgazebo_ros2_control.so" to ""
[11.037s] -- Installing: /workspaces/citros_example_robotic_arm/ros2_ws/install/gazebo_ros2_control/lib/libgazebo_hardware_plugins.so
[11.038s] -- Set runtime path of "/workspaces/citros_example_robotic_arm/ros2_ws/install/gazebo_ros2_control/lib/libgazebo_hardware_plugins.so" to ""
[11.039s] -- Installing: /workspaces/citros_example_robotic_arm/ros2_ws/install/gazebo_ros2_control/share/gazebo_ros2_control/environment/library_path.sh
[11.039s] -- Installing: /workspaces/citros_example_robotic_arm/ros2_ws/install/gazebo_ros2_control/share/gazebo_ros2_control/environment/library_path.dsv
[11.039s] -- Installing: /workspaces/citros_example_robotic_arm/ros2_ws/install/gazebo_ros2_control/include/gazebo_ros2_control
[11.039s] -- Installing: /workspaces/citros_example_robotic_arm/ros2_ws/install/gazebo_ros2_control/include/gazebo_ros2_control/gazebo_ros2_control_plugin.hpp
[11.039s] -- Installing: /workspaces/citros_example_robotic_arm/ros2_ws/install/gazebo_ros2_control/include/gazebo_ros2_control/gazebo_system_interface.hpp
[11.039s] -- Installing: /workspaces/citros_example_robotic_arm/ros2_ws/install/gazebo_ros2_control/include/gazebo_ros2_control/gazebo_system.hpp
[11.039s] -- Installing: /workspaces/citros_example_robotic_arm/ros2_ws/install/gazebo_ros2_control/share/gazebo_ros2_control/gazebo_hardware_plugins.xml
[11.039s] -- Installing: /workspaces/citros_example_robotic_arm/ros2_ws/install/gazebo_ros2_control/share/ament_index/resource_index/package_run_dependencies/gazebo_ros2_control
[11.039s] -- Installing: /workspaces/citros_example_robotic_arm/ros2_ws/install/gazebo_ros2_control/share/ament_index/resource_index/parent_prefix_path/gazebo_ros2_control
[11.040s] -- Installing: /workspaces/citros_example_robotic_arm/ros2_ws/install/gazebo_ros2_control/share/gazebo_ros2_control/environment/ament_prefix_path.sh
[11.040s] -- Installing: /workspaces/citros_example_robotic_arm/ros2_ws/install/gazebo_ros2_control/share/gazebo_ros2_control/environment/ament_prefix_path.dsv
[11.040s] -- Installing: /workspaces/citros_example_robotic_arm/ros2_ws/install/gazebo_ros2_control/share/gazebo_ros2_control/environment/path.sh
[11.040s] -- Installing: /workspaces/citros_example_robotic_arm/ros2_ws/install/gazebo_ros2_control/share/gazebo_ros2_control/environment/path.dsv
[11.040s] -- Installing: /workspaces/citros_example_robotic_arm/ros2_ws/install/gazebo_ros2_control/share/gazebo_ros2_control/local_setup.bash
[11.040s] -- Installing: /workspaces/citros_example_robotic_arm/ros2_ws/install/gazebo_ros2_control/share/gazebo_ros2_control/local_setup.sh
[11.040s] -- Installing: /workspaces/citros_example_robotic_arm/ros2_ws/install/gazebo_ros2_control/share/gazebo_ros2_control/local_setup.zsh
[11.040s] -- Installing: /workspaces/citros_example_robotic_arm/ros2_ws/install/gazebo_ros2_control/share/gazebo_ros2_control/local_setup.dsv
[11.040s] -- Installing: /workspaces/citros_example_robotic_arm/ros2_ws/install/gazebo_ros2_control/share/gazebo_ros2_control/package.dsv
[11.040s] -- Installing: /workspaces/citros_example_robotic_arm/ros2_ws/install/gazebo_ros2_control/share/ament_index/resource_index/packages/gazebo_ros2_control
[11.040s] -- Installing: /workspaces/citros_example_robotic_arm/ros2_ws/install/gazebo_ros2_control/share/ament_index/resource_index/gazebo_ros2_control__pluginlib__plugin/gazebo_ros2_control
[11.040s] -- Installing: /workspaces/citros_example_robotic_arm/ros2_ws/install/gazebo_ros2_control/share/gazebo_ros2_control/cmake/ament_cmake_export_include_directories-extras.cmake
[11.041s] -- Installing: /workspaces/citros_example_robotic_arm/ros2_ws/install/gazebo_ros2_control/share/gazebo_ros2_control/cmake/ament_cmake_export_dependencies-extras.cmake
[11.041s] -- Installing: /workspaces/citros_example_robotic_arm/ros2_ws/install/gazebo_ros2_control/share/gazebo_ros2_control/cmake/ament_cmake_export_libraries-extras.cmake
[11.041s] -- Installing: /workspaces/citros_example_robotic_arm/ros2_ws/install/gazebo_ros2_control/share/gazebo_ros2_control/cmake/gazebo_ros2_controlConfig.cmake
[11.041s] -- Installing: /workspaces/citros_example_robotic_arm/ros2_ws/install/gazebo_ros2_control/share/gazebo_ros2_control/cmake/gazebo_ros2_controlConfig-version.cmake
[11.041s] -- Installing: /workspaces/citros_example_robotic_arm/ros2_ws/install/gazebo_ros2_control/share/gazebo_ros2_control/package.xml
[11.043s] Invoked command in '/workspaces/citros_example_robotic_arm/ros2_ws/build/gazebo_ros2_control' returned '0': CMAKE_PREFIX_PATH=/opt/ros/foxy /usr/bin/cmake --install /workspaces/citros_example_robotic_arm/ros2_ws/build/gazebo_ros2_control
